SF:/home/workdir/openWEPP/crates/openwepp-management-schema/src/lib.rs
FN:984,_RNvNtCs52Yv93MlTpX_26openwepp_management_schema5tests14valid_document
FN:988,_RNvNtCs52Yv93MlTpX_26openwepp_management_schema5tests20assert_invalid_field
FN:1346,_RNvNtCs52Yv93MlTpX_26openwepp_management_schema5testss_45validation_rejects_missing_route_coefficients
FN:1331,_RNvNtCs52Yv93MlTpX_26openwepp_management_schema5testss_47parser_accepts_uppercase_yml_consumer_extension
FN:1001,_RNvNtCs52Yv93MlTpX_26openwepp_management_schema5testss_51management_yaml_error_display_and_sources_are_exact
FN:1370,_RNvNtCs52Yv93MlTpX_26openwepp_management_schema5testss_51validation_rejects_duplicate_schedule_slot_coverage
FN:1212,_RNvNtCs52Yv93MlTpX_26openwepp_management_schema5testss_52cropland_validator_branches_and_priorities_are_bound
FN:1353,_RNvNtCs52Yv93MlTpX_26openwepp_management_schema5testss_52validation_rejects_invalid_route_coefficient_domains
FN:1050,_RNvNtCs52Yv93MlTpX_26openwepp_management_schema5testss_54document_identity_and_required_field_priority_is_exact
FN:1323,_RNvNtCs52Yv93MlTpX_26openwepp_management_schema5testss_55default_migration_path_appends_yaml_to_full_source_name
FN:1098,_RNvNtCs52Yv93MlTpX_26openwepp_management_schema5testss_55schedule_validation_branch_order_and_payloads_are_exact
FN:1190,_RNvNtCs52Yv93MlTpX_26openwepp_management_schema5testss_60public_path_parse_and_serialization_error_surfaces_are_bound
FN:1310,_RNvNtCs52Yv93MlTpX_26openwepp_management_schema5testss_64extension_policy_accepts_consumer_aliases_but_producer_only_yaml
FN:576,_RNvCs52Yv93MlTpX_26openwepp_management_schema14validate_plant
FN:733,_RNvCs52Yv93MlTpX_26openwepp_management_schema15validate_yearly
FN:657,_RNvCs52Yv93MlTpX_26openwepp_management_schema16validate_initial
FN:702,_RNvCs52Yv93MlTpX_26openwepp_management_schema16validate_surface
FN:895,_RNvCs52Yv93MlTpX_26openwepp_management_schema17validate_positive
FN:788,_RNvCs52Yv93MlTpX_26openwepp_management_schema17validate_schedule
FN:885,_RNvCs52Yv93MlTpX_26openwepp_management_schema18validate_non_empty
FN:638,_RNvCs52Yv93MlTpX_26openwepp_management_schema18validate_operation
FN:915,_RNvCs52Yv93MlTpX_26openwepp_management_schema18validate_reference
FN:875,_RNvCs52Yv93MlTpX_26openwepp_management_schema20validate_description
FN:967,_RNvCs52Yv93MlTpX_26openwepp_management_schema22validate_unit_interval
FN:905,_RNvCs52Yv93MlTpX_26openwepp_management_schema23validate_positive_count
FN:956,_RNvCs52Yv93MlTpX_26openwepp_management_schema24validate_positive_finite
FN:489,_RNvCs52Yv93MlTpX_26openwepp_management_schema25to_management_yaml_string
FN:929,_RNvCs52Yv93MlTpX_26openwepp_management_schema26validate_zero_or_reference
FN:597,_RNvCs52Yv93MlTpX_26openwepp_management_schema27validate_route_coefficients
FN:570,_RNvCs52Yv93MlTpX_26openwepp_management_schema28terminal_extension_is_one_of
FN:940,_RNvCs52Yv93MlTpX_26openwepp_management_schema28validate_non_negative_finite
FN:477,_RNvCs52Yv93MlTpX_26openwepp_management_schema30parse_management_yaml_from_str
FN:498,_RNvCs52Yv93MlTpX_26openwepp_management_schema33validate_management_yaml_document
FN:453,_RNvXs0_Cs52Yv93MlTpX_26openwepp_management_schemaNtB5_19ManagementYamlErrorNtNtCs3XFJfFEDSOQ_4core5error5Error6source
FN:415,_RNvXs_Cs52Yv93MlTpX_26openwepp_management_schemaNtB4_19ManagementYamlErrorNtNtCs3XFJfFEDSOQ_4core3fmt7Display3fmt
FN:461,_RINvCs52Yv93MlTpX_26openwepp_management_schema31parse_management_yaml_from_pathNtNtCsHIej2QEFI5_3std4path7PathBufEB2_
FN:461,_RINvCs52Yv93MlTpX_26openwepp_management_schema31parse_management_yaml_from_pathRNtNtCsHIej2QEFI5_3std4path7PathBufEB2_
FN:461,_RINvCs52Yv93MlTpX_26openwepp_management_schema31parse_management_yaml_from_pathReEB2_
FN:563,_RINvCs52Yv93MlTpX_26openwepp_management_schema37default_migrated_management_yaml_pathReEB2_
FN:553,_RINvCs52Yv93MlTpX_26openwepp_management_schema42consumer_accepts_management_yaml_extensionRNtNtCsHIej2QEFI5_3std4path4PathEB2_
FN:553,_RINvCs52Yv93MlTpX_26openwepp_management_schema42consumer_accepts_management_yaml_extensionReEB2_
FN:558,_RINvCs52Yv93MlTpX_26openwepp_management_schema42producer_accepts_management_yaml_extensionReEB2_
FN:471,_RNCINvCs52Yv93MlTpX_26openwepp_management_schema31parse_management_yaml_from_pathNtNtCsHIej2QEFI5_3std4path7PathBufE0B4_
FN:471,_RNCINvCs52Yv93MlTpX_26openwepp_management_schema31parse_management_yaml_from_pathRNtNtCsHIej2QEFI5_3std4path7PathBufE0B4_
FN:471,_RNCINvCs52Yv93MlTpX_26openwepp_management_schema31parse_management_yaml_from_pathReE0B4_
FN:494,_RNCNvCs52Yv93MlTpX_26openwepp_management_schema25to_management_yaml_string0B3_
FN:602,_RNCNvCs52Yv93MlTpX_26openwepp_management_schema27validate_route_coefficients0B3_
FN:572,_RNCNvCs52Yv93MlTpX_26openwepp_management_schema28terminal_extension_is_one_of0B3_
FN:573,_RNCNvCs52Yv93MlTpX_26openwepp_management_schema28terminal_extension_is_one_ofs_0B3_
FN:480,_RNCNvCs52Yv93MlTpX_26openwepp_management_schema30parse_management_yaml_from_str0B3_
FN:100,_RNvMCs52Yv93MlTpX_26openwepp_management_schemaNtB2_13PlantScenario4name
FN:1151,_RNCNvNtCs52Yv93MlTpX_26openwepp_management_schema5testss_55schedule_validation_branch_order_and_payloads_are_exact0B5_
FN:1163,_RNCNvNtCs52Yv93MlTpX_26openwepp_management_schema5testss_55schedule_validation_branch_order_and_payloads_are_exacts0_0B5_
FN:1157,_RNCNvNtCs52Yv93MlTpX_26openwepp_management_schema5testss_55schedule_validation_branch_order_and_payloads_are_exacts_0B5_
FNDA:4,_RNvNtCs52Yv93MlTpX_26openwepp_management_schema5tests14valid_document
FNDA:16,_RNvNtCs52Yv93MlTpX_26openwepp_management_schema5tests20assert_invalid_field
FNDA:1,_RNvNtCs52Yv93MlTpX_26openwepp_management_schema5testss_45validation_rejects_missing_route_coefficients
FNDA:1,_RNvNtCs52Yv93MlTpX_26openwepp_management_schema5testss_47parser_accepts_uppercase_yml_consumer_extension
FNDA:1,_RNvNtCs52Yv93MlTpX_26openwepp_management_schema5testss_51management_yaml_error_display_and_sources_are_exact
FNDA:1,_RNvNtCs52Yv93MlTpX_26openwepp_management_schema5testss_51validation_rejects_duplicate_schedule_slot_coverage
FNDA:1,_RNvNtCs52Yv93MlTpX_26openwepp_management_schema5testss_52cropland_validator_branches_and_priorities_are_bound
FNDA:1,_RNvNtCs52Yv93MlTpX_26openwepp_management_schema5testss_52validation_rejects_invalid_route_coefficient_domains
FNDA:1,_RNvNtCs52Yv93MlTpX_26openwepp_management_schema5testss_54document_identity_and_required_field_priority_is_exact
FNDA:1,_RNvNtCs52Yv93MlTpX_26openwepp_management_schema5testss_55default_migration_path_appends_yaml_to_full_source_name
FNDA:1,_RNvNtCs52Yv93MlTpX_26openwepp_management_schema5testss_55schedule_validation_branch_order_and_payloads_are_exact
FNDA:1,_RNvNtCs52Yv93MlTpX_26openwepp_management_schema5testss_60public_path_parse_and_serialization_error_surfaces_are_bound
FNDA:1,_RNvNtCs52Yv93MlTpX_26openwepp_management_schema5testss_64extension_policy_accepts_consumer_aliases_but_producer_only_yaml
FNDA:10,_RNvCs52Yv93MlTpX_26openwepp_management_schema14validate_plant
FNDA:8,_RNvCs52Yv93MlTpX_26openwepp_management_schema15validate_yearly
FNDA:8,_RNvCs52Yv93MlTpX_26openwepp_management_schema16validate_initial
FNDA:2,_RNvCs52Yv93MlTpX_26openwepp_management_schema16validate_surface
FNDA:65,_RNvCs52Yv93MlTpX_26openwepp_management_schema17validate_positive
FNDA:18,_RNvCs52Yv93MlTpX_26openwepp_management_schema17validate_schedule
FNDA:28,_RNvCs52Yv93MlTpX_26openwepp_management_schema18validate_non_empty
FNDA:2,_RNvCs52Yv93MlTpX_26openwepp_management_schema18validate_operation
FNDA:82,_RNvCs52Yv93MlTpX_26openwepp_management_schema18validate_reference
FNDA:41,_RNvCs52Yv93MlTpX_26openwepp_management_schema20validate_description
FNDA:8,_RNvCs52Yv93MlTpX_26openwepp_management_schema22validate_unit_interval
FNDA:39,_RNvCs52Yv93MlTpX_26openwepp_management_schema23validate_positive_count
FNDA:9,_RNvCs52Yv93MlTpX_26openwepp_management_schema24validate_positive_finite
FNDA:1,_RNvCs52Yv93MlTpX_26openwepp_management_schema25to_management_yaml_string
FNDA:3,_RNvCs52Yv93MlTpX_26openwepp_management_schema26validate_zero_or_reference
FNDA:10,_RNvCs52Yv93MlTpX_26openwepp_management_schema27validate_route_coefficients
FNDA:11,_RNvCs52Yv93MlTpX_26openwepp_management_schema28terminal_extension_is_one_of
FNDA:41,_RNvCs52Yv93MlTpX_26openwepp_management_schema28validate_non_negative_finite
FNDA:10,_RNvCs52Yv93MlTpX_26openwepp_management_schema30parse_management_yaml_from_str
FNDA:16,_RNvCs52Yv93MlTpX_26openwepp_management_schema33validate_management_yaml_document
FNDA:8,_RNvXs0_Cs52Yv93MlTpX_26openwepp_management_schemaNtB5_19ManagementYamlErrorNtNtCs3XFJfFEDSOQ_4core5error5Error6source
FNDA:12,_RNvXs_Cs52Yv93MlTpX_26openwepp_management_schemaNtB4_19ManagementYamlErrorNtNtCs3XFJfFEDSOQ_4core3fmt7Display3fmt
FNDA:1,_RINvCs52Yv93MlTpX_26openwepp_management_schema31parse_management_yaml_from_pathNtNtCsHIej2QEFI5_3std4path7PathBufEB2_
FNDA:1,_RINvCs52Yv93MlTpX_26openwepp_management_schema31parse_management_yaml_from_pathRNtNtCsHIej2QEFI5_3std4path7PathBufEB2_
FNDA:1,_RINvCs52Yv93MlTpX_26openwepp_management_schema31parse_management_yaml_from_pathReEB2_
FNDA:1,_RINvCs52Yv93MlTpX_26openwepp_management_schema37default_migrated_management_yaml_pathReEB2_
FNDA:3,_RINvCs52Yv93MlTpX_26openwepp_management_schema42consumer_accepts_management_yaml_extensionRNtNtCsHIej2QEFI5_3std4path4PathEB2_
FNDA:5,_RINvCs52Yv93MlTpX_26openwepp_management_schema42consumer_accepts_management_yaml_extensionReEB2_
FNDA:3,_RINvCs52Yv93MlTpX_26openwepp_management_schema42producer_accepts_management_yaml_extensionReEB2_
FNDA:1,_RNCINvCs52Yv93MlTpX_26openwepp_management_schema31parse_management_yaml_from_pathNtNtCsHIej2QEFI5_3std4path7PathBufE0B4_
FNDA:0,_RNCINvCs52Yv93MlTpX_26openwepp_management_schema31parse_management_yaml_from_pathRNtNtCsHIej2QEFI5_3std4path7PathBufE0B4_
FNDA:0,_RNCINvCs52Yv93MlTpX_26openwepp_management_schema31parse_management_yaml_from_pathReE0B4_
FNDA:0,_RNCNvCs52Yv93MlTpX_26openwepp_management_schema25to_management_yaml_string0B3_
FNDA:1,_RNCNvCs52Yv93MlTpX_26openwepp_management_schema27validate_route_coefficients0B3_
FNDA:11,_RNCNvCs52Yv93MlTpX_26openwepp_management_schema28terminal_extension_is_one_of0B3_
FNDA:11,_RNCNvCs52Yv93MlTpX_26openwepp_management_schema28terminal_extension_is_one_ofs_0B3_
FNDA:1,_RNCNvCs52Yv93MlTpX_26openwepp_management_schema30parse_management_yaml_from_str0B3_
FNDA:0,_RNvMCs52Yv93MlTpX_26openwepp_management_schemaNtB2_13PlantScenario4name
FNDA:1,_RNCNvNtCs52Yv93MlTpX_26openwepp_management_schema5testss_55schedule_validation_branch_order_and_payloads_are_exact0B5_
FNDA:1,_RNCNvNtCs52Yv93MlTpX_26openwepp_management_schema5testss_55schedule_validation_branch_order_and_payloads_are_exacts0_0B5_
FNDA:1,_RNCNvNtCs52Yv93MlTpX_26openwepp_management_schema5testss_55schedule_validation_branch_order_and_payloads_are_exacts_0B5_
FNF:49
FNH:47
DA:100,0
DA:101,0
DA:102,0
DA:104,0
DA:415,12
DA:416,12
DA:417,1
DA:418,1
DA:419,1
DA:420,1
DA:421,1
DA:424,1
DA:425,1
DA:426,1
DA:427,1
DA:429,1
DA:431,1
DA:432,1
DA:433,1
DA:434,1
DA:435,1
DA:436,1
DA:438,1
DA:439,1
DA:441,1
DA:442,1
DA:444,4
DA:445,4
DA:447,2
DA:449,12
DA:453,8
DA:454,8
DA:455,1
DA:456,7
DA:458,8
DA:461,3
DA:462,3
DA:463,3
DA:464,3
DA:465,3
DA:466,1
DA:467,1
DA:468,1
DA:469,2
DA:470,2
DA:471,1
DA:472,1
DA:473,1
DA:474,1
DA:475,3
DA:477,10
DA:478,10
DA:479,10
DA:480,10
DA:481,1
DA:482,1
DA:483,1
DA:484,1
DA:485,9
DA:486,5
DA:487,10
DA:489,1
DA:490,1
DA:491,1
DA:492,1
DA:493,1
DA:494,0
DA:495,0
DA:496,1
DA:498,16
DA:499,16
DA:500,16
DA:501,16
DA:502,1
DA:503,1
DA:504,1
DA:505,1
DA:506,1
DA:507,15
DA:508,15
DA:509,1
DA:510,1
DA:511,1
DA:512,14
DA:513,14
DA:514,1
DA:515,1
DA:516,1
DA:517,13
DA:518,13
DA:519,12
DA:520,11
DA:521,10
DA:522,10
DA:523,10
DA:525,10
DA:526,10
DA:528,7
DA:529,0
DA:531,7
DA:532,7
DA:534,7
DA:535,0
DA:537,7
DA:538,0
DA:539,0
DA:540,0
DA:541,0
DA:543,7
DA:544,0
DA:546,7
DA:547,7
DA:549,7
DA:550,16
DA:553,8
DA:554,8
DA:555,8
DA:558,3
DA:559,3
DA:560,3
DA:563,1
DA:564,1
DA:565,1
DA:566,1
DA:567,1
DA:568,1
DA:570,11
DA:571,11
DA:572,11
DA:573,11
DA:574,11
DA:576,10
DA:577,10
DA:579,0
DA:580,0
DA:584,10
DA:585,10
DA:588,10
DA:589,10
DA:590,10
DA:591,10
DA:595,10
DA:597,10
DA:598,10
DA:599,10
DA:600,10
DA:601,10
DA:602,1
DA:603,1
DA:604,9
DA:605,24
DA:606,8
DA:607,8
DA:608,8
DA:610,24
DA:612,8
DA:613,7
DA:614,7
DA:615,7
DA:616,0
DA:617,7
DA:618,7
DA:619,7
DA:620,0
DA:621,7
DA:622,7
DA:623,7
DA:624,0
DA:625,7
DA:626,7
DA:627,7
DA:628,0
DA:629,7
DA:630,0
DA:631,0
DA:632,0
DA:633,0
DA:634,7
DA:635,7
DA:636,10
DA:638,2
DA:639,2
DA:640,2
DA:641,2
DA:643,2
DA:644,2
DA:646,2
DA:647,2
DA:648,2
DA:649,1
DA:650,1
DA:651,1
DA:652,1
DA:653,1
DA:654,1
DA:655,2
DA:657,8
DA:658,8
DA:659,8
DA:660,8
DA:661,8
DA:662,8
DA:664,1
DA:665,1
DA:666,1
DA:667,1
DA:670,1
DA:671,1
DA:672,1
DA:673,0
DA:674,1
DA:675,1
DA:676,1
DA:677,1
DA:678,0
DA:679,1
DA:680,1
DA:683,7
DA:684,7
DA:685,7
DA:688,7
DA:689,7
DA:690,7
DA:691,0
DA:692,7
DA:693,7
DA:694,7
DA:695,7
DA:696,0
DA:697,7
DA:700,8
DA:702,2
DA:703,2
DA:704,2
DA:705,2
DA:706,2
DA:708,2
DA:709,2
DA:710,2
DA:712,2
DA:713,2
DA:714,2
DA:715,2
DA:716,0
DA:717,2
DA:718,1
DA:719,1
DA:720,1
DA:721,1
DA:722,1
DA:723,1
DA:724,1
DA:725,1
DA:726,1
DA:727,1
DA:728,0
DA:730,1
DA:731,2
DA:733,8
DA:734,8
DA:735,8
DA:736,8
DA:737,8
DA:738,8
DA:740,1
DA:741,1
DA:742,1
DA:743,1
DA:744,1
DA:747,1
DA:748,1
DA:749,1
DA:750,0
DA:751,1
DA:752,1
DA:753,1
DA:754,1
DA:755,0
DA:756,1
DA:757,1
DA:758,1
DA:759,1
DA:760,0
DA:761,1
DA:762,1
DA:763,1
DA:764,1
DA:765,0
DA:766,1
DA:767,1
DA:768,1
DA:769,1
DA:773,7
DA:775,7
DA:776,7
DA:777,7
DA:778,0
DA:779,7
DA:780,7
DA:781,7
DA:782,7
DA:786,8
DA:788,18
DA:789,18
DA:790,18
DA:791,1
DA:792,1
DA:793,1
DA:794,1
DA:795,17
DA:796,18
DA:797,18
DA:798,18
DA:799,18
DA:800,18
DA:801,1
DA:803,16
DA:804,15
DA:805,14
DA:806,14
DA:807,1
DA:808,1
DA:809,1
DA:810,1
DA:811,13
DA:812,13
DA:813,13
DA:814,13
DA:815,1
DA:816,1
DA:817,1
DA:818,1
DA:819,12
DA:820,12
DA:821,13
DA:822,13
DA:823,13
DA:824,13
DA:825,13
DA:826,1
DA:827,12
DA:828,12
DA:829,12
DA:830,12
DA:831,1
DA:832,11
DA:833,11
DA:834,11
DA:835,11
DA:836,1
DA:837,10
DA:838,1
DA:839,1
DA:840,1
DA:841,1
DA:842,1
DA:843,1
DA:844,1
DA:845,9
DA:846,9
DA:847,9
DA:848,9
DA:849,1
DA:850,8
DA:851,8
DA:852,8
DA:853,8
DA:854,8
DA:855,1
DA:858,6
DA:859,6
DA:860,6
DA:861,6
DA:862,0
DA:863,0
DA:864,0
DA:865,0
DA:866,0
DA:867,0
DA:868,6
DA:872,6
DA:873,18
DA:875,41
DA:876,41
DA:877,1
DA:878,1
DA:879,1
DA:880,1
DA:881,40
DA:882,40
DA:883,41
DA:885,28
DA:886,28
DA:887,0
DA:888,0
DA:889,0
DA:890,0
DA:891,28
DA:892,28
DA:893,28
DA:895,65
DA:896,65
DA:897,4
DA:898,4
DA:899,4
DA:900,4
DA:901,61
DA:902,61
DA:903,65
DA:905,39
DA:906,39
DA:907,1
DA:908,1
DA:909,1
DA:910,1
DA:911,38
DA:912,38
DA:913,39
DA:915,82
DA:916,82
DA:917,82
DA:918,82
DA:919,82
DA:920,82
DA:921,5
DA:922,5
DA:923,5
DA:924,5
DA:925,77
DA:926,77
DA:927,82
DA:929,3
DA:930,3
DA:931,3
DA:932,3
DA:933,3
DA:934,3
DA:935,0
DA:936,3
DA:937,3
DA:938,3
DA:940,41
DA:941,41
DA:942,0
DA:943,0
DA:944,0
DA:945,0
DA:946,41
DA:947,41
DA:948,0
DA:949,0
DA:950,0
DA:951,0
DA:952,41
DA:953,41
DA:954,41
DA:956,9
DA:957,9
DA:958,9
DA:959,1
DA:960,1
DA:961,1
DA:962,1
DA:963,8
DA:964,8
DA:965,9
DA:967,8
DA:968,8
DA:969,8
DA:970,1
DA:971,1
DA:972,1
DA:973,1
DA:974,7
DA:975,7
DA:976,8
DA:984,4
DA:985,4
DA:986,4
DA:988,16
DA:989,16
DA:990,16
DA:991,16
DA:992,16
DA:993,16
DA:994,16
DA:995,16
DA:996,16
DA:998,16
DA:1001,1
DA:1002,1
DA:1003,1
DA:1004,1
DA:1005,1
DA:1006,1
DA:1007,1
DA:1008,1
DA:1009,1
DA:1010,1
DA:1011,1
DA:1012,1
DA:1013,1
DA:1014,1
DA:1015,1
DA:1016,1
DA:1017,1
DA:1018,1
DA:1019,1
DA:1020,1
DA:1021,1
DA:1022,1
DA:1023,1
DA:1024,1
DA:1025,1
DA:1026,1
DA:1027,1
DA:1028,1
DA:1029,1
DA:1030,1
DA:1031,1
DA:1032,1
DA:1033,1
DA:1034,1
DA:1035,1
DA:1036,1
DA:1037,1
DA:1038,1
DA:1039,1
DA:1040,8
DA:1041,8
DA:1043,1
DA:1044,7
DA:1045,7
DA:1047,1
DA:1050,1
DA:1051,1
DA:1052,1
DA:1053,1
DA:1054,1
DA:1055,1
DA:1056,1
DA:1057,1
DA:1059,1
DA:1064,1
DA:1065,1
DA:1066,1
DA:1069,1
DA:1070,1
DA:1071,1
DA:1072,1
DA:1074,1
DA:1075,1
DA:1076,1
DA:1077,1
DA:1078,1
DA:1081,1
DA:1082,1
DA:1083,1
DA:1084,1
DA:1085,1
DA:1086,1
DA:1088,1
DA:1089,1
DA:1090,1
DA:1091,1
DA:1092,1
DA:1093,1
DA:1095,1
DA:1098,1
DA:1099,1
DA:1101,1
DA:1102,1
DA:1103,1
DA:1104,1
DA:1105,1
DA:1106,1
DA:1109,1
DA:1110,1
DA:1111,1
DA:1112,1
DA:1113,1
DA:1114,1
DA:1117,1
DA:1118,1
DA:1119,1
DA:1120,1
DA:1121,1
DA:1122,1
DA:1125,1
DA:1126,1
DA:1127,1
DA:1128,1
DA:1129,1
DA:1130,1
DA:1133,1
DA:1134,1
DA:1135,1
DA:1136,1
DA:1137,1
DA:1138,1
DA:1141,1
DA:1142,1
DA:1143,1
DA:1144,1
DA:1145,1
DA:1146,1
DA:1149,3
DA:1151,1
DA:1152,1
DA:1157,1
DA:1158,1
DA:1159,1
DA:1160,1
DA:1163,1
DA:1164,1
DA:1166,3
DA:1167,3
DA:1168,3
DA:1169,3
DA:1170,3
DA:1172,1
DA:1173,1
DA:1174,1
DA:1175,1
DA:1176,1
DA:1177,1
DA:1180,1
DA:1181,1
DA:1182,1
DA:1183,1
DA:1184,1
DA:1185,1
DA:1187,1
DA:1190,1
DA:1191,1
DA:1192,1
DA:1195,1
DA:1196,1
DA:1197,1
DA:1198,1
DA:1199,1
DA:1200,1
DA:1203,1
DA:1204,1
DA:1207,1
DA:1208,1
DA:1209,1
DA:1212,1
DA:1213,1
DA:1214,1
DA:1215,1
DA:1216,1
DA:1217,1
DA:1218,1
DA:1219,1
DA:1220,1
DA:1221,1
DA:1222,1
DA:1223,1
DA:1224,1
DA:1225,1
DA:1226,1
DA:1227,1
DA:1228,1
DA:1229,1
DA:1230,1
DA:1231,1
DA:1232,1
DA:1235,1
DA:1236,1
DA:1237,1
DA:1238,1
DA:1239,1
DA:1240,1
DA:1241,1
DA:1242,1
DA:1243,1
DA:1244,1
DA:1245,1
DA:1246,1
DA:1247,1
DA:1249,1
DA:1250,1
DA:1251,1
DA:1252,1
DA:1253,1
DA:1254,1
DA:1255,1
DA:1256,1
DA:1257,1
DA:1258,1
DA:1259,1
DA:1260,1
DA:1261,1
DA:1262,1
DA:1263,1
DA:1264,1
DA:1265,1
DA:1266,1
DA:1267,1
DA:1270,1
DA:1271,1
DA:1272,1
DA:1273,1
DA:1274,1
DA:1275,1
DA:1276,1
DA:1277,1
DA:1278,1
DA:1279,1
DA:1280,1
DA:1281,1
DA:1282,1
DA:1283,1
DA:1284,1
DA:1285,1
DA:1286,1
DA:1287,1
DA:1288,1
DA:1289,1
DA:1290,1
DA:1291,1
DA:1292,1
DA:1293,1
DA:1294,1
DA:1295,1
DA:1296,1
DA:1297,1
DA:1298,1
DA:1299,1
DA:1300,1
DA:1301,1
DA:1302,1
DA:1303,1
DA:1304,1
DA:1305,1
DA:1306,1
DA:1307,1
DA:1310,1
DA:1311,1
DA:1312,1
DA:1313,1
DA:1314,1
DA:1315,1
DA:1317,1
DA:1318,1
DA:1319,1
DA:1320,1
DA:1323,1
DA:1324,1
DA:1325,1
DA:1326,1
DA:1328,1
DA:1331,1
DA:1332,1
DA:1333,1
DA:1334,1
DA:1335,1
DA:1336,1
DA:1337,1
DA:1338,1
DA:1339,1
DA:1341,1
DA:1342,1
DA:1343,1
DA:1346,1
DA:1347,1
DA:1348,1
DA:1349,1
DA:1350,1
DA:1353,1
DA:1354,1
DA:1355,1
DA:1356,1
DA:1357,1
DA:1359,1
DA:1360,1
DA:1361,1
DA:1362,1
DA:1363,1
DA:1364,1
DA:1365,1
DA:1367,1
DA:1370,1
DA:1371,1
DA:1372,1
DA:1373,1
DA:1374,1
DA:1375,1
DA:1376,1
DA:1377,1
DA:1378,1
DA:1379,1
DA:1380,1
DA:1381,1
BRF:0
BRH:0
LF:801
LH:744
end_of_record