SF:/home/workdir/openWEPP/crates/openwepp-legacy-bridge/src/policy.rs
FN:13,_RNvMNtCsjNYDFSezauZ_22openwepp_legacy_bridge6policyNtB2_19CompatibilityPolicy13allows_legacy
FNDA:0,_RNvMNtCsjNYDFSezauZ_22openwepp_legacy_bridge6policyNtB2_19CompatibilityPolicy13allows_legacy
FNF:1
FNH:0
DA:13,0
DA:14,0
DA:15,0
BRF:0
BRH:0
LF:3
LH:0
end_of_record
SF:/home/workdir/openWEPP/crates/openwepp-legacy-bridge/src/sidecar.rs
FN:19,_RINvMNtCsjNYDFSezauZ_22openwepp_legacy_bridge7sidecarNtB3_9SidecarId3newReECsdHbGJQKVzwi_22sidecar_error_contract
FN:25,_RNCINvMNtCsjNYDFSezauZ_22openwepp_legacy_bridge7sidecarNtB5_9SidecarId3newReE0CsdHbGJQKVzwi_22sidecar_error_contract
FN:385,_RNCNCNvNtCsjNYDFSezauZ_22openwepp_legacy_bridge7sidecar30resolve_bindings_for_contracts00B7_
FN:290,_RNCNvNtCsjNYDFSezauZ_22openwepp_legacy_bridge7sidecar22adapt_sidecar_bindings0B5_
FN:382,_RNCNvNtCsjNYDFSezauZ_22openwepp_legacy_bridge7sidecar30resolve_bindings_for_contracts0B5_
FN:35,_RNvMNtCsjNYDFSezauZ_22openwepp_legacy_bridge7sidecarNtB2_9SidecarId6as_str
FN:130,_RNvMs2_NtCsjNYDFSezauZ_22openwepp_legacy_bridge7sidecarNtB5_18SidecarWarningCode10message_id
FN:189,_RNvMs3_NtCsjNYDFSezauZ_22openwepp_legacy_bridge7sidecarNtB5_19SidecarAdapterError4code
FN:49,_RNvMs_NtCsjNYDFSezauZ_22openwepp_legacy_bridge7sidecarNtB4_18SidecarRequirement11is_required
FN:295,_RNvNtCsjNYDFSezauZ_22openwepp_legacy_bridge7sidecar17prepare_contracts
FN:457,_RNvNtCsjNYDFSezauZ_22openwepp_legacy_bridge7sidecar19normalize_file_name
FN:274,_RNvNtCsjNYDFSezauZ_22openwepp_legacy_bridge7sidecar22adapt_sidecar_bindings
FN:343,_RNvNtCsjNYDFSezauZ_22openwepp_legacy_bridge7sidecar23map_discovered_sidecars
FN:361,_RNvNtCsjNYDFSezauZ_22openwepp_legacy_bridge7sidecar30resolve_bindings_for_contracts
FN:428,_RNvNtCsjNYDFSezauZ_22openwepp_legacy_bridge7sidecar33append_unknown_discovery_warnings
FN:204,_RNvXs4_NtCsjNYDFSezauZ_22openwepp_legacy_bridge7sidecarNtB5_19SidecarAdapterErrorNtNtCs3XFJfFEDSOQ_4core3fmt7Display3fmt
FNDA:4,_RINvMNtCsjNYDFSezauZ_22openwepp_legacy_bridge7sidecarNtB3_9SidecarId3newReECsdHbGJQKVzwi_22sidecar_error_contract
FNDA:16,_RNCINvMNtCsjNYDFSezauZ_22openwepp_legacy_bridge7sidecarNtB5_9SidecarId3newReE0CsdHbGJQKVzwi_22sidecar_error_contract
FNDA:0,_RNCNCNvNtCsjNYDFSezauZ_22openwepp_legacy_bridge7sidecar30resolve_bindings_for_contracts00B7_
FNDA:0,_RNCNvNtCsjNYDFSezauZ_22openwepp_legacy_bridge7sidecar22adapt_sidecar_bindings0B5_
FNDA:0,_RNCNvNtCsjNYDFSezauZ_22openwepp_legacy_bridge7sidecar30resolve_bindings_for_contracts0B5_
FNDA:4,_RNvMNtCsjNYDFSezauZ_22openwepp_legacy_bridge7sidecarNtB2_9SidecarId6as_str
FNDA:0,_RNvMs2_NtCsjNYDFSezauZ_22openwepp_legacy_bridge7sidecarNtB5_18SidecarWarningCode10message_id
FNDA:16,_RNvMs3_NtCsjNYDFSezauZ_22openwepp_legacy_bridge7sidecarNtB5_19SidecarAdapterError4code
FNDA:0,_RNvMs_NtCsjNYDFSezauZ_22openwepp_legacy_bridge7sidecarNtB4_18SidecarRequirement11is_required
FNDA:0,_RNvNtCsjNYDFSezauZ_22openwepp_legacy_bridge7sidecar17prepare_contracts
FNDA:0,_RNvNtCsjNYDFSezauZ_22openwepp_legacy_bridge7sidecar19normalize_file_name
FNDA:0,_RNvNtCsjNYDFSezauZ_22openwepp_legacy_bridge7sidecar22adapt_sidecar_bindings
FNDA:0,_RNvNtCsjNYDFSezauZ_22openwepp_legacy_bridge7sidecar23map_discovered_sidecars
FNDA:0,_RNvNtCsjNYDFSezauZ_22openwepp_legacy_bridge7sidecar30resolve_bindings_for_contracts
FNDA:0,_RNvNtCsjNYDFSezauZ_22openwepp_legacy_bridge7sidecar33append_unknown_discovery_warnings
FNDA:8,_RNvXs4_NtCsjNYDFSezauZ_22openwepp_legacy_bridge7sidecarNtB5_19SidecarAdapterErrorNtNtCs3XFJfFEDSOQ_4core3fmt7Display3fmt
FNF:16
FNH:5
DA:19,4
DA:20,4
DA:21,4
DA:22,4
DA:23,4
DA:24,4
DA:25,16
DA:27,4
DA:28,0
DA:29,4
DA:31,4
DA:32,4
DA:35,4
DA:36,4
DA:37,4
DA:49,0
DA:50,0
DA:51,0
DA:130,0
DA:131,0
DA:132,0
DA:133,0
DA:135,0
DA:189,16
DA:190,16
DA:191,2
DA:192,2
DA:193,2
DA:194,2
DA:195,2
DA:196,2
DA:197,2
DA:198,2
DA:200,16
DA:204,8
DA:205,8
DA:206,1
DA:207,1
DA:209,1
DA:210,1
DA:212,1
DA:213,1
DA:215,1
DA:216,1
DA:217,1
DA:218,1
DA:219,1
DA:223,1
DA:224,1
DA:226,1
DA:227,1
DA:228,1
DA:229,1
DA:230,1
DA:233,1
DA:234,1
DA:235,1
DA:236,1
DA:237,1
DA:241,1
DA:242,1
DA:244,1
DA:245,1
DA:246,1
DA:247,1
DA:248,1
DA:252,1
DA:253,1
DA:255,1
DA:256,1
DA:257,1
DA:258,1
DA:259,1
DA:263,8
DA:274,0
DA:275,0
DA:276,0
DA:277,0
DA:278,0
DA:279,0
DA:281,0
DA:282,0
DA:283,0
DA:284,0
DA:285,0
DA:286,0
DA:288,0
DA:290,0
DA:292,0
DA:293,0
DA:295,0
DA:296,0
DA:297,0
DA:298,0
DA:299,0
DA:300,0
DA:302,0
DA:303,0
DA:304,0
DA:305,0
DA:306,0
DA:307,0
DA:309,0
DA:310,0
DA:312,0
DA:314,0
DA:315,0
DA:316,0
DA:317,0
DA:318,0
DA:320,0
DA:321,0
DA:322,0
DA:323,0
DA:324,0
DA:325,0
DA:326,0
DA:327,0
DA:328,0
DA:329,0
DA:330,0
DA:333,0
DA:334,0
DA:335,0
DA:336,0
DA:337,0
DA:340,0
DA:341,0
DA:343,0
DA:344,0
DA:345,0
DA:346,0
DA:347,0
DA:348,0
DA:349,0
DA:350,0
DA:351,0
DA:353,0
DA:354,0
DA:355,0
DA:356,0
DA:358,0
DA:359,0
DA:361,0
DA:362,0
DA:363,0
DA:364,0
DA:365,0
DA:366,0
DA:367,0
DA:368,0
DA:370,0
DA:371,0
DA:372,0
DA:373,0
DA:374,0
DA:375,0
DA:376,0
DA:377,0
DA:378,0
DA:379,0
DA:380,0
DA:382,0
DA:383,0
DA:384,0
DA:385,0
DA:386,0
DA:388,0
DA:389,0
DA:390,0
DA:391,0
DA:392,0
DA:393,0
DA:394,0
DA:396,0
DA:397,0
DA:398,0
DA:399,0
DA:400,0
DA:401,0
DA:402,0
DA:403,0
DA:404,0
DA:405,0
DA:406,0
DA:407,0
DA:408,0
DA:409,0
DA:410,0
DA:411,0
DA:412,0
DA:413,0
DA:414,0
DA:415,0
DA:417,0
DA:418,0
DA:419,0
DA:420,0
DA:421,0
DA:422,0
DA:425,0
DA:426,0
DA:428,0
DA:429,0
DA:430,0
DA:431,0
DA:432,0
DA:433,0
DA:434,0
DA:435,0
DA:436,0
DA:438,0
DA:439,0
DA:440,0
DA:441,0
DA:442,0
DA:443,0
DA:444,0
DA:445,0
DA:446,0
DA:447,0
DA:449,0
DA:457,0
DA:458,0
DA:459,0
DA:460,0
DA:461,0
DA:462,0
DA:463,0
DA:464,0
DA:465,0
DA:466,0
DA:467,0
BRF:0
BRH:0
LF:237
LH:66
end_of_record