SF:/home/workdir/openWEPP/crates/openwepp-legacy-bridge/src/hbp.rs
FN:17,_RNvMNtCsjNYDFSezauZ_22openwepp_legacy_bridge3hbpNtB2_17HbpHeaderContract3new
FN:103,_RNvMs0_NtCsjNYDFSezauZ_22openwepp_legacy_bridge3hbpNtB5_15HbpAdapterError4code
FN:53,_RNvMs_NtCsjNYDFSezauZ_22openwepp_legacy_bridge3hbpNtB4_14HbpWarningCode10message_id
FN:258,_RNvNtCsjNYDFSezauZ_22openwepp_legacy_bridge3hbp12format_magic
FN:182,_RNvNtCsjNYDFSezauZ_22openwepp_legacy_bridge3hbp16adapt_hbp_header
FN:238,_RNvNtCsjNYDFSezauZ_22openwepp_legacy_bridge3hbp17validate_contract
FN:116,_RNvXs1_NtCsjNYDFSezauZ_22openwepp_legacy_bridge3hbpNtB5_15HbpAdapterErrorNtNtCs3XFJfFEDSOQ_4core3fmt7Display3fmt
FNDA:0,_RNvMNtCsjNYDFSezauZ_22openwepp_legacy_bridge3hbpNtB2_17HbpHeaderContract3new
FNDA:12,_RNvMs0_NtCsjNYDFSezauZ_22openwepp_legacy_bridge3hbpNtB5_15HbpAdapterError4code
FNDA:0,_RNvMs_NtCsjNYDFSezauZ_22openwepp_legacy_bridge3hbpNtB4_14HbpWarningCode10message_id
FNDA:4,_RNvNtCsjNYDFSezauZ_22openwepp_legacy_bridge3hbp12format_magic
FNDA:0,_RNvNtCsjNYDFSezauZ_22openwepp_legacy_bridge3hbp16adapt_hbp_header
FNDA:0,_RNvNtCsjNYDFSezauZ_22openwepp_legacy_bridge3hbp17validate_contract
FNDA:6,_RNvXs1_NtCsjNYDFSezauZ_22openwepp_legacy_bridge3hbpNtB5_15HbpAdapterErrorNtNtCs3XFJfFEDSOQ_4core3fmt7Display3fmt
FNF:7
FNH:3
DA:17,0
DA:18,0
DA:19,0
DA:20,0
DA:21,0
DA:22,0
DA:23,0
DA:24,0
DA:25,0
DA:26,0
DA:27,0
DA:53,0
DA:54,0
DA:55,0
DA:57,0
DA:103,12
DA:104,12
DA:105,2
DA:106,2
DA:107,2
DA:108,2
DA:109,2
DA:110,2
DA:112,12
DA:116,6
DA:117,6
DA:118,1
DA:119,1
DA:120,1
DA:121,1
DA:122,1
DA:126,1
DA:127,1
DA:128,1
DA:129,1
DA:130,1
DA:131,1
DA:134,1
DA:135,1
DA:136,1
DA:137,1
DA:138,1
DA:139,1
DA:143,1
DA:144,1
DA:146,1
DA:147,1
DA:148,1
DA:149,1
DA:154,1
DA:155,1
DA:156,1
DA:157,1
DA:158,1
DA:159,1
DA:162,1
DA:163,1
DA:164,1
DA:165,1
DA:166,1
DA:167,1
DA:171,6
DA:182,0
DA:183,0
DA:184,0
DA:185,0
DA:187,0
DA:188,0
DA:189,0
DA:190,0
DA:191,0
DA:192,0
DA:194,0
DA:195,0
DA:196,0
DA:197,0
DA:198,0
DA:199,0
DA:201,0
DA:202,0
DA:203,0
DA:204,0
DA:205,0
DA:206,0
DA:207,0
DA:208,0
DA:210,0
DA:211,0
DA:212,0
DA:213,0
DA:215,0
DA:216,0
DA:217,0
DA:218,0
DA:220,0
DA:221,0
DA:222,0
DA:223,0
DA:224,0
DA:225,0
DA:226,0
DA:227,0
DA:228,0
DA:229,0
DA:230,0
DA:231,0
DA:232,0
DA:233,0
DA:235,0
DA:236,0
DA:238,0
DA:239,0
DA:240,0
DA:241,0
DA:242,0
DA:243,0
DA:245,0
DA:246,0
DA:247,0
DA:248,0
DA:249,0
DA:250,0
DA:251,0
DA:252,0
DA:255,0
DA:256,0
DA:258,4
DA:259,4
DA:260,4
DA:261,4
DA:263,4
BRF:0
BRH:0
LF:131
LH:52
end_of_record
SF:/home/workdir/openWEPP/crates/openwepp-legacy-bridge/src/policy.rs
FN:13,_RNvMNtCsjNYDFSezauZ_22openwepp_legacy_bridge6policyNtB2_19CompatibilityPolicy13allows_legacy
FNDA:0,_RNvMNtCsjNYDFSezauZ_22openwepp_legacy_bridge6policyNtB2_19CompatibilityPolicy13allows_legacy
FNF:1
FNH:0
DA:13,0
DA:14,0
DA:15,0
BRF:0
BRH:0
LF:3
LH:0
end_of_record
SF:/home/workdir/openWEPP/crates/openwepp-legacy-bridge/src/sidecar.rs
FN:385,_RNCNCNvNtCsjNYDFSezauZ_22openwepp_legacy_bridge7sidecar30resolve_bindings_for_contracts00B7_
FN:290,_RNCNvNtCsjNYDFSezauZ_22openwepp_legacy_bridge7sidecar22adapt_sidecar_bindings0B5_
FN:382,_RNCNvNtCsjNYDFSezauZ_22openwepp_legacy_bridge7sidecar30resolve_bindings_for_contracts0B5_
FN:35,_RNvMNtCsjNYDFSezauZ_22openwepp_legacy_bridge7sidecarNtB2_9SidecarId6as_str
FN:130,_RNvMs2_NtCsjNYDFSezauZ_22openwepp_legacy_bridge7sidecarNtB5_18SidecarWarningCode10message_id
FN:189,_RNvMs3_NtCsjNYDFSezauZ_22openwepp_legacy_bridge7sidecarNtB5_19SidecarAdapterError4code
FN:49,_RNvMs_NtCsjNYDFSezauZ_22openwepp_legacy_bridge7sidecarNtB4_18SidecarRequirement11is_required
FN:295,_RNvNtCsjNYDFSezauZ_22openwepp_legacy_bridge7sidecar17prepare_contracts
FN:457,_RNvNtCsjNYDFSezauZ_22openwepp_legacy_bridge7sidecar19normalize_file_name
FN:274,_RNvNtCsjNYDFSezauZ_22openwepp_legacy_bridge7sidecar22adapt_sidecar_bindings
FN:343,_RNvNtCsjNYDFSezauZ_22openwepp_legacy_bridge7sidecar23map_discovered_sidecars
FN:361,_RNvNtCsjNYDFSezauZ_22openwepp_legacy_bridge7sidecar30resolve_bindings_for_contracts
FN:428,_RNvNtCsjNYDFSezauZ_22openwepp_legacy_bridge7sidecar33append_unknown_discovery_warnings
FN:204,_RNvXs4_NtCsjNYDFSezauZ_22openwepp_legacy_bridge7sidecarNtB5_19SidecarAdapterErrorNtNtCs3XFJfFEDSOQ_4core3fmt7Display3fmt
FNDA:0,_RNCNCNvNtCsjNYDFSezauZ_22openwepp_legacy_bridge7sidecar30resolve_bindings_for_contracts00B7_
FNDA:0,_RNCNvNtCsjNYDFSezauZ_22openwepp_legacy_bridge7sidecar22adapt_sidecar_bindings0B5_
FNDA:0,_RNCNvNtCsjNYDFSezauZ_22openwepp_legacy_bridge7sidecar30resolve_bindings_for_contracts0B5_
FNDA:0,_RNvMNtCsjNYDFSezauZ_22openwepp_legacy_bridge7sidecarNtB2_9SidecarId6as_str
FNDA:0,_RNvMs2_NtCsjNYDFSezauZ_22openwepp_legacy_bridge7sidecarNtB5_18SidecarWarningCode10message_id
FNDA:0,_RNvMs3_NtCsjNYDFSezauZ_22openwepp_legacy_bridge7sidecarNtB5_19SidecarAdapterError4code
FNDA:0,_RNvMs_NtCsjNYDFSezauZ_22openwepp_legacy_bridge7sidecarNtB4_18SidecarRequirement11is_required
FNDA:0,_RNvNtCsjNYDFSezauZ_22openwepp_legacy_bridge7sidecar17prepare_contracts
FNDA:0,_RNvNtCsjNYDFSezauZ_22openwepp_legacy_bridge7sidecar19normalize_file_name
FNDA:0,_RNvNtCsjNYDFSezauZ_22openwepp_legacy_bridge7sidecar22adapt_sidecar_bindings
FNDA:0,_RNvNtCsjNYDFSezauZ_22openwepp_legacy_bridge7sidecar23map_discovered_sidecars
FNDA:0,_RNvNtCsjNYDFSezauZ_22openwepp_legacy_bridge7sidecar30resolve_bindings_for_contracts
FNDA:0,_RNvNtCsjNYDFSezauZ_22openwepp_legacy_bridge7sidecar33append_unknown_discovery_warnings
FNDA:0,_RNvXs4_NtCsjNYDFSezauZ_22openwepp_legacy_bridge7sidecarNtB5_19SidecarAdapterErrorNtNtCs3XFJfFEDSOQ_4core3fmt7Display3fmt
FNF:14
FNH:0
DA:35,0
DA:36,0
DA:37,0
DA:49,0
DA:50,0
DA:51,0
DA:130,0
DA:131,0
DA:132,0
DA:133,0
DA:135,0
DA:189,0
DA:190,0
DA:191,0
DA:192,0
DA:193,0
DA:194,0
DA:195,0
DA:196,0
DA:197,0
DA:198,0
DA:200,0
DA:204,0
DA:205,0
DA:206,0
DA:207,0
DA:209,0
DA:210,0
DA:212,0
DA:213,0
DA:215,0
DA:216,0
DA:217,0
DA:218,0
DA:219,0
DA:223,0
DA:224,0
DA:226,0
DA:227,0
DA:228,0
DA:229,0
DA:230,0
DA:233,0
DA:234,0
DA:235,0
DA:236,0
DA:237,0
DA:241,0
DA:242,0
DA:244,0
DA:245,0
DA:246,0
DA:247,0
DA:248,0
DA:252,0
DA:253,0
DA:255,0
DA:256,0
DA:257,0
DA:258,0
DA:259,0
DA:263,0
DA:274,0
DA:275,0
DA:276,0
DA:277,0
DA:278,0
DA:279,0
DA:281,0
DA:282,0
DA:283,0
DA:284,0
DA:285,0
DA:286,0
DA:288,0
DA:290,0
DA:292,0
DA:293,0
DA:295,0
DA:296,0
DA:297,0
DA:298,0
DA:299,0
DA:300,0
DA:302,0
DA:303,0
DA:304,0
DA:305,0
DA:306,0
DA:307,0
DA:309,0
DA:310,0
DA:312,0
DA:314,0
DA:315,0
DA:316,0
DA:317,0
DA:318,0
DA:320,0
DA:321,0
DA:322,0
DA:323,0
DA:324,0
DA:325,0
DA:326,0
DA:327,0
DA:328,0
DA:329,0
DA:330,0
DA:333,0
DA:334,0
DA:335,0
DA:336,0
DA:337,0
DA:340,0
DA:341,0
DA:343,0
DA:344,0
DA:345,0
DA:346,0
DA:347,0
DA:348,0
DA:349,0
DA:350,0
DA:351,0
DA:353,0
DA:354,0
DA:355,0
DA:356,0
DA:358,0
DA:359,0
DA:361,0
DA:362,0
DA:363,0
DA:364,0
DA:365,0
DA:366,0
DA:367,0
DA:368,0
DA:370,0
DA:371,0
DA:372,0
DA:373,0
DA:374,0
DA:375,0
DA:376,0
DA:377,0
DA:378,0
DA:379,0
DA:380,0
DA:382,0
DA:383,0
DA:384,0
DA:385,0
DA:386,0
DA:388,0
DA:389,0
DA:390,0
DA:391,0
DA:392,0
DA:393,0
DA:394,0
DA:396,0
DA:397,0
DA:398,0
DA:399,0
DA:400,0
DA:401,0
DA:402,0
DA:403,0
DA:404,0
DA:405,0
DA:406,0
DA:407,0
DA:408,0
DA:409,0
DA:410,0
DA:411,0
DA:412,0
DA:413,0
DA:414,0
DA:415,0
DA:417,0
DA:418,0
DA:419,0
DA:420,0
DA:421,0
DA:422,0
DA:425,0
DA:426,0
DA:428,0
DA:429,0
DA:430,0
DA:431,0
DA:432,0
DA:433,0
DA:434,0
DA:435,0
DA:436,0
DA:438,0
DA:439,0
DA:440,0
DA:441,0
DA:442,0
DA:443,0
DA:444,0
DA:445,0
DA:446,0
DA:447,0
DA:449,0
DA:457,0
DA:458,0
DA:459,0
DA:460,0
DA:461,0
DA:462,0
DA:463,0
DA:464,0
DA:465,0
DA:466,0
DA:467,0
BRF:0
BRH:0
LF:224
LH:0
end_of_record