SF:/home/workdir/openWEPP/crates/openwepp-watershed-orchestrator/src/lib.rs
FN:360,_RNvNtCsfrHcwpvqclA_31openwepp_watershed_orchestrator5tests3key
FN:364,_RNvNtCsfrHcwpvqclA_31openwepp_watershed_orchestrator5tests4node
FN:176,_RNvNtCsfrHcwpvqclA_31openwepp_watershed_orchestrator5testss_39classifies_cycle_as_typed_failure_class
FN:129,_RNvNtCsfrHcwpvqclA_31openwepp_watershed_orchestrator5testss_48blocks_dispatch_when_topology_precondition_fails
FN:230,_RNvNtCsfrHcwpvqclA_31openwepp_watershed_orchestrator5testss_52classifies_missing_dependency_as_typed_failure_class
FN:36,_RNvNtCsfrHcwpvqclA_31openwepp_watershed_orchestrator5testss_52schedules_dispatch_in_deterministic_dependency_order
FN:277,_RNvNtCsfrHcwpvqclA_31openwepp_watershed_orchestrator5testss_52wshedimpl26_dcap_flagm2_caps_detachment_rate_at_maxe
FN:381,_RNvNtCsfrHcwpvqclA_31openwepp_watershed_orchestrator5testss_58inv_route_005a_superposed_hourly_limb_peak_volume_and_span
FN:452,_RNvNtCsfrHcwpvqclA_31openwepp_watershed_orchestrator5testss_64inv_route_005d_sediment_rate_time_base_is_distribution_sensitive
FN:407,_RNvNtCsfrHcwpvqclA_31openwepp_watershed_orchestrator5testss_65inv_route_005a_hourly_eligibility_requires_every_contributor_pair
FN:326,_RNvNtCsfrHcwpvqclA_31openwepp_watershed_orchestrator5testss_67wshedimpl27_enddet_helper_exercises_xdbig_and_midpoint_rebracketing
FN:412,_RNCNvNtCsfrHcwpvqclA_31openwepp_watershed_orchestrator5testss_65inv_route_005a_hourly_eligibility_requires_every_contributor_pair0B5_
FN:341,_RNCNvNtCsfrHcwpvqclA_31openwepp_watershed_orchestrator5testss_67wshedimpl27_enddet_helper_exercises_xdbig_and_midpoint_rebracketing0B5_
FNDA:17,_RNvNtCsfrHcwpvqclA_31openwepp_watershed_orchestrator5tests3key
FNDA:9,_RNvNtCsfrHcwpvqclA_31openwepp_watershed_orchestrator5tests4node
FNDA:1,_RNvNtCsfrHcwpvqclA_31openwepp_watershed_orchestrator5testss_39classifies_cycle_as_typed_failure_class
FNDA:1,_RNvNtCsfrHcwpvqclA_31openwepp_watershed_orchestrator5testss_48blocks_dispatch_when_topology_precondition_fails
FNDA:1,_RNvNtCsfrHcwpvqclA_31openwepp_watershed_orchestrator5testss_52classifies_missing_dependency_as_typed_failure_class
FNDA:1,_RNvNtCsfrHcwpvqclA_31openwepp_watershed_orchestrator5testss_52schedules_dispatch_in_deterministic_dependency_order
FNDA:1,_RNvNtCsfrHcwpvqclA_31openwepp_watershed_orchestrator5testss_52wshedimpl26_dcap_flagm2_caps_detachment_rate_at_maxe
FNDA:1,_RNvNtCsfrHcwpvqclA_31openwepp_watershed_orchestrator5testss_58inv_route_005a_superposed_hourly_limb_peak_volume_and_span
FNDA:1,_RNvNtCsfrHcwpvqclA_31openwepp_watershed_orchestrator5testss_64inv_route_005d_sediment_rate_time_base_is_distribution_sensitive
FNDA:1,_RNvNtCsfrHcwpvqclA_31openwepp_watershed_orchestrator5testss_65inv_route_005a_hourly_eligibility_requires_every_contributor_pair
FNDA:1,_RNvNtCsfrHcwpvqclA_31openwepp_watershed_orchestrator5testss_67wshedimpl27_enddet_helper_exercises_xdbig_and_midpoint_rebracketing
FNDA:2,_RNCNvNtCsfrHcwpvqclA_31openwepp_watershed_orchestrator5testss_65inv_route_005a_hourly_eligibility_requires_every_contributor_pair0B5_
FNDA:3,_RNCNvNtCsfrHcwpvqclA_31openwepp_watershed_orchestrator5testss_67wshedimpl27_enddet_helper_exercises_xdbig_and_midpoint_rebracketing0B5_
FNF:13
FNH:13
DA:36,1
DA:37,1
DA:41,1
DA:42,1
DA:43,1
DA:45,1
DA:46,1
DA:47,1
DA:49,1
DA:50,1
DA:52,1
DA:53,1
DA:54,1
DA:56,1
DA:57,1
DA:59,1
DA:60,1
DA:61,1
DA:63,1
DA:64,1
DA:66,1
DA:67,1
DA:68,1
DA:70,1
DA:71,1
DA:73,1
DA:74,1
DA:75,1
DA:80,1
DA:81,1
DA:82,1
DA:84,1
DA:85,1
DA:87,1
DA:88,1
DA:89,1
DA:92,1
DA:94,1
DA:95,1
DA:96,1
DA:97,1
DA:98,1
DA:99,1
DA:100,1
DA:101,1
DA:104,1
DA:106,1
DA:107,1
DA:109,1
DA:110,1
DA:111,1
DA:115,1
DA:116,1
DA:118,1
DA:121,6
DA:122,5
DA:123,5
DA:124,5
DA:126,1
DA:129,1
DA:130,1
DA:134,1
DA:135,1
DA:137,1
DA:138,1
DA:139,1
DA:143,1
DA:144,1
DA:145,1
DA:147,1
DA:148,1
DA:150,1
DA:151,1
DA:152,1
DA:153,1
DA:156,1
DA:157,1
DA:160,1
DA:161,1
DA:164,1
DA:165,1
DA:168,1
DA:169,1
DA:170,1
DA:173,1
DA:176,1
DA:177,1
DA:181,1
DA:182,1
DA:183,1
DA:185,1
DA:186,1
DA:187,1
DA:189,1
DA:190,1
DA:192,1
DA:193,1
DA:194,1
DA:199,1
DA:200,1
DA:201,1
DA:202,1
DA:203,1
DA:204,1
DA:205,1
DA:206,1
DA:208,1
DA:209,1
DA:211,1
DA:212,1
DA:213,1
DA:214,1
DA:217,1
DA:218,1
DA:221,1
DA:222,1
DA:223,1
DA:224,1
DA:227,1
DA:230,1
DA:231,1
DA:235,1
DA:236,1
DA:238,1
DA:239,1
DA:240,1
DA:244,1
DA:245,1
DA:246,1
DA:247,1
DA:248,1
DA:249,1
DA:250,1
DA:251,1
DA:253,1
DA:254,1
DA:256,1
DA:257,1
DA:258,1
DA:261,1
DA:262,1
DA:265,1
DA:266,1
DA:269,1
DA:270,1
DA:271,1
DA:274,1
DA:277,1
DA:278,1
DA:279,1
DA:280,1
DA:281,1
DA:282,1
DA:283,1
DA:284,1
DA:285,1
DA:286,1
DA:287,1
DA:288,1
DA:289,1
DA:290,1
DA:291,1
DA:292,1
DA:293,1
DA:294,1
DA:295,1
DA:296,1
DA:297,1
DA:298,1
DA:300,1
DA:301,1
DA:302,1
DA:303,1
DA:305,1
DA:306,1
DA:307,1
DA:308,1
DA:309,1
DA:311,1
DA:313,1
DA:314,1
DA:315,1
DA:316,1
DA:317,0
DA:319,1
DA:320,1
DA:321,0
DA:323,1
DA:326,1
DA:327,1
DA:328,1
DA:329,1
DA:330,1
DA:331,1
DA:336,1
DA:337,1
DA:338,1
DA:339,1
DA:340,1
DA:341,3
DA:342,3
DA:343,3
DA:344,1
DA:345,1
DA:346,1
DA:348,3
DA:351,1
DA:352,1
DA:353,1
DA:354,1
DA:355,0
DA:358,1
DA:360,17
DA:361,17
DA:362,17
DA:364,9
DA:365,9
DA:366,9
DA:367,9
DA:368,9
DA:369,9
DA:370,9
DA:371,9
DA:372,9
DA:373,9
DA:374,9
DA:377,9
DA:378,9
DA:381,1
DA:385,1
DA:386,1
DA:387,1
DA:388,1
DA:389,1
DA:390,1
DA:391,1
DA:392,1
DA:393,1
DA:394,1
DA:395,0
DA:398,1
DA:399,1
DA:400,1
DA:401,1
DA:402,1
DA:403,1
DA:404,1
DA:407,1
DA:411,1
DA:412,2
DA:413,2
DA:420,2
DA:421,2
DA:422,2
DA:423,2
DA:424,2
DA:425,2
DA:426,1
DA:427,1
DA:428,1
DA:430,1
DA:431,1
DA:432,1
DA:437,1
DA:438,1
DA:439,1
DA:440,1
DA:441,1
DA:442,1
DA:443,1
DA:445,1
DA:446,1
DA:447,1
DA:448,1
DA:449,1
DA:452,1
DA:457,1
DA:458,1
DA:459,1
DA:460,1
DA:461,1
DA:462,5
DA:463,5
DA:464,5
DA:465,1
DA:466,1
DA:467,1
DA:468,1
DA:469,0
DA:471,1
DA:472,1
DA:474,1
DA:475,1
BRF:0
BRH:0
LF:293
LH:288
end_of_record
SF:/home/workdir/openWEPP/crates/openwepp-watershed-orchestrator/src/lib_mod/dispatch.rs
FN:156,_RNvNtNtCsfrHcwpvqclA_31openwepp_watershed_orchestrator7lib_mod8dispatch37execute_watershed_dispatch_with_frame
FN:139,_RNvNtNtCsfrHcwpvqclA_31openwepp_watershed_orchestrator7lib_mod8dispatch37schedule_watershed_dispatch_with_gate
FN:383,_RNCNvNtNtCsfrHcwpvqclA_31openwepp_watershed_orchestrator7lib_mod8dispatch19build_dispatch_step0B7_
FN:387,_RNCNvNtNtCsfrHcwpvqclA_31openwepp_watershed_orchestrator7lib_mod8dispatch19build_dispatch_steps_0B7_
FN:250,_RNCNvNtNtCsfrHcwpvqclA_31openwepp_watershed_orchestrator7lib_mod8dispatch20build_dispatch_stepss0_0B7_
FN:278,_RNCNvNtNtCsfrHcwpvqclA_31openwepp_watershed_orchestrator7lib_mod8dispatch20build_dispatch_stepss1_0B7_
FN:242,_RNCNvNtNtCsfrHcwpvqclA_31openwepp_watershed_orchestrator7lib_mod8dispatch20build_dispatch_stepss_0B7_
FN:294,_RNCNvNtNtCsfrHcwpvqclA_31openwepp_watershed_orchestrator7lib_mod8dispatch23collect_dependency_maps0B7_
FN:299,_RNCNvNtNtCsfrHcwpvqclA_31openwepp_watershed_orchestrator7lib_mod8dispatch23collect_dependency_mapss_0B7_
FN:358,_RNCNvNtNtCsfrHcwpvqclA_31openwepp_watershed_orchestrator7lib_mod8dispatch29build_indegree_and_dependents0B7_
FN:363,_RNCNvNtNtCsfrHcwpvqclA_31openwepp_watershed_orchestrator7lib_mod8dispatch29build_indegree_and_dependentss_0B7_
FN:416,_RNvNtNtCsfrHcwpvqclA_31openwepp_watershed_orchestrator7lib_mod8dispatch15format_node_key
FN:324,_RNvNtNtCsfrHcwpvqclA_31openwepp_watershed_orchestrator7lib_mod8dispatch18record_contributor
FN:375,_RNvNtNtCsfrHcwpvqclA_31openwepp_watershed_orchestrator7lib_mod8dispatch19build_dispatch_step
FN:237,_RNvNtNtCsfrHcwpvqclA_31openwepp_watershed_orchestrator7lib_mod8dispatch20build_dispatch_steps
FN:287,_RNvNtNtCsfrHcwpvqclA_31openwepp_watershed_orchestrator7lib_mod8dispatch23collect_dependency_maps
FN:408,_RNvNtNtCsfrHcwpvqclA_31openwepp_watershed_orchestrator7lib_mod8dispatch23node_kind_message_token
FN:28,_RNvNtNtCsfrHcwpvqclA_31openwepp_watershed_orchestrator7lib_mod8dispatch27schedule_watershed_dispatch
FN:352,_RNvNtNtCsfrHcwpvqclA_31openwepp_watershed_orchestrator7lib_mod8dispatch29build_indegree_and_dependents
FNDA:0,_RNvNtNtCsfrHcwpvqclA_31openwepp_watershed_orchestrator7lib_mod8dispatch37execute_watershed_dispatch_with_frame
FNDA:0,_RNvNtNtCsfrHcwpvqclA_31openwepp_watershed_orchestrator7lib_mod8dispatch37schedule_watershed_dispatch_with_gate
FNDA:5,_RNCNvNtNtCsfrHcwpvqclA_31openwepp_watershed_orchestrator7lib_mod8dispatch19build_dispatch_step0B7_
FNDA:5,_RNCNvNtNtCsfrHcwpvqclA_31openwepp_watershed_orchestrator7lib_mod8dispatch19build_dispatch_steps_0B7_
FNDA:7,_RNCNvNtNtCsfrHcwpvqclA_31openwepp_watershed_orchestrator7lib_mod8dispatch20build_dispatch_stepss0_0B7_
FNDA:2,_RNCNvNtNtCsfrHcwpvqclA_31openwepp_watershed_orchestrator7lib_mod8dispatch20build_dispatch_stepss1_0B7_
FNDA:8,_RNCNvNtNtCsfrHcwpvqclA_31openwepp_watershed_orchestrator7lib_mod8dispatch20build_dispatch_stepss_0B7_
FNDA:8,_RNCNvNtNtCsfrHcwpvqclA_31openwepp_watershed_orchestrator7lib_mod8dispatch23collect_dependency_maps0B7_
FNDA:8,_RNCNvNtNtCsfrHcwpvqclA_31openwepp_watershed_orchestrator7lib_mod8dispatch23collect_dependency_mapss_0B7_
FNDA:7,_RNCNvNtNtCsfrHcwpvqclA_31openwepp_watershed_orchestrator7lib_mod8dispatch29build_indegree_and_dependents0B7_
FNDA:7,_RNCNvNtNtCsfrHcwpvqclA_31openwepp_watershed_orchestrator7lib_mod8dispatch29build_indegree_and_dependentss_0B7_
FNDA:4,_RNvNtNtCsfrHcwpvqclA_31openwepp_watershed_orchestrator7lib_mod8dispatch15format_node_key
FNDA:14,_RNvNtNtCsfrHcwpvqclA_31openwepp_watershed_orchestrator7lib_mod8dispatch18record_contributor
FNDA:5,_RNvNtNtCsfrHcwpvqclA_31openwepp_watershed_orchestrator7lib_mod8dispatch19build_dispatch_step
FNDA:3,_RNvNtNtCsfrHcwpvqclA_31openwepp_watershed_orchestrator7lib_mod8dispatch20build_dispatch_steps
FNDA:3,_RNvNtNtCsfrHcwpvqclA_31openwepp_watershed_orchestrator7lib_mod8dispatch23collect_dependency_maps
FNDA:5,_RNvNtNtCsfrHcwpvqclA_31openwepp_watershed_orchestrator7lib_mod8dispatch23node_kind_message_token
FNDA:4,_RNvNtNtCsfrHcwpvqclA_31openwepp_watershed_orchestrator7lib_mod8dispatch27schedule_watershed_dispatch
FNDA:2,_RNvNtNtCsfrHcwpvqclA_31openwepp_watershed_orchestrator7lib_mod8dispatch29build_indegree_and_dependents
FNF:19
FNH:17
DA:28,4
DA:29,4
DA:30,4
DA:31,4
DA:32,4
DA:33,1
DA:34,1
DA:37,1
DA:39,0
DA:41,1
DA:42,1
DA:44,1
DA:45,1
DA:46,1
DA:47,1
DA:51,1
DA:52,1
DA:53,1
DA:54,1
DA:55,1
DA:56,1
DA:57,3
DA:59,3
DA:60,1
DA:61,1
DA:62,1
DA:64,1
DA:65,1
DA:66,1
DA:67,1
DA:68,1
DA:69,1
DA:71,1
DA:72,1
DA:73,1
DA:76,1
DA:78,0
DA:80,1
DA:81,1
DA:83,1
DA:84,1
DA:85,1
DA:86,1
DA:90,1
DA:91,1
DA:92,1
DA:93,1
DA:94,1
DA:95,1
DA:97,0
DA:98,1
DA:99,1
DA:100,1
DA:103,1
DA:105,0
DA:107,1
DA:108,1
DA:109,1
DA:110,1
DA:111,1
DA:113,1
DA:114,1
DA:116,1
DA:117,1
DA:118,1
DA:122,1
DA:123,1
DA:124,1
DA:125,1
DA:126,1
DA:127,1
DA:130,4
DA:139,0
DA:140,0
DA:141,0
DA:142,0
DA:143,0
DA:144,0
DA:156,0
DA:157,0
DA:158,0
DA:159,0
DA:160,0
DA:162,0
DA:163,0
DA:164,0
DA:165,0
DA:166,0
DA:167,0
DA:169,0
DA:171,0
DA:172,0
DA:173,0
DA:174,0
DA:175,0
DA:176,0
DA:177,0
DA:178,0
DA:180,0
DA:181,0
DA:182,0
DA:183,0
DA:184,0
DA:185,0
DA:186,0
DA:187,0
DA:188,0
DA:190,0
DA:191,0
DA:192,0
DA:193,0
DA:194,0
DA:195,0
DA:196,0
DA:197,0
DA:198,0
DA:199,0
DA:201,0
DA:203,0
DA:204,0
DA:205,0
DA:206,0
DA:207,0
DA:209,0
DA:210,0
DA:211,0
DA:214,0
DA:215,0
DA:216,0
DA:217,0
DA:218,0
DA:237,3
DA:238,3
DA:239,3
DA:240,3
DA:241,3
DA:242,8
DA:243,3
DA:245,3
DA:246,2
DA:248,2
DA:249,2
DA:250,7
DA:251,2
DA:253,2
DA:255,7
DA:256,5
DA:257,5
DA:258,5
DA:259,5
DA:260,5
DA:261,0
DA:263,5
DA:264,10
DA:265,5
DA:266,5
DA:267,5
DA:268,3
DA:269,3
DA:270,0
DA:272,0
DA:275,2
DA:276,1
DA:277,1
DA:278,2
DA:279,1
DA:281,1
DA:282,1
DA:284,1
DA:285,3
DA:287,3
DA:288,3
DA:289,3
DA:290,3
DA:291,3
DA:292,3
DA:293,3
DA:294,8
DA:295,3
DA:296,3
DA:297,3
DA:298,3
DA:299,8
DA:300,3
DA:302,8
DA:303,8
DA:304,0
DA:305,8
DA:306,67
DA:307,67
DA:308,53
DA:309,14
DA:310,14
DA:311,14
DA:312,14
DA:313,14
DA:314,14
DA:315,14
DA:316,14
DA:317,1
DA:321,2
DA:322,3
DA:324,14
DA:325,14
DA:326,14
DA:327,14
DA:328,14
DA:329,14
DA:330,14
DA:331,14
DA:332,14
DA:334,6
DA:335,6
DA:336,6
DA:337,6
DA:338,6
DA:341,8
DA:342,8
DA:343,1
DA:344,7
DA:346,7
DA:347,7
DA:350,14
DA:352,2
DA:353,2
DA:354,2
DA:355,2
DA:356,2
DA:357,2
DA:358,7
DA:359,2
DA:360,2
DA:361,2
DA:362,2
DA:363,7
DA:364,2
DA:366,9
DA:367,14
DA:368,7
DA:369,7
DA:372,2
DA:373,2
DA:375,5
DA:376,5
DA:377,5
DA:378,5
DA:379,5
DA:380,5
DA:381,5
DA:382,5
DA:383,5
DA:384,5
DA:385,5
DA:386,5
DA:387,5
DA:388,5
DA:389,5
DA:390,5
DA:391,5
DA:392,5
DA:393,5
DA:397,5
DA:399,5
DA:400,5
DA:401,5
DA:402,5
DA:403,5
DA:404,5
DA:405,5
DA:406,5
DA:408,5
DA:409,5
DA:410,0
DA:411,3
DA:412,2
DA:414,5
DA:416,4
DA:417,4
DA:418,4
BRF:0
BRH:0
LF:288
LH:220
end_of_record
SF:/home/workdir/openWEPP/crates/openwepp-watershed-orchestrator/src/lib_mod/kernel/diagnostics.rs
FN:17,_RINvMs2W_NtNtNtCsfrHcwpvqclA_31openwepp_watershed_orchestrator7lib_mod6kernel11kernel_coreNtB7_28Ws10ChannelImpoundmentKernel23require_finite_computedNtNtNtCsg8fjuYgP9mL_24openwepp_kernel_contract7lib_mod10core_types14BoundarySymbolEBd_
FN:2,_RINvMs2W_NtNtNtCsfrHcwpvqclA_31openwepp_watershed_orchestrator7lib_mod6kernel11kernel_coreNtB7_28Ws10ChannelImpoundmentKernel29require_non_negative_computedNtNtNtCsg8fjuYgP9mL_24openwepp_kernel_contract7lib_mod10core_types14BoundarySymbolEBd_
FN:2,_RINvMs2W_NtNtNtCsfrHcwpvqclA_31openwepp_watershed_orchestrator7lib_mod6kernel11kernel_coreNtB7_28Ws10ChannelImpoundmentKernel29require_non_negative_computedReEBd_
FN:243,_RNvMs2W_NtNtNtCsfrHcwpvqclA_31openwepp_watershed_orchestrator7lib_mod6kernel11kernel_coreNtB6_28Ws10ChannelImpoundmentKernel28compute_kinematic_wave_state
FN:317,_RNvMs2W_NtNtNtCsfrHcwpvqclA_31openwepp_watershed_orchestrator7lib_mod6kernel11kernel_coreNtB6_28Ws10ChannelImpoundmentKernel29compute_muskingum_cunge_state
FN:163,_RNvMs2W_NtNtNtCsfrHcwpvqclA_31openwepp_watershed_orchestrator7lib_mod6kernel11kernel_coreNtB6_28Ws10ChannelImpoundmentKernel30ws11_solve_depth_for_discharge
FN:431,_RNvMs2W_NtNtNtCsfrHcwpvqclA_31openwepp_watershed_orchestrator7lib_mod6kernel11kernel_coreNtB6_28Ws10ChannelImpoundmentKernel31ws11_dynamic_muskingum_celerity
FN:105,_RNvMs2W_NtNtNtCsfrHcwpvqclA_31openwepp_watershed_orchestrator7lib_mod6kernel11kernel_coreNtB6_28Ws10ChannelImpoundmentKernel32ws11_manning_discharge_for_depth
FN:29,_RNvMs2W_NtNtNtCsfrHcwpvqclA_31openwepp_watershed_orchestrator7lib_mod6kernel11kernel_coreNtB6_28Ws10ChannelImpoundmentKernel34ws11_muskingum_geometry_from_depth
FN:480,_RNvMs2W_NtNtNtCsfrHcwpvqclA_31openwepp_watershed_orchestrator7lib_mod6kernel11kernel_coreNtB6_28Ws10ChannelImpoundmentKernel38compute_variable_muskingum_cunge_state
FNDA:20674,_RINvMs2W_NtNtNtCsfrHcwpvqclA_31openwepp_watershed_orchestrator7lib_mod6kernel11kernel_coreNtB7_28Ws10ChannelImpoundmentKernel23require_finite_computedNtNtNtCsg8fjuYgP9mL_24openwepp_kernel_contract7lib_mod10core_types14BoundarySymbolEBd_
FNDA:19007,_RINvMs2W_NtNtNtCsfrHcwpvqclA_31openwepp_watershed_orchestrator7lib_mod6kernel11kernel_coreNtB7_28Ws10ChannelImpoundmentKernel29require_non_negative_computedNtNtNtCsg8fjuYgP9mL_24openwepp_kernel_contract7lib_mod10core_types14BoundarySymbolEBd_
FNDA:59,_RINvMs2W_NtNtNtCsfrHcwpvqclA_31openwepp_watershed_orchestrator7lib_mod6kernel11kernel_coreNtB7_28Ws10ChannelImpoundmentKernel29require_non_negative_computedReEBd_
FNDA:1,_RNvMs2W_NtNtNtCsfrHcwpvqclA_31openwepp_watershed_orchestrator7lib_mod6kernel11kernel_coreNtB6_28Ws10ChannelImpoundmentKernel28compute_kinematic_wave_state
FNDA:5,_RNvMs2W_NtNtNtCsfrHcwpvqclA_31openwepp_watershed_orchestrator7lib_mod6kernel11kernel_coreNtB6_28Ws10ChannelImpoundmentKernel29compute_muskingum_cunge_state
FNDA:3474,_RNvMs2W_NtNtNtCsfrHcwpvqclA_31openwepp_watershed_orchestrator7lib_mod6kernel11kernel_coreNtB6_28Ws10ChannelImpoundmentKernel30ws11_solve_depth_for_discharge
FNDA:12,_RNvMs2W_NtNtNtCsfrHcwpvqclA_31openwepp_watershed_orchestrator7lib_mod6kernel11kernel_coreNtB6_28Ws10ChannelImpoundmentKernel31ws11_dynamic_muskingum_celerity
FNDA:283061,_RNvMs2W_NtNtNtCsfrHcwpvqclA_31openwepp_watershed_orchestrator7lib_mod6kernel11kernel_coreNtB6_28Ws10ChannelImpoundmentKernel32ws11_manning_discharge_for_depth
FNDA:286542,_RNvMs2W_NtNtNtCsfrHcwpvqclA_31openwepp_watershed_orchestrator7lib_mod6kernel11kernel_coreNtB6_28Ws10ChannelImpoundmentKernel34ws11_muskingum_geometry_from_depth
FNDA:10,_RNvMs2W_NtNtNtCsfrHcwpvqclA_31openwepp_watershed_orchestrator7lib_mod6kernel11kernel_coreNtB6_28Ws10ChannelImpoundmentKernel38compute_variable_muskingum_cunge_state
FNF:9
FNH:9
DA:2,19066
DA:3,19066
DA:4,19066
DA:5,19066
DA:6,19066
DA:7,19066
DA:8,19066
DA:9,6
DA:10,19060
DA:11,19060
DA:12,7
DA:13,19053
DA:14,19053
DA:15,19066
DA:17,20674
DA:18,20674
DA:19,20674
DA:20,20674
DA:21,20674
DA:22,20674
DA:23,20674
DA:24,0
DA:25,20674
DA:26,20674
DA:27,20674
DA:29,286542
DA:30,286542
DA:31,286542
DA:32,286542
DA:33,286542
DA:34,286542
DA:35,286542
DA:36,286542
DA:37,2
DA:38,2
DA:39,2
DA:40,2
DA:41,2
DA:42,286540
DA:43,286540
DA:44,2
DA:45,2
DA:46,2
DA:47,2
DA:48,2
DA:49,286538
DA:50,286538
DA:51,286537
DA:53,1
DA:54,1
DA:55,1
DA:56,1
DA:57,1
DA:58,286537
DA:60,286537
DA:62,2
DA:63,2
DA:64,2
DA:65,2
DA:68,284799
DA:69,284799
DA:70,284799
DA:71,284799
DA:74,1734
DA:75,1734
DA:76,0
DA:77,0
DA:78,0
DA:79,0
DA:80,0
DA:81,1734
DA:82,1734
DA:83,1734
DA:84,1734
DA:85,1734
DA:86,1734
DA:87,1734
DA:88,1734
DA:90,2
DA:91,1
DA:92,1
DA:93,1
DA:94,1
DA:95,1
DA:97,1
DA:98,1
DA:99,1
DA:100,1
DA:101,1
DA:103,286542
DA:105,283061
DA:106,283061
DA:107,283061
DA:108,283061
DA:109,283061
DA:110,283061
DA:111,283061
DA:112,283061
DA:113,283061
DA:114,283061
DA:115,1
DA:116,1
DA:117,1
DA:118,1
DA:119,1
DA:120,283060
DA:121,283060
DA:122,1
DA:123,1
DA:124,1
DA:125,1
DA:126,1
DA:127,283059
DA:129,283059
DA:130,283059
DA:131,283059
DA:132,283059
DA:133,283059
DA:134,283059
DA:135,1
DA:136,283058
DA:137,1
DA:138,1
DA:139,1
DA:140,1
DA:141,1
DA:142,283057
DA:143,283057
DA:144,0
DA:145,0
DA:146,0
DA:147,0
DA:148,0
DA:149,283057
DA:151,283057
DA:152,283057
DA:153,283057
DA:154,0
DA:155,0
DA:156,0
DA:157,0
DA:158,0
DA:159,283057
DA:160,283057
DA:161,283061
DA:163,3474
DA:164,3474
DA:165,3474
DA:166,3474
DA:167,3474
DA:168,3474
DA:169,3474
DA:170,3474
DA:171,3474
DA:172,3474
DA:173,0
DA:174,0
DA:175,0
DA:176,0
DA:177,0
DA:178,3474
DA:180,3474
DA:181,3474
DA:182,3474
DA:183,3474
DA:184,3474
DA:185,3474
DA:186,3474
DA:187,3474
DA:188,3474
DA:189,3474
DA:190,0
DA:191,3474
DA:192,5134
DA:193,1660
DA:194,1660
DA:195,1660
DA:196,1660
DA:197,1660
DA:198,1660
DA:199,1660
DA:200,1660
DA:201,1660
DA:202,0
DA:203,1660
DA:206,3474
DA:207,0
DA:208,0
DA:209,0
DA:210,0
DA:211,0
DA:212,3474
DA:214,281394
DA:215,277920
DA:216,277920
DA:217,277920
DA:218,277920
DA:219,277920
DA:220,277920
DA:221,277920
DA:222,277920
DA:223,277920
DA:224,0
DA:225,277920
DA:226,134212
DA:227,143708
DA:228,143708
DA:229,143708
DA:232,3474
DA:233,0
DA:234,0
DA:235,0
DA:236,0
DA:237,0
DA:238,3474
DA:239,3474
DA:240,3474
DA:243,1
DA:244,1
DA:245,1
DA:246,1
DA:247,1
DA:248,1
DA:249,1
DA:250,1
DA:251,1
DA:252,1
DA:253,1
DA:254,1
DA:255,1
DA:256,1
DA:257,1
DA:258,1
DA:259,0
DA:260,1
DA:261,1
DA:262,1
DA:263,1
DA:264,0
DA:265,1
DA:266,1
DA:267,1
DA:268,1
DA:269,0
DA:271,1
DA:272,1
DA:273,1
DA:274,1
DA:275,0
DA:276,1
DA:277,0
DA:278,0
DA:279,0
DA:280,0
DA:281,0
DA:282,1
DA:284,1
DA:285,1
DA:286,1
DA:287,1
DA:288,0
DA:289,1
DA:290,1
DA:291,1
DA:292,1
DA:293,0
DA:294,1
DA:295,1
DA:296,1
DA:297,1
DA:298,1
DA:299,1
DA:300,1
DA:301,1
DA:302,0
DA:304,1
DA:305,1
DA:306,1
DA:307,1
DA:308,1
DA:309,1
DA:310,1
DA:311,1
DA:312,1
DA:313,1
DA:314,1
DA:317,5
DA:318,5
DA:319,5
DA:320,5
DA:321,5
DA:322,5
DA:323,5
DA:324,5
DA:325,5
DA:326,5
DA:327,5
DA:328,5
DA:329,5
DA:330,5
DA:331,5
DA:332,5
DA:333,5
DA:334,1
DA:335,4
DA:336,4
DA:337,4
DA:338,4
DA:339,1
DA:340,3
DA:341,3
DA:342,3
DA:343,3
DA:344,1
DA:345,2
DA:346,2
DA:347,2
DA:348,2
DA:349,0
DA:351,2
DA:352,2
DA:353,2
DA:354,2
DA:355,0
DA:356,2
DA:357,0
DA:358,0
DA:359,0
DA:360,0
DA:361,0
DA:362,2
DA:364,2
DA:365,2
DA:366,2
DA:367,2
DA:368,0
DA:369,2
DA:370,0
DA:371,0
DA:372,0
DA:373,0
DA:374,0
DA:375,2
DA:377,2
DA:378,2
DA:379,2
DA:380,2
DA:381,0
DA:382,2
DA:383,0
DA:384,0
DA:385,0
DA:386,0
DA:387,0
DA:388,2
DA:390,2
DA:391,2
DA:392,2
DA:393,2
DA:394,0
DA:395,2
DA:396,2
DA:397,2
DA:398,2
DA:399,0
DA:400,2
DA:401,2
DA:402,2
DA:403,2
DA:404,0
DA:405,2
DA:406,2
DA:407,2
DA:408,2
DA:409,2
DA:410,2
DA:411,0
DA:412,2
DA:413,2
DA:414,2
DA:415,2
DA:416,0
DA:418,2
DA:419,2
DA:420,2
DA:421,2
DA:422,2
DA:423,2
DA:424,2
DA:425,2
DA:426,2
DA:427,2
DA:428,5
DA:431,12
DA:432,12
DA:433,12
DA:434,12
DA:435,12
DA:436,12
DA:437,12
DA:438,12
DA:439,12
DA:440,12
DA:441,12
DA:442,1
DA:443,1
DA:444,1
DA:445,1
DA:446,0
DA:447,9
DA:448,9
DA:449,9
DA:450,9
DA:451,9
DA:452,0
DA:454,1
DA:455,1
DA:456,1
DA:457,1
DA:458,1
DA:459,0
DA:462,1
DA:463,1
DA:464,1
DA:465,1
DA:466,1
DA:469,11
DA:470,1
DA:471,1
DA:472,1
DA:473,1
DA:474,1
DA:475,10
DA:476,10
DA:477,12
DA:480,10
DA:481,10
DA:482,10
DA:483,10
DA:484,10
DA:485,10
DA:486,10
DA:487,10
DA:488,10
DA:489,10
DA:490,10
DA:491,10
DA:492,10
DA:493,10
DA:494,10
DA:495,10
DA:496,10
DA:497,10
DA:498,10
DA:499,2
DA:500,8
DA:501,8
DA:502,8
DA:503,8
DA:504,1
DA:505,7
DA:506,7
DA:507,7
DA:508,7
DA:509,1
DA:510,6
DA:511,6
DA:512,6
DA:513,6
DA:514,0
DA:515,6
DA:516,6
DA:517,6
DA:518,6
DA:519,0
DA:520,6
DA:521,1
DA:522,1
DA:523,1
DA:524,1
DA:525,1
DA:526,5
DA:528,5
DA:529,5
DA:530,5
DA:531,5
DA:532,0
DA:533,5
DA:534,0
DA:535,5
DA:537,5
DA:538,5
DA:539,5
DA:540,5
DA:541,5
DA:542,5
DA:543,5
DA:544,5
DA:545,0
DA:546,5
DA:547,5
DA:548,5
DA:549,5
DA:550,5
DA:551,5
DA:552,0
DA:554,5
DA:555,5
DA:556,5
DA:557,5
DA:558,5
DA:559,5
DA:560,5
DA:561,5
DA:562,5
DA:563,0
DA:565,5
DA:566,5
DA:567,5
DA:568,5
DA:569,0
DA:570,5
DA:571,5
DA:572,5
DA:573,5
DA:574,0
DA:575,5
DA:576,0
DA:577,0
DA:578,0
DA:579,0
DA:580,0
DA:581,5
DA:583,5
DA:584,5
DA:585,5
DA:586,5
DA:587,0
DA:588,5
DA:589,1
DA:590,1
DA:591,1
DA:592,1
DA:593,1
DA:594,4
DA:596,4
DA:597,4
DA:598,4
DA:599,4
DA:600,0
DA:601,4
DA:602,0
DA:603,0
DA:604,0
DA:605,0
DA:606,0
DA:607,4
DA:609,4
DA:610,4
DA:611,4
DA:612,4
DA:613,0
DA:614,4
DA:615,4
DA:616,4
DA:617,4
DA:618,0
DA:619,4
DA:620,4
DA:621,4
DA:622,4
DA:623,0
DA:624,4
DA:625,4
DA:626,4
DA:627,4
DA:628,4
DA:629,4
DA:630,0
DA:631,4
DA:632,4
DA:633,4
DA:634,4
DA:635,0
DA:637,4
DA:638,4
DA:639,4
DA:640,4
DA:641,4
DA:642,4
DA:643,4
DA:644,4
DA:645,4
DA:646,4
DA:647,10
BRF:0
BRH:0
LF:595
LH:496
end_of_record
SF:/home/workdir/openWEPP/crates/openwepp-watershed-orchestrator/src/lib_mod/kernel/direct.rs
FN:692,_RNCNvMs30_NtNtNtCsfrHcwpvqclA_31openwepp_watershed_orchestrator7lib_mod6kernel11kernel_coreNtB8_28Ws10ChannelImpoundmentKernel31read_direct_impoundment_context0Be_
FN:138,_RNvMs30_NtNtNtCsfrHcwpvqclA_31openwepp_watershed_orchestrator7lib_mod6kernel11kernel_coreNtB6_28Ws10ChannelImpoundmentKernel25run_direct_watershed_node
FN:663,_RNvMs30_NtNtNtCsfrHcwpvqclA_31openwepp_watershed_orchestrator7lib_mod6kernel11kernel_coreNtB6_28Ws10ChannelImpoundmentKernel27run_direct_impoundment_node
FN:683,_RNvMs30_NtNtNtCsfrHcwpvqclA_31openwepp_watershed_orchestrator7lib_mod6kernel11kernel_coreNtB6_28Ws10ChannelImpoundmentKernel31read_direct_impoundment_context
FN:1152,_RNvMs30_NtNtNtCsfrHcwpvqclA_31openwepp_watershed_orchestrator7lib_mod6kernel11kernel_coreNtB6_28Ws10ChannelImpoundmentKernel42assemble_direct_incoming_peak_and_duration
FN:1333,_RNCNCNvMs30_NtNtNtCsfrHcwpvqclA_31openwepp_watershed_orchestrator7lib_mod6kernel11kernel_coreNtBa_28Ws10ChannelImpoundmentKernel26hourly_pair_carried_by_all00Bg_
FN:2234,_RNCNvMs30_NtNtNtCsfrHcwpvqclA_31openwepp_watershed_orchestrator7lib_mod6kernel11kernel_coreNtB8_28Ws10ChannelImpoundmentKernel18direct_ws20_crfrac0Be_
FN:1276,_RNCNvMs30_NtNtNtCsfrHcwpvqclA_31openwepp_watershed_orchestrator7lib_mod6kernel11kernel_coreNtB8_28Ws10ChannelImpoundmentKernel19contributor_area_ha0Be_
FN:622,_RNCNvMs30_NtNtNtCsfrHcwpvqclA_31openwepp_watershed_orchestrator7lib_mod6kernel11kernel_coreNtB8_28Ws10ChannelImpoundmentKernel21direct_channel_output0Be_
FN:1401,_RNCNvMs30_NtNtNtCsfrHcwpvqclA_31openwepp_watershed_orchestrator7lib_mod6kernel11kernel_coreNtB8_28Ws10ChannelImpoundmentKernel22superposed_hourly_limb0Be_
FN:1332,_RNCNvMs30_NtNtNtCsfrHcwpvqclA_31openwepp_watershed_orchestrator7lib_mod6kernel11kernel_coreNtB8_28Ws10ChannelImpoundmentKernel26hourly_pair_carried_by_all0Be_
FN:399,_RNCNvMs30_NtNtNtCsfrHcwpvqclA_31openwepp_watershed_orchestrator7lib_mod6kernel11kernel_coreNtB8_28Ws10ChannelImpoundmentKernel27compute_direct_channel_peak0Be_
FN:215,_RNCNvMs30_NtNtNtCsfrHcwpvqclA_31openwepp_watershed_orchestrator7lib_mod6kernel11kernel_coreNtB8_28Ws10ChannelImpoundmentKernel27read_direct_channel_context0Be_
FN:246,_RNCNvMs30_NtNtNtCsfrHcwpvqclA_31openwepp_watershed_orchestrator7lib_mod6kernel11kernel_coreNtB8_28Ws10ChannelImpoundmentKernel27read_direct_channel_contexts_0Be_
FN:1302,_RNCNvMs30_NtNtNtCsfrHcwpvqclA_31openwepp_watershed_orchestrator7lib_mod6kernel11kernel_coreNtB8_28Ws10ChannelImpoundmentKernel30dependency_channel_baseflow_m30Be_
FN:1241,_RNCNvMs30_NtNtNtCsfrHcwpvqclA_31openwepp_watershed_orchestrator7lib_mod6kernel11kernel_coreNtB8_28Ws10ChannelImpoundmentKernel31generated_groundwater_from_step0Be_
FN:1013,_RNCNvMs30_NtNtNtCsfrHcwpvqclA_31openwepp_watershed_orchestrator7lib_mod6kernel11kernel_coreNtB8_28Ws10ChannelImpoundmentKernel33accumulate_direct_hillslope_runon0Be_
FN:1352,_RNCNvMs30_NtNtNtCsfrHcwpvqclA_31openwepp_watershed_orchestrator7lib_mod6kernel11kernel_coreNtB8_28Ws10ChannelImpoundmentKernel33direct_hillslope_hourly_authority0Be_
FN:1318,_RNCNvMs30_NtNtNtCsfrHcwpvqclA_31openwepp_watershed_orchestrator7lib_mod6kernel11kernel_coreNtB8_28Ws10ChannelImpoundmentKernel34dependency_channel_deep_seepage_m30Be_
FN:1972,_RNCNvMs30_NtNtNtCsfrHcwpvqclA_31openwepp_watershed_orchestrator7lib_mod6kernel11kernel_coreNtB8_28Ws10ChannelImpoundmentKernel34direct_sediment_transport_capacity0Be_
FN:2000,_RNCNvMs30_NtNtNtCsfrHcwpvqclA_31openwepp_watershed_orchestrator7lib_mod6kernel11kernel_coreNtB8_28Ws10ChannelImpoundmentKernel35direct_terminal_sediment_hydraulics0Be_
FN:1531,_RNCNvMs30_NtNtNtCsfrHcwpvqclA_31openwepp_watershed_orchestrator7lib_mod6kernel11kernel_coreNtB8_28Ws10ChannelImpoundmentKernel35read_direct_dependency_peak_payload0Be_
FN:1552,_RNCNvMs30_NtNtNtCsfrHcwpvqclA_31openwepp_watershed_orchestrator7lib_mod6kernel11kernel_coreNtB8_28Ws10ChannelImpoundmentKernel35read_direct_dependency_peak_payloads_0Be_
FN:1728,_RNCNvMs30_NtNtNtCsfrHcwpvqclA_31openwepp_watershed_orchestrator7lib_mod6kernel11kernel_coreNtB8_28Ws10ChannelImpoundmentKernel36accumulate_direct_hillslope_sediment0Be_
FN:2258,_RNCNvMs30_NtNtNtCsfrHcwpvqclA_31openwepp_watershed_orchestrator7lib_mod6kernel11kernel_coreNtB8_28Ws10ChannelImpoundmentKernel36direct_ws12_impoundment_coefficients0Be_
FN:2263,_RNCNvMs30_NtNtNtCsfrHcwpvqclA_31openwepp_watershed_orchestrator7lib_mod6kernel11kernel_coreNtB8_28Ws10ChannelImpoundmentKernel36direct_ws12_impoundment_coefficientss0_0Be_
FN:2300,_RNCNvMs30_NtNtNtCsfrHcwpvqclA_31openwepp_watershed_orchestrator7lib_mod6kernel11kernel_coreNtB8_28Ws10ChannelImpoundmentKernel36direct_ws12_impoundment_coefficientss1_0Be_
FN:2301,_RNCNvMs30_NtNtNtCsfrHcwpvqclA_31openwepp_watershed_orchestrator7lib_mod6kernel11kernel_coreNtB8_28Ws10ChannelImpoundmentKernel36direct_ws12_impoundment_coefficientss2_0Be_
FN:2302,_RNCNvMs30_NtNtNtCsfrHcwpvqclA_31openwepp_watershed_orchestrator7lib_mod6kernel11kernel_coreNtB8_28Ws10ChannelImpoundmentKernel36direct_ws12_impoundment_coefficientss3_0Be_
FN:2261,_RNCNvMs30_NtNtNtCsfrHcwpvqclA_31openwepp_watershed_orchestrator7lib_mod6kernel11kernel_coreNtB8_28Ws10ChannelImpoundmentKernel36direct_ws12_impoundment_coefficientss_0Be_
FN:1750,_RNCNvMs30_NtNtNtCsfrHcwpvqclA_31openwepp_watershed_orchestrator7lib_mod6kernel11kernel_coreNtB8_28Ws10ChannelImpoundmentKernel37accumulate_direct_dependency_sediment0Be_
FN:1756,_RNCNvMs30_NtNtNtCsfrHcwpvqclA_31openwepp_watershed_orchestrator7lib_mod6kernel11kernel_coreNtB8_28Ws10ChannelImpoundmentKernel37accumulate_direct_dependency_sediments_0Be_
FN:85,_RNvMs2Z_NtNtNtCsfrHcwpvqclA_31openwepp_watershed_orchestrator7lib_mod6kernel11kernel_coreNtB6_19Ws19SedimentIngress18fraction_sum_label
FN:163,_RNvMs30_NtNtNtCsfrHcwpvqclA_31openwepp_watershed_orchestrator7lib_mod6kernel11kernel_coreNtB6_28Ws10ChannelImpoundmentKernel16direct_ok_status
FN:2225,_RNvMs30_NtNtNtCsfrHcwpvqclA_31openwepp_watershed_orchestrator7lib_mod6kernel11kernel_coreNtB6_28Ws10ChannelImpoundmentKernel18direct_ws20_crfrac
FN:1266,_RNvMs30_NtNtNtCsfrHcwpvqclA_31openwepp_watershed_orchestrator7lib_mod6kernel11kernel_coreNtB6_28Ws10ChannelImpoundmentKernel19contributor_area_ha
FN:837,_RNvMs30_NtNtNtCsfrHcwpvqclA_31openwepp_watershed_orchestrator7lib_mod6kernel11kernel_coreNtB6_28Ws10ChannelImpoundmentKernel19direct_ipeak_branch
FN:814,_RNvMs30_NtNtNtCsfrHcwpvqclA_31openwepp_watershed_orchestrator7lib_mod6kernel11kernel_coreNtB6_28Ws10ChannelImpoundmentKernel20direct_require_range
FN:614,_RNvMs30_NtNtNtCsfrHcwpvqclA_31openwepp_watershed_orchestrator7lib_mod6kernel11kernel_coreNtB6_28Ws10ChannelImpoundmentKernel21direct_channel_output
FN:1385,_RNvMs30_NtNtNtCsfrHcwpvqclA_31openwepp_watershed_orchestrator7lib_mod6kernel11kernel_coreNtB6_28Ws10ChannelImpoundmentKernel22superposed_hourly_limb
FN:174,_RNvMs30_NtNtNtCsfrHcwpvqclA_31openwepp_watershed_orchestrator7lib_mod6kernel11kernel_coreNtB6_28Ws10ChannelImpoundmentKernel23run_direct_channel_node
FN:801,_RNvMs30_NtNtNtCsfrHcwpvqclA_31openwepp_watershed_orchestrator7lib_mod6kernel11kernel_coreNtB6_28Ws10ChannelImpoundmentKernel25direct_impoundment_output
FN:2306,_RNvMs30_NtNtNtCsfrHcwpvqclA_31openwepp_watershed_orchestrator7lib_mod6kernel11kernel_coreNtB6_28Ws10ChannelImpoundmentKernel25runtime_input_guard_error
FN:932,_RNvMs30_NtNtNtCsfrHcwpvqclA_31openwepp_watershed_orchestrator7lib_mod6kernel11kernel_coreNtB6_28Ws10ChannelImpoundmentKernel26direct_ws11_channel_length
FN:1327,_RNvMs30_NtNtNtCsfrHcwpvqclA_31openwepp_watershed_orchestrator7lib_mod6kernel11kernel_coreNtB6_28Ws10ChannelImpoundmentKernel26hourly_pair_carried_by_all
FN:389,_RNvMs30_NtNtNtCsfrHcwpvqclA_31openwepp_watershed_orchestrator7lib_mod6kernel11kernel_coreNtB6_28Ws10ChannelImpoundmentKernel27compute_direct_channel_peak
FN:1102,_RNvMs30_NtNtNtCsfrHcwpvqclA_31openwepp_watershed_orchestrator7lib_mod6kernel11kernel_coreNtB6_28Ws10ChannelImpoundmentKernel27direct_checked_runon_volume
FN:2062,_RNvMs30_NtNtNtCsfrHcwpvqclA_31openwepp_watershed_orchestrator7lib_mod6kernel11kernel_coreNtB6_28Ws10ChannelImpoundmentKernel27direct_sediment_publication
FN:2177,_RNvMs30_NtNtNtCsfrHcwpvqclA_31openwepp_watershed_orchestrator7lib_mod6kernel11kernel_coreNtB6_28Ws10ChannelImpoundmentKernel27direct_ws20_channel_profile
FN:205,_RNvMs30_NtNtNtCsfrHcwpvqclA_31openwepp_watershed_orchestrator7lib_mod6kernel11kernel_coreNtB6_28Ws10ChannelImpoundmentKernel27read_direct_channel_context
FN:316,_RNvMs30_NtNtNtCsfrHcwpvqclA_31openwepp_watershed_orchestrator7lib_mod6kernel11kernel_coreNtB6_28Ws10ChannelImpoundmentKernel28compute_direct_channel_runon
FN:975,_RNvMs30_NtNtNtCsfrHcwpvqclA_31openwepp_watershed_orchestrator7lib_mod6kernel11kernel_coreNtB6_28Ws10ChannelImpoundmentKernel28direct_hourly_resolved_runon
FN:580,_RNvMs30_NtNtNtCsfrHcwpvqclA_31openwepp_watershed_orchestrator7lib_mod6kernel11kernel_coreNtB6_28Ws10ChannelImpoundmentKernel29compute_direct_channel_runoff
FN:1292,_RNvMs30_NtNtNtCsfrHcwpvqclA_31openwepp_watershed_orchestrator7lib_mod6kernel11kernel_coreNtB6_28Ws10ChannelImpoundmentKernel30dependency_channel_baseflow_m3
FN:1769,_RNvMs30_NtNtNtCsfrHcwpvqclA_31openwepp_watershed_orchestrator7lib_mod6kernel11kernel_coreNtB6_28Ws10ChannelImpoundmentKernel30direct_active_sediment_classes
FN:1878,_RNvMs30_NtNtNtCsfrHcwpvqclA_31openwepp_watershed_orchestrator7lib_mod6kernel11kernel_coreNtB6_28Ws10ChannelImpoundmentKernel31direct_sediment_rate_duration_s
FN:1230,_RNvMs30_NtNtNtCsfrHcwpvqclA_31openwepp_watershed_orchestrator7lib_mod6kernel11kernel_coreNtB6_28Ws10ChannelImpoundmentKernel31generated_groundwater_from_step
FN:1165,_RNvMs30_NtNtNtCsfrHcwpvqclA_31openwepp_watershed_orchestrator7lib_mod6kernel11kernel_coreNtB6_28Ws10ChannelImpoundmentKernel32assemble_direct_channel_baseflow
FN:746,_RNvMs30_NtNtNtCsfrHcwpvqclA_31openwepp_watershed_orchestrator7lib_mod6kernel11kernel_coreNtB6_28Ws10ChannelImpoundmentKernel32route_direct_impoundment_outflow
FN:999,_RNvMs30_NtNtNtCsfrHcwpvqclA_31openwepp_watershed_orchestrator7lib_mod6kernel11kernel_coreNtB6_28Ws10ChannelImpoundmentKernel33accumulate_direct_hillslope_runon
FN:265,_RNvMs30_NtNtNtCsfrHcwpvqclA_31openwepp_watershed_orchestrator7lib_mod6kernel11kernel_coreNtB6_28Ws10ChannelImpoundmentKernel33assemble_direct_channel_hydrology
FN:1340,_RNvMs30_NtNtNtCsfrHcwpvqclA_31openwepp_watershed_orchestrator7lib_mod6kernel11kernel_coreNtB6_28Ws10ChannelImpoundmentKernel33direct_hillslope_hourly_authority
FN:1081,_RNvMs30_NtNtNtCsfrHcwpvqclA_31openwepp_watershed_orchestrator7lib_mod6kernel11kernel_coreNtB6_28Ws10ChannelImpoundmentKernel34accumulate_direct_dependency_runon
FN:448,_RNvMs30_NtNtNtCsfrHcwpvqclA_31openwepp_watershed_orchestrator7lib_mod6kernel11kernel_coreNtB6_28Ws10ChannelImpoundmentKernel34compute_direct_channel_creams_peak
FN:1308,_RNvMs30_NtNtNtCsfrHcwpvqclA_31openwepp_watershed_orchestrator7lib_mod6kernel11kernel_coreNtB6_28Ws10ChannelImpoundmentKernel34dependency_channel_deep_seepage_m3
FN:1935,_RNvMs30_NtNtNtCsfrHcwpvqclA_31openwepp_watershed_orchestrator7lib_mod6kernel11kernel_coreNtB6_28Ws10ChannelImpoundmentKernel34direct_sediment_transport_capacity
FN:1412,_RNvMs30_NtNtNtCsfrHcwpvqclA_31openwepp_watershed_orchestrator7lib_mod6kernel11kernel_coreNtB6_28Ws10ChannelImpoundmentKernel34read_direct_hillslope_peak_payload
FN:1993,_RNvMs30_NtNtNtCsfrHcwpvqclA_31openwepp_watershed_orchestrator7lib_mod6kernel11kernel_coreNtB6_28Ws10ChannelImpoundmentKernel35direct_terminal_sediment_hydraulics
FN:1521,_RNvMs30_NtNtNtCsfrHcwpvqclA_31openwepp_watershed_orchestrator7lib_mod6kernel11kernel_coreNtB6_28Ws10ChannelImpoundmentKernel35read_direct_dependency_peak_payload
FN:1718,_RNvMs30_NtNtNtCsfrHcwpvqclA_31openwepp_watershed_orchestrator7lib_mod6kernel11kernel_coreNtB6_28Ws10ChannelImpoundmentKernel36accumulate_direct_hillslope_sediment
FN:434,_RNvMs30_NtNtNtCsfrHcwpvqclA_31openwepp_watershed_orchestrator7lib_mod6kernel11kernel_coreNtB6_28Ws10ChannelImpoundmentKernel36compute_direct_channel_rational_peak
FN:2253,_RNvMs30_NtNtNtCsfrHcwpvqclA_31openwepp_watershed_orchestrator7lib_mod6kernel11kernel_coreNtB6_28Ws10ChannelImpoundmentKernel36direct_ws12_impoundment_coefficients
FN:1577,_RNvMs30_NtNtNtCsfrHcwpvqclA_31openwepp_watershed_orchestrator7lib_mod6kernel11kernel_coreNtB6_28Ws10ChannelImpoundmentKernel36read_direct_channel_sediment_payload
FN:1740,_RNvMs30_NtNtNtCsfrHcwpvqclA_31openwepp_watershed_orchestrator7lib_mod6kernel11kernel_coreNtB6_28Ws10ChannelImpoundmentKernel37accumulate_direct_dependency_sediment
FN:484,_RNvMs30_NtNtNtCsfrHcwpvqclA_31openwepp_watershed_orchestrator7lib_mod6kernel11kernel_coreNtB6_28Ws10ChannelImpoundmentKernel37compute_direct_channel_kinematic_peak
FN:514,_RNvMs30_NtNtNtCsfrHcwpvqclA_31openwepp_watershed_orchestrator7lib_mod6kernel11kernel_coreNtB6_28Ws10ChannelImpoundmentKernel37compute_direct_channel_muskingum_peak
FN:1900,_RNvMs30_NtNtNtCsfrHcwpvqclA_31openwepp_watershed_orchestrator7lib_mod6kernel11kernel_coreNtB6_28Ws10ChannelImpoundmentKernel37direct_sediment_publication_particles
FN:1820,_RNvMs30_NtNtNtCsfrHcwpvqclA_31openwepp_watershed_orchestrator7lib_mod6kernel11kernel_coreNtB6_28Ws10ChannelImpoundmentKernel37route_direct_ws20_sediment_if_enabled
FN:1118,_RNvMs30_NtNtNtCsfrHcwpvqclA_31openwepp_watershed_orchestrator7lib_mod6kernel11kernel_coreNtB6_28Ws10ChannelImpoundmentKernel37validate_direct_incoming_runon_totals
FN:716,_RNvMs30_NtNtNtCsfrHcwpvqclA_31openwepp_watershed_orchestrator7lib_mod6kernel11kernel_coreNtB6_28Ws10ChannelImpoundmentKernel38direct_impoundment_integration_horizon
FN:1424,_RNvMs30_NtNtNtCsfrHcwpvqclA_31openwepp_watershed_orchestrator7lib_mod6kernel11kernel_coreNtB6_28Ws10ChannelImpoundmentKernel38read_direct_hillslope_sediment_payload
FN:953,_RNvMs30_NtNtNtCsfrHcwpvqclA_31openwepp_watershed_orchestrator7lib_mod6kernel11kernel_coreNtB6_28Ws10ChannelImpoundmentKernel39assemble_direct_incoming_peak_partition
FN:1645,_RNvMs30_NtNtNtCsfrHcwpvqclA_31openwepp_watershed_orchestrator7lib_mod6kernel11kernel_coreNtB6_28Ws10ChannelImpoundmentKernel39validate_direct_sediment_routing_inputs
FN:1046,_RNvMs30_NtNtNtCsfrHcwpvqclA_31openwepp_watershed_orchestrator7lib_mod6kernel11kernel_coreNtB6_28Ws10ChannelImpoundmentKernel40accumulate_direct_hillslope_hourly_runon
FN:1668,_RNvMs30_NtNtNtCsfrHcwpvqclA_31openwepp_watershed_orchestrator7lib_mod6kernel11kernel_coreNtB6_28Ws10ChannelImpoundmentKernel42add_direct_sediment_payload_to_accumulator
FN:859,_RNvMs30_NtNtNtCsfrHcwpvqclA_31openwepp_watershed_orchestrator7lib_mod6kernel11kernel_coreNtB6_28Ws10ChannelImpoundmentKernel42read_direct_ws15_channel_sediment_controls
FN:888,_RNvMs30_NtNtNtCsfrHcwpvqclA_31openwepp_watershed_orchestrator7lib_mod6kernel11kernel_coreNtB6_28Ws10ChannelImpoundmentKernel44require_direct_ws17_channel_segment_scaffold
FN:546,_RNvMs30_NtNtNtCsfrHcwpvqclA_31openwepp_watershed_orchestrator7lib_mod6kernel11kernel_coreNtB6_28Ws10ChannelImpoundmentKernel46compute_direct_channel_variable_muskingum_peak
FN:2090,_RNvMs30_NtNtNtCsfrHcwpvqclA_31openwepp_watershed_orchestrator7lib_mod6kernel11kernel_coreNtB6_28Ws10ChannelImpoundmentKernel51assemble_direct_incoming_sediment_load_and_capacity
FNDA:0,_RNCNvMs30_NtNtNtCsfrHcwpvqclA_31openwepp_watershed_orchestrator7lib_mod6kernel11kernel_coreNtB8_28Ws10ChannelImpoundmentKernel31read_direct_impoundment_context0Be_
FNDA:0,_RNvMs30_NtNtNtCsfrHcwpvqclA_31openwepp_watershed_orchestrator7lib_mod6kernel11kernel_coreNtB6_28Ws10ChannelImpoundmentKernel25run_direct_watershed_node
FNDA:0,_RNvMs30_NtNtNtCsfrHcwpvqclA_31openwepp_watershed_orchestrator7lib_mod6kernel11kernel_coreNtB6_28Ws10ChannelImpoundmentKernel27run_direct_impoundment_node
FNDA:0,_RNvMs30_NtNtNtCsfrHcwpvqclA_31openwepp_watershed_orchestrator7lib_mod6kernel11kernel_coreNtB6_28Ws10ChannelImpoundmentKernel31read_direct_impoundment_context
FNDA:0,_RNvMs30_NtNtNtCsfrHcwpvqclA_31openwepp_watershed_orchestrator7lib_mod6kernel11kernel_coreNtB6_28Ws10ChannelImpoundmentKernel42assemble_direct_incoming_peak_and_duration
FNDA:3,_RNCNCNvMs30_NtNtNtCsfrHcwpvqclA_31openwepp_watershed_orchestrator7lib_mod6kernel11kernel_coreNtBa_28Ws10ChannelImpoundmentKernel26hourly_pair_carried_by_all00Bg_
FNDA:49,_RNCNvMs30_NtNtNtCsfrHcwpvqclA_31openwepp_watershed_orchestrator7lib_mod6kernel11kernel_coreNtB8_28Ws10ChannelImpoundmentKernel18direct_ws20_crfrac0Be_
FNDA:0,_RNCNvMs30_NtNtNtCsfrHcwpvqclA_31openwepp_watershed_orchestrator7lib_mod6kernel11kernel_coreNtB8_28Ws10ChannelImpoundmentKernel19contributor_area_ha0Be_
FNDA:0,_RNCNvMs30_NtNtNtCsfrHcwpvqclA_31openwepp_watershed_orchestrator7lib_mod6kernel11kernel_coreNtB8_28Ws10ChannelImpoundmentKernel21direct_channel_output0Be_
FNDA:144,_RNCNvMs30_NtNtNtCsfrHcwpvqclA_31openwepp_watershed_orchestrator7lib_mod6kernel11kernel_coreNtB8_28Ws10ChannelImpoundmentKernel22superposed_hourly_limb0Be_
FNDA:3,_RNCNvMs30_NtNtNtCsfrHcwpvqclA_31openwepp_watershed_orchestrator7lib_mod6kernel11kernel_coreNtB8_28Ws10ChannelImpoundmentKernel26hourly_pair_carried_by_all0Be_
FNDA:0,_RNCNvMs30_NtNtNtCsfrHcwpvqclA_31openwepp_watershed_orchestrator7lib_mod6kernel11kernel_coreNtB8_28Ws10ChannelImpoundmentKernel27compute_direct_channel_peak0Be_
FNDA:0,_RNCNvMs30_NtNtNtCsfrHcwpvqclA_31openwepp_watershed_orchestrator7lib_mod6kernel11kernel_coreNtB8_28Ws10ChannelImpoundmentKernel27read_direct_channel_context0Be_
FNDA:0,_RNCNvMs30_NtNtNtCsfrHcwpvqclA_31openwepp_watershed_orchestrator7lib_mod6kernel11kernel_coreNtB8_28Ws10ChannelImpoundmentKernel27read_direct_channel_contexts_0Be_
FNDA:1,_RNCNvMs30_NtNtNtCsfrHcwpvqclA_31openwepp_watershed_orchestrator7lib_mod6kernel11kernel_coreNtB8_28Ws10ChannelImpoundmentKernel30dependency_channel_baseflow_m30Be_
FNDA:1,_RNCNvMs30_NtNtNtCsfrHcwpvqclA_31openwepp_watershed_orchestrator7lib_mod6kernel11kernel_coreNtB8_28Ws10ChannelImpoundmentKernel31generated_groundwater_from_step0Be_
FNDA:0,_RNCNvMs30_NtNtNtCsfrHcwpvqclA_31openwepp_watershed_orchestrator7lib_mod6kernel11kernel_coreNtB8_28Ws10ChannelImpoundmentKernel33accumulate_direct_hillslope_runon0Be_
FNDA:0,_RNCNvMs30_NtNtNtCsfrHcwpvqclA_31openwepp_watershed_orchestrator7lib_mod6kernel11kernel_coreNtB8_28Ws10ChannelImpoundmentKernel33direct_hillslope_hourly_authority0Be_
FNDA:0,_RNCNvMs30_NtNtNtCsfrHcwpvqclA_31openwepp_watershed_orchestrator7lib_mod6kernel11kernel_coreNtB8_28Ws10ChannelImpoundmentKernel34dependency_channel_deep_seepage_m30Be_
FNDA:1,_RNCNvMs30_NtNtNtCsfrHcwpvqclA_31openwepp_watershed_orchestrator7lib_mod6kernel11kernel_coreNtB8_28Ws10ChannelImpoundmentKernel34direct_sediment_transport_capacity0Be_
FNDA:1,_RNCNvMs30_NtNtNtCsfrHcwpvqclA_31openwepp_watershed_orchestrator7lib_mod6kernel11kernel_coreNtB8_28Ws10ChannelImpoundmentKernel35direct_terminal_sediment_hydraulics0Be_
FNDA:1,_RNCNvMs30_NtNtNtCsfrHcwpvqclA_31openwepp_watershed_orchestrator7lib_mod6kernel11kernel_coreNtB8_28Ws10ChannelImpoundmentKernel35read_direct_dependency_peak_payload0Be_
FNDA:1,_RNCNvMs30_NtNtNtCsfrHcwpvqclA_31openwepp_watershed_orchestrator7lib_mod6kernel11kernel_coreNtB8_28Ws10ChannelImpoundmentKernel35read_direct_dependency_peak_payloads_0Be_
FNDA:0,_RNCNvMs30_NtNtNtCsfrHcwpvqclA_31openwepp_watershed_orchestrator7lib_mod6kernel11kernel_coreNtB8_28Ws10ChannelImpoundmentKernel36accumulate_direct_hillslope_sediment0Be_
FNDA:0,_RNCNvMs30_NtNtNtCsfrHcwpvqclA_31openwepp_watershed_orchestrator7lib_mod6kernel11kernel_coreNtB8_28Ws10ChannelImpoundmentKernel36direct_ws12_impoundment_coefficients0Be_
FNDA:0,_RNCNvMs30_NtNtNtCsfrHcwpvqclA_31openwepp_watershed_orchestrator7lib_mod6kernel11kernel_coreNtB8_28Ws10ChannelImpoundmentKernel36direct_ws12_impoundment_coefficientss0_0Be_
FNDA:0,_RNCNvMs30_NtNtNtCsfrHcwpvqclA_31openwepp_watershed_orchestrator7lib_mod6kernel11kernel_coreNtB8_28Ws10ChannelImpoundmentKernel36direct_ws12_impoundment_coefficientss1_0Be_
FNDA:0,_RNCNvMs30_NtNtNtCsfrHcwpvqclA_31openwepp_watershed_orchestrator7lib_mod6kernel11kernel_coreNtB8_28Ws10ChannelImpoundmentKernel36direct_ws12_impoundment_coefficientss2_0Be_
FNDA:0,_RNCNvMs30_NtNtNtCsfrHcwpvqclA_31openwepp_watershed_orchestrator7lib_mod6kernel11kernel_coreNtB8_28Ws10ChannelImpoundmentKernel36direct_ws12_impoundment_coefficientss3_0Be_
FNDA:0,_RNCNvMs30_NtNtNtCsfrHcwpvqclA_31openwepp_watershed_orchestrator7lib_mod6kernel11kernel_coreNtB8_28Ws10ChannelImpoundmentKernel36direct_ws12_impoundment_coefficientss_0Be_
FNDA:3,_RNCNvMs30_NtNtNtCsfrHcwpvqclA_31openwepp_watershed_orchestrator7lib_mod6kernel11kernel_coreNtB8_28Ws10ChannelImpoundmentKernel37accumulate_direct_dependency_sediment0Be_
FNDA:1,_RNCNvMs30_NtNtNtCsfrHcwpvqclA_31openwepp_watershed_orchestrator7lib_mod6kernel11kernel_coreNtB8_28Ws10ChannelImpoundmentKernel37accumulate_direct_dependency_sediments_0Be_
FNDA:1,_RNvMs2Z_NtNtNtCsfrHcwpvqclA_31openwepp_watershed_orchestrator7lib_mod6kernel11kernel_coreNtB6_19Ws19SedimentIngress18fraction_sum_label
FNDA:33,_RNvMs30_NtNtNtCsfrHcwpvqclA_31openwepp_watershed_orchestrator7lib_mod6kernel11kernel_coreNtB6_28Ws10ChannelImpoundmentKernel16direct_ok_status
FNDA:25,_RNvMs30_NtNtNtCsfrHcwpvqclA_31openwepp_watershed_orchestrator7lib_mod6kernel11kernel_coreNtB6_28Ws10ChannelImpoundmentKernel18direct_ws20_crfrac
FNDA:7,_RNvMs30_NtNtNtCsfrHcwpvqclA_31openwepp_watershed_orchestrator7lib_mod6kernel11kernel_coreNtB6_28Ws10ChannelImpoundmentKernel19contributor_area_ha
FNDA:35,_RNvMs30_NtNtNtCsfrHcwpvqclA_31openwepp_watershed_orchestrator7lib_mod6kernel11kernel_coreNtB6_28Ws10ChannelImpoundmentKernel19direct_ipeak_branch
FNDA:1905,_RNvMs30_NtNtNtCsfrHcwpvqclA_31openwepp_watershed_orchestrator7lib_mod6kernel11kernel_coreNtB6_28Ws10ChannelImpoundmentKernel20direct_require_range
FNDA:0,_RNvMs30_NtNtNtCsfrHcwpvqclA_31openwepp_watershed_orchestrator7lib_mod6kernel11kernel_coreNtB6_28Ws10ChannelImpoundmentKernel21direct_channel_output
FNDA:6,_RNvMs30_NtNtNtCsfrHcwpvqclA_31openwepp_watershed_orchestrator7lib_mod6kernel11kernel_coreNtB6_28Ws10ChannelImpoundmentKernel22superposed_hourly_limb
FNDA:24,_RNvMs30_NtNtNtCsfrHcwpvqclA_31openwepp_watershed_orchestrator7lib_mod6kernel11kernel_coreNtB6_28Ws10ChannelImpoundmentKernel23run_direct_channel_node
FNDA:1,_RNvMs30_NtNtNtCsfrHcwpvqclA_31openwepp_watershed_orchestrator7lib_mod6kernel11kernel_coreNtB6_28Ws10ChannelImpoundmentKernel25direct_impoundment_output
FNDA:0,_RNvMs30_NtNtNtCsfrHcwpvqclA_31openwepp_watershed_orchestrator7lib_mod6kernel11kernel_coreNtB6_28Ws10ChannelImpoundmentKernel25runtime_input_guard_error
FNDA:44,_RNvMs30_NtNtNtCsfrHcwpvqclA_31openwepp_watershed_orchestrator7lib_mod6kernel11kernel_coreNtB6_28Ws10ChannelImpoundmentKernel26direct_ws11_channel_length
FNDA:3,_RNvMs30_NtNtNtCsfrHcwpvqclA_31openwepp_watershed_orchestrator7lib_mod6kernel11kernel_coreNtB6_28Ws10ChannelImpoundmentKernel26hourly_pair_carried_by_all
FNDA:0,_RNvMs30_NtNtNtCsfrHcwpvqclA_31openwepp_watershed_orchestrator7lib_mod6kernel11kernel_coreNtB6_28Ws10ChannelImpoundmentKernel27compute_direct_channel_peak
FNDA:2,_RNvMs30_NtNtNtCsfrHcwpvqclA_31openwepp_watershed_orchestrator7lib_mod6kernel11kernel_coreNtB6_28Ws10ChannelImpoundmentKernel27direct_checked_runon_volume
FNDA:0,_RNvMs30_NtNtNtCsfrHcwpvqclA_31openwepp_watershed_orchestrator7lib_mod6kernel11kernel_coreNtB6_28Ws10ChannelImpoundmentKernel27direct_sediment_publication
FNDA:28,_RNvMs30_NtNtNtCsfrHcwpvqclA_31openwepp_watershed_orchestrator7lib_mod6kernel11kernel_coreNtB6_28Ws10ChannelImpoundmentKernel27direct_ws20_channel_profile
FNDA:29,_RNvMs30_NtNtNtCsfrHcwpvqclA_31openwepp_watershed_orchestrator7lib_mod6kernel11kernel_coreNtB6_28Ws10ChannelImpoundmentKernel27read_direct_channel_context
FNDA:9,_RNvMs30_NtNtNtCsfrHcwpvqclA_31openwepp_watershed_orchestrator7lib_mod6kernel11kernel_coreNtB6_28Ws10ChannelImpoundmentKernel28compute_direct_channel_runon
FNDA:0,_RNvMs30_NtNtNtCsfrHcwpvqclA_31openwepp_watershed_orchestrator7lib_mod6kernel11kernel_coreNtB6_28Ws10ChannelImpoundmentKernel28direct_hourly_resolved_runon
FNDA:4,_RNvMs30_NtNtNtCsfrHcwpvqclA_31openwepp_watershed_orchestrator7lib_mod6kernel11kernel_coreNtB6_28Ws10ChannelImpoundmentKernel29compute_direct_channel_runoff
FNDA:4,_RNvMs30_NtNtNtCsfrHcwpvqclA_31openwepp_watershed_orchestrator7lib_mod6kernel11kernel_coreNtB6_28Ws10ChannelImpoundmentKernel30dependency_channel_baseflow_m3
FNDA:5,_RNvMs30_NtNtNtCsfrHcwpvqclA_31openwepp_watershed_orchestrator7lib_mod6kernel11kernel_coreNtB6_28Ws10ChannelImpoundmentKernel30direct_active_sediment_classes
FNDA:2,_RNvMs30_NtNtNtCsfrHcwpvqclA_31openwepp_watershed_orchestrator7lib_mod6kernel11kernel_coreNtB6_28Ws10ChannelImpoundmentKernel31direct_sediment_rate_duration_s
FNDA:45,_RNvMs30_NtNtNtCsfrHcwpvqclA_31openwepp_watershed_orchestrator7lib_mod6kernel11kernel_coreNtB6_28Ws10ChannelImpoundmentKernel31generated_groundwater_from_step
FNDA:39,_RNvMs30_NtNtNtCsfrHcwpvqclA_31openwepp_watershed_orchestrator7lib_mod6kernel11kernel_coreNtB6_28Ws10ChannelImpoundmentKernel32assemble_direct_channel_baseflow
FNDA:3,_RNvMs30_NtNtNtCsfrHcwpvqclA_31openwepp_watershed_orchestrator7lib_mod6kernel11kernel_coreNtB6_28Ws10ChannelImpoundmentKernel32route_direct_impoundment_outflow
FNDA:0,_RNvMs30_NtNtNtCsfrHcwpvqclA_31openwepp_watershed_orchestrator7lib_mod6kernel11kernel_coreNtB6_28Ws10ChannelImpoundmentKernel33accumulate_direct_hillslope_runon
FNDA:0,_RNvMs30_NtNtNtCsfrHcwpvqclA_31openwepp_watershed_orchestrator7lib_mod6kernel11kernel_coreNtB6_28Ws10ChannelImpoundmentKernel33assemble_direct_channel_hydrology
FNDA:24,_RNvMs30_NtNtNtCsfrHcwpvqclA_31openwepp_watershed_orchestrator7lib_mod6kernel11kernel_coreNtB6_28Ws10ChannelImpoundmentKernel33direct_hillslope_hourly_authority
FNDA:0,_RNvMs30_NtNtNtCsfrHcwpvqclA_31openwepp_watershed_orchestrator7lib_mod6kernel11kernel_coreNtB6_28Ws10ChannelImpoundmentKernel34accumulate_direct_dependency_runon
FNDA:4,_RNvMs30_NtNtNtCsfrHcwpvqclA_31openwepp_watershed_orchestrator7lib_mod6kernel11kernel_coreNtB6_28Ws10ChannelImpoundmentKernel34compute_direct_channel_creams_peak
FNDA:3,_RNvMs30_NtNtNtCsfrHcwpvqclA_31openwepp_watershed_orchestrator7lib_mod6kernel11kernel_coreNtB6_28Ws10ChannelImpoundmentKernel34dependency_channel_deep_seepage_m3
FNDA:7,_RNvMs30_NtNtNtCsfrHcwpvqclA_31openwepp_watershed_orchestrator7lib_mod6kernel11kernel_coreNtB6_28Ws10ChannelImpoundmentKernel34direct_sediment_transport_capacity
FNDA:0,_RNvMs30_NtNtNtCsfrHcwpvqclA_31openwepp_watershed_orchestrator7lib_mod6kernel11kernel_coreNtB6_28Ws10ChannelImpoundmentKernel34read_direct_hillslope_peak_payload
FNDA:12,_RNvMs30_NtNtNtCsfrHcwpvqclA_31openwepp_watershed_orchestrator7lib_mod6kernel11kernel_coreNtB6_28Ws10ChannelImpoundmentKernel35direct_terminal_sediment_hydraulics
FNDA:9,_RNvMs30_NtNtNtCsfrHcwpvqclA_31openwepp_watershed_orchestrator7lib_mod6kernel11kernel_coreNtB6_28Ws10ChannelImpoundmentKernel35read_direct_dependency_peak_payload
FNDA:0,_RNvMs30_NtNtNtCsfrHcwpvqclA_31openwepp_watershed_orchestrator7lib_mod6kernel11kernel_coreNtB6_28Ws10ChannelImpoundmentKernel36accumulate_direct_hillslope_sediment
FNDA:2,_RNvMs30_NtNtNtCsfrHcwpvqclA_31openwepp_watershed_orchestrator7lib_mod6kernel11kernel_coreNtB6_28Ws10ChannelImpoundmentKernel36compute_direct_channel_rational_peak
FNDA:2,_RNvMs30_NtNtNtCsfrHcwpvqclA_31openwepp_watershed_orchestrator7lib_mod6kernel11kernel_coreNtB6_28Ws10ChannelImpoundmentKernel36direct_ws12_impoundment_coefficients
FNDA:9,_RNvMs30_NtNtNtCsfrHcwpvqclA_31openwepp_watershed_orchestrator7lib_mod6kernel11kernel_coreNtB6_28Ws10ChannelImpoundmentKernel36read_direct_channel_sediment_payload
FNDA:2,_RNvMs30_NtNtNtCsfrHcwpvqclA_31openwepp_watershed_orchestrator7lib_mod6kernel11kernel_coreNtB6_28Ws10ChannelImpoundmentKernel37accumulate_direct_dependency_sediment
FNDA:2,_RNvMs30_NtNtNtCsfrHcwpvqclA_31openwepp_watershed_orchestrator7lib_mod6kernel11kernel_coreNtB6_28Ws10ChannelImpoundmentKernel37compute_direct_channel_kinematic_peak
FNDA:2,_RNvMs30_NtNtNtCsfrHcwpvqclA_31openwepp_watershed_orchestrator7lib_mod6kernel11kernel_coreNtB6_28Ws10ChannelImpoundmentKernel37compute_direct_channel_muskingum_peak
FNDA:4,_RNvMs30_NtNtNtCsfrHcwpvqclA_31openwepp_watershed_orchestrator7lib_mod6kernel11kernel_coreNtB6_28Ws10ChannelImpoundmentKernel37direct_sediment_publication_particles
FNDA:3,_RNvMs30_NtNtNtCsfrHcwpvqclA_31openwepp_watershed_orchestrator7lib_mod6kernel11kernel_coreNtB6_28Ws10ChannelImpoundmentKernel37route_direct_ws20_sediment_if_enabled
FNDA:4,_RNvMs30_NtNtNtCsfrHcwpvqclA_31openwepp_watershed_orchestrator7lib_mod6kernel11kernel_coreNtB6_28Ws10ChannelImpoundmentKernel37validate_direct_incoming_runon_totals
FNDA:5,_RNvMs30_NtNtNtCsfrHcwpvqclA_31openwepp_watershed_orchestrator7lib_mod6kernel11kernel_coreNtB6_28Ws10ChannelImpoundmentKernel38direct_impoundment_integration_horizon
FNDA:29,_RNvMs30_NtNtNtCsfrHcwpvqclA_31openwepp_watershed_orchestrator7lib_mod6kernel11kernel_coreNtB6_28Ws10ChannelImpoundmentKernel38read_direct_hillslope_sediment_payload
FNDA:0,_RNvMs30_NtNtNtCsfrHcwpvqclA_31openwepp_watershed_orchestrator7lib_mod6kernel11kernel_coreNtB6_28Ws10ChannelImpoundmentKernel39assemble_direct_incoming_peak_partition
FNDA:3,_RNvMs30_NtNtNtCsfrHcwpvqclA_31openwepp_watershed_orchestrator7lib_mod6kernel11kernel_coreNtB6_28Ws10ChannelImpoundmentKernel39validate_direct_sediment_routing_inputs
FNDA:2,_RNvMs30_NtNtNtCsfrHcwpvqclA_31openwepp_watershed_orchestrator7lib_mod6kernel11kernel_coreNtB6_28Ws10ChannelImpoundmentKernel40accumulate_direct_hillslope_hourly_runon
FNDA:10,_RNvMs30_NtNtNtCsfrHcwpvqclA_31openwepp_watershed_orchestrator7lib_mod6kernel11kernel_coreNtB6_28Ws10ChannelImpoundmentKernel42add_direct_sediment_payload_to_accumulator
FNDA:48,_RNvMs30_NtNtNtCsfrHcwpvqclA_31openwepp_watershed_orchestrator7lib_mod6kernel11kernel_coreNtB6_28Ws10ChannelImpoundmentKernel42read_direct_ws15_channel_sediment_controls
FNDA:52,_RNvMs30_NtNtNtCsfrHcwpvqclA_31openwepp_watershed_orchestrator7lib_mod6kernel11kernel_coreNtB6_28Ws10ChannelImpoundmentKernel44require_direct_ws17_channel_segment_scaffold
FNDA:2,_RNvMs30_NtNtNtCsfrHcwpvqclA_31openwepp_watershed_orchestrator7lib_mod6kernel11kernel_coreNtB6_28Ws10ChannelImpoundmentKernel46compute_direct_channel_variable_muskingum_peak
FNDA:0,_RNvMs30_NtNtNtCsfrHcwpvqclA_31openwepp_watershed_orchestrator7lib_mod6kernel11kernel_coreNtB6_28Ws10ChannelImpoundmentKernel51assemble_direct_incoming_sediment_load_and_capacity
FNF:89
FNH:57
DA:85,1
DA:86,1
DA:87,0
DA:88,1
DA:90,1
DA:138,0
DA:139,0
DA:140,0
DA:141,0
DA:142,0
DA:143,0
DA:144,0
DA:145,0
DA:146,0
DA:147,0
DA:148,0
DA:151,0
DA:152,0
DA:153,0
DA:154,0
DA:155,0
DA:156,0
DA:157,0
DA:158,0
DA:159,0
DA:161,0
DA:163,33
DA:164,33
DA:165,33
DA:166,0
DA:168,33
DA:169,0
DA:171,33
DA:172,33
DA:174,24
DA:175,24
DA:176,24
DA:177,24
DA:178,24
DA:179,23
DA:180,0
DA:181,0
DA:182,0
DA:183,0
DA:184,0
DA:185,0
DA:186,0
DA:187,0
DA:188,0
DA:189,0
DA:190,0
DA:191,0
DA:192,0
DA:193,0
DA:194,0
DA:196,0
DA:197,0
DA:198,0
DA:199,0
DA:200,0
DA:201,0
DA:202,0
DA:203,24
DA:205,29
DA:206,29
DA:207,29
DA:208,29
DA:209,29
DA:210,29
DA:211,29
DA:212,29
DA:213,29
DA:214,29
DA:215,29
DA:217,29
DA:218,29
DA:219,29
DA:220,29
DA:221,29
DA:222,29
DA:223,29
DA:225,29
DA:226,29
DA:227,29
DA:229,29
DA:230,29
DA:231,29
DA:232,0
DA:233,29
DA:234,29
DA:235,29
DA:236,29
DA:238,29
DA:239,29
DA:240,29
DA:241,29
DA:242,29
DA:243,29
DA:244,29
DA:245,29
DA:246,29
DA:248,29
DA:249,29
DA:250,29
DA:251,29
DA:252,29
DA:253,29
DA:254,29
DA:255,29
DA:256,29
DA:257,29
DA:258,29
DA:259,29
DA:260,29
DA:261,29
DA:262,29
DA:263,29
DA:265,0
DA:266,0
DA:267,0
DA:268,0
DA:269,0
DA:270,0
DA:271,0
DA:273,0
DA:274,0
DA:275,0
DA:276,0
DA:277,0
DA:278,0
DA:279,0
DA:280,0
DA:282,0
DA:283,0
DA:284,0
DA:285,0
DA:286,0
DA:287,0
DA:288,0
DA:289,0
DA:290,0
DA:292,0
DA:293,0
DA:294,0
DA:295,0
DA:296,0
DA:297,0
DA:298,0
DA:299,0
DA:301,0
DA:302,0
DA:304,0
DA:305,0
DA:306,0
DA:307,0
DA:308,0
DA:309,0
DA:310,0
DA:311,0
DA:312,0
DA:313,0
DA:314,0
DA:316,9
DA:317,9
DA:318,9
DA:319,9
DA:320,9
DA:321,9
DA:322,9
DA:323,9
DA:325,9
DA:326,1
DA:327,8
DA:328,8
DA:330,8
DA:331,1
DA:332,7
DA:333,7
DA:334,7
DA:336,7
DA:337,1
DA:338,6
DA:339,6
DA:341,6
DA:342,1
DA:343,5
DA:344,5
DA:345,5
DA:346,5
DA:347,5
DA:348,5
DA:349,1
DA:350,4
DA:352,4
DA:353,4
DA:354,4
DA:355,4
DA:356,1
DA:357,3
DA:358,1
DA:359,2
DA:360,1
DA:362,1
DA:364,4
DA:365,2
DA:366,1
DA:367,1
DA:368,0
DA:370,4
DA:371,4
DA:373,0
DA:375,4
DA:376,4
DA:378,0
DA:380,4
DA:381,4
DA:383,4
DA:384,4
DA:385,4
DA:386,4
DA:387,9
DA:389,0
DA:390,0
DA:391,0
DA:392,0
DA:393,0
DA:394,0
DA:395,0
DA:396,0
DA:397,0
DA:398,0
DA:399,0
DA:400,0
DA:401,0
DA:402,0
DA:403,0
DA:404,0
DA:406,0
DA:408,0
DA:411,0
DA:414,0
DA:417,0
DA:419,0
DA:420,0
DA:421,0
DA:422,0
DA:423,0
DA:427,0
DA:428,0
DA:429,0
DA:431,0
DA:432,0
DA:434,2
DA:435,2
DA:436,2
DA:437,2
DA:438,1
DA:440,1
DA:442,2
DA:443,2
DA:444,2
DA:445,2
DA:446,2
DA:448,4
DA:449,4
DA:450,4
DA:451,4
DA:452,4
DA:453,4
DA:454,1
DA:455,1
DA:456,1
DA:457,1
DA:458,3
DA:460,3
DA:461,3
DA:462,1
DA:463,1
DA:464,1
DA:465,1
DA:466,1
DA:467,2
DA:469,2
DA:470,2
DA:471,1
DA:472,1
DA:473,1
DA:474,1
DA:475,1
DA:476,1
DA:478,1
DA:479,1
DA:480,1
DA:481,1
DA:482,4
DA:484,2
DA:485,2
DA:486,2
DA:487,2
DA:488,2
DA:489,2
DA:490,1
DA:491,1
DA:492,1
DA:493,1
DA:494,1
DA:496,1
DA:497,1
DA:498,1
DA:499,1
DA:500,1
DA:501,1
DA:502,1
DA:503,1
DA:504,1
DA:505,1
DA:506,1
DA:507,0
DA:508,1
DA:509,1
DA:510,1
DA:511,1
DA:512,2
DA:514,2
DA:515,2
DA:516,2
DA:517,2
DA:518,2
DA:519,2
DA:520,2
DA:521,1
DA:522,1
DA:523,1
DA:524,1
DA:525,1
DA:527,1
DA:528,1
DA:529,1
DA:530,1
DA:531,1
DA:532,1
DA:533,1
DA:534,1
DA:535,1
DA:536,1
DA:537,1
DA:538,1
DA:539,0
DA:540,1
DA:541,1
DA:542,1
DA:543,1
DA:544,2
DA:546,2
DA:547,2
DA:548,2
DA:549,2
DA:550,2
DA:551,2
DA:552,2
DA:553,1
DA:554,1
DA:555,1
DA:556,1
DA:557,1
DA:559,1
DA:560,1
DA:561,1
DA:562,1
DA:563,1
DA:564,1
DA:565,1
DA:566,1
DA:567,1
DA:568,1
DA:569,1
DA:570,1
DA:571,1
DA:572,1
DA:573,0
DA:574,1
DA:575,1
DA:576,1
DA:577,1
DA:578,2
DA:580,4
DA:581,4
DA:582,4
DA:583,4
DA:584,4
DA:585,4
DA:586,4
DA:587,4
DA:590,2
DA:591,1
DA:593,1
DA:596,2
DA:598,4
DA:599,1
DA:600,3
DA:602,3
DA:603,1
DA:605,2
DA:607,3
DA:608,1
DA:609,2
DA:611,2
DA:612,4
DA:614,0
DA:615,0
DA:616,0
DA:617,0
DA:618,0
DA:619,0
DA:620,0
DA:621,0
DA:622,0
DA:623,0
DA:624,0
DA:625,0
DA:626,0
DA:627,0
DA:628,0
DA:629,0
DA:630,0
DA:631,0
DA:632,0
DA:633,0
DA:634,0
DA:635,0
DA:636,0
DA:637,0
DA:638,0
DA:639,0
DA:640,0
DA:641,0
DA:642,0
DA:644,0
DA:645,0
DA:646,0
DA:647,0
DA:648,0
DA:649,0
DA:650,0
DA:651,0
DA:652,0
DA:653,0
DA:654,0
DA:655,0
DA:656,0
DA:657,0
DA:658,0
DA:659,0
DA:660,0
DA:661,0
DA:663,0
DA:664,0
DA:665,0
DA:666,0
DA:667,0
DA:668,0
DA:669,0
DA:670,0
DA:671,0
DA:672,0
DA:673,0
DA:674,0
DA:675,0
DA:676,0
DA:677,0
DA:678,0
DA:680,0
DA:681,0
DA:683,0
DA:684,0
DA:685,0
DA:686,0
DA:687,0
DA:688,0
DA:689,0
DA:690,0
DA:691,0
DA:692,0
DA:694,0
DA:695,0
DA:696,0
DA:697,0
DA:698,0
DA:699,0
DA:700,0
DA:701,0
DA:702,0
DA:703,0
DA:704,0
DA:706,0
DA:707,0
DA:708,0
DA:709,0
DA:710,0
DA:711,0
DA:712,0
DA:713,0
DA:714,0
DA:716,5
DA:717,5
DA:718,5
DA:719,5
DA:720,5
DA:721,5
DA:722,5
DA:723,1
DA:724,1
DA:725,1
DA:726,1
DA:727,1
DA:728,4
DA:729,4
DA:730,2
DA:732,2
DA:734,4
DA:735,4
DA:737,1
DA:738,1
DA:739,1
DA:740,1
DA:741,1
DA:742,3
DA:743,3
DA:744,5
DA:746,3
DA:747,3
DA:748,3
DA:749,3
DA:750,3
DA:751,3
DA:752,3
DA:753,3
DA:754,3
DA:755,3
DA:756,3
DA:757,3
DA:758,3
DA:759,3
DA:760,3
DA:761,3
DA:762,3
DA:763,1
DA:765,2
DA:766,2
DA:767,2
DA:768,0
DA:769,0
DA:770,0
DA:771,0
DA:772,0
DA:773,2
DA:775,2
DA:776,2
DA:777,0
DA:778,0
DA:779,0
DA:780,0
DA:781,0
DA:782,2
DA:784,2
DA:785,2
DA:786,1
DA:787,1
DA:789,1
DA:790,1
DA:791,0
DA:792,0
DA:793,0
DA:794,0
DA:795,0
DA:796,1
DA:798,1
DA:799,3
DA:801,1
DA:802,1
DA:803,1
DA:804,1
DA:805,1
DA:806,1
DA:807,1
DA:808,1
DA:809,1
DA:810,1
DA:811,1
DA:812,1
DA:814,1905
DA:815,1905
DA:816,1905
DA:817,1905
DA:818,1905
DA:819,1905
DA:820,1905
DA:821,1905
DA:822,1
DA:823,1904
DA:824,1904
DA:825,1903
DA:827,26
DA:828,1878
DA:829,1878
DA:830,198
DA:832,3
DA:833,1875
DA:834,1875
DA:835,1905
DA:837,35
DA:838,35
DA:839,35
DA:840,35
DA:841,35
DA:842,1
DA:843,1
DA:844,1
DA:845,1
DA:846,1
DA:847,34
DA:848,34
DA:849,1
DA:850,1
DA:851,24
DA:852,3
DA:853,5
DA:855,34
DA:856,35
DA:859,48
DA:860,48
DA:861,48
DA:862,48
DA:863,432
DA:864,48
DA:865,48
DA:866,48
DA:867,48
DA:868,48
DA:869,48
DA:870,48
DA:871,48
DA:872,48
DA:874,432
DA:877,48
DA:878,48
DA:879,48
DA:880,48
DA:881,48
DA:882,48
DA:883,48
DA:884,48
DA:885,48
DA:886,48
DA:888,52
DA:889,52
DA:890,52
DA:891,52
DA:892,52
DA:893,52
DA:894,1
DA:895,1
DA:896,1
DA:897,1
DA:898,1
DA:899,51
DA:901,51
DA:902,148
DA:903,100
DA:904,100
DA:905,49
DA:907,1
DA:908,99
DA:909,99
DA:910,99
DA:911,99
DA:912,99
DA:913,99
DA:915,99
DA:916,99
DA:917,99
DA:918,1
DA:919,98
DA:920,98
DA:922,98
DA:923,98
DA:924,98
DA:925,1
DA:926,97
DA:929,48
DA:930,52
DA:932,44
DA:933,44
DA:934,44
DA:935,44
DA:936,44
DA:937,1
DA:939,43
DA:940,0
DA:942,43
DA:943,43
DA:944,1
DA:945,1
DA:946,1
DA:947,1
DA:948,1
DA:949,42
DA:950,42
DA:951,44
DA:953,0
DA:954,0
DA:955,0
DA:956,0
DA:957,0
DA:958,0
DA:959,0
DA:960,0
DA:961,0
DA:963,0
DA:964,0
DA:965,0
DA:966,0
DA:967,0
DA:968,0
DA:969,0
DA:970,0
DA:971,0
DA:972,0
DA:973,0
DA:975,0
DA:976,0
DA:977,0
DA:978,0
DA:983,0
DA:984,0
DA:985,0
DA:986,0
DA:987,0
DA:988,0
DA:989,0
DA:990,0
DA:991,0
DA:992,0
DA:993,0
DA:994,0
DA:999,0
DA:1000,0
DA:1001,0
DA:1002,0
DA:1003,0
DA:1004,0
DA:1005,0
DA:1006,0
DA:1008,0
DA:1009,0
DA:1010,0
DA:1011,0
DA:1012,0
DA:1013,0
DA:1014,0
DA:1015,0
DA:1016,0
DA:1017,0
DA:1018,0
DA:1019,0
DA:1020,0
DA:1021,0
DA:1022,0
DA:1023,0
DA:1024,0
DA:1025,0
DA:1026,0
DA:1027,0
DA:1028,0
DA:1029,0
DA:1030,0
DA:1033,0
DA:1034,0
DA:1035,0
DA:1036,0
DA:1037,0
DA:1038,0
DA:1039,0
DA:1040,0
DA:1041,0
DA:1043,0
DA:1044,0
DA:1046,2
DA:1047,2
DA:1048,2
DA:1049,2
DA:1050,2
DA:1051,2
DA:1052,28
DA:1053,2
DA:1054,2
DA:1056,28
DA:1057,1
DA:1058,1
DA:1059,1
DA:1060,1
DA:1061,1
DA:1062,27
DA:1063,27
DA:1065,4
DA:1066,1
DA:1067,1
DA:1069,4
DA:1070,1
DA:1071,1
DA:1072,1
DA:1073,1
DA:1074,1
DA:1075,3
DA:1076,3
DA:1078,0
DA:1079,2
DA:1081,0
DA:1082,0
DA:1083,0
DA:1084,0
DA:1085,0
DA:1086,0
DA:1087,0
DA:1088,0
DA:1089,0
DA:1090,0
DA:1092,0
DA:1093,0
DA:1094,0
DA:1095,0
DA:1096,0
DA:1097,0
DA:1099,0
DA:1100,0
DA:1102,2
DA:1103,2
DA:1104,2
DA:1105,2
DA:1106,2
DA:1107,2
DA:1108,2
DA:1109,2
DA:1110,1
DA:1111,1
DA:1112,1
DA:1113,1
DA:1114,0
DA:1115,0
DA:1116,2
DA:1118,4
DA:1119,4
DA:1120,4
DA:1121,4
DA:1122,4
DA:1123,4
DA:1124,4
DA:1125,1
DA:1126,3
DA:1127,3
DA:1128,1
DA:1129,1
DA:1130,1
DA:1131,1
DA:1132,1
DA:1133,2
DA:1134,2
DA:1135,2
DA:1136,1
DA:1137,1
DA:1138,1
DA:1139,1
DA:1140,1
DA:1141,1
DA:1142,1
DA:1143,1
DA:1144,1
DA:1145,1
DA:1146,1
DA:1147,1
DA:1148,0
DA:1149,0
DA:1150,4
DA:1152,0
DA:1153,0
DA:1154,0
DA:1155,0
DA:1156,0
DA:1157,0
DA:1158,0
DA:1159,0
DA:1160,0
DA:1161,0
DA:1162,0
DA:1163,0
DA:1165,39
DA:1166,39
DA:1167,39
DA:1168,39
DA:1169,39
DA:1170,39
DA:1171,39
DA:1172,39
DA:1173,39
DA:1175,37
DA:1176,37
DA:1177,37
DA:1179,0
DA:1180,0
DA:1181,0
DA:1182,0
DA:1183,0
DA:1184,37
DA:1185,37
DA:1186,37
DA:1187,0
DA:1188,0
DA:1189,0
DA:1190,0
DA:1191,0
DA:1192,37
DA:1193,37
DA:1194,37
DA:1195,37
DA:1196,37
DA:1197,37
DA:1200,2
DA:1202,2
DA:1203,2
DA:1204,2
DA:1205,2
DA:1207,0
DA:1209,2
DA:1210,2
DA:1211,2
DA:1212,2
DA:1213,2
DA:1214,0
DA:1215,0
DA:1216,0
DA:1217,0
DA:1218,0
DA:1219,2
DA:1221,2
DA:1222,2
DA:1223,2
DA:1224,2
DA:1228,39
DA:1230,45
DA:1231,45
DA:1232,45
DA:1233,45
DA:1234,45
DA:1235,45
DA:1236,87
DA:1237,45
DA:1238,45
DA:1239,45
DA:1240,45
DA:1241,45
DA:1242,44
DA:1243,44
DA:1245,44
DA:1246,44
DA:1247,44
DA:1248,1
DA:1249,43
DA:1250,43
DA:1252,43
DA:1253,43
DA:1254,43
DA:1255,1
DA:1256,42
DA:1257,42
DA:1259,42
DA:1260,42
DA:1261,42
DA:1262,42
DA:1263,42
DA:1264,45
DA:1266,7
DA:1267,7
DA:1268,7
DA:1269,7
DA:1270,7
DA:1271,12
DA:1272,7
DA:1273,7
DA:1274,7
DA:1275,7
DA:1276,7
DA:1277,7
DA:1278,1
DA:1280,6
DA:1281,6
DA:1283,6
DA:1284,6
DA:1285,6
DA:1286,1
DA:1287,5
DA:1289,5
DA:1290,7
DA:1292,4
DA:1293,4
DA:1294,4
DA:1295,4
DA:1296,4
DA:1297,6
DA:1298,3
DA:1299,3
DA:1300,3
DA:1301,3
DA:1302,3
DA:1303,2
DA:1305,3
DA:1306,4
DA:1308,3
DA:1309,3
DA:1310,3
DA:1311,3
DA:1312,3
DA:1313,5
DA:1314,2
DA:1315,2
DA:1316,2
DA:1317,2
DA:1318,2
DA:1319,2
DA:1321,3
DA:1322,3
DA:1327,3
DA:1328,3
DA:1329,3
DA:1330,3
DA:1331,3
DA:1332,3
DA:1333,3
DA:1334,3
DA:1335,2
DA:1336,3
DA:1337,3
DA:1338,3
DA:1340,24
DA:1341,24
DA:1342,24
DA:1343,24
DA:1344,24
DA:1345,24
DA:1347,47
DA:1348,23
DA:1349,23
DA:1350,23
DA:1351,23
DA:1352,23
DA:1353,23
DA:1354,23
DA:1355,23
DA:1356,23
DA:1357,0
DA:1358,23
DA:1359,0
DA:1360,0
DA:1361,0
DA:1362,0
DA:1363,0
DA:1364,0
DA:1365,0
DA:1370,24
DA:1371,0
DA:1372,0
DA:1373,0
DA:1374,0
DA:1375,0
DA:1376,24
DA:1378,24
DA:1379,24
DA:1385,6
DA:1386,6
DA:1387,6
DA:1388,6
DA:1389,6
DA:1390,144
DA:1391,144
DA:1392,11
DA:1393,4
DA:1394,7
DA:1395,11
DA:1396,133
DA:1398,6
DA:1399,6
DA:1400,6
DA:1401,144
DA:1403,6
DA:1406,4
DA:1407,2
DA:1409,6
DA:1410,6
DA:1412,0
DA:1413,0
DA:1414,0
DA:1415,0
DA:1416,0
DA:1417,0
DA:1418,0
DA:1419,0
DA:1420,0
DA:1421,0
DA:1424,29
DA:1425,29
DA:1426,29
DA:1427,29
DA:1428,29
DA:1429,29
DA:1430,29
DA:1431,29
DA:1432,29
DA:1434,29
DA:1435,29
DA:1436,29
DA:1437,1
DA:1438,28
DA:1439,28
DA:1441,28
DA:1442,28
DA:1443,28
DA:1444,1
DA:1445,27
DA:1446,1
DA:1447,26
DA:1448,26
DA:1449,25
DA:1451,1
DA:1452,1
DA:1453,1
DA:1454,1
DA:1455,1
DA:1456,25
DA:1458,25
DA:1459,25
DA:1460,25
DA:1461,25
DA:1463,47
DA:1464,47
DA:1465,47
DA:1466,47
DA:1468,47
DA:1469,46
DA:1470,46
DA:1472,46
DA:1473,46
DA:1474,46
DA:1475,1
DA:1476,45
DA:1477,44
DA:1478,44
DA:1479,44
DA:1480,44
DA:1488,22
DA:1489,22
DA:1490,530
DA:1491,509
DA:1492,1
DA:1493,1
DA:1494,1
DA:1495,1
DA:1496,1
DA:1497,508
DA:1498,508
DA:1500,21
DA:1502,0
DA:1504,21
DA:1505,1
DA:1507,1
DA:1508,1
DA:1509,1
DA:1510,1
DA:1511,1
DA:1512,20
DA:1514,20
DA:1515,20
DA:1516,20
DA:1517,20
DA:1518,20
DA:1519,29
DA:1521,9
DA:1522,9
DA:1523,9
DA:1524,9
DA:1525,9
DA:1526,9
DA:1528,4
DA:1529,4
DA:1530,4
DA:1531,4
DA:1532,3
DA:1533,3
DA:1535,3
DA:1536,3
DA:1537,3
DA:1538,1
DA:1539,2
DA:1540,2
DA:1542,2
DA:1543,2
DA:1544,2
DA:1545,1
DA:1546,1
DA:1549,4
DA:1550,4
DA:1551,4
DA:1552,4
DA:1553,3
DA:1554,3
DA:1556,3
DA:1557,3
DA:1558,3
DA:1559,1
DA:1560,2
DA:1561,2
DA:1563,2
DA:1564,2
DA:1565,2
DA:1566,1
DA:1567,1
DA:1569,1
DA:1570,1
DA:1571,1
DA:1572,1
DA:1573,1
DA:1575,9
DA:1577,9
DA:1578,9
DA:1579,9
DA:1580,9
DA:1581,9
DA:1582,9
DA:1583,9
DA:1584,8
DA:1585,1
DA:1586,1
DA:1587,1
DA:1588,1
DA:1589,1
DA:1590,7
DA:1592,7
DA:1593,7
DA:1594,1
DA:1595,1
DA:1596,1
DA:1597,1
DA:1598,1
DA:1599,6
DA:1601,6
DA:1602,6
DA:1603,1
DA:1604,1
DA:1605,1
DA:1606,1
DA:1607,1
DA:1608,5
DA:1610,5
DA:1611,8
DA:1612,8
DA:1613,8
DA:1614,8
DA:1615,8
DA:1617,8
DA:1618,8
DA:1619,8
DA:1620,1
DA:1621,7
DA:1622,7
DA:1624,7
DA:1625,7
DA:1626,7
DA:1627,1
DA:1628,6
DA:1630,3
DA:1631,1
DA:1632,1
DA:1633,1
DA:1634,1
DA:1635,1
DA:1636,2
DA:1638,2
DA:1639,2
DA:1640,2
DA:1641,2
DA:1642,2
DA:1643,9
DA:1645,3
DA:1646,3
DA:1647,3
DA:1648,3
DA:1649,3
DA:1650,3
DA:1651,3
DA:1652,1
DA:1653,1
DA:1654,1
DA:1655,1
DA:1656,1
DA:1657,2
DA:1658,2
DA:1659,1
DA:1660,1
DA:1662,1
DA:1663,1
DA:1664,1
DA:1666,3
DA:1668,10
DA:1669,10
DA:1670,10
DA:1671,10
DA:1672,10
DA:1673,10
DA:1674,10
DA:1675,10
DA:1676,0
DA:1677,10
DA:1679,10
DA:1680,10
DA:1681,1
DA:1682,1
DA:1683,1
DA:1684,1
DA:1685,1
DA:1686,9
DA:1688,18
DA:1689,18
DA:1690,10
DA:1691,10
DA:1692,10
DA:1693,10
DA:1694,10
DA:1695,10
DA:1696,10
DA:1697,10
DA:1698,10
DA:1700,18
DA:1701,18
DA:1702,18
DA:1703,18
DA:1704,18
DA:1705,18
DA:1706,8
DA:1707,8
DA:1708,8
DA:1709,10
DA:1710,10
DA:1711,10
DA:1715,9
DA:1716,10
DA:1718,0
DA:1719,0
DA:1720,0
DA:1721,0
DA:1722,0
DA:1723,0
DA:1724,0
DA:1725,0
DA:1726,0
DA:1727,0
DA:1728,0
DA:1729,0
DA:1730,0
DA:1731,0
DA:1732,0
DA:1733,0
DA:1734,0
DA:1735,0
DA:1737,0
DA:1738,0
DA:1740,2
DA:1741,2
DA:1742,2
DA:1743,2
DA:1744,2
DA:1745,2
DA:1746,2
DA:1747,2
DA:1748,2
DA:1749,2
DA:1750,3
DA:1752,2
DA:1753,2
DA:1754,2
DA:1755,2
DA:1756,2
DA:1757,1
DA:1758,1
DA:1759,1
DA:1760,1
DA:1761,1
DA:1762,1
DA:1763,1
DA:1764,0
DA:1766,1
DA:1767,2
DA:1769,5
DA:1770,5
DA:1771,5
DA:1772,5
DA:1773,5
DA:1774,5
DA:1775,5
DA:1776,5
DA:1777,5
DA:1778,5
DA:1779,5
DA:1780,5
DA:1781,5
DA:1782,1
DA:1783,4
DA:1785,8
DA:1786,8
DA:1787,8
DA:1788,2
DA:1789,6
DA:1791,6
DA:1792,6
DA:1793,1
DA:1794,1
DA:1795,1
DA:1796,1
DA:1797,1
DA:1798,5
DA:1800,5
DA:1801,5
DA:1802,5
DA:1803,5
DA:1804,5
DA:1805,5
DA:1807,5
DA:1808,5
DA:1809,5
DA:1810,5
DA:1811,5
DA:1813,5
DA:1814,5
DA:1817,3
DA:1818,5
DA:1820,3
DA:1821,3
DA:1822,3
DA:1823,3
DA:1824,3
DA:1825,3
DA:1826,3
DA:1827,3
DA:1828,3
DA:1829,3
DA:1830,3
DA:1831,3
DA:1832,3
DA:1834,3
DA:1835,2
DA:1836,2
DA:1837,2
DA:1839,2
DA:1840,2
DA:1841,2
DA:1842,2
DA:1843,2
DA:1844,0
DA:1846,0
DA:1848,2
DA:1849,2
DA:1850,2
DA:1851,2
DA:1852,2
DA:1853,2
DA:1854,2
DA:1855,2
DA:1856,2
DA:1857,2
DA:1858,2
DA:1859,2
DA:1860,2
DA:1861,2
DA:1862,2
DA:1863,2
DA:1864,2
DA:1865,2
DA:1866,2
DA:1867,2
DA:1868,0
DA:1869,2
DA:1870,2
DA:1871,2
DA:1872,2
DA:1873,1
DA:1875,3
DA:1876,3
DA:1878,2
DA:1879,2
DA:1880,2
DA:1881,2
DA:1887,2
DA:1888,2
DA:1889,2
DA:1890,2
DA:1891,1
DA:1893,1
DA:1896,0
DA:1898,2
DA:1900,4
DA:1901,4
DA:1902,4
DA:1903,4
DA:1904,4
DA:1905,4
DA:1906,4
DA:1907,4
DA:1908,4
DA:1909,1
DA:1910,3
DA:1912,5
DA:1913,5
DA:1914,1
DA:1915,4
DA:1916,4
DA:1917,4
DA:1920,3
DA:1921,3
DA:1922,1
DA:1923,1
DA:1924,1
DA:1925,1
DA:1926,1
DA:1927,2
DA:1928,5
DA:1929,3
DA:1930,3
DA:1932,2
DA:1933,4
DA:1935,7
DA:1936,7
DA:1937,7
DA:1938,7
DA:1939,7
DA:1940,5
DA:1941,5
DA:1942,5
DA:1943,12
DA:1944,12
DA:1945,12
DA:1946,6
DA:1947,6
DA:1948,6
DA:1949,6
DA:1950,1
DA:1951,1
DA:1952,1
DA:1953,1
DA:1954,1
DA:1955,5
DA:1956,5
DA:1957,5
DA:1958,5
DA:1959,1
DA:1960,1
DA:1961,1
DA:1962,1
DA:1963,1
DA:1964,4
DA:1966,4
DA:1967,4
DA:1968,3
DA:1969,4
DA:1970,4
DA:1971,4
DA:1972,4
DA:1973,1
DA:1974,1
DA:1976,1
DA:1978,1
DA:1979,3
DA:1982,2
DA:1983,2
DA:1984,2
DA:1985,2
DA:1986,2
DA:1987,0
DA:1988,2
DA:1990,2
DA:1991,7
DA:1993,12
DA:1994,12
DA:1995,12
DA:1996,12
DA:1997,12
DA:1998,12
DA:1999,12
DA:2000,12
DA:2001,11
DA:2002,11
DA:2004,11
DA:2005,11
DA:2006,11
DA:2007,1
DA:2008,10
DA:2009,10
DA:2011,10
DA:2012,10
DA:2013,10
DA:2014,1
DA:2015,9
DA:2016,9
DA:2018,9
DA:2019,9
DA:2020,9
DA:2021,1
DA:2023,8
DA:2024,8
DA:2025,1
DA:2026,7
DA:2028,7
DA:2029,7
DA:2030,7
DA:2031,7
DA:2032,1
DA:2033,6
DA:2034,6
DA:2035,6
DA:2036,6
DA:2037,6
DA:2038,6
DA:2039,6
DA:2040,6
DA:2041,6
DA:2042,6
DA:2043,6
DA:2044,6
DA:2045,6
DA:2046,6
DA:2047,0
DA:2048,6
DA:2049,1
DA:2050,1
DA:2051,1
DA:2052,1
DA:2053,1
DA:2054,5
DA:2056,5
DA:2057,5
DA:2058,5
DA:2059,5
DA:2060,12
DA:2062,0
DA:2063,0
DA:2064,0
DA:2065,0
DA:2066,0
DA:2067,0
DA:2068,0
DA:2069,0
DA:2070,0
DA:2071,0
DA:2072,0
DA:2073,0
DA:2074,0
DA:2075,0
DA:2076,0
DA:2077,0
DA:2078,0
DA:2079,0
DA:2080,0
DA:2081,0
DA:2082,0
DA:2083,0
DA:2090,0
DA:2091,0
DA:2092,0
DA:2093,0
DA:2094,0
DA:2095,0
DA:2096,0
DA:2097,0
DA:2098,0
DA:2099,0
DA:2100,0
DA:2101,0
DA:2102,0
DA:2103,0
DA:2104,0
DA:2105,0
DA:2106,0
DA:2107,0
DA:2108,0
DA:2109,0
DA:2110,0
DA:2111,0
DA:2112,0
DA:2113,0
DA:2114,0
DA:2115,0
DA:2116,0
DA:2117,0
DA:2118,0
DA:2119,0
DA:2120,0
DA:2121,0
DA:2122,0
DA:2123,0
DA:2124,0
DA:2125,0
DA:2126,0
DA:2128,0
DA:2129,0
DA:2130,0
DA:2131,0
DA:2132,0
DA:2133,0
DA:2135,0
DA:2136,0
DA:2137,0
DA:2138,0
DA:2139,0
DA:2140,0
DA:2141,0
DA:2142,0
DA:2143,0
DA:2144,0
DA:2145,0
DA:2146,0
DA:2147,0
DA:2149,0
DA:2150,0
DA:2151,0
DA:2152,0
DA:2153,0
DA:2154,0
DA:2155,0
DA:2156,0
DA:2158,0
DA:2159,0
DA:2160,0
DA:2161,0
DA:2162,0
DA:2163,0
DA:2164,0
DA:2165,0
DA:2167,0
DA:2168,0
DA:2169,0
DA:2170,0
DA:2171,0
DA:2172,0
DA:2173,0
DA:2174,0
DA:2175,0
DA:2177,28
DA:2178,28
DA:2179,28
DA:2180,28
DA:2181,28
DA:2182,28
DA:2183,28
DA:2184,28
DA:2185,28
DA:2186,28
DA:2187,28
DA:2188,28
DA:2189,28
DA:2190,28
DA:2191,28
DA:2193,75
DA:2194,52
DA:2195,51
DA:2196,50
DA:2197,49
DA:2198,49
DA:2199,49
DA:2201,49
DA:2202,49
DA:2203,49
DA:2204,1
DA:2205,48
DA:2206,48
DA:2208,48
DA:2209,48
DA:2210,48
DA:2211,1
DA:2212,47
DA:2213,47
DA:2214,47
DA:2215,47
DA:2216,47
DA:2217,47
DA:2218,47
DA:2219,47
DA:2222,23
DA:2223,28
DA:2225,25
DA:2226,25
DA:2227,25
DA:2228,25
DA:2229,25
DA:2230,25
DA:2231,73
DA:2232,49
DA:2233,49
DA:2234,49
DA:2235,49
DA:2237,1
DA:2239,48
DA:2240,48
DA:2243,24
DA:2244,24
DA:2245,1
DA:2246,23
DA:2247,69
DA:2248,46
DA:2249,46
DA:2250,23
DA:2251,25
DA:2253,2
DA:2254,2
DA:2255,2
DA:2256,2
DA:2257,2
DA:2258,2
DA:2259,2
DA:2260,2
DA:2261,2
DA:2262,2
DA:2263,2
DA:2265,2
DA:2266,2
DA:2267,2
DA:2268,2
DA:2269,2
DA:2270,2
DA:2271,32
DA:2272,30
DA:2273,30
DA:2274,30
DA:2275,30
DA:2276,30
DA:2277,30
DA:2278,30
DA:2279,30
DA:2281,2
DA:2282,2
DA:2283,2
DA:2284,30
DA:2285,28
DA:2286,28
DA:2287,26
DA:2288,24
DA:2289,22
DA:2294,2
DA:2295,2
DA:2296,2
DA:2297,2
DA:2298,2
DA:2299,2
DA:2300,2
DA:2301,2
DA:2302,2
DA:2304,2
DA:2306,0
DA:2307,0
DA:2308,0
DA:2309,0
DA:2310,0
DA:2311,0
DA:2312,0
DA:2314,0
DA:2315,0
DA:2318,0
BRF:0
BRH:0
LF:1900
LH:1351
end_of_record
SF:/home/workdir/openWEPP/crates/openwepp-watershed-orchestrator/src/lib_mod/kernel/helpers.rs
FN:22,_RINvMs23_NtNtNtCsfrHcwpvqclA_31openwepp_watershed_orchestrator7lib_mod6kernel11kernel_coreNtB7_28Ws10ChannelImpoundmentKernel10non_finiteNtNtNtCsg8fjuYgP9mL_24openwepp_kernel_contract7lib_mod10core_types14BoundarySymbolEBd_
FN:22,_RINvMs23_NtNtNtCsfrHcwpvqclA_31openwepp_watershed_orchestrator7lib_mod6kernel11kernel_coreNtB7_28Ws10ChannelImpoundmentKernel10non_finiteReEBd_
FN:36,_RINvMs23_NtNtNtCsfrHcwpvqclA_31openwepp_watershed_orchestrator7lib_mod6kernel11kernel_coreNtB7_28Ws10ChannelImpoundmentKernel16domain_violationNtNtNtCsg8fjuYgP9mL_24openwepp_kernel_contract7lib_mod10core_types14BoundarySymbolEBd_
FN:36,_RINvMs23_NtNtNtCsfrHcwpvqclA_31openwepp_watershed_orchestrator7lib_mod6kernel11kernel_coreNtB7_28Ws10ChannelImpoundmentKernel16domain_violationReEBd_
FN:9,_RINvMs23_NtNtNtCsfrHcwpvqclA_31openwepp_watershed_orchestrator7lib_mod6kernel11kernel_coreNtB7_28Ws10ChannelImpoundmentKernel16missing_requiredNtNtNtCsg8fjuYgP9mL_24openwepp_kernel_contract7lib_mod10core_types14BoundarySymbolEBd_
FN:9,_RINvMs23_NtNtNtCsfrHcwpvqclA_31openwepp_watershed_orchestrator7lib_mod6kernel11kernel_coreNtB7_28Ws10ChannelImpoundmentKernel16missing_requiredReEBd_
FN:409,_RNCNvMs23_NtNtNtCsfrHcwpvqclA_31openwepp_watershed_orchestrator7lib_mod6kernel11kernel_coreNtB8_28Ws10ChannelImpoundmentKernel37impoundment_crosses_regime_transition0Be_
FN:396,_RNvMs23_NtNtNtCsfrHcwpvqclA_31openwepp_watershed_orchestrator7lib_mod6kernel11kernel_coreNtB6_28Ws10ChannelImpoundmentKernel17crosses_threshold
FN:340,_RNvMs23_NtNtNtCsfrHcwpvqclA_31openwepp_watershed_orchestrator7lib_mod6kernel11kernel_coreNtB6_28Ws10ChannelImpoundmentKernel20impoundment_rk4_step
FN:280,_RNvMs23_NtNtNtCsfrHcwpvqclA_31openwepp_watershed_orchestrator7lib_mod6kernel11kernel_coreNtB6_28Ws10ChannelImpoundmentKernel25impoundment_area_at_stage
FN:296,_RNvMs23_NtNtNtCsfrHcwpvqclA_31openwepp_watershed_orchestrator7lib_mod6kernel11kernel_coreNtB6_28Ws10ChannelImpoundmentKernel27impoundment_continuity_rate
FN:50,_RNvMs23_NtNtNtCsfrHcwpvqclA_31openwepp_watershed_orchestrator7lib_mod6kernel11kernel_coreNtB6_28Ws10ChannelImpoundmentKernel28impoundment_outflow_at_stage
FN:170,_RNvMs23_NtNtNtCsfrHcwpvqclA_31openwepp_watershed_orchestrator7lib_mod6kernel11kernel_coreNtB6_28Ws10ChannelImpoundmentKernel28impoundment_rockfill_outflow
FN:213,_RNvMs23_NtNtNtCsfrHcwpvqclA_31openwepp_watershed_orchestrator7lib_mod6kernel11kernel_coreNtB6_28Ws10ChannelImpoundmentKernel32impoundment_filter_fence_outflow
FN:91,_RNvMs23_NtNtNtCsfrHcwpvqclA_31openwepp_watershed_orchestrator7lib_mod6kernel11kernel_coreNtB6_28Ws10ChannelImpoundmentKernel34impoundment_drop_spillway_outflows
FN:257,_RNvMs23_NtNtNtCsfrHcwpvqclA_31openwepp_watershed_orchestrator7lib_mod6kernel11kernel_coreNtB6_28Ws10ChannelImpoundmentKernel34impoundment_validate_total_outflow
FN:115,_RNvMs23_NtNtNtCsfrHcwpvqclA_31openwepp_watershed_orchestrator7lib_mod6kernel11kernel_coreNtB6_28Ws10ChannelImpoundmentKernel35impoundment_culvert_family_outflows
FN:400,_RNvMs23_NtNtNtCsfrHcwpvqclA_31openwepp_watershed_orchestrator7lib_mod6kernel11kernel_coreNtB6_28Ws10ChannelImpoundmentKernel37impoundment_crosses_regime_transition
FN:228,_RNvMs23_NtNtNtCsfrHcwpvqclA_31openwepp_watershed_orchestrator7lib_mod6kernel11kernel_coreNtB6_28Ws10ChannelImpoundmentKernel37impoundment_perforated_riser_outflows
FN:527,_RNvMs23_NtNtNtCsfrHcwpvqclA_31openwepp_watershed_orchestrator7lib_mod6kernel11kernel_coreNtB6_28Ws10ChannelImpoundmentKernel37route_impoundment_stage_over_duration
FN:195,_RNvMs23_NtNtNtCsfrHcwpvqclA_31openwepp_watershed_orchestrator7lib_mod6kernel11kernel_coreNtB6_28Ws10ChannelImpoundmentKernel38impoundment_emergency_spillway_outflow
FN:414,_RNvMs23_NtNtNtCsfrHcwpvqclA_31openwepp_watershed_orchestrator7lib_mod6kernel11kernel_coreNtB6_28Ws10ChannelImpoundmentKernel47integrate_impoundment_stage_with_adaptive_retry
FN:597,_RNvNtNtNtCsfrHcwpvqclA_31openwepp_watershed_orchestrator7lib_mod6kernel11kernel_core12assert_close
FN:620,_RNvNtNtNtCsfrHcwpvqclA_31openwepp_watershed_orchestrator7lib_mod6kernel11kernel_core25full_outflow_coefficients
FN:605,_RNvNtNtNtCsfrHcwpvqclA_31openwepp_watershed_orchestrator7lib_mod6kernel11kernel_core29test_impoundment_coefficients
FN:884,_RNvNtNtNtCsfrHcwpvqclA_31openwepp_watershed_orchestrator7lib_mod6kernel11kernel_cores_45impoundment_rk4_step_rejects_invalid_timestep
FN:900,_RNvNtNtNtCsfrHcwpvqclA_31openwepp_watershed_orchestrator7lib_mod6kernel11kernel_cores_47integrate_impoundment_stage_accepts_stable_step
FN:990,_RNvNtNtNtCsfrHcwpvqclA_31openwepp_watershed_orchestrator7lib_mod6kernel11kernel_cores_49integrate_impoundment_stage_retries_error_control
FN:939,_RNvNtNtNtCsfrHcwpvqclA_31openwepp_watershed_orchestrator7lib_mod6kernel11kernel_cores_52integrate_impoundment_stage_rejects_invalid_timestep
FN:919,_RNvNtNtNtCsfrHcwpvqclA_31openwepp_watershed_orchestrator7lib_mod6kernel11kernel_cores_53integrate_impoundment_stage_retries_regime_transition
FN:814,_RNvNtNtNtCsfrHcwpvqclA_31openwepp_watershed_orchestrator7lib_mod6kernel11kernel_cores_54impoundment_geometry_and_continuity_guards_fail_closed
FN:707,_RNvNtNtNtCsfrHcwpvqclA_31openwepp_watershed_orchestrator7lib_mod6kernel11kernel_cores_58impoundment_outflow_at_stage_rejects_bad_riser_denominator
FN:1034,_RNvNtNtNtCsfrHcwpvqclA_31openwepp_watershed_orchestrator7lib_mod6kernel11kernel_cores_58route_impoundment_stage_over_duration_rejects_bad_duration
FN:725,_RNvNtNtNtCsfrHcwpvqclA_31openwepp_watershed_orchestrator7lib_mod6kernel11kernel_cores_59impoundment_outflow_at_stage_rejects_negative_total_outflow
FN:742,_RNvNtNtNtCsfrHcwpvqclA_31openwepp_watershed_orchestrator7lib_mod6kernel11kernel_cores_59impoundment_private_guard_constructors_map_boundary_classes
FN:956,_RNvNtNtNtCsfrHcwpvqclA_31openwepp_watershed_orchestrator7lib_mod6kernel11kernel_cores_59integrate_impoundment_stage_rejects_half_timestep_underflow
FN:666,_RNvNtNtNtCsfrHcwpvqclA_31openwepp_watershed_orchestrator7lib_mod6kernel11kernel_cores_60impoundment_outflow_at_stage_combines_all_structure_families
FN:690,_RNvNtNtNtCsfrHcwpvqclA_31openwepp_watershed_orchestrator7lib_mod6kernel11kernel_cores_60impoundment_outflow_at_stage_rejects_bad_culvert_denominator
FN:756,_RNvNtNtNtCsfrHcwpvqclA_31openwepp_watershed_orchestrator7lib_mod6kernel11kernel_cores_63impoundment_internal_outflow_helpers_cover_tailwater_and_guards
FN:973,_RNvNtNtNtCsfrHcwpvqclA_31openwepp_watershed_orchestrator7lib_mod6kernel11kernel_cores_63integrate_impoundment_stage_rejects_stage_outside_pool_capacity
FN:1052,_RNvNtNtNtCsfrHcwpvqclA_31openwepp_watershed_orchestrator7lib_mod6kernel11kernel_cores_66route_impoundment_stage_over_duration_rejects_iteration_exhaustion
FN:1015,_RNvNtNtNtCsfrHcwpvqclA_31openwepp_watershed_orchestrator7lib_mod6kernel11kernel_cores_68route_impoundment_stage_over_duration_advances_across_multiple_steps
FNDA:9,_RINvMs23_NtNtNtCsfrHcwpvqclA_31openwepp_watershed_orchestrator7lib_mod6kernel11kernel_coreNtB7_28Ws10ChannelImpoundmentKernel10non_finiteNtNtNtCsg8fjuYgP9mL_24openwepp_kernel_contract7lib_mod10core_types14BoundarySymbolEBd_
FNDA:5,_RINvMs23_NtNtNtCsfrHcwpvqclA_31openwepp_watershed_orchestrator7lib_mod6kernel11kernel_coreNtB7_28Ws10ChannelImpoundmentKernel10non_finiteReEBd_
FNDA:56,_RINvMs23_NtNtNtCsfrHcwpvqclA_31openwepp_watershed_orchestrator7lib_mod6kernel11kernel_coreNtB7_28Ws10ChannelImpoundmentKernel16domain_violationNtNtNtCsg8fjuYgP9mL_24openwepp_kernel_contract7lib_mod10core_types14BoundarySymbolEBd_
FNDA:65,_RINvMs23_NtNtNtCsfrHcwpvqclA_31openwepp_watershed_orchestrator7lib_mod6kernel11kernel_coreNtB7_28Ws10ChannelImpoundmentKernel16domain_violationReEBd_
FNDA:0,_RINvMs23_NtNtNtCsfrHcwpvqclA_31openwepp_watershed_orchestrator7lib_mod6kernel11kernel_coreNtB7_28Ws10ChannelImpoundmentKernel16missing_requiredNtNtNtCsg8fjuYgP9mL_24openwepp_kernel_contract7lib_mod10core_types14BoundarySymbolEBd_
FNDA:9,_RINvMs23_NtNtNtCsfrHcwpvqclA_31openwepp_watershed_orchestrator7lib_mod6kernel11kernel_coreNtB7_28Ws10ChannelImpoundmentKernel16missing_requiredReEBd_
FNDA:1096,_RNCNvMs23_NtNtNtCsfrHcwpvqclA_31openwepp_watershed_orchestrator7lib_mod6kernel11kernel_coreNtB8_28Ws10ChannelImpoundmentKernel37impoundment_crosses_regime_transition0Be_
FNDA:1242,_RNvMs23_NtNtNtCsfrHcwpvqclA_31openwepp_watershed_orchestrator7lib_mod6kernel11kernel_coreNtB6_28Ws10ChannelImpoundmentKernel17crosses_threshold
FNDA:230,_RNvMs23_NtNtNtCsfrHcwpvqclA_31openwepp_watershed_orchestrator7lib_mod6kernel11kernel_coreNtB6_28Ws10ChannelImpoundmentKernel20impoundment_rk4_step
FNDA:917,_RNvMs23_NtNtNtCsfrHcwpvqclA_31openwepp_watershed_orchestrator7lib_mod6kernel11kernel_coreNtB6_28Ws10ChannelImpoundmentKernel25impoundment_area_at_stage
FNDA:917,_RNvMs23_NtNtNtCsfrHcwpvqclA_31openwepp_watershed_orchestrator7lib_mod6kernel11kernel_coreNtB6_28Ws10ChannelImpoundmentKernel27impoundment_continuity_rate
[...]
DA:86,0
DA:88,5
DA:89,5
DA:90,1
DA:91,1
DA:92,1
DA:93,1
DA:94,1
DA:95,4
DA:97,4
DA:98,1
DA:100,3
DA:101,3
DA:102,3
DA:103,3
DA:104,3
DA:105,3
DA:106,3
DA:107,3
DA:108,3
DA:109,3
DA:110,3
DA:113,4
DA:114,4
DA:115,4
DA:116,4
DA:117,4
DA:118,4
DA:119,4
DA:120,4
DA:121,4
DA:122,4
DA:123,4
DA:124,4
DA:125,4
DA:126,4
DA:127,4
DA:128,4
DA:129,5
DA:131,10
DA:132,10
DA:133,10
DA:134,10
DA:135,10
DA:137,10
DA:138,7
DA:139,7
DA:140,7
DA:141,7
DA:142,7
DA:143,7
DA:145,7
DA:146,10
DA:148,10
DA:149,10
DA:150,10
DA:151,10
DA:152,10
DA:155,10
DA:156,4
DA:157,2
DA:158,2
DA:159,2
DA:160,2
DA:161,1
DA:162,1
DA:163,1
DA:164,1
DA:165,1
DA:166,1
DA:168,1
DA:169,1
DA:170,1
DA:171,1
DA:173,1
DA:174,1
DA:175,1
DA:176,1
DA:177,1
DA:179,1
DA:180,1
DA:181,1
DA:182,1
DA:183,1
DA:184,1
DA:185,1
DA:187,1
DA:189,2
DA:190,2
DA:191,2
DA:192,2
DA:193,1
DA:194,1
DA:195,1
DA:196,1
DA:197,1
DA:198,1
DA:200,1
DA:201,1
DA:202,1
DA:203,1
DA:205,1
DA:206,1
DA:207,1
DA:208,1
DA:209,1
DA:210,1
DA:211,1
DA:213,1
DA:214,1
DA:215,1
DA:216,1
DA:217,1
DA:218,1
DA:219,1
DA:221,1
DA:223,2
DA:224,2
DA:225,2
DA:226,2
DA:227,1
DA:228,1
DA:229,1
DA:230,1
DA:231,1
DA:232,1
DA:234,1
DA:235,1
DA:236,1
DA:237,1
DA:239,1
DA:240,1
DA:241,1
DA:242,1
DA:243,1
DA:244,1
DA:245,1
DA:247,1
DA:248,1
DA:249,1
DA:250,1
DA:251,1
DA:252,1
DA:254,1
DA:257,10
DA:259,19
DA:260,19
DA:261,19
DA:262,19
DA:263,19
DA:264,19
DA:265,19
DA:266,12
DA:267,7
DA:269,7
DA:270,1
DA:271,1
DA:272,1
DA:273,1
DA:274,1
DA:277,6
DA:278,6
DA:279,6
DA:280,1
DA:281,1
DA:282,1
DA:283,1
DA:284,1
DA:285,5
DA:286,5
DA:287,1
DA:288,1
DA:289,1
DA:290,1
DA:291,1
DA:292,4
DA:293,4
DA:294,1
DA:295,1
DA:296,1
DA:297,1
DA:298,1
DA:299,3
DA:300,3
DA:301,1
DA:302,1
DA:303,1
DA:304,1
DA:305,1
DA:306,2
DA:308,2
DA:309,2
DA:310,2
DA:311,2
DA:312,2
DA:314,2
DA:315,2
DA:316,2
DA:317,2
DA:318,2
DA:320,2
DA:321,2
DA:322,2
DA:323,2
DA:324,2
DA:325,2
DA:327,2
DA:328,19
DA:330,9
DA:331,9
DA:332,9
DA:333,9
DA:334,9
DA:335,9
DA:336,6
DA:338,3
DA:339,1
DA:340,1
DA:341,1
DA:342,1
DA:343,1
DA:344,2
DA:345,2
DA:346,1
DA:347,1
DA:348,1
DA:349,1
DA:350,1
DA:351,1
DA:353,1
DA:354,1
DA:355,1
DA:356,0
DA:357,0
DA:358,0
DA:359,0
DA:360,0
DA:361,1
DA:362,1
DA:364,1
DA:365,1
DA:366,1
DA:367,1
DA:368,1
DA:369,1
DA:370,1
DA:371,1
DA:372,9
DA:374,8
DA:375,8
DA:376,8
DA:377,8
DA:378,8
DA:379,8
DA:380,8
DA:381,5
DA:382,1
DA:383,1
DA:384,1
DA:385,1
DA:386,16
DA:387,15
DA:388,15
DA:389,15
DA:390,15
DA:391,15
DA:392,15
DA:393,1
DA:394,1
DA:395,1
DA:396,1
DA:397,1
DA:398,1
DA:399,1
DA:400,1
DA:402,2
DA:403,2
DA:404,1
DA:405,1
DA:406,1
DA:407,1
DA:408,1
DA:409,1
DA:410,1
DA:411,1
DA:412,3
DA:413,3
DA:414,3
DA:415,3
DA:416,1
DA:417,1
DA:418,1
DA:419,1
DA:420,1
DA:421,1
DA:422,1
DA:423,1
DA:426,8
DA:428,8
DA:429,8
DA:430,8
DA:431,8
DA:432,8
DA:433,8
DA:434,5
DA:436,3
DA:437,3
DA:438,3
DA:439,3
DA:441,3
DA:442,1
DA:443,1
DA:444,1
DA:445,1
DA:446,1
DA:447,2
DA:449,2
DA:450,1
DA:451,1
DA:452,1
DA:453,1
DA:454,1
DA:455,1
DA:456,2
DA:457,8
DA:459,9
DA:460,9
DA:461,9
DA:462,9
DA:463,9
DA:464,9
DA:465,6
DA:468,3
DA:471,1
DA:472,1
DA:473,1
DA:475,0
DA:479,2
DA:481,2
DA:482,2
DA:483,2
DA:484,2
DA:485,1
DA:486,1
DA:487,1
DA:488,1
DA:489,1
DA:490,1
DA:492,1
DA:493,1
DA:494,1
DA:495,1
DA:496,1
DA:497,1
DA:499,1
DA:500,1
DA:501,1
DA:503,1
DA:504,1
DA:505,1
DA:506,1
DA:507,1
DA:508,1
DA:510,1
DA:511,9
DA:513,3
DA:514,3
DA:515,3
DA:516,3
DA:517,3
DA:518,3
DA:519,3
DA:521,7
DA:522,7
DA:523,7
DA:524,7
DA:525,7
DA:526,1
DA:527,1
DA:528,1
DA:529,1
DA:530,1
DA:531,6
DA:533,6
DA:534,6
DA:535,6
DA:536,6
DA:537,151
DA:538,146
DA:540,1
DA:541,1
DA:544,145
DA:545,145
DA:546,145
DA:547,145
DA:548,145
DA:549,145
DA:550,145
DA:553,5
DA:554,5
DA:555,5
DA:556,1
DA:557,1
DA:558,1
DA:559,1
DA:560,1
DA:561,4
DA:563,4
DA:564,4
DA:565,4
DA:566,4
DA:567,4
DA:569,1
DA:570,1
DA:573,3
DA:575,3
DA:576,7
DA:578,6
DA:579,6
DA:580,6
DA:581,6
DA:582,6
DA:583,6
DA:584,6
DA:585,6
DA:586,6
DA:587,6
DA:588,6
DA:589,6
DA:591,6
DA:592,6
DA:594,34795
DA:595,34795
DA:596,34795
DA:597,34795
DA:598,6
DA:599,6
DA:600,34789
DA:602,34789
DA:603,34789
DA:604,34788
DA:606,0
DA:607,0
DA:610,34788
DA:612,34788
DA:613,34599
DA:614,34599
DA:615,0
DA:616,0
DA:617,0
DA:618,0
DA:619,0
DA:620,0
DA:621,34599
DA:622,34599
DA:623,5
DA:624,34594
DA:625,34594
DA:626,189
DA:628,189
DA:629,189
DA:630,189
DA:631,0
DA:632,189
DA:633,189
DA:634,0
DA:635,0
DA:636,0
DA:637,0
DA:638,189
DA:641,5
DA:642,6
DA:644,34797
DA:645,34797
DA:646,34797
DA:647,34797
DA:648,34797
DA:649,34797
DA:650,34797
DA:651,34797
DA:652,159
DA:653,158
DA:655,1
DA:657,34638
DA:658,887
DA:659,885
DA:660,2
DA:661,1
DA:662,1
DA:663,1
DA:665,1
DA:668,33751
DA:669,33751
DA:670,33751
DA:671,33751
DA:672,33751
DA:673,33751
DA:674,33751
DA:675,33751
DA:676,3621
DA:677,30130
DA:678,12053
DA:679,12053
DA:680,12053
DA:681,12053
DA:683,18077
DA:687,34797
DA:688,34797
DA:689,1
DA:690,1
DA:691,1
DA:692,1
DA:693,1
DA:694,34796
DA:695,34796
DA:696,34797
DA:698,6
DA:699,6
DA:700,6
DA:701,6
DA:702,6
DA:703,6
DA:704,1
DA:705,1
DA:706,1
DA:707,1
DA:708,1
DA:709,5
DA:711,5
DA:712,13
DA:713,8
DA:714,1
DA:715,1
DA:717,7
DA:718,7
DA:719,7
DA:720,7
DA:721,7
DA:723,0
DA:725,7
DA:727,8
DA:730,5
DA:731,5
DA:732,36
DA:733,32
DA:735,1
DA:736,1
DA:739,31
DA:740,31
DA:741,186
DA:742,155
DA:743,930
DA:744,775
DA:745,775
DA:749,4
DA:750,1
DA:751,1
DA:752,1
DA:753,1
DA:754,1
DA:755,1
DA:756,6
DA:759,6
DA:760,27
DA:761,23
DA:762,23
DA:763,51
DA:764,51
DA:765,51
DA:766,12
DA:767,12
DA:768,39
DA:770,23
DA:771,2
DA:772,21
DA:774,21
DA:775,6
DA:776,6
DA:777,15
DA:779,21
DA:780,65
DA:781,65
DA:782,65
DA:783,21
DA:785,126
DA:786,105
DA:787,21
DA:788,84
DA:789,84
DA:790,84
DA:791,20
DA:792,64
DA:793,200
DA:794,200
DA:795,200
DA:796,64
DA:800,4
DA:801,6
DA:803,6
DA:804,6
DA:805,6
DA:806,6
DA:807,6
DA:808,6
DA:810,6
DA:811,3
DA:812,3
DA:813,3
DA:815,6
DA:817,3
DA:818,3
DA:819,3
DA:820,3
DA:821,3
DA:822,3
DA:824,3
DA:827,5
DA:828,2
DA:829,6
DA:831,2
DA:832,2
DA:834,3
DA:837,5
DA:838,5
DA:840,1
DA:841,1
DA:843,4
DA:846,5
DA:847,1
DA:848,1
DA:849,1
DA:850,1
DA:851,1
DA:852,4
DA:854,4
DA:855,4
DA:856,4
DA:857,4
DA:858,4
DA:859,4
DA:860,4
DA:861,4
DA:862,4
DA:863,4
DA:864,6
DA:866,7
DA:867,7
DA:868,7
DA:869,7
DA:870,7
DA:871,7
DA:872,6
DA:873,3
DA:874,3
DA:876,3
DA:877,3
DA:878,3
DA:879,3
DA:880,3
DA:881,1
DA:882,1
DA:883,1
DA:884,1
DA:885,2
DA:886,2
DA:887,2
DA:888,2
DA:889,2
DA:890,2
DA:891,2
DA:892,2
DA:894,2
DA:895,0
DA:896,0
DA:897,0
DA:898,0
DA:899,0
DA:900,2
DA:902,2
DA:903,2
DA:904,0
DA:905,0
DA:906,0
DA:907,0
DA:908,0
DA:909,2
DA:911,2
DA:912,2
DA:913,2
DA:915,0
DA:917,2
DA:918,2
DA:919,2
DA:920,2
DA:921,2
DA:922,7
DA:924,7
DA:925,7
DA:926,7
DA:927,7
DA:928,7
DA:929,1
DA:930,5
DA:931,6
DA:932,1
DA:933,5
DA:934,6
DA:935,2
DA:936,4
DA:937,6
DA:938,4
DA:939,1
DA:940,1
DA:941,1
DA:942,1
DA:943,1
DA:944,1
DA:946,6
DA:947,2
DA:948,4
DA:949,6
DA:950,7
DA:952,6
DA:953,6
DA:954,6
DA:955,6
DA:956,6
DA:957,1
DA:958,6
DA:960,1
DA:961,1
DA:962,1
DA:963,1
DA:964,1
DA:965,0
DA:967,5
DA:969,6
DA:971,3
DA:972,3
DA:973,3
DA:974,3
DA:975,3
DA:976,3
DA:977,3
DA:978,3
DA:979,3
DA:980,1
DA:981,1
DA:982,1
DA:983,1
DA:984,1
DA:985,2
DA:986,2
DA:987,3
DA:989,7
DA:990,7
DA:991,7
DA:992,7
DA:993,7
DA:994,7
DA:995,1
DA:996,1
DA:997,1
DA:998,1
DA:999,6
DA:1000,6
DA:1001,7
DA:1003,6
DA:1004,6
DA:1005,6
DA:1006,6
DA:1007,6
DA:1009,3
DA:1012,1
DA:1015,1
DA:1016,1
DA:1017,1
DA:1018,1
DA:1019,1
DA:1021,0
DA:1022,1
DA:1025,1
DA:1028,1
DA:1029,1
DA:1030,1
DA:1031,1
DA:1032,1
DA:1033,1
DA:1035,0
DA:1036,1
DA:1039,1
DA:1042,1
DA:1043,1
DA:1044,1
DA:1045,1
DA:1046,1
DA:1047,1
DA:1049,0
DA:1050,1
DA:1053,6
DA:1055,14
DA:1056,14
DA:1057,14
DA:1058,14
DA:1059,10
DA:1060,4
DA:1061,4
DA:1062,2
DA:1063,2
DA:1064,2
DA:1065,2
DA:1066,2
DA:1068,2
DA:1069,2
DA:1070,2
DA:1071,14
DA:1073,11
DA:1074,11
DA:1075,11
DA:1076,11
DA:1077,11
DA:1078,11
DA:1079,3
DA:1080,8
DA:1081,8
DA:1082,1
DA:1083,1
DA:1084,1
DA:1085,1
DA:1086,1
DA:1089,7
DA:1090,7
DA:1091,1
DA:1092,6
DA:1094,6
DA:1095,6
DA:1096,1
DA:1097,1
DA:1098,1
DA:1099,1
DA:1100,1
DA:1101,5
DA:1103,5
DA:1104,5
DA:1105,1
DA:1106,1
DA:1107,1
DA:1108,1
DA:1109,1
DA:1110,4
DA:1112,4
DA:1113,4
DA:1114,4
DA:1115,1
DA:1116,1
DA:1117,1
DA:1118,1
DA:1119,1
DA:1120,3
DA:1122,3
DA:1123,11
DA:1125,8
DA:1126,8
DA:1127,8
DA:1128,8
DA:1129,8
DA:1130,8
DA:1131,2
DA:1133,6
DA:1134,1
DA:1135,5
DA:1136,5
DA:1137,1
DA:1138,1
DA:1139,1
DA:1140,1
DA:1141,1
DA:1142,4
DA:1143,4
DA:1144,1
DA:1145,1
DA:1146,1
DA:1147,1
DA:1148,1
DA:1149,3
DA:1151,3
DA:1152,3
DA:1153,3
DA:1154,0
DA:1155,0
DA:1156,0
DA:1157,0
DA:1158,0
DA:1159,3
DA:1161,3
DA:1162,3
DA:1163,3
DA:1165,0
DA:1166,0
DA:1169,3
DA:1171,3
DA:1172,3
DA:1173,3
DA:1174,3
DA:1175,3
DA:1176,3
DA:1177,3
DA:1178,3
DA:1179,3
DA:1180,3
DA:1181,1
DA:1182,1
DA:1183,1
DA:1184,1
DA:1185,1
DA:1186,2
DA:1187,2
DA:1188,8
DA:1190,9
DA:1191,9
DA:1192,1
DA:1193,1
DA:1194,1
DA:1195,8
DA:1196,1
DA:1197,1
DA:1198,1
DA:1199,7
DA:1200,5
DA:1201,5
DA:1202,5
DA:1203,2
DA:1204,1
DA:1205,1
DA:1206,1
DA:1208,1
DA:1209,1
DA:1210,1
DA:1212,9
DA:1214,8
DA:1215,8
DA:1216,8
DA:1217,8
DA:1218,8
DA:1219,8
DA:1220,1
DA:1221,2
DA:1222,2
DA:1223,0
DA:1224,2
DA:1225,2
DA:1226,2
DA:1227,2
DA:1228,2
DA:1229,1
DA:1230,1
DA:1231,1
DA:1232,1
DA:1233,1
DA:1234,1
DA:1235,1
DA:1237,5
DA:1238,5
DA:1239,1
DA:1240,4
DA:1241,4
DA:1242,1
DA:1243,0
DA:1244,0
DA:1245,0
DA:1246,0
DA:1247,0
DA:1248,0
DA:1249,1
DA:1250,1
DA:1251,1
DA:1252,1
DA:1253,1
DA:1254,3
DA:1255,3
DA:1256,3
DA:1257,3
DA:1258,3
DA:1259,3
DA:1260,3
DA:1264,8
DA:1266,7
DA:1267,7
DA:1268,7
DA:1269,7
DA:1270,7
DA:1271,7
DA:1272,7
DA:1273,7
DA:1274,7
DA:1276,12
DA:1277,12
DA:1279,2
DA:1280,2
DA:1281,1
DA:1283,1
DA:1287,10
DA:1288,10
DA:1289,1
DA:1290,1
DA:1291,1
DA:1292,1
DA:1293,1
DA:1294,9
DA:1295,9
DA:1296,1
DA:1297,1
DA:1298,1
DA:1299,8
DA:1300,8
DA:1301,8
DA:1304,3
DA:1305,1
DA:1306,2
DA:1308,2
DA:1309,2
DA:1310,2
DA:1311,2
DA:1312,2
DA:1313,2
DA:1314,2
DA:1315,2
DA:1316,7
DA:1318,9
DA:1319,9
DA:1320,9
DA:1321,9
DA:1322,9
DA:1323,9
DA:1324,1
DA:1327,8
DA:1328,1
DA:1329,7
DA:1330,7
DA:1331,7
DA:1332,5
DA:1333,5
DA:1334,3
DA:1335,1
DA:1336,1
DA:1337,1
DA:1338,1
DA:1339,1
DA:1340,2
DA:1341,2
DA:1342,2
DA:1343,2
DA:1345,2
DA:1348,2
DA:1350,6
DA:1351,6
DA:1352,1
DA:1353,1
DA:1354,1
DA:1355,1
DA:1356,1
DA:1357,5
DA:1358,5
DA:1359,9
DA:1361,10
DA:1362,10
DA:1363,10
DA:1364,10
DA:1365,10
DA:1366,10
DA:1367,6
DA:1369,4
DA:1372,1
DA:1373,1
DA:1374,0
DA:1376,1
DA:1380,3
DA:1381,3
DA:1382,3
DA:1383,3
DA:1384,1
DA:1385,1
DA:1386,1
DA:1387,1
DA:1388,1
DA:1389,2
DA:1391,2
DA:1392,2
DA:1393,2
DA:1394,2
DA:1395,2
DA:1396,1
DA:1397,1
DA:1398,1
DA:1399,1
DA:1400,1
DA:1401,1
DA:1403,1
DA:1404,1
DA:1405,1
DA:1406,0
DA:1407,0
DA:1408,0
DA:1409,0
DA:1410,0
DA:1411,1
DA:1412,1
DA:1413,10
DA:1415,5
DA:1416,5
DA:1417,5
DA:1418,5
DA:1419,5
DA:1420,5
DA:1421,5
DA:1422,1
DA:1423,1
DA:1424,1
DA:1425,1
DA:1426,1
DA:1427,4
DA:1428,4
DA:1429,5
DA:1431,18
DA:1432,18
DA:1433,18
DA:1434,18
DA:1435,18
DA:1436,18
DA:1437,18
DA:1438,18
DA:1439,1
DA:1440,0
DA:1441,0
DA:1442,0
DA:1443,0
DA:1444,0
DA:1445,0
DA:1446,1
DA:1447,1
DA:1448,1
DA:1449,1
DA:1450,1
DA:1451,17
DA:1453,17
DA:1454,17
DA:1455,41
DA:1456,41
DA:1457,1
DA:1458,1
DA:1459,1
DA:1460,1
DA:1461,40
DA:1462,40
DA:1463,1
DA:1464,1
DA:1465,1
DA:1466,1
DA:1467,39
DA:1468,39
DA:1469,1
DA:1470,1
DA:1471,1
DA:1472,1
DA:1473,1
DA:1474,38
DA:1475,38
DA:1476,38
DA:1477,1
DA:1478,1
DA:1479,1
DA:1480,1
DA:1481,1
DA:1482,37
DA:1484,37
DA:1485,37
DA:1488,13
DA:1489,0
DA:1490,0
DA:1491,0
DA:1492,0
DA:1493,0
DA:1494,0
DA:1495,13
DA:1496,13
DA:1497,13
DA:1499,13
DA:1500,13
DA:1501,37
DA:1502,37
DA:1503,37
DA:1504,37
DA:1505,37
DA:1506,13
DA:1507,1
DA:1508,1
DA:1509,1
DA:1510,1
DA:1511,1
DA:1512,12
DA:1514,12
DA:1515,12
DA:1516,12
DA:1517,12
DA:1519,0
DA:1520,0
DA:1522,12
DA:1523,12
DA:1525,1
DA:1526,1
DA:1529,11
DA:1531,11
DA:1532,18
DA:1545,88
DA:1546,88
DA:1547,88
DA:1548,0
DA:1550,88
DA:1553,23
DA:1554,23
DA:1555,23
DA:1556,23
DA:1559,2
DA:1560,2
DA:1561,2
DA:1562,2
DA:1563,2
DA:1564,2
DA:1565,2
DA:1566,2
DA:1567,2
DA:1569,0
DA:1570,0
DA:1573,2
DA:1576,1
DA:1577,1
DA:1578,1
DA:1579,1
DA:1581,0
DA:1582,0
DA:1585,1
DA:1587,33
DA:1588,33
DA:1589,33
DA:1590,33
DA:1591,33
DA:1592,33
DA:1593,33
DA:1594,33
DA:1595,33
DA:1596,33
DA:1597,33
DA:1598,33
DA:1599,33
DA:1600,33
DA:1601,33
DA:1602,33
DA:1603,33
DA:1604,33
DA:1605,33
DA:1606,33
DA:1607,33
DA:1608,33
DA:1609,33
DA:1610,33
DA:1611,33
DA:1612,33
DA:1613,33
DA:1614,33
DA:1615,33
DA:1616,33
DA:1617,33
DA:1618,33
DA:1619,33
DA:1620,33
DA:1621,33
DA:1622,33
DA:1623,33
DA:1624,33
DA:1625,33
DA:1626,33
DA:1627,33
DA:1628,33
DA:1629,33
DA:1630,33
DA:1631,33
DA:1632,33
DA:1633,33
DA:1634,33
DA:1635,33
DA:1636,33
DA:1637,33
DA:1638,33
DA:1639,33
DA:1640,33
DA:1641,33
DA:1642,33
DA:1643,33
DA:1644,33
DA:1646,16
DA:1647,16
DA:1648,16
DA:1649,16
DA:1650,16
DA:1651,16
DA:1652,16
DA:1653,16
DA:1654,16
DA:1655,16
DA:1656,16
DA:1657,16
DA:1658,16
DA:1659,16
DA:1660,16
DA:1661,16
DA:1662,16
DA:1663,16
DA:1664,16
DA:1666,2
DA:1667,2
DA:1668,2
DA:1669,2
DA:1670,2
DA:1671,2
DA:1672,2
DA:1673,2
DA:1674,2
DA:1675,2
DA:1676,2
DA:1677,2
DA:1678,2
DA:1679,2
DA:1680,2
DA:1681,2
DA:1682,2
DA:1683,2
DA:1684,2
DA:1685,2
DA:1687,2
DA:1688,2
DA:1689,2
DA:1690,2
DA:1691,2
DA:1692,2
DA:1693,2
DA:1694,2
DA:1695,2
DA:1696,2
DA:1697,2
DA:1698,2
DA:1699,2
DA:1700,2
DA:1701,2
DA:1702,2
DA:1703,2
DA:1704,2
DA:1705,2
DA:1706,2
DA:1707,2
DA:1709,39
DA:1710,39
DA:1711,39
DA:1712,39
DA:1713,39
DA:1714,39
DA:1715,39
DA:1716,39
DA:1717,39
DA:1718,39
DA:1719,39
DA:1720,39
DA:1721,39
DA:1722,39
DA:1723,39
DA:1724,39
DA:1725,39
DA:1726,39
DA:1727,39
DA:1728,39
DA:1729,39
DA:1730,39
DA:1732,16
DA:1733,16
DA:1734,16
DA:1735,16
DA:1736,16
DA:1737,16
DA:1738,16
DA:1739,16
DA:1740,16
DA:1741,16
DA:1743,15
DA:1744,15
DA:1745,15
DA:1746,15
DA:1747,15
DA:1748,15
DA:1749,15
DA:1750,15
DA:1751,15
DA:1752,15
DA:1754,2
DA:1755,2
DA:1756,2
DA:1757,2
DA:1758,2
DA:1759,2
DA:1760,2
DA:1761,2
DA:1762,2
DA:1763,2
DA:1764,2
DA:1765,2
DA:1766,2
DA:1767,2
DA:1768,2
DA:1769,2
DA:1770,2
DA:1772,16
DA:1773,16
DA:1774,16
DA:1775,16
DA:1776,16
DA:1777,16
DA:1778,16
DA:1779,16
DA:1780,16
DA:1782,19
DA:1783,19
DA:1784,19
DA:1785,19
DA:1786,19
DA:1787,19
DA:1788,19
DA:1789,19
DA:1790,19
DA:1791,19
DA:1792,19
DA:1793,19
DA:1794,19
DA:1795,19
DA:1796,19
DA:1797,19
DA:1798,19
DA:1799,19
DA:1800,19
DA:1801,19
DA:1802,19
DA:1803,19
DA:1804,19
DA:1806,15
DA:1807,15
DA:1808,15
DA:1809,15
DA:1810,15
DA:1811,15
DA:1812,15
DA:1813,15
DA:1814,15
DA:1815,15
DA:1816,15
DA:1817,15
DA:1818,15
DA:1819,15
DA:1820,15
DA:1821,15
DA:1822,15
DA:1823,15
DA:1824,15
DA:1825,15
DA:1826,15
DA:1827,15
DA:1828,15
DA:1829,15
DA:1830,15
DA:1833,1
DA:1834,1
DA:1835,1
DA:1836,1
DA:1837,1
DA:1838,1
DA:1839,1
DA:1840,1
DA:1841,1
DA:1843,1
DA:1844,1
DA:1845,16
DA:1846,15
DA:1847,15
DA:1848,15
DA:1849,1
DA:1852,1
DA:1853,1
DA:1854,1
DA:1855,1
DA:1856,1
DA:1857,1
DA:1858,1
DA:1859,1
DA:1860,1
DA:1861,1
DA:1862,1
DA:1863,1
DA:1865,1
DA:1866,1
DA:1867,16
DA:1868,15
DA:1870,1
DA:1871,1
DA:1872,1
DA:1874,1
DA:1875,1
DA:1876,1
DA:1877,1
DA:1878,1
DA:1879,1
DA:1880,1
DA:1881,1
DA:1882,1
DA:1883,1
DA:1884,1
DA:1885,1
DA:1886,1
DA:1887,1
DA:1888,1
DA:1889,1
DA:1890,1
DA:1891,1
DA:1892,1
DA:1893,1
DA:1894,1
DA:1895,1
DA:1896,1
DA:1897,1
DA:1898,1
DA:1899,1
DA:1900,1
DA:1901,1
DA:1902,1
DA:1905,1
DA:1906,2
DA:1907,2
DA:1908,2
DA:1909,2
DA:1910,2
DA:1911,2
DA:1912,2
DA:1913,2
DA:1914,2
DA:1915,2
DA:1916,2
DA:1917,2
DA:1918,2
DA:1919,2
DA:1920,2
DA:1921,1
DA:1924,1
DA:1925,1
DA:1926,1
DA:1927,1
DA:1928,1
DA:1929,1
DA:1930,1
DA:1931,1
DA:1933,1
DA:1934,1
DA:1935,1
DA:1936,1
DA:1938,1
DA:1939,1
DA:1940,1
DA:1941,1
DA:1942,1
DA:1943,1
DA:1946,1
DA:1947,1
DA:1948,1
DA:1949,1
DA:1950,1
DA:1951,47
DA:1953,1
DA:1954,1
DA:1955,1
DA:1956,1
DA:1957,1
DA:1958,1
DA:1959,1
DA:1960,1
DA:1961,1
DA:1962,1
DA:1963,1
DA:1966,1
DA:1967,8
DA:1968,1
DA:1969,1
DA:1970,1
DA:1971,1
DA:1972,1
DA:1973,1
DA:1974,1
DA:1975,1
DA:1977,8
DA:1978,8
DA:1980,1
DA:1983,1
DA:1984,1
DA:1985,1
DA:1986,5
DA:1988,1
DA:1989,1
DA:1990,1
DA:1991,1
DA:1992,1
DA:1993,1
DA:1994,1
DA:1995,1
DA:1996,1
DA:1997,5
DA:1998,5
DA:1999,5
DA:2001,1
DA:2002,1
DA:2003,1
DA:2004,1
DA:2005,1
DA:2008,1
DA:2009,1
DA:2010,1
DA:2011,1
DA:2013,1
DA:2014,1
DA:2015,1
DA:2016,1
DA:2017,1
DA:2018,1
DA:2021,1
DA:2024,1
DA:2025,1
DA:2026,1
DA:2029,1
DA:2030,1
DA:2031,1
DA:2034,1
DA:2035,1
DA:2036,1
DA:2039,1
DA:2040,1
DA:2041,1
DA:2044,1
DA:2045,1
DA:2046,1
DA:2049,1
DA:2050,1
DA:2051,1
DA:2054,1
DA:2055,1
DA:2056,1
DA:2059,1
DA:2060,1
DA:2061,1
DA:2063,1
DA:2064,1
DA:2065,1
DA:2067,1
DA:2068,1
DA:2069,1
DA:2071,1
DA:2072,1
DA:2074,1
DA:2075,1
DA:2076,1
DA:2079,1
DA:2080,1
DA:2081,1
DA:2084,1
DA:2085,1
DA:2086,1
DA:2088,1
DA:2089,1
DA:2090,1
DA:2093,1
DA:2094,1
DA:2095,1
DA:2096,1
DA:2097,1
DA:2099,1
DA:2102,1
DA:2103,1
DA:2104,1
DA:2105,1
DA:2106,1
DA:2108,1
DA:2109,1
DA:2110,1
DA:2112,1
DA:2113,1
DA:2114,1
DA:2116,1
DA:2117,1
DA:2118,1
DA:2119,1
DA:2120,1
DA:2121,1
DA:2122,1
DA:2123,1
DA:2124,1
DA:2126,1
DA:2128,1
DA:2129,1
DA:2130,1
DA:2131,1
DA:2132,1
DA:2133,1
DA:2134,1
DA:2135,1
DA:2136,1
DA:2137,1
DA:2138,1
DA:2139,1
DA:2140,1
DA:2142,1
DA:2144,1
DA:2145,1
DA:2146,1
DA:2147,1
DA:2148,1
DA:2149,1
DA:2150,1
DA:2151,1
DA:2152,1
DA:2153,1
DA:2154,1
DA:2157,1
DA:2158,1
DA:2159,1
DA:2160,1
DA:2163,1
DA:2164,1
DA:2165,1
DA:2166,1
DA:2167,0
DA:2170,1
DA:2171,1
DA:2172,1
DA:2173,1
DA:2174,1
DA:2177,1
DA:2178,1
DA:2179,1
DA:2180,1
DA:2181,1
DA:2185,1
DA:2186,1
DA:2187,1
DA:2188,1
DA:2189,1
DA:2190,1
DA:2191,1
DA:2193,1
DA:2194,1
DA:2195,1
DA:2196,1
DA:2197,1
DA:2199,1
DA:2200,1
DA:2201,1
DA:2202,1
DA:2203,1
DA:2204,1
DA:2205,1
DA:2208,1
DA:2209,1
DA:2210,1
DA:2211,1
DA:2212,1
DA:2213,1
DA:2214,1
DA:2215,1
DA:2218,1
DA:2219,3
DA:2220,3
DA:2221,1
DA:2222,1
DA:2223,1
DA:2224,0
DA:2226,3
DA:2227,3
DA:2228,3
DA:2229,3
DA:2232,1
DA:2233,1
DA:2234,1
DA:2235,1
DA:2236,1
DA:2238,1
DA:2239,1
DA:2240,1
DA:2242,1
DA:2243,1
DA:2244,1
DA:2246,1
DA:2247,1
DA:2248,1
DA:2250,1
DA:2251,1
DA:2252,1
DA:2254,1
DA:2255,1
DA:2256,1
DA:2258,1
DA:2259,1
DA:2260,1
DA:2261,1
DA:2262,1
DA:2263,1
DA:2264,1
DA:2265,1
DA:2266,1
DA:2267,1
DA:2269,1
DA:2270,1
DA:2271,1
DA:2272,1
DA:2275,1
DA:2276,1
DA:2277,1
DA:2278,1
DA:2280,1
DA:2281,1
DA:2282,1
DA:2283,1
DA:2284,1
DA:2285,1
DA:2286,1
DA:2288,1
DA:2289,1
DA:2290,1
DA:2292,1
DA:2293,1
DA:2294,1
DA:2296,1
DA:2297,1
DA:2298,1
DA:2299,1
DA:2300,1
DA:2301,1
DA:2302,1
DA:2303,1
DA:2305,1
DA:2306,1
DA:2307,1
DA:2308,1
DA:2309,1
DA:2310,1
DA:2311,1
DA:2312,1
DA:2313,1
DA:2314,1
DA:2316,1
DA:2318,1
DA:2319,1
DA:2320,1
DA:2322,1
DA:2323,1
DA:2324,1
DA:2325,1
DA:2328,1
DA:2329,1
DA:2330,1
DA:2331,1
DA:2332,1
DA:2333,1
DA:2334,1
DA:2336,1
DA:2337,1
DA:2338,1
DA:2339,1
DA:2340,1
DA:2341,1
DA:2342,1
DA:2344,1
DA:2345,1
DA:2346,1
DA:2347,1
DA:2348,1
DA:2349,1
DA:2350,1
DA:2351,1
DA:2354,1
DA:2355,6
DA:2356,5
DA:2359,1
DA:2360,1
DA:2361,1
DA:2362,1
DA:2363,1
DA:2364,1
DA:2365,1
DA:2368,1
DA:2369,1
DA:2370,1
DA:2371,1
DA:2372,1
DA:2373,1
DA:2374,1
DA:2375,1
DA:2376,1
DA:2377,1
DA:2378,1
DA:2380,1
DA:2381,1
DA:2382,1
DA:2384,1
DA:2385,1
DA:2386,1
DA:2387,1
DA:2388,1
DA:2390,1
DA:2391,1
DA:2392,1
DA:2393,1
DA:2395,1
BRF:0
BRH:0
LF:1975
LH:1891
end_of_record
SF:/home/workdir/openWEPP/crates/openwepp-watershed-orchestrator/src/runtime_inputs_mod/types.rs
FN:20,_RNvMNtNtNtCsfrHcwpvqclA_31openwepp_watershed_orchestrator14runtime_inputs18runtime_inputs_mod5typesNtB2_26WatershedRuntimeInputError4code
FN:29,_RNvXs_NtNtNtCsfrHcwpvqclA_31openwepp_watershed_orchestrator14runtime_inputs18runtime_inputs_mod5typesNtB4_26WatershedRuntimeInputErrorNtNtCs3XFJfFEDSOQ_4core3fmt7Display3fmt
FNDA:1,_RNvMNtNtNtCsfrHcwpvqclA_31openwepp_watershed_orchestrator14runtime_inputs18runtime_inputs_mod5typesNtB2_26WatershedRuntimeInputError4code
FNDA:1,_RNvXs_NtNtNtCsfrHcwpvqclA_31openwepp_watershed_orchestrator14runtime_inputs18runtime_inputs_mod5typesNtB4_26WatershedRuntimeInputErrorNtNtCs3XFJfFEDSOQ_4core3fmt7Display3fmt
FNF:2
FNH:2
DA:20,1
DA:21,1
DA:22,1
DA:23,0
DA:25,1
DA:29,1
DA:30,1
DA:31,1
DA:32,1
DA:33,1
DA:34,1
DA:39,0
DA:40,0
DA:41,0
DA:42,0
DA:43,0
DA:44,0
DA:45,0
DA:51,1
BRF:0
BRH:0
LF:19
LH:11
end_of_record