SF:/home/workdir/openWEPP/crates/openwepp-runner/src/api.rs
FN:82,_RNvMs0_NtCsi5r58ZfSbaD_15openwepp_runner3apiNtB5_31HillslopeRuntimeSelectionPolicy18default_activation
FN:77,_RNvMs0_NtCsi5r58ZfSbaD_15openwepp_runner3apiNtB5_31HillslopeRuntimeSelectionPolicy9requested
FN:35,_RNvMNtCsi5r58ZfSbaD_15openwepp_runner3apiNtB2_25HillslopeRuntimeSelection6as_str
FN:66,_RNvMs0_NtCsi5r58ZfSbaD_15openwepp_runner3apiNtB5_31HillslopeRuntimeSelectionPolicy3new
FN:87,_RNvMs0_NtCsi5r58ZfSbaD_15openwepp_runner3apiNtB5_31HillslopeRuntimeSelectionPolicy7resolve
FN:140,_RNvMs1_NtCsi5r58ZfSbaD_15openwepp_runner3apiNtB5_35HillslopeRuntimeSelectionResolution15fallback_reason
FN:135,_RNvMs1_NtCsi5r58ZfSbaD_15openwepp_runner3apiNtB5_35HillslopeRuntimeSelectionResolution16selection_reason
FN:130,_RNvMs1_NtCsi5r58ZfSbaD_15openwepp_runner3apiNtB5_35HillslopeRuntimeSelectionResolution18default_activation
FN:125,_RNvMs1_NtCsi5r58ZfSbaD_15openwepp_runner3apiNtB5_35HillslopeRuntimeSelectionResolution8selected
FN:120,_RNvMs1_NtCsi5r58ZfSbaD_15openwepp_runner3apiNtB5_35HillslopeRuntimeSelectionResolution9requested
FN:51,_RNvMs_NtCsi5r58ZfSbaD_15openwepp_runner3apiNtB4_33HillslopeDefaultRuntimeActivation6as_str
FNDA:0,_RNvMs0_NtCsi5r58ZfSbaD_15openwepp_runner3apiNtB5_31HillslopeRuntimeSelectionPolicy18default_activation
FNDA:0,_RNvMs0_NtCsi5r58ZfSbaD_15openwepp_runner3apiNtB5_31HillslopeRuntimeSelectionPolicy9requested
FNDA:26,_RNvMNtCsi5r58ZfSbaD_15openwepp_runner3apiNtB2_25HillslopeRuntimeSelection6as_str
FNDA:10,_RNvMs0_NtCsi5r58ZfSbaD_15openwepp_runner3apiNtB5_31HillslopeRuntimeSelectionPolicy3new
FNDA:12,_RNvMs0_NtCsi5r58ZfSbaD_15openwepp_runner3apiNtB5_31HillslopeRuntimeSelectionPolicy7resolve
FNDA:9,_RNvMs1_NtCsi5r58ZfSbaD_15openwepp_runner3apiNtB5_35HillslopeRuntimeSelectionResolution15fallback_reason
FNDA:9,_RNvMs1_NtCsi5r58ZfSbaD_15openwepp_runner3apiNtB5_35HillslopeRuntimeSelectionResolution16selection_reason
FNDA:9,_RNvMs1_NtCsi5r58ZfSbaD_15openwepp_runner3apiNtB5_35HillslopeRuntimeSelectionResolution18default_activation
FNDA:20,_RNvMs1_NtCsi5r58ZfSbaD_15openwepp_runner3apiNtB5_35HillslopeRuntimeSelectionResolution8selected
FNDA:9,_RNvMs1_NtCsi5r58ZfSbaD_15openwepp_runner3apiNtB5_35HillslopeRuntimeSelectionResolution9requested
FNDA:8,_RNvMs_NtCsi5r58ZfSbaD_15openwepp_runner3apiNtB4_33HillslopeDefaultRuntimeActivation6as_str
FNF:11
FNH:9
DA:35,26
DA:36,26
DA:37,3
DA:38,23
DA:40,26
DA:51,8
DA:52,8
DA:53,8
DA:55,8
DA:66,10
DA:67,10
DA:68,10
DA:69,10
DA:70,10
DA:71,10
DA:72,10
DA:73,10
DA:74,10
DA:77,0
DA:78,0
DA:79,0
DA:82,0
DA:83,0
DA:84,0
DA:87,12
DA:88,12
DA:89,4
DA:90,4
DA:91,4
DA:92,4
DA:93,4
DA:94,4
DA:95,4
DA:97,8
DA:98,8
DA:99,8
DA:100,8
DA:101,8
DA:102,8
DA:103,8
DA:106,12
DA:120,9
DA:121,9
DA:122,9
DA:125,20
DA:126,20
DA:127,20
DA:130,9
DA:131,9
DA:132,9
DA:135,9
DA:136,9
DA:137,9
DA:140,9
DA:141,9
DA:142,9
BRF:0
BRH:0
LF:56
LH:50
end_of_record
SF:/home/workdir/openWEPP/crates/openwepp-runner/src/errors.rs
FN:35,_RNvMNtCsi5r58ZfSbaD_15openwepp_runner6errorsNtB2_20ReleaseMetadataError4code
FN:359,_RNvMs7_NtCsi5r58ZfSbaD_15openwepp_runner6errorsNtB5_17HillslopeCliError4code
FN:498,_RNvNtCsi5r58ZfSbaD_15openwepp_runner6errors34format_hillslope_topology_mismatch
FN:386,_RNvXs8_NtCsi5r58ZfSbaD_15openwepp_runner6errorsNtB5_17HillslopeCliErrorNtNtCs3XFJfFEDSOQ_4core3fmt7Display3fmt
FN:47,_RNvXs_NtCsi5r58ZfSbaD_15openwepp_runner6errorsNtB4_20ReleaseMetadataErrorNtNtCs3XFJfFEDSOQ_4core3fmt7Display3fmt
FN:119,_RNvMs1_NtCsi5r58ZfSbaD_15openwepp_runner6errorsNtB5_16ReleaseLintError4code
FN:232,_RNvMs4_NtCsi5r58ZfSbaD_15openwepp_runner6errorsNtB5_11RunnerError4code
FN:73,_RNvXs0_NtCsi5r58ZfSbaD_15openwepp_runner6errorsNtB5_20ReleaseMetadataErrorNtNtCs3XFJfFEDSOQ_4core5error5Error6source
FN:133,_RNvXs2_NtCsi5r58ZfSbaD_15openwepp_runner6errorsNtB5_16ReleaseLintErrorNtNtCs3XFJfFEDSOQ_4core3fmt7Display3fmt
FN:206,_RNvXs3_NtCsi5r58ZfSbaD_15openwepp_runner6errorsNtB5_16ReleaseLintErrorNtNtCs3XFJfFEDSOQ_4core5error5Error6source
FN:245,_RNvXs5_NtCsi5r58ZfSbaD_15openwepp_runner6errorsNtB5_11RunnerErrorNtNtCs3XFJfFEDSOQ_4core3fmt7Display3fmt
FN:273,_RNvXs6_NtCsi5r58ZfSbaD_15openwepp_runner6errorsNtB5_11RunnerErrorNtNtCs3XFJfFEDSOQ_4core5error5Error6source
FN:526,_RNvXs9_NtCsi5r58ZfSbaD_15openwepp_runner6errorsNtB5_17HillslopeCliErrorNtNtCs3XFJfFEDSOQ_4core5error5Error6source
FNDA:0,_RNvMNtCsi5r58ZfSbaD_15openwepp_runner6errorsNtB2_20ReleaseMetadataError4code
FNDA:43,_RNvMs7_NtCsi5r58ZfSbaD_15openwepp_runner6errorsNtB5_17HillslopeCliError4code
FNDA:0,_RNvNtCsi5r58ZfSbaD_15openwepp_runner6errors34format_hillslope_topology_mismatch
FNDA:43,_RNvXs8_NtCsi5r58ZfSbaD_15openwepp_runner6errorsNtB5_17HillslopeCliErrorNtNtCs3XFJfFEDSOQ_4core3fmt7Display3fmt
FNDA:0,_RNvXs_NtCsi5r58ZfSbaD_15openwepp_runner6errorsNtB4_20ReleaseMetadataErrorNtNtCs3XFJfFEDSOQ_4core3fmt7Display3fmt
FNDA:0,_RNvMs1_NtCsi5r58ZfSbaD_15openwepp_runner6errorsNtB5_16ReleaseLintError4code
FNDA:0,_RNvMs4_NtCsi5r58ZfSbaD_15openwepp_runner6errorsNtB5_11RunnerError4code
FNDA:0,_RNvXs0_NtCsi5r58ZfSbaD_15openwepp_runner6errorsNtB5_20ReleaseMetadataErrorNtNtCs3XFJfFEDSOQ_4core5error5Error6source
FNDA:0,_RNvXs2_NtCsi5r58ZfSbaD_15openwepp_runner6errorsNtB5_16ReleaseLintErrorNtNtCs3XFJfFEDSOQ_4core3fmt7Display3fmt
FNDA:0,_RNvXs3_NtCsi5r58ZfSbaD_15openwepp_runner6errorsNtB5_16ReleaseLintErrorNtNtCs3XFJfFEDSOQ_4core5error5Error6source
FNDA:0,_RNvXs5_NtCsi5r58ZfSbaD_15openwepp_runner6errorsNtB5_11RunnerErrorNtNtCs3XFJfFEDSOQ_4core3fmt7Display3fmt
FNDA:0,_RNvXs6_NtCsi5r58ZfSbaD_15openwepp_runner6errorsNtB5_11RunnerErrorNtNtCs3XFJfFEDSOQ_4core5error5Error6source
FNDA:0,_RNvXs9_NtCsi5r58ZfSbaD_15openwepp_runner6errorsNtB5_17HillslopeCliErrorNtNtCs3XFJfFEDSOQ_4core5error5Error6source
FNF:13
FNH:2
DA:35,0
DA:36,0
DA:37,0
DA:38,0
DA:39,0
DA:40,0
DA:41,0
DA:43,0
DA:47,0
DA:48,0
DA:49,0
DA:50,0
DA:51,0
DA:52,0
DA:53,0
DA:55,0
DA:56,0
DA:58,0
DA:59,0
DA:60,0
DA:61,0
DA:62,0
DA:64,0
DA:65,0
DA:66,0
DA:69,0
DA:73,0
DA:74,0
DA:75,0
DA:76,0
DA:77,0
DA:79,0
DA:119,0
DA:120,0
DA:121,0
DA:127,0
DA:129,0
DA:133,0
DA:134,0
DA:135,0
DA:136,0
DA:137,0
DA:138,0
DA:139,0
DA:141,0
DA:142,0
DA:143,0
DA:144,0
DA:146,0
DA:147,0
DA:148,0
DA:149,0
DA:150,0
DA:153,0
DA:154,0
DA:155,0
DA:156,0
DA:157,0
DA:158,0
DA:159,0
DA:162,0
DA:163,0
DA:164,0
DA:165,0
DA:166,0
DA:167,0
DA:168,0
DA:169,0
DA:170,0
DA:174,0
DA:175,0
DA:176,0
DA:177,0
DA:178,0
DA:179,0
DA:180,0
DA:181,0
DA:186,0
DA:187,0
DA:188,0
DA:189,0
DA:190,0
DA:191,0
DA:195,0
DA:196,0
DA:197,0
DA:198,0
DA:199,0
DA:202,0
DA:206,0
DA:207,0
DA:208,0
DA:209,0
DA:215,0
DA:217,0
DA:232,0
DA:233,0
DA:234,0
DA:235,0
DA:236,0
DA:237,0
DA:238,0
DA:239,0
DA:241,0
DA:245,0
DA:246,0
DA:247,0
DA:248,0
DA:250,0
DA:251,0
DA:252,0
DA:253,0
DA:254,0
DA:256,0
DA:257,0
DA:258,0
DA:259,0
DA:260,0
DA:263,0
DA:264,0
DA:266,0
DA:267,0
DA:269,0
DA:273,0
DA:274,0
DA:275,0
DA:276,0
DA:277,0
DA:280,0
DA:282,0
DA:359,43
DA:360,43
DA:361,0
DA:362,0
DA:363,0
DA:364,0
DA:365,0
DA:366,0
DA:367,0
DA:368,0
DA:369,0
DA:370,2
DA:371,41
DA:372,0
DA:373,0
DA:374,0
DA:375,0
DA:376,0
DA:377,0
DA:378,0
DA:379,0
DA:381,43
DA:386,43
DA:387,43
DA:388,0
DA:389,0
DA:391,0
DA:392,0
DA:393,0
DA:394,0
DA:395,0
DA:396,0
DA:399,0
DA:400,0
DA:402,0
DA:403,0
DA:404,0
DA:405,0
DA:406,0
DA:408,0
DA:409,0
DA:410,0
DA:411,0
DA:413,0
DA:416,0
DA:417,0
DA:418,0
DA:419,0
DA:420,0
DA:421,0
DA:422,0
DA:424,0
DA:427,0
DA:428,0
DA:430,0
DA:431,0
DA:432,0
DA:433,0
DA:434,0
DA:436,0
DA:437,0
DA:438,0
DA:439,0
DA:442,2
DA:443,2
DA:445,41
DA:446,41
DA:447,41
DA:448,41
DA:451,0
DA:452,0
DA:453,0
DA:454,0
DA:455,0
DA:456,0
DA:457,0
DA:458,0
DA:459,0
DA:460,0
DA:461,0
DA:464,0
DA:465,0
DA:466,0
DA:467,0
DA:468,0
DA:470,0
DA:471,0
DA:473,0
DA:474,0
DA:476,0
DA:477,0
DA:479,0
DA:480,0
DA:481,0
DA:482,0
DA:483,0
DA:485,0
DA:486,0
DA:487,0
DA:488,0
DA:489,0
DA:491,0
DA:492,0
DA:495,43
DA:498,0
DA:499,0
DA:500,0
DA:501,0
DA:502,0
DA:503,0
DA:504,0
DA:505,0
DA:506,0
DA:507,0
DA:508,0
DA:509,0
DA:510,0
DA:511,0
DA:512,0
DA:513,0
DA:514,0
DA:515,0
DA:517,0
DA:520,0
DA:521,0
DA:523,0
DA:526,0
DA:527,0
DA:528,0
DA:529,0
DA:530,0
DA:531,0
DA:532,0
DA:533,0
DA:534,0
DA:546,0
DA:548,0
BRF:0
BRH:0
LF:267
LH:14
end_of_record
SF:/home/workdir/openWEPP/crates/openwepp-runner/src/hillslope/00_runner_intake_and_lane_setup.rs
FN:437,_RNvMNtCsi5r58ZfSbaD_15openwepp_runner9hillslopeNtB2_13ExecutionLane5parse
FN:430,_RNvMNtCsi5r58ZfSbaD_15openwepp_runner9hillslopeNtB2_13ExecutionLane6as_str
FN:470,_RNvMs_NtCsi5r58ZfSbaD_15openwepp_runner9hillslopeNtB4_14TimestepPolicy11policy_name
FN:479,_RNvMs_NtCsi5r58ZfSbaD_15openwepp_runner9hillslopeNtB4_14TimestepPolicy14scheduler_mode
FN:497,_RNvMs_NtCsi5r58ZfSbaD_15openwepp_runner9hillslopeNtB4_14TimestepPolicy15physics_enabled
FN:488,_RNvMs_NtCsi5r58ZfSbaD_15openwepp_runner9hillslopeNtB4_14TimestepPolicy16timestep_seconds
FN:465,_RNvMs_NtCsi5r58ZfSbaD_15openwepp_runner9hillslopeNtB4_14TimestepPolicy18scaffold_subhourly
FN:457,_RNvMs_NtCsi5r58ZfSbaD_15openwepp_runner9hillslopeNtB4_14TimestepPolicy9from_lane
FN:1127,_RNvNtCsi5r58ZfSbaD_15openwepp_runner9hillslope16gwcoeff_warnings
FN:1092,_RNvNtCsi5r58ZfSbaD_15openwepp_runner9hillslope16wepp_ui_warnings
FN:995,_RNvNtCsi5r58ZfSbaD_15openwepp_runner9hillslope19legacy_sidecar_path
FN:1116,_RNvNtCsi5r58ZfSbaD_15openwepp_runner9hillslope21parse_gwcoeff_sidecar
FN:1072,_RNvNtCsi5r58ZfSbaD_15openwepp_runner9hillslope21parse_wepp_ui_sidecar
FN:1036,_RNvNtCsi5r58ZfSbaD_15openwepp_runner9hillslope23record_existing_sidecar
FN:739,_RNvNtCsi5r58ZfSbaD_15openwepp_runner9hillslope25load_hillslope_run_inputs
FN:1048,_RNvNtCsi5r58ZfSbaD_15openwepp_runner9hillslope25parse_legacy_snow_sidecar
FN:805,_RNvNtCsi5r58ZfSbaD_15openwepp_runner9hillslope26parse_hillslope_soil_input
FN:1060,_RNvNtCsi5r58ZfSbaD_15openwepp_runner9hillslope26parse_legacy_frost_sidecar
FN:1199,_RNvNtCsi5r58ZfSbaD_15openwepp_runner9hillslope26parse_runfile_snow_sidecar
FN:876,_RNvNtCsi5r58ZfSbaD_15openwepp_runner9hillslope26resolve_hillslope_sidecars
FN:777,_RNvNtCsi5r58ZfSbaD_15openwepp_runner9hillslope27parse_hillslope_slope_input
FN:1245,_RNvNtCsi5r58ZfSbaD_15openwepp_runner9hillslope27parse_runfile_frost_sidecar
FN:957,_RNvNtCsi5r58ZfSbaD_15openwepp_runner9hillslope29legacy_sidecar_excluded_files
FN:841,_RNvNtCsi5r58ZfSbaD_15openwepp_runner9hillslope29parse_hillslope_climate_input
FN:1099,_RNvNtCsi5r58ZfSbaD_15openwepp_runner9hillslope29parse_legacy_pmetpara_sidecar
FN:1294,_RNvNtCsi5r58ZfSbaD_15openwepp_runner9hillslope30parse_runfile_pmetpara_sidecar
FN:1005,_RNvNtCsi5r58ZfSbaD_15openwepp_runner9hillslope31record_existing_legacy_sidecars
FN:983,_RNvNtCsi5r58ZfSbaD_15openwepp_runner9hillslope31resolved_sidecars_from_bindings
FN:791,_RNvNtCsi5r58ZfSbaD_15openwepp_runner9hillslope32parse_hillslope_management_input
FN:855,_RNvNtCsi5r58ZfSbaD_15openwepp_runner9hillslope32resolve_hillslope_output_targets
FN:889,_RNvNtCsi5r58ZfSbaD_15openwepp_runner9hillslope33resolve_legacy_hillslope_sidecars
FN:1137,_RNvNtCsi5r58ZfSbaD_15openwepp_runner9hillslope34resolve_runfile_hillslope_sidecars
FN:1324,_RNvNtCsi5r58ZfSbaD_15openwepp_runner9hillslope36build_static_hillslope_runtime_setup
FN:1368,_RNvNtCsi5r58ZfSbaD_15openwepp_runner9hillslope43build_per_ofe_runoff_publication_geometries
FN:862,_RNCNCNvNtCsi5r58ZfSbaD_15openwepp_runner9hillslope32resolve_hillslope_output_targets00B7_
FN:863,_RNCNCNvNtCsi5r58ZfSbaD_15openwepp_runner9hillslope32resolve_hillslope_output_targets0s_0B7_
FN:1128,_RNCNvNtCsi5r58ZfSbaD_15openwepp_runner9hillslope16gwcoeff_warnings0B5_
FN:1096,_RNCNvNtCsi5r58ZfSbaD_15openwepp_runner9hillslope16wepp_ui_warnings0B5_
FN:1002,_RNCNvNtCsi5r58ZfSbaD_15openwepp_runner9hillslope19legacy_sidecar_path0B5_
FN:1123,_RNCNvNtCsi5r58ZfSbaD_15openwepp_runner9hillslope21parse_gwcoeff_sidecar0B5_
FN:1088,_RNCNvNtCsi5r58ZfSbaD_15openwepp_runner9hillslope21parse_wepp_ui_sidecar0B5_
FN:1052,_RNCNvNtCsi5r58ZfSbaD_15openwepp_runner9hillslope25parse_legacy_snow_sidecar0B5_
FN:812,_RNCNvNtCsi5r58ZfSbaD_15openwepp_runner9hillslope26parse_hillslope_soil_input0B5_
FN:831,_RNCNvNtCsi5r58ZfSbaD_15openwepp_runner9hillslope26parse_hillslope_soil_inputs0_0B5_
FN:1067,_RNCNvNtCsi5r58ZfSbaD_15openwepp_runner9hillslope26parse_legacy_frost_sidecar0B5_
FN:1216,_RNCNvNtCsi5r58ZfSbaD_15openwepp_runner9hillslope26parse_runfile_snow_sidecar0B5_
FN:1229,_RNCNvNtCsi5r58ZfSbaD_15openwepp_runner9hillslope26parse_runfile_snow_sidecars_0B5_
FN:787,_RNCNvNtCsi5r58ZfSbaD_15openwepp_runner9hillslope27parse_hillslope_slope_input0B5_
FN:1270,_RNCNvNtCsi5r58ZfSbaD_15openwepp_runner9hillslope27parse_runfile_frost_sidecar0B5_
FN:1286,_RNCNvNtCsi5r58ZfSbaD_15openwepp_runner9hillslope27parse_runfile_frost_sidecars_0B5_
FN:976,_RNCNvNtCsi5r58ZfSbaD_15openwepp_runner9hillslope29legacy_sidecar_excluded_files0B5_
FN:978,_RNCNvNtCsi5r58ZfSbaD_15openwepp_runner9hillslope29legacy_sidecar_excluded_filess_0B5_
FN:851,_RNCNvNtCsi5r58ZfSbaD_15openwepp_runner9hillslope29parse_hillslope_climate_input0B5_
FN:1112,_RNCNvNtCsi5r58ZfSbaD_15openwepp_runner9hillslope29parse_legacy_pmetpara_sidecar0B5_
FN:1301,_RNCNvNtCsi5r58ZfSbaD_15openwepp_runner9hillslope30parse_runfile_pmetpara_sidecar0B5_
FN:1318,_RNCNvNtCsi5r58ZfSbaD_15openwepp_runner9hillslope30parse_runfile_pmetpara_sidecars_0B5_
FN:986,_RNCNvNtCsi5r58ZfSbaD_15openwepp_runner9hillslope31resolved_sidecars_from_bindings0B5_
FN:801,_RNCNvNtCsi5r58ZfSbaD_15openwepp_runner9hillslope32parse_hillslope_management_input0B5_
FN:860,_RNCNvNtCsi5r58ZfSbaD_15openwepp_runner9hillslope32resolve_hillslope_output_targets0B5_
FN:905,_RNCNvNtCsi5r58ZfSbaD_15openwepp_runner9hillslope33resolve_legacy_hillslope_sidecars0B5_
FN:911,_RNCNvNtCsi5r58ZfSbaD_15openwepp_runner9hillslope33resolve_legacy_hillslope_sidecarss_0B5_
FN:1374,_RNCNvNtCsi5r58ZfSbaD_15openwepp_runner9hillslope43build_per_ofe_runoff_publication_geometries0B5_
FNDA:12,_RNvMNtCsi5r58ZfSbaD_15openwepp_runner9hillslopeNtB2_13ExecutionLane5parse
FNDA:42,_RNvMNtCsi5r58ZfSbaD_15openwepp_runner9hillslopeNtB2_13ExecutionLane6as_str
FNDA:12,_RNvMs_NtCsi5r58ZfSbaD_15openwepp_runner9hillslopeNtB4_14TimestepPolicy11policy_name
FNDA:22,_RNvMs_NtCsi5r58ZfSbaD_15openwepp_runner9hillslopeNtB4_14TimestepPolicy14scheduler_mode
FNDA:24,_RNvMs_NtCsi5r58ZfSbaD_15openwepp_runner9hillslopeNtB4_14TimestepPolicy15physics_enabled
FNDA:13,_RNvMs_NtCsi5r58ZfSbaD_15openwepp_runner9hillslopeNtB4_14TimestepPolicy16timestep_seconds
FNDA:12,_RNvMs_NtCsi5r58ZfSbaD_15openwepp_runner9hillslopeNtB4_14TimestepPolicy18scaffold_subhourly
FNDA:12,_RNvMs_NtCsi5r58ZfSbaD_15openwepp_runner9hillslopeNtB4_14TimestepPolicy9from_lane
FNDA:11,_RNvNtCsi5r58ZfSbaD_15openwepp_runner9hillslope16gwcoeff_warnings
FNDA:11,_RNvNtCsi5r58ZfSbaD_15openwepp_runner9hillslope16wepp_ui_warnings
FNDA:5,_RNvNtCsi5r58ZfSbaD_15openwepp_runner9hillslope19legacy_sidecar_path
FNDA:11,_RNvNtCsi5r58ZfSbaD_15openwepp_runner9hillslope21parse_gwcoeff_sidecar
FNDA:11,_RNvNtCsi5r58ZfSbaD_15openwepp_runner9hillslope21parse_wepp_ui_sidecar
FNDA:25,_RNvNtCsi5r58ZfSbaD_15openwepp_runner9hillslope23record_existing_sidecar
FNDA:11,_RNvNtCsi5r58ZfSbaD_15openwepp_runner9hillslope25load_hillslope_run_inputs
FNDA:1,_RNvNtCsi5r58ZfSbaD_15openwepp_runner9hillslope25parse_legacy_snow_sidecar
FNDA:11,_RNvNtCsi5r58ZfSbaD_15openwepp_runner9hillslope26parse_hillslope_soil_input
FNDA:1,_RNvNtCsi5r58ZfSbaD_15openwepp_runner9hillslope26parse_legacy_frost_sidecar
FNDA:11,_RNvNtCsi5r58ZfSbaD_15openwepp_runner9hillslope26parse_runfile_snow_sidecar
FNDA:11,_RNvNtCsi5r58ZfSbaD_15openwepp_runner9hillslope26resolve_hillslope_sidecars
FNDA:11,_RNvNtCsi5r58ZfSbaD_15openwepp_runner9hillslope27parse_hillslope_slope_input
FNDA:11,_RNvNtCsi5r58ZfSbaD_15openwepp_runner9hillslope27parse_runfile_frost_sidecar
FNDA:1,_RNvNtCsi5r58ZfSbaD_15openwepp_runner9hillslope29legacy_sidecar_excluded_files
FNDA:11,_RNvNtCsi5r58ZfSbaD_15openwepp_runner9hillslope29parse_hillslope_climate_input
FNDA:1,_RNvNtCsi5r58ZfSbaD_15openwepp_runner9hillslope29parse_legacy_pmetpara_sidecar
FNDA:10,_RNvNtCsi5r58ZfSbaD_15openwepp_runner9hillslope30parse_runfile_pmetpara_sidecar
FNDA:1,_RNvNtCsi5r58ZfSbaD_15openwepp_runner9hillslope31record_existing_legacy_sidecars
FNDA:1,_RNvNtCsi5r58ZfSbaD_15openwepp_runner9hillslope31resolved_sidecars_from_bindings
FNDA:12,_RNvNtCsi5r58ZfSbaD_15openwepp_runner9hillslope32parse_hillslope_management_input
FNDA:11,_RNvNtCsi5r58ZfSbaD_15openwepp_runner9hillslope32resolve_hillslope_output_targets
FNDA:1,_RNvNtCsi5r58ZfSbaD_15openwepp_runner9hillslope33resolve_legacy_hillslope_sidecars
FNDA:10,_RNvNtCsi5r58ZfSbaD_15openwepp_runner9hillslope34resolve_runfile_hillslope_sidecars
FNDA:11,_RNvNtCsi5r58ZfSbaD_15openwepp_runner9hillslope36build_static_hillslope_runtime_setup
FNDA:11,_RNvNtCsi5r58ZfSbaD_15openwepp_runner9hillslope43build_per_ofe_runoff_publication_geometries
FNDA:0,_RNCNCNvNtCsi5r58ZfSbaD_15openwepp_runner9hillslope32resolve_hillslope_output_targets00B7_
FNDA:0,_RNCNCNvNtCsi5r58ZfSbaD_15openwepp_runner9hillslope32resolve_hillslope_output_targets0s_0B7_
FNDA:10,_RNCNvNtCsi5r58ZfSbaD_15openwepp_runner9hillslope16gwcoeff_warnings0B5_
FNDA:0,_RNCNvNtCsi5r58ZfSbaD_15openwepp_runner9hillslope16wepp_ui_warnings0B5_
FNDA:1,_RNCNvNtCsi5r58ZfSbaD_15openwepp_runner9hillslope19legacy_sidecar_path0B5_
FNDA:0,_RNCNvNtCsi5r58ZfSbaD_15openwepp_runner9hillslope21parse_gwcoeff_sidecar0B5_
FNDA:0,_RNCNvNtCsi5r58ZfSbaD_15openwepp_runner9hillslope21parse_wepp_ui_sidecar0B5_
FNDA:0,_RNCNvNtCsi5r58ZfSbaD_15openwepp_runner9hillslope25parse_legacy_snow_sidecar0B5_
FNDA:0,_RNCNvNtCsi5r58ZfSbaD_15openwepp_runner9hillslope26parse_hillslope_soil_input0B5_
FNDA:0,_RNCNvNtCsi5r58ZfSbaD_15openwepp_runner9hillslope26parse_hillslope_soil_inputs0_0B5_
FNDA:0,_RNCNvNtCsi5r58ZfSbaD_15openwepp_runner9hillslope26parse_legacy_frost_sidecar0B5_
FNDA:0,_RNCNvNtCsi5r58ZfSbaD_15openwepp_runner9hillslope26parse_runfile_snow_sidecar0B5_
FNDA:0,_RNCNvNtCsi5r58ZfSbaD_15openwepp_runner9hillslope26parse_runfile_snow_sidecars_0B5_
FNDA:0,_RNCNvNtCsi5r58ZfSbaD_15openwepp_runner9hillslope27parse_hillslope_slope_input0B5_
FNDA:0,_RNCNvNtCsi5r58ZfSbaD_15openwepp_runner9hillslope27parse_runfile_frost_sidecar0B5_
FNDA:0,_RNCNvNtCsi5r58ZfSbaD_15openwepp_runner9hillslope27parse_runfile_frost_sidecars_0B5_
FNDA:2,_RNCNvNtCsi5r58ZfSbaD_15openwepp_runner9hillslope29legacy_sidecar_excluded_files0B5_
FNDA:4,_RNCNvNtCsi5r58ZfSbaD_15openwepp_runner9hillslope29legacy_sidecar_excluded_filess_0B5_
FNDA:0,_RNCNvNtCsi5r58ZfSbaD_15openwepp_runner9hillslope29parse_hillslope_climate_input0B5_
FNDA:0,_RNCNvNtCsi5r58ZfSbaD_15openwepp_runner9hillslope29parse_legacy_pmetpara_sidecar0B5_
FNDA:0,_RNCNvNtCsi5r58ZfSbaD_15openwepp_runner9hillslope30parse_runfile_pmetpara_sidecar0B5_
FNDA:0,_RNCNvNtCsi5r58ZfSbaD_15openwepp_runner9hillslope30parse_runfile_pmetpara_sidecars_0B5_
FNDA:4,_RNCNvNtCsi5r58ZfSbaD_15openwepp_runner9hillslope31resolved_sidecars_from_bindings0B5_
FNDA:0,_RNCNvNtCsi5r58ZfSbaD_15openwepp_runner9hillslope32parse_hillslope_management_input0B5_
FNDA:0,_RNCNvNtCsi5r58ZfSbaD_15openwepp_runner9hillslope32resolve_hillslope_output_targets0B5_
FNDA:0,_RNCNvNtCsi5r58ZfSbaD_15openwepp_runner9hillslope33resolve_legacy_hillslope_sidecars0B5_
FNDA:0,_RNCNvNtCsi5r58ZfSbaD_15openwepp_runner9hillslope33resolve_legacy_hillslope_sidecarss_0B5_
FNDA:29,_RNCNvNtCsi5r58ZfSbaD_15openwepp_runner9hillslope43build_per_ofe_runoff_publication_geometries0B5_
FNF:62
FNH:40
DA:430,42
DA:431,42
DA:432,0
DA:433,42
DA:435,42
DA:437,12
DA:438,12
DA:439,12
DA:440,12
DA:441,0
DA:442,0
DA:443,0
DA:445,12
DA:457,12
DA:458,12
DA:459,0
DA:460,12
DA:462,12
DA:465,12
DA:466,12
DA:467,12
DA:470,12
DA:471,12
DA:472,0
DA:473,11
DA:474,1
DA:476,12
DA:479,22
DA:480,22
DA:481,0
DA:482,22
DA:483,0
DA:485,22
DA:488,13
DA:489,13
DA:490,0
DA:491,12
DA:492,1
DA:494,13
DA:497,24
DA:498,24
DA:499,24
DA:739,11
DA:740,11
DA:741,11
DA:742,11
DA:743,11
DA:744,11
DA:745,0
DA:746,0
DA:747,0
DA:748,11
DA:750,11
DA:751,11
DA:752,11
DA:753,0
DA:754,11
DA:755,11
DA:756,11
DA:757,11
DA:758,11
DA:759,11
DA:760,11
DA:761,11
DA:763,11
DA:764,11
DA:765,11
DA:766,11
DA:767,11
DA:768,11
DA:769,11
DA:770,11
DA:771,11
DA:772,11
DA:773,11
DA:774,11
DA:775,11
DA:777,11
DA:778,11
DA:779,11
DA:780,11
DA:781,11
DA:782,11
DA:783,11
DA:785,11
DA:787,0
DA:788,0
DA:789,11
DA:791,12
DA:792,12
DA:793,12
DA:794,12
DA:795,12
DA:796,12
DA:797,12
DA:799,12
DA:801,0
DA:802,0
DA:803,12
DA:805,11
DA:806,11
DA:807,11
DA:808,11
DA:809,11
DA:810,11
DA:811,11
DA:812,0
DA:813,0
DA:814,0
DA:815,11
DA:816,11
DA:818,0
DA:820,11
DA:821,11
DA:823,11
DA:825,11
DA:826,11
DA:829,11
DA:831,0
DA:832,0
DA:833,11
DA:834,11
DA:835,11
DA:836,11
DA:837,0
DA:838,11
DA:839,11
DA:841,11
DA:842,11
DA:843,11
DA:844,11
DA:845,11
DA:846,11
DA:847,11
DA:849,11
DA:851,0
DA:852,0
DA:853,11
DA:855,11
DA:856,11
DA:857,11
DA:858,11
DA:859,11
DA:860,11
DA:861,0
DA:862,0
DA:863,0
DA:865,0
DA:866,11
DA:867,11
DA:868,11
DA:869,11
DA:870,11
DA:871,11
DA:872,11
DA:873,11
DA:874,11
DA:876,11
DA:877,11
DA:878,11
DA:879,11
DA:880,11
DA:881,11
DA:882,11
DA:883,1
DA:885,10
DA:887,11
DA:889,1
DA:890,1
DA:891,1
DA:892,1
DA:893,1
DA:894,1
DA:895,1
DA:896,1
DA:897,1
DA:898,0
DA:899,1
DA:900,1
DA:901,1
DA:902,1
DA:903,1
DA:904,1
DA:905,1
DA:907,1
DA:908,1
DA:909,1
DA:910,1
DA:911,1
DA:912,1
DA:913,1
DA:914,1
DA:915,1
DA:916,1
DA:917,1
DA:918,1
DA:919,1
DA:920,1
DA:921,1
DA:922,1
DA:923,1
DA:924,1
DA:925,1
DA:926,1
DA:927,1
DA:928,1
DA:929,1
DA:932,1
DA:933,1
DA:934,1
DA:935,1
DA:936,1
DA:937,1
DA:938,1
DA:939,1
DA:942,1
DA:943,1
DA:944,1
DA:945,1
DA:946,1
DA:947,0
DA:948,1
DA:949,1
DA:950,1
DA:951,1
DA:952,1
DA:955,1
DA:957,1
DA:958,1
DA:959,1
DA:960,1
DA:961,1
DA:962,1
DA:963,1
DA:964,1
DA:965,1
DA:966,1
DA:967,1
DA:969,1
DA:970,1
DA:971,1
DA:972,1
DA:973,1
DA:974,1
DA:975,1
DA:976,2
DA:978,4
DA:980,1
DA:981,1
DA:983,1
DA:984,1
DA:985,1
DA:986,4
DA:987,4
DA:988,4
DA:989,4
DA:990,4
DA:991,4
DA:992,1
DA:993,1
DA:995,5
DA:996,5
DA:997,5
DA:998,5
DA:999,5
DA:1000,5
DA:1001,5
DA:1002,5
DA:1003,5
DA:1005,1
DA:1006,1
DA:1007,1
DA:1008,1
DA:1009,1
DA:1010,1
DA:1011,1
DA:1012,1
DA:1013,1
DA:1014,1
DA:1015,1
DA:1016,1
DA:1017,1
DA:1018,1
DA:1019,1
DA:1020,1
DA:1022,1
DA:1023,1
DA:1024,1
DA:1025,1
DA:1026,1
DA:1028,1
DA:1029,1
DA:1030,1
DA:1031,1
DA:1032,1
DA:1034,1
DA:1036,25
DA:1037,25
DA:1038,25
DA:1039,25
DA:1040,25
DA:1041,25
DA:1042,25
DA:1043,15
DA:1044,15
DA:1045,15
DA:1046,25
DA:1048,1
DA:1049,1
DA:1050,1
DA:1051,1
DA:1052,1
DA:1053,0
DA:1054,0
DA:1055,0
DA:1056,0
DA:1057,0
DA:1058,1
DA:1060,1
DA:1061,1
DA:1062,1
DA:1063,1
DA:1064,1
DA:1067,0
DA:1068,0
DA:1070,1
DA:1072,11
DA:1073,11
DA:1074,11
DA:1075,11
DA:1076,11
DA:1077,11
DA:1078,11
DA:1079,11
DA:1080,11
DA:1081,11
DA:1082,11
DA:1083,11
DA:1084,11
DA:1086,11
DA:1088,0
DA:1089,0
DA:1090,11
DA:1092,11
DA:1093,11
DA:1094,11
DA:1095,11
DA:1096,11
DA:1097,11
DA:1099,1
DA:1100,1
DA:1101,1
DA:1102,1
DA:1103,1
DA:1104,1
DA:1105,1
DA:1106,1
DA:1107,1
DA:1108,1
DA:1110,1
DA:1112,0
DA:1113,0
DA:1114,1
DA:1116,11
DA:1117,11
DA:1118,11
DA:1119,11
DA:1120,11
DA:1121,11
DA:1123,0
DA:1124,0
DA:1125,11
DA:1127,11
DA:1128,11
DA:1129,10
DA:1130,10
DA:1131,10
DA:1134,10
DA:1135,11
DA:1137,10
DA:1138,10
DA:1139,10
DA:1140,10
DA:1141,10
DA:1142,10
DA:1143,10
DA:1144,10
DA:1145,10
DA:1146,10
DA:1147,10
DA:1148,10
DA:1149,10
DA:1150,10
DA:1151,0
DA:1152,10
DA:1153,10
DA:1154,10
DA:1155,10
DA:1156,10
DA:1157,0
DA:1158,10
DA:1159,10
DA:1160,10
DA:1161,10
DA:1162,10
DA:1163,10
DA:1165,10
DA:1166,10
DA:1167,10
DA:1168,10
DA:1169,10
DA:1170,10
DA:1171,10
DA:1172,0
DA:1173,10
DA:1174,10
DA:1175,10
DA:1176,10
DA:1177,10
DA:1178,10
DA:1180,10
DA:1181,10
DA:1184,10
DA:1185,10
DA:1186,10
DA:1187,10
DA:1188,10
DA:1189,0
DA:1190,10
DA:1191,10
DA:1192,10
DA:1193,10
DA:1194,10
DA:1197,10
DA:1199,11
DA:1200,11
DA:1201,11
DA:1202,11
DA:1203,11
DA:1204,11
DA:1205,11
DA:1206,0
DA:1207,0
DA:1208,0
DA:1209,0
DA:1210,0
DA:1211,0
DA:1212,0
DA:1214,0
DA:1216,0
DA:1217,0
DA:1218,11
DA:1219,11
DA:1220,11
DA:1221,11
DA:1222,11
DA:1223,11
DA:1224,11
DA:1225,11
DA:1227,11
DA:1229,0
DA:1230,0
DA:1231,0
DA:1232,0
DA:1233,0
DA:1234,0
DA:1235,0
DA:1236,0
DA:1237,0
DA:1238,0
DA:1239,0
DA:1240,0
DA:1241,0
DA:1242,0
DA:1243,11
DA:1245,11
DA:1246,11
DA:1247,11
DA:1248,11
DA:1249,11
DA:1250,11
DA:1251,11
DA:1252,0
DA:1253,0
DA:1254,0
DA:1255,0
DA:1256,0
DA:1257,0
DA:1258,0
DA:1259,0
DA:1260,0
DA:1261,0
DA:1262,0
DA:1263,0
DA:1264,0
DA:1265,0
DA:1266,0
DA:1268,0
DA:1270,0
DA:1271,0
DA:1272,11
DA:1273,11
DA:1274,11
DA:1275,10
DA:1276,10
DA:1277,10
DA:1278,10
DA:1280,10
DA:1281,10
DA:1282,10
DA:1284,10
DA:1286,0
DA:1287,0
DA:1288,1
DA:1289,1
DA:1290,1
DA:1291,1
DA:1292,11
DA:1294,10
DA:1295,10
DA:1296,10
DA:1297,10
DA:1298,10
DA:1299,10
DA:1300,10
DA:1301,10
DA:1302,0
DA:1303,0
DA:1304,0
DA:1305,0
DA:1306,10
DA:1307,10
DA:1308,10
DA:1309,10
DA:1310,10
DA:1311,10
DA:1312,10
DA:1313,10
DA:1314,10
DA:1316,10
DA:1318,0
DA:1319,0
DA:1320,0
DA:1321,0
DA:1322,10
DA:1324,11
DA:1325,11
DA:1326,11
DA:1327,11
DA:1328,11
DA:1329,11
DA:1330,11
DA:1334,11
DA:1335,11
DA:1336,11
DA:1337,11
DA:1338,11
DA:1339,11
DA:1340,0
DA:1341,11
DA:1342,11
DA:1343,11
DA:1344,11
DA:1345,11
DA:1346,11
DA:1347,11
DA:1348,11
DA:1349,11
DA:1350,11
DA:1351,11
DA:1352,11
DA:1353,11
DA:1354,11
DA:1355,11
DA:1356,11
DA:1357,11
DA:1358,11
DA:1359,11
DA:1361,11
DA:1362,11
DA:1363,11
DA:1364,11
DA:1365,11
DA:1366,11
DA:1368,11
DA:1369,11
DA:1370,11
DA:1371,11
DA:1372,11
DA:1373,11
DA:1374,29
DA:1375,29
DA:1376,29
DA:1377,29
DA:1378,11
DA:1379,11
BRF:0
BRH:0
LF:610
LH:500
end_of_record
SF:/home/workdir/openWEPP/crates/openwepp-runner/src/hillslope/02_output_and_climate_helpers.rs
FN:83,_RNvMsn_NtCsi5r58ZfSbaD_15openwepp_runner9hillslopeNtB5_29Wb13RunoffPublicationGeometry3new
FN:561,_RNvNtCsi5r58ZfSbaD_15openwepp_runner9hillslope10put_string
FN:576,_RNvNtCsi5r58ZfSbaD_15openwepp_runner9hillslope10put_u32_at
FN:509,_RNvNtCsi5r58ZfSbaD_15openwepp_runner9hillslope10scaled_i64
FN:1289,_RNvNtCsi5r58ZfSbaD_15openwepp_runner9hillslope11day_of_year
FN:1335,_RNvNtCsi5r58ZfSbaD_15openwepp_runner9hillslope12is_leap_year
FN:1098,_RNvNtCsi5r58ZfSbaD_15openwepp_runner9hillslope13scalar_to_i32
FN:500,_RNvNtCsi5r58ZfSbaD_15openwepp_runner9hillslope14hbp_state_dims
FN:1120,_RNvNtCsi5r58ZfSbaD_15openwepp_runner9hillslope15scalar_to_usize
FN:1129,_RNvNtCsi5r58ZfSbaD_15openwepp_runner9hillslope15usize_to_scalar
FN:443,_RNvNtCsi5r58ZfSbaD_15openwepp_runner9hillslope21build_hbp_state_entry
FN:1208,_RNvNtCsi5r58ZfSbaD_15openwepp_runner9hillslope22climate_day_projection
FN:235,_RNvNtCsi5r58ZfSbaD_15openwepp_runner9hillslope23build_hbp_event_payload
FN:321,_RNvNtCsi5r58ZfSbaD_15openwepp_runner9hillslope24append_hbp_common_prefix
FN:427,_RNvNtCsi5r58ZfSbaD_15openwepp_runner9hillslope25expected_hbp_state_schema
FN:878,_RNvNtCsi5r58ZfSbaD_15openwepp_runner9hillslope28validate_wb13_typed_identity
FN:1172,_RNvNtCsi5r58ZfSbaD_15openwepp_runner9hillslope29build_optional_output_payload
FN:1018,_RNvNtCsi5r58ZfSbaD_15openwepp_runner9hillslope29direct_publication_i32_to_i16
FN:1026,_RNvNtCsi5r58ZfSbaD_15openwepp_runner9hillslope29direct_publication_u16_to_i16
FN:1034,_RNvNtCsi5r58ZfSbaD_15openwepp_runner9hillslope29direct_publication_u32_to_i16
FN:1042,_RNvNtCsi5r58ZfSbaD_15openwepp_runner9hillslope29direct_publication_u32_to_i32
FN:1241,_RNvNtCsi5r58ZfSbaD_15openwepp_runner9hillslope30build_climate_run_span_summary
FN:136,_RNvNtCsi5r58ZfSbaD_15openwepp_runner9hillslope31build_schema1_hbp_event_fixture
FN:1269,_RNvNtCsi5r58ZfSbaD_15openwepp_runner9hillslope34simulation_year_from_calendar_year
FN:844,_RNvNtCsi5r58ZfSbaD_15openwepp_runner9hillslope37hillslope_wat_row_from_validated_wb13
FN:687,_RNvNtCsi5r58ZfSbaD_15openwepp_runner9hillslope39direct_publication_row_has_hbp_sediment
FN:598,_RNvNtCsi5r58ZfSbaD_15openwepp_runner9hillslope40build_hbp_output_from_direct_publication
FN:677,_RNvNtCsi5r58ZfSbaD_15openwepp_runner9hillslope40direct_publication_last_hbp_sediment_row
FN:101,_RNvNtCsi5r58ZfSbaD_15openwepp_runner9hillslope40parse_hillslope_id_from_output_pass_path
FN:1057,_RNvNtCsi5r58ZfSbaD_15openwepp_runner9hillslope41derive_mofe04_publication_area_from_slope
FN:704,_RNvNtCsi5r58ZfSbaD_15openwepp_runner9hillslope42direct_publication_required_erosion_scalar
FN:999,_RNvNtCsi5r58ZfSbaD_15openwepp_runner9hillslope43build_manifest_text_from_direct_publication
FN:967,_RNvNtCsi5r58ZfSbaD_15openwepp_runner9hillslope46build_loss_output_json_from_direct_publication
FN:755,_RNvNtCsi5r58ZfSbaD_15openwepp_runner9hillslope47build_hillslope_wat_row_from_direct_publication
FN:930,_RNvNtCsi5r58ZfSbaD_15openwepp_runner9hillslope48build_hillslope_pass_row_from_direct_publication
FN:740,_RNvNtCsi5r58ZfSbaD_15openwepp_runner9hillslope48build_hillslope_wat_rows_from_direct_publication
FN:908,_RNvNtCsi5r58ZfSbaD_15openwepp_runner9hillslope49build_hillslope_pass_rows_from_direct_publication
FN:721,_RNvNtCsi5r58ZfSbaD_15openwepp_runner9hillslope50direct_publication_required_sediment_concentration
FN:580,_RNvNtCsi5r58ZfSbaD_15openwepp_runner9hillslope6crc32c
FN:533,_RNvNtCsi5r58ZfSbaD_15openwepp_runner9hillslope6put_u8
FN:557,_RNvNtCsi5r58ZfSbaD_15openwepp_runner9hillslope7put_f64
FN:545,_RNvNtCsi5r58ZfSbaD_15openwepp_runner9hillslope7put_i32
FN:553,_RNvNtCsi5r58ZfSbaD_15openwepp_runner9hillslope7put_i64
FN:537,_RNvNtCsi5r58ZfSbaD_15openwepp_runner9hillslope7put_u16
FN:541,_RNvNtCsi5r58ZfSbaD_15openwepp_runner9hillslope7put_u32
FN:549,_RNvNtCsi5r58ZfSbaD_15openwepp_runner9hillslope7put_u64
FN:1158,_RINvNtCsi5r58ZfSbaD_15openwepp_runner9hillslope15simcoup_failureNtNtCsgag4BwXrjBQ_5alloc6string6StringEB4_
FN:1165,_RINvNtCsi5r58ZfSbaD_15openwepp_runner9hillslope19wb13_simout_failureNtNtCsgag4BwXrjBQ_5alloc6string6StringEB4_
FN:1165,_RINvNtCsi5r58ZfSbaD_15openwepp_runner9hillslope19wb13_simout_failureReEB4_
FN:1137,_RINvNtCsi5r58ZfSbaD_15openwepp_runner9hillslope22mode_selection_failureNtNtCsgag4BwXrjBQ_5alloc6string6StringEB4_
FN:1151,_RINvNtCsi5r58ZfSbaD_15openwepp_runner9hillslope22simcons_intake_failureReEB4_
FN:1144,_RINvNtCsi5r58ZfSbaD_15openwepp_runner9hillslope23timestep_policy_failureNtNtCsgag4BwXrjBQ_5alloc6string6StringEB4_
FN:1050,_RINvNtCsi5r58ZfSbaD_15openwepp_runner9hillslope33direct_publication_output_failureNtNtCsgag4BwXrjBQ_5alloc6string6StringEB4_
FN:1050,_RINvNtCsi5r58ZfSbaD_15openwepp_runner9hillslope33direct_publication_output_failureReEB4_
FN:701,_RNCNCNvNtCsi5r58ZfSbaD_15openwepp_runner9hillslope39direct_publication_row_has_hbp_sediments0_00B7_
FN:625,_RNCNCNvNtCsi5r58ZfSbaD_15openwepp_runner9hillslope40build_hbp_output_from_direct_publications0_00B7_
FN:804,_RNCNCNvNtCsi5r58ZfSbaD_15openwepp_runner9hillslope47build_hillslope_wat_row_from_direct_publication00B7_
FN:566,_RNCNvNtCsi5r58ZfSbaD_15openwepp_runner9hillslope10put_string0B5_
FN:529,_RNCNvNtCsi5r58ZfSbaD_15openwepp_runner9hillslope10scaled_i640B5_
FN:1331,_RNCNvNtCsi5r58ZfSbaD_15openwepp_runner9hillslope11day_of_year0B5_
FN:1117,_RNCNvNtCsi5r58ZfSbaD_15openwepp_runner9hillslope13scalar_to_i320B5_
FN:1122,_RNCNvNtCsi5r58ZfSbaD_15openwepp_runner9hillslope15scalar_to_usize0B5_
FN:1130,_RNCNvNtCsi5r58ZfSbaD_15openwepp_runner9hillslope15usize_to_scalar0B5_
FN:449,_RNCNvNtCsi5r58ZfSbaD_15openwepp_runner9hillslope21build_hbp_state_entry0B5_
FN:490,_RNCNvNtCsi5r58ZfSbaD_15openwepp_runner9hillslope21build_hbp_state_entrys_0B5_
FN:1228,_RNCNvNtCsi5r58ZfSbaD_15openwepp_runner9hillslope22climate_day_projection0B5_
FN:256,_RNCNvNtCsi5r58ZfSbaD_15openwepp_runner9hillslope23build_hbp_event_payload0B5_
FN:278,_RNCNvNtCsi5r58ZfSbaD_15openwepp_runner9hillslope23build_hbp_event_payloads_0B5_
FN:343,_RNCNvNtCsi5r58ZfSbaD_15openwepp_runner9hillslope24append_hbp_common_prefix0B5_
FN:395,_RNCNvNtCsi5r58ZfSbaD_15openwepp_runner9hillslope24append_hbp_common_prefixs0_0B5_
FN:407,_RNCNvNtCsi5r58ZfSbaD_15openwepp_runner9hillslope24append_hbp_common_prefixs1_0B5_
FN:353,_RNCNvNtCsi5r58ZfSbaD_15openwepp_runner9hillslope24append_hbp_common_prefixs_0B5_
FN:898,_RNCNvNtCsi5r58ZfSbaD_15openwepp_runner9hillslope28validate_wb13_typed_identity0B5_
FN:1019,_RNCNvNtCsi5r58ZfSbaD_15openwepp_runner9hillslope29direct_publication_i32_to_i160B5_
FN:1027,_RNCNvNtCsi5r58ZfSbaD_15openwepp_runner9hillslope29direct_publication_u16_to_i160B5_
FN:1035,_RNCNvNtCsi5r58ZfSbaD_15openwepp_runner9hillslope29direct_publication_u32_to_i160B5_
FN:1043,_RNCNvNtCsi5r58ZfSbaD_15openwepp_runner9hillslope29direct_publication_u32_to_i320B5_
FN:201,_RNCNvNtCsi5r58ZfSbaD_15openwepp_runner9hillslope31build_schema1_hbp_event_fixture0B5_
FN:206,_RNCNvNtCsi5r58ZfSbaD_15openwepp_runner9hillslope31build_schema1_hbp_event_fixtures_0B5_
FN:1275,_RNCNvNtCsi5r58ZfSbaD_15openwepp_runner9hillslope34simulation_year_from_calendar_year0B5_
FN:1276,_RNCNvNtCsi5r58ZfSbaD_15openwepp_runner9hillslope34simulation_year_from_calendar_years_0B5_
FN:693,_RNCNvNtCsi5r58ZfSbaD_15openwepp_runner9hillslope39direct_publication_row_has_hbp_sediment0B5_
FN:701,_RNCNvNtCsi5r58ZfSbaD_15openwepp_runner9hillslope39direct_publication_row_has_hbp_sediments0_0B5_
FN:697,_RNCNvNtCsi5r58ZfSbaD_15openwepp_runner9hillslope39direct_publication_row_has_hbp_sediments_0B5_
FN:604,_RNCNvNtCsi5r58ZfSbaD_15openwepp_runner9hillslope40build_hbp_output_from_direct_publication0B5_
FN:621,_RNCNvNtCsi5r58ZfSbaD_15openwepp_runner9hillslope40build_hbp_output_from_direct_publications0_0B5_
FN:627,_RNCNvNtCsi5r58ZfSbaD_15openwepp_runner9hillslope40build_hbp_output_from_direct_publications1_0B5_
FN:606,_RNCNvNtCsi5r58ZfSbaD_15openwepp_runner9hillslope40build_hbp_output_from_direct_publications_0B5_
FN:684,_RNCNvNtCsi5r58ZfSbaD_15openwepp_runner9hillslope40direct_publication_last_hbp_sediment_row0B5_
FN:105,_RNCNvNtCsi5r58ZfSbaD_15openwepp_runner9hillslope40parse_hillslope_id_from_output_pass_path0B5_
FN:113,_RNCNvNtCsi5r58ZfSbaD_15openwepp_runner9hillslope40parse_hillslope_id_from_output_pass_paths0_0B5_
FN:116,_RNCNvNtCsi5r58ZfSbaD_15openwepp_runner9hillslope40parse_hillslope_id_from_output_pass_paths1_0B5_
FN:125,_RNCNvNtCsi5r58ZfSbaD_15openwepp_runner9hillslope40parse_hillslope_id_from_output_pass_paths2_0B5_
FN:108,_RNCNvNtCsi5r58ZfSbaD_15openwepp_runner9hillslope40parse_hillslope_id_from_output_pass_paths_0B5_
FN:708,_RNCNvNtCsi5r58ZfSbaD_15openwepp_runner9hillslope42direct_publication_required_erosion_scalar0B5_
FN:975,_RNCNvNtCsi5r58ZfSbaD_15openwepp_runner9hillslope46build_loss_output_json_from_direct_publication0B5_
FN:995,_RNCNvNtCsi5r58ZfSbaD_15openwepp_runner9hillslope46build_loss_output_json_from_direct_publications0_0B5_
FN:978,_RNCNvNtCsi5r58ZfSbaD_15openwepp_runner9hillslope46build_loss_output_json_from_direct_publications_0B5_
FN:803,_RNCNvNtCsi5r58ZfSbaD_15openwepp_runner9hillslope47build_hillslope_wat_row_from_direct_publication0B5_
FN:839,_RNCNvNtCsi5r58ZfSbaD_15openwepp_runner9hillslope47build_hillslope_wat_row_from_direct_publications0_0B5_
FN:807,_RNCNvNtCsi5r58ZfSbaD_15openwepp_runner9hillslope47build_hillslope_wat_row_from_direct_publications_0B5_
FN:745,_RNCNvNtCsi5r58ZfSbaD_15openwepp_runner9hillslope48build_hillslope_wat_rows_from_direct_publication0B5_
FN:751,_RNCNvNtCsi5r58ZfSbaD_15openwepp_runner9hillslope48build_hillslope_wat_rows_from_direct_publications_0B5_
FN:913,_RNCNvNtCsi5r58ZfSbaD_15openwepp_runner9hillslope49build_hillslope_pass_rows_from_direct_publication0B5_
FN:925,_RNCNvNtCsi5r58ZfSbaD_15openwepp_runner9hillslope49build_hillslope_pass_rows_from_direct_publications0_0B5_
FN:926,_RNCNvNtCsi5r58ZfSbaD_15openwepp_runner9hillslope49build_hillslope_pass_rows_from_direct_publications1_0B5_
FN:916,_RNCNvNtCsi5r58ZfSbaD_15openwepp_runner9hillslope49build_hillslope_pass_rows_from_direct_publications_0B5_
FN:724,_RNCNvNtCsi5r58ZfSbaD_15openwepp_runner9hillslope50direct_publication_required_sediment_concentration0B5_
FNDA:29,_RNvMsn_NtCsi5r58ZfSbaD_15openwepp_runner9hillslopeNtB5_29Wb13RunoffPublicationGeometry3new
FNDA:288,_RNvNtCsi5r58ZfSbaD_15openwepp_runner9hillslope10put_string
FNDA:27,_RNvNtCsi5r58ZfSbaD_15openwepp_runner9hillslope10put_u32_at
FNDA:36,_RNvNtCsi5r58ZfSbaD_15openwepp_runner9hillslope10scaled_i64
FNDA:751,_RNvNtCsi5r58ZfSbaD_15openwepp_runner9hillslope11day_of_year
FNDA:751,_RNvNtCsi5r58ZfSbaD_15openwepp_runner9hillslope12is_leap_year
FNDA:87,_RNvNtCsi5r58ZfSbaD_15openwepp_runner9hillslope13scalar_to_i32
FNDA:234,_RNvNtCsi5r58ZfSbaD_15openwepp_runner9hillslope14hbp_state_dims
FNDA:58,_RNvNtCsi5r58ZfSbaD_15openwepp_runner9hillslope15scalar_to_usize
FNDA:249,_RNvNtCsi5r58ZfSbaD_15openwepp_runner9hillslope15usize_to_scalar
FNDA:234,_RNvNtCsi5r58ZfSbaD_15openwepp_runner9hillslope21build_hbp_state_entry
FNDA:751,_RNvNtCsi5r58ZfSbaD_15openwepp_runner9hillslope22climate_day_projection
FNDA:9,_RNvNtCsi5r58ZfSbaD_15openwepp_runner9hillslope23build_hbp_event_payload
FNDA:9,_RNvNtCsi5r58ZfSbaD_15openwepp_runner9hillslope24append_hbp_common_prefix
FNDA:468,_RNvNtCsi5r58ZfSbaD_15openwepp_runner9hillslope25expected_hbp_state_schema
FNDA:21,_RNvNtCsi5r58ZfSbaD_15openwepp_runner9hillslope28validate_wb13_typed_identity
FNDA:8,_RNvNtCsi5r58ZfSbaD_15openwepp_runner9hillslope29build_optional_output_payload
FNDA:49,_RNvNtCsi5r58ZfSbaD_15openwepp_runner9hillslope29direct_publication_i32_to_i16
FNDA:70,_RNvNtCsi5r58ZfSbaD_15openwepp_runner9hillslope29direct_publication_u16_to_i16
FNDA:25,_RNvNtCsi5r58ZfSbaD_15openwepp_runner9hillslope29direct_publication_u32_to_i16
FNDA:3,_RNvNtCsi5r58ZfSbaD_15openwepp_runner9hillslope29direct_publication_u32_to_i32
FNDA:11,_RNvNtCsi5r58ZfSbaD_15openwepp_runner9hillslope30build_climate_run_span_summary
FNDA:9,_RNvNtCsi5r58ZfSbaD_15openwepp_runner9hillslope31build_schema1_hbp_event_fixture
FNDA:44,_RNvNtCsi5r58ZfSbaD_15openwepp_runner9hillslope34simulation_year_from_calendar_year
FNDA:21,_RNvNtCsi5r58ZfSbaD_15openwepp_runner9hillslope37hillslope_wat_row_from_validated_wb13
FNDA:17,_RNvNtCsi5r58ZfSbaD_15openwepp_runner9hillslope39direct_publication_row_has_hbp_sediment
FNDA:1,_RNvNtCsi5r58ZfSbaD_15openwepp_runner9hillslope40build_hbp_output_from_direct_publication
FNDA:1,_RNvNtCsi5r58ZfSbaD_15openwepp_runner9hillslope40direct_publication_last_hbp_sediment_row
FNDA:20,_RNvNtCsi5r58ZfSbaD_15openwepp_runner9hillslope40parse_hillslope_id_from_output_pass_path
FNDA:12,_RNvNtCsi5r58ZfSbaD_15openwepp_runner9hillslope41derive_mofe04_publication_area_from_slope
FNDA:48,_RNvNtCsi5r58ZfSbaD_15openwepp_runner9hillslope42direct_publication_required_erosion_scalar
FNDA:1,_RNvNtCsi5r58ZfSbaD_15openwepp_runner9hillslope43build_manifest_text_from_direct_publication
FNDA:1,_RNvNtCsi5r58ZfSbaD_15openwepp_runner9hillslope46build_loss_output_json_from_direct_publication
FNDA:25,_RNvNtCsi5r58ZfSbaD_15openwepp_runner9hillslope47build_hillslope_wat_row_from_direct_publication
FNDA:3,_RNvNtCsi5r58ZfSbaD_15openwepp_runner9hillslope48build_hillslope_pass_row_from_direct_publication
FNDA:6,_RNvNtCsi5r58ZfSbaD_15openwepp_runner9hillslope48build_hillslope_wat_rows_from_direct_publication
FNDA:2,_RNvNtCsi5r58ZfSbaD_15openwepp_runner9hillslope49build_hillslope_pass_rows_from_direct_publication
FNDA:0,_RNvNtCsi5r58ZfSbaD_15openwepp_runner9hillslope50direct_publication_required_sediment_concentration
FNDA:36,_RNvNtCsi5r58ZfSbaD_15openwepp_runner9hillslope6crc32c
FNDA:1692,_RNvNtCsi5r58ZfSbaD_15openwepp_runner9hillslope6put_u8
FNDA:126,_RNvNtCsi5r58ZfSbaD_15openwepp_runner9hillslope7put_f64
FNDA:36,_RNvNtCsi5r58ZfSbaD_15openwepp_runner9hillslope7put_i32
FNDA:306,_RNvNtCsi5r58ZfSbaD_15openwepp_runner9hillslope7put_i64
FNDA:1053,_RNvNtCsi5r58ZfSbaD_15openwepp_runner9hillslope7put_u16
FNDA:1017,_RNvNtCsi5r58ZfSbaD_15openwepp_runner9hillslope7put_u32
FNDA:9,_RNvNtCsi5r58ZfSbaD_15openwepp_runner9hillslope7put_u64
FNDA:0,_RINvNtCsi5r58ZfSbaD_15openwepp_runner9hillslope15simcoup_failureNtNtCsgag4BwXrjBQ_5alloc6string6StringEB4_
FNDA:4,_RINvNtCsi5r58ZfSbaD_15openwepp_runner9hillslope19wb13_simout_failureNtNtCsgag4BwXrjBQ_5alloc6string6StringEB4_
FNDA:0,_RINvNtCsi5r58ZfSbaD_15openwepp_runner9hillslope19wb13_simout_failureReEB4_
FNDA:0,_RINvNtCsi5r58ZfSbaD_15openwepp_runner9hillslope22mode_selection_failureNtNtCsgag4BwXrjBQ_5alloc6string6StringEB4_
FNDA:0,_RINvNtCsi5r58ZfSbaD_15openwepp_runner9hillslope22simcons_intake_failureReEB4_
FNDA:0,_RINvNtCsi5r58ZfSbaD_15openwepp_runner9hillslope23timestep_policy_failureNtNtCsgag4BwXrjBQ_5alloc6string6StringEB4_
FNDA:0,_RINvNtCsi5r58ZfSbaD_15openwepp_runner9hillslope33direct_publication_output_failureNtNtCsgag4BwXrjBQ_5alloc6string6StringEB4_
FNDA:0,_RINvNtCsi5r58ZfSbaD_15openwepp_runner9hillslope33direct_publication_output_failureReEB4_
FNDA:80,_RNCNCNvNtCsi5r58ZfSbaD_15openwepp_runner9hillslope39direct_publication_row_has_hbp_sediments0_00B7_
FNDA:0,_RNCNCNvNtCsi5r58ZfSbaD_15openwepp_runner9hillslope40build_hbp_output_from_direct_publications0_00B7_
FNDA:2,_RNCNCNvNtCsi5r58ZfSbaD_15openwepp_runner9hillslope47build_hillslope_wat_row_from_direct_publication00B7_
FNDA:0,_RNCNvNtCsi5r58ZfSbaD_15openwepp_runner9hillslope10put_string0B5_
FNDA:0,_RNCNvNtCsi5r58ZfSbaD_15openwepp_runner9hillslope10scaled_i640B5_
FNDA:0,_RNCNvNtCsi5r58ZfSbaD_15openwepp_runner9hillslope11day_of_year0B5_
FNDA:0,_RNCNvNtCsi5r58ZfSbaD_15openwepp_runner9hillslope13scalar_to_i320B5_
FNDA:0,_RNCNvNtCsi5r58ZfSbaD_15openwepp_runner9hillslope15scalar_to_usize0B5_
FNDA:0,_RNCNvNtCsi5r58ZfSbaD_15openwepp_runner9hillslope15usize_to_scalar0B5_
FNDA:0,_RNCNvNtCsi5r58ZfSbaD_15openwepp_runner9hillslope21build_hbp_state_entry0B5_
FNDA:0,_RNCNvNtCsi5r58ZfSbaD_15openwepp_runner9hillslope21build_hbp_state_entrys_0B5_
FNDA:0,_RNCNvNtCsi5r58ZfSbaD_15openwepp_runner9hillslope22climate_day_projection0B5_
FNDA:0,_RNCNvNtCsi5r58ZfSbaD_15openwepp_runner9hillslope23build_hbp_event_payload0B5_
FNDA:0,_RNCNvNtCsi5r58ZfSbaD_15openwepp_runner9hillslope23build_hbp_event_payloads_0B5_
FNDA:0,_RNCNvNtCsi5r58ZfSbaD_15openwepp_runner9hillslope24append_hbp_common_prefix0B5_
FNDA:0,_RNCNvNtCsi5r58ZfSbaD_15openwepp_runner9hillslope24append_hbp_common_prefixs0_0B5_
FNDA:0,_RNCNvNtCsi5r58ZfSbaD_15openwepp_runner9hillslope24append_hbp_common_prefixs1_0B5_
FNDA:0,_RNCNvNtCsi5r58ZfSbaD_15openwepp_runner9hillslope24append_hbp_common_prefixs_0B5_
FNDA:462,_RNCNvNtCsi5r58ZfSbaD_15openwepp_runner9hillslope28validate_wb13_typed_identity0B5_
FNDA:0,_RNCNvNtCsi5r58ZfSbaD_15openwepp_runner9hillslope29direct_publication_i32_to_i160B5_
FNDA:0,_RNCNvNtCsi5r58ZfSbaD_15openwepp_runner9hillslope29direct_publication_u16_to_i160B5_
FNDA:0,_RNCNvNtCsi5r58ZfSbaD_15openwepp_runner9hillslope29direct_publication_u32_to_i160B5_
FNDA:0,_RNCNvNtCsi5r58ZfSbaD_15openwepp_runner9hillslope29direct_publication_u32_to_i320B5_
FNDA:0,_RNCNvNtCsi5r58ZfSbaD_15openwepp_runner9hillslope31build_schema1_hbp_event_fixture0B5_
FNDA:0,_RNCNvNtCsi5r58ZfSbaD_15openwepp_runner9hillslope31build_schema1_hbp_event_fixtures_0B5_
FNDA:44,_RNCNvNtCsi5r58ZfSbaD_15openwepp_runner9hillslope34simulation_year_from_calendar_year0B5_
FNDA:0,_RNCNvNtCsi5r58ZfSbaD_15openwepp_runner9hillslope34simulation_year_from_calendar_years_0B5_
FNDA:17,_RNCNvNtCsi5r58ZfSbaD_15openwepp_runner9hillslope39direct_publication_row_has_hbp_sediment0B5_
FNDA:16,_RNCNvNtCsi5r58ZfSbaD_15openwepp_runner9hillslope39direct_publication_row_has_hbp_sediments0_0B5_
FNDA:16,_RNCNvNtCsi5r58ZfSbaD_15openwepp_runner9hillslope39direct_publication_row_has_hbp_sediments_0B5_
FNDA:0,_RNCNvNtCsi5r58ZfSbaD_15openwepp_runner9hillslope40build_hbp_output_from_direct_publication0B5_
FNDA:0,_RNCNvNtCsi5r58ZfSbaD_15openwepp_runner9hillslope40build_hbp_output_from_direct_publications0_0B5_
FNDA:1,_RNCNvNtCsi5r58ZfSbaD_15openwepp_runner9hillslope40build_hbp_output_from_direct_publications1_0B5_
FNDA:0,_RNCNvNtCsi5r58ZfSbaD_15openwepp_runner9hillslope40build_hbp_output_from_direct_publications_0B5_
FNDA:1,_RNCNvNtCsi5r58ZfSbaD_15openwepp_runner9hillslope40direct_publication_last_hbp_sediment_row0B5_
FNDA:0,_RNCNvNtCsi5r58ZfSbaD_15openwepp_runner9hillslope40parse_hillslope_id_from_output_pass_path0B5_
FNDA:0,_RNCNvNtCsi5r58ZfSbaD_15openwepp_runner9hillslope40parse_hillslope_id_from_output_pass_paths0_0B5_
FNDA:26,_RNCNvNtCsi5r58ZfSbaD_15openwepp_runner9hillslope40parse_hillslope_id_from_output_pass_paths1_0B5_
FNDA:0,_RNCNvNtCsi5r58ZfSbaD_15openwepp_runner9hillslope40parse_hillslope_id_from_output_pass_paths2_0B5_
FNDA:0,_RNCNvNtCsi5r58ZfSbaD_15openwepp_runner9hillslope40parse_hillslope_id_from_output_pass_paths_0B5_
FNDA:0,_RNCNvNtCsi5r58ZfSbaD_15openwepp_runner9hillslope42direct_publication_required_erosion_scalar0B5_
FNDA:0,_RNCNvNtCsi5r58ZfSbaD_15openwepp_runner9hillslope46build_loss_output_json_from_direct_publication0B5_
FNDA:0,_RNCNvNtCsi5r58ZfSbaD_15openwepp_runner9hillslope46build_loss_output_json_from_direct_publications0_0B5_
FNDA:0,_RNCNvNtCsi5r58ZfSbaD_15openwepp_runner9hillslope46build_loss_output_json_from_direct_publications_0B5_
FNDA:96,_RNCNvNtCsi5r58ZfSbaD_15openwepp_runner9hillslope47build_hillslope_wat_row_from_direct_publication0B5_
FNDA:2,_RNCNvNtCsi5r58ZfSbaD_15openwepp_runner9hillslope47build_hillslope_wat_row_from_direct_publications0_0B5_
FNDA:0,_RNCNvNtCsi5r58ZfSbaD_15openwepp_runner9hillslope47build_hillslope_wat_row_from_direct_publications_0B5_
FNDA:0,_RNCNvNtCsi5r58ZfSbaD_15openwepp_runner9hillslope48build_hillslope_wat_rows_from_direct_publication0B5_
FNDA:9,_RNCNvNtCsi5r58ZfSbaD_15openwepp_runner9hillslope48build_hillslope_wat_rows_from_direct_publications_0B5_
FNDA:0,_RNCNvNtCsi5r58ZfSbaD_15openwepp_runner9hillslope49build_hillslope_pass_rows_from_direct_publication0B5_
FNDA:5,_RNCNvNtCsi5r58ZfSbaD_15openwepp_runner9hillslope49build_hillslope_pass_rows_from_direct_publications0_0B5_
FNDA:3,_RNCNvNtCsi5r58ZfSbaD_15openwepp_runner9hillslope49build_hillslope_pass_rows_from_direct_publications1_0B5_
FNDA:0,_RNCNvNtCsi5r58ZfSbaD_15openwepp_runner9hillslope49build_hillslope_pass_rows_from_direct_publications_0B5_
FNDA:0,_RNCNvNtCsi5r58ZfSbaD_15openwepp_runner9hillslope50direct_publication_required_sediment_concentration0B5_
FNF:106
FNH:61
DA:83,29
DA:84,29
DA:85,0
DA:86,0
DA:87,0
DA:88,29
DA:89,29
DA:90,0
DA:91,0
DA:92,0
DA:93,29
DA:94,29
DA:95,29
DA:96,29
DA:97,29
DA:98,29
DA:101,20
DA:102,20
DA:103,20
DA:104,20
DA:105,20
DA:106,20
DA:108,0
DA:109,0
DA:110,0
DA:112,0
DA:113,20
DA:114,0
DA:116,26
DA:117,0
DA:118,20
DA:120,20
DA:121,20
DA:122,20
DA:123,20
DA:125,0
DA:126,0
DA:128,0
DA:129,20
DA:130,0
DA:131,20
DA:133,20
DA:134,20
DA:136,9
DA:137,9
DA:138,9
DA:141,9
DA:142,9
DA:143,9
DA:144,9
DA:145,0
DA:146,9
DA:148,0
DA:149,0
DA:150,0
DA:151,0
DA:152,0
DA:153,0
DA:156,9
DA:157,9
DA:158,9
DA:160,0
DA:161,0
DA:162,0
DA:163,0
DA:164,0
DA:165,0
DA:166,9
DA:167,9
DA:168,9
DA:169,9
DA:170,9
DA:171,9
DA:172,9
DA:173,9
DA:174,9
DA:175,9
DA:176,9
DA:177,9
DA:178,9
DA:179,9
DA:180,9
DA:181,9
DA:182,9
DA:183,9
DA:184,9
DA:185,9
DA:186,9
DA:187,9
DA:188,9
DA:189,9
DA:190,9
DA:191,9
DA:192,9
DA:193,9
DA:195,9
DA:196,9
DA:197,9
DA:198,9
DA:199,9
DA:201,0
DA:202,0
DA:203,9
DA:204,9
DA:206,0
DA:207,0
DA:208,0
DA:210,0
DA:211,9
DA:212,9
DA:213,9
DA:214,9
DA:215,9
DA:216,9
DA:217,9
DA:218,9
DA:219,9
DA:221,9
DA:222,9
DA:224,9
DA:225,9
DA:226,9
DA:227,9
DA:228,9
DA:229,9
DA:230,9
DA:231,9
DA:232,9
DA:233,9
DA:235,9
DA:236,9
DA:237,9
DA:239,9
DA:240,9
DA:241,9
DA:242,9
DA:243,9
DA:244,9
DA:245,9
DA:246,9
DA:247,9
DA:248,9
DA:249,9
DA:250,0
DA:251,9
DA:254,9
DA:255,9
DA:256,9
DA:257,0
DA:258,0
DA:259,0
DA:260,0
DA:261,0
DA:262,0
DA:263,0
DA:264,0
DA:266,9
DA:267,9
DA:268,9
DA:269,9
DA:270,9
DA:271,9
DA:272,9
DA:273,9
DA:274,9
DA:275,9
DA:276,9
DA:277,9
DA:278,9
DA:279,0
DA:280,0
DA:281,0
DA:282,0
DA:283,0
DA:284,0
DA:285,0
DA:286,0
DA:287,9
DA:288,18
DA:289,9
DA:290,9
DA:291,9
DA:292,18
DA:293,9
DA:294,9
DA:298,0
DA:299,9
DA:300,9
DA:302,0
DA:303,0
DA:304,0
DA:305,0
DA:306,0
DA:307,0
DA:308,0
DA:309,0
DA:310,9
DA:311,9
DA:312,9
DA:314,243
DA:315,234
DA:318,9
DA:319,9
DA:321,9
DA:322,9
DA:324,9
DA:325,9
DA:326,9
DA:327,9
DA:328,9
DA:329,9
DA:330,9
DA:331,9
DA:332,9
DA:333,9
DA:334,9
DA:335,9
DA:336,9
DA:337,9
DA:338,9
DA:339,9
DA:340,9
DA:341,9
DA:343,0
DA:344,0
DA:345,0
DA:347,0
DA:348,9
DA:349,9
DA:350,9
DA:351,9
DA:353,9
DA:354,0
DA:355,0
DA:356,0
DA:357,0
DA:358,0
DA:359,0
DA:360,0
DA:361,0
DA:362,9
DA:364,9
DA:365,9
DA:366,9
DA:367,9
DA:368,9
DA:369,9
DA:370,9
DA:371,9
DA:372,9
DA:374,9
DA:375,9
DA:376,9
DA:377,18
DA:378,9
DA:379,9
DA:380,9
DA:381,9
DA:382,9
DA:383,9
DA:385,9
DA:386,9
DA:387,9
DA:388,9
DA:389,9
DA:390,9
DA:391,9
DA:393,9
DA:394,9
DA:395,9
DA:396,0
DA:397,0
DA:398,0
DA:399,0
DA:400,0
DA:401,0
DA:402,0
DA:403,0
DA:405,243
DA:406,234
DA:407,234
DA:408,0
DA:409,0
DA:410,0
DA:411,0
DA:412,0
DA:413,0
DA:414,0
DA:415,234
DA:416,234
DA:417,234
DA:418,234
DA:419,234
DA:420,234
DA:421,234
DA:424,9
DA:425,9
DA:427,468
DA:428,468
DA:429,18
DA:431,180
DA:433,36
DA:435,198
DA:437,18
DA:438,18
DA:439,0
DA:441,468
DA:443,234
DA:444,234
DA:445,234
DA:446,234
DA:447,234
DA:448,234
DA:449,234
DA:450,0
DA:451,0
DA:452,0
DA:453,0
DA:454,0
DA:455,0
DA:456,0
DA:457,234
DA:458,234
DA:460,234
DA:461,234
DA:462,234
DA:463,234
DA:464,234
DA:465,567
DA:466,333
DA:467,333
DA:469,234
DA:470,234
DA:472,207
DA:473,207
DA:474,207
DA:477,27
DA:478,27
DA:479,27
DA:481,0
DA:484,234
DA:485,234
DA:486,234
DA:487,234
DA:488,234
DA:490,0
DA:491,0
DA:492,0
DA:494,0
DA:496,234
DA:497,234
DA:498,234
DA:500,234
DA:501,234
DA:502,9
DA:503,117
DA:504,108
DA:505,0
DA:507,234
DA:509,36
DA:510,36
DA:511,36
DA:512,0
DA:513,0
DA:514,0
DA:515,0
DA:516,36
DA:517,36
DA:518,36
DA:519,0
DA:520,0
DA:521,0
DA:522,0
DA:523,36
DA:524,36
DA:525,36
DA:526,36
DA:527,36
DA:529,0
DA:530,0
DA:531,36
DA:533,1692
DA:534,1692
DA:535,1692
DA:537,1053
DA:538,1053
DA:539,1053
DA:541,1017
DA:542,1017
DA:543,1017
DA:545,36
DA:546,36
DA:547,36
DA:549,9
DA:550,9
DA:551,9
DA:553,306
DA:554,306
DA:555,306
DA:557,126
DA:558,126
DA:559,126
DA:561,288
DA:562,288
DA:563,288
DA:564,288
DA:566,0
DA:567,0
DA:568,0
DA:570,0
DA:572,288
DA:573,288
DA:574,288
DA:576,27
DA:577,27
DA:578,27
DA:580,36
DA:581,36
DA:582,23769
DA:583,23733
DA:584,213597
DA:585,189864
DA:586,95236
DA:587,95236
DA:588,94628
DA:589,94628
DA:590,189864
DA:593,36
DA:594,36
DA:598,1
DA:599,1
DA:600,1
DA:601,1
DA:602,1
DA:603,1
DA:604,1
DA:605,1
DA:606,1
DA:607,0
DA:608,0
DA:611,0
DA:612,1
DA:613,0
DA:614,0
DA:615,0
DA:616,1
DA:617,1
DA:618,1
DA:619,1
DA:620,1
DA:621,0
DA:622,0
DA:623,0
DA:625,0
DA:626,0
DA:627,1
DA:629,1
DA:631,0
DA:633,1
DA:634,1
DA:635,1
DA:636,1
DA:637,1
DA:639,1
DA:640,1
DA:641,1
DA:642,1
DA:643,0
DA:644,1
DA:646,1
DA:647,1
DA:648,1
DA:649,1
DA:650,0
DA:651,1
DA:653,1
DA:654,1
DA:655,1
DA:656,1
DA:657,0
DA:658,1
DA:660,1
DA:661,1
DA:662,1
DA:663,1
DA:664,0
DA:665,1
DA:666,1
DA:667,1
DA:668,1
DA:669,1
DA:670,1
DA:671,1
DA:673,1
DA:677,1
DA:678,1
DA:679,1
DA:680,1
DA:681,1
DA:682,1
DA:683,1
DA:684,1
DA:685,1
DA:687,17
DA:688,17
DA:689,17
DA:690,17
DA:691,17
DA:692,17
DA:693,17
DA:694,16
DA:695,16
DA:696,16
DA:697,16
DA:698,16
DA:699,16
DA:700,16
DA:701,80
DA:702,17
DA:704,48
DA:705,48
DA:706,48
DA:707,48
DA:708,48
DA:709,0
DA:710,0
DA:712,0
DA:713,48
DA:714,48
DA:715,0
DA:716,0
DA:717,0
DA:718,0
DA:719,48
DA:721,0
DA:722,0
DA:723,0
DA:724,0
DA:725,0
DA:728,0
DA:729,0
DA:730,0
DA:731,0
DA:732,0
DA:733,0
DA:734,0
DA:736,0
DA:737,0
DA:740,6
DA:741,6
DA:742,6
DA:743,6
DA:744,6
DA:745,6
DA:748,6
DA:749,6
DA:750,6
DA:751,9
DA:752,6
DA:753,6
DA:755,25
DA:756,25
DA:757,25
DA:758,25
DA:759,25
DA:760,25
DA:762,25
DA:763,0
DA:764,25
DA:766,25
DA:767,25
DA:768,25
DA:769,25
DA:770,25
DA:771,25
DA:772,25
DA:773,25
DA:774,25
DA:775,25
DA:776,25
DA:777,25
DA:778,25
DA:779,25
DA:780,25
DA:781,25
DA:782,25
DA:783,25
DA:784,25
DA:785,25
DA:786,25
DA:787,25
DA:788,25
DA:789,25
DA:790,25
DA:791,25
DA:792,25
DA:793,25
DA:794,25
DA:795,25
DA:796,25
DA:797,25
DA:798,25
DA:799,25
DA:800,25
DA:801,25
DA:803,96
DA:804,96
DA:805,96
DA:806,23
DA:807,25
DA:808,0
DA:809,0
DA:810,25
DA:811,25
DA:812,25
DA:813,25
DA:814,25
DA:815,25
DA:816,25
DA:817,25
DA:818,25
DA:819,25
DA:820,25
DA:821,25
DA:822,25
DA:823,25
DA:824,25
DA:825,25
DA:826,25
DA:827,25
DA:828,25
DA:829,25
DA:830,25
DA:831,24
DA:832,24
DA:833,24
DA:834,24
DA:835,24
DA:836,23
DA:838,23
DA:839,23
DA:840,21
DA:841,21
DA:842,25
DA:844,21
DA:845,21
DA:846,21
DA:847,21
DA:848,21
DA:849,21
DA:850,21
DA:851,21
DA:852,21
DA:853,21
DA:854,21
DA:855,21
DA:856,21
DA:857,21
DA:858,21
DA:859,21
DA:860,21
DA:861,21
DA:862,21
DA:863,21
DA:864,21
DA:865,21
DA:866,21
DA:867,21
DA:868,21
DA:869,21
DA:870,21
DA:871,21
DA:872,21
DA:873,21
DA:874,21
DA:875,21
DA:876,21
DA:878,21
DA:879,21
DA:880,21
DA:881,21
DA:882,21
DA:883,21
DA:884,21
DA:885,21
DA:886,21
DA:887,21
DA:888,21
DA:889,21
DA:890,21
DA:891,21
DA:892,21
DA:893,21
DA:894,21
DA:895,21
DA:896,21
DA:897,21
DA:898,462
DA:900,0
DA:901,0
DA:902,0
DA:903,21
DA:904,21
DA:905,21
DA:908,2
DA:909,2
DA:910,2
DA:911,2
DA:912,2
DA:913,2
DA:916,2
DA:917,0
DA:918,0
DA:921,0
DA:922,2
DA:923,2
DA:924,2
DA:925,5
DA:926,3
DA:927,2
DA:928,2
DA:930,3
DA:931,3
DA:932,3
DA:933,3
DA:935,3
DA:936,3
DA:938,3
DA:939,0
DA:940,3
DA:941,3
DA:942,3
DA:943,3
DA:944,3
DA:945,3
DA:946,3
DA:947,3
DA:949,3
DA:950,3
DA:951,3
DA:952,0
DA:957,3
DA:958,3
DA:959,3
DA:960,3
DA:961,3
DA:962,3
DA:964,3
DA:967,1
DA:968,1
DA:969,1
DA:970,1
DA:971,1
DA:972,1
DA:973,1
DA:974,1
DA:975,1
DA:976,1
DA:977,1
DA:978,1
DA:979,1
DA:980,1
DA:981,1
DA:982,1
DA:983,1
DA:984,1
DA:985,1
DA:986,1
DA:987,1
DA:988,1
DA:989,1
DA:990,1
DA:991,1
DA:994,1
DA:995,1
DA:996,1
DA:999,1
DA:1000,1
DA:1001,1
DA:1002,1
DA:1003,0
DA:1004,0
DA:1005,0
DA:1006,1
DA:1007,1
DA:1008,1
DA:1009,1
DA:1010,1
DA:1011,1
DA:1012,1
DA:1013,1
DA:1014,1
DA:1015,1
DA:1016,1
DA:1018,49
DA:1019,49
DA:1020,0
DA:1021,0
DA:1023,0
DA:1024,49
DA:1026,70
DA:1027,70
DA:1028,0
DA:1029,0
DA:1031,0
DA:1032,70
DA:1034,25
DA:1035,25
DA:1036,0
DA:1037,0
DA:1039,0
DA:1040,25
DA:1042,3
DA:1043,3
DA:1044,0
DA:1045,0
DA:1047,0
DA:1048,3
DA:1050,0
DA:1051,0
DA:1052,0
DA:1053,0
DA:1054,0
DA:1055,0
DA:1057,12
DA:1058,12
DA:1059,12
DA:1060,12
DA:1061,0
DA:1062,0
DA:1063,0
DA:1064,12
DA:1066,12
DA:1067,31
DA:1068,31
DA:1069,31
DA:1070,0
DA:1071,0
DA:1072,0
DA:1073,0
DA:1074,31
DA:1075,31
DA:1076,0
DA:1077,0
DA:1078,0
DA:1079,0
DA:1080,31
DA:1082,31
DA:1085,12
DA:1086,0
DA:1087,0
DA:1088,0
DA:1089,12
DA:1091,12
DA:1092,12
DA:1098,87
DA:1099,87
DA:1100,0
DA:1101,0
DA:1102,0
DA:1103,87
DA:1104,87
DA:1105,87
DA:1106,0
DA:1107,0
DA:1108,0
DA:1109,87
DA:1110,87
DA:1111,0
DA:1112,0
DA:1113,0
DA:1114,87
DA:1115,87
DA:1116,87
DA:1117,87
DA:1118,87
DA:1120,58
DA:1121,58
DA:1122,58
DA:1123,0
DA:1124,0
DA:1126,0
DA:1127,58
DA:1129,249
DA:1130,249
DA:1131,0
DA:1132,0
DA:1134,0
DA:1135,249
DA:1137,0
DA:1138,0
DA:1139,0
DA:1140,0
DA:1141,0
DA:1142,0
DA:1144,0
DA:1145,0
DA:1146,0
DA:1147,0
DA:1148,0
DA:1149,0
DA:1151,0
DA:1152,0
DA:1153,0
DA:1154,0
DA:1155,0
DA:1156,0
DA:1158,0
DA:1159,0
DA:1160,0
DA:1161,0
DA:1162,0
DA:1163,0
DA:1165,4
DA:1166,4
DA:1167,4
DA:1168,4
DA:1169,4
DA:1170,4
DA:1172,8
DA:1173,8
DA:1174,8
DA:1175,8
DA:1176,8
DA:1177,8
DA:1178,8
DA:1179,8
DA:1180,8
DA:1185,8
DA:1189,8
DA:1208,751
DA:1209,751
DA:1210,751
DA:1211,751
DA:1212,751
DA:1213,751
DA:1214,751
DA:1215,751
DA:1216,751
DA:1217,751
DA:1218,751
DA:1219,751
DA:1220,751
DA:1221,751
DA:1223,0
DA:1224,0
DA:1225,0
DA:1226,0
DA:1227,0
DA:1228,0
DA:1229,0
DA:1230,0
DA:1231,0
DA:1232,0
DA:1233,0
DA:1234,0
DA:1235,0
DA:1236,0
DA:1239,751
DA:1241,11
DA:1242,11
DA:1243,11
DA:1244,11
DA:1245,762
DA:1246,751
DA:1249,11
DA:1250,0
DA:1251,0
DA:1252,0
DA:1253,0
DA:1255,11
DA:1256,0
DA:1257,0
DA:1258,0
DA:1259,0
DA:1262,11
DA:1263,11
DA:1264,11
DA:1265,11
DA:1266,11
DA:1267,11
DA:1269,44
DA:1270,44
DA:1271,44
DA:1272,44
DA:1273,44
DA:1274,44
DA:1275,44
DA:1276,44
DA:1277,0
DA:1278,0
DA:1280,0
DA:1281,44
DA:1282,0
DA:1283,0
DA:1284,0
DA:1285,44
DA:1286,44
DA:1287,44
DA:1289,751
DA:1290,751
DA:1291,0
DA:1292,0
DA:1293,0
DA:1294,0
DA:1295,751
DA:1297,751
DA:1298,751
DA:1300,751
DA:1313,751
DA:1314,751
DA:1315,0
DA:1316,0
DA:1317,0
DA:1318,0
DA:1319,751
DA:1321,751
DA:1322,4035
DA:1323,751
DA:1324,751
DA:1325,4035
DA:1326,4035
DA:1327,4035
DA:1329,751
DA:1331,0
DA:1332,0
DA:1333,751
DA:1335,751
DA:1336,751
DA:1337,751
BRF:0
BRH:0
LF:1092
LH:768
end_of_record
SF:/home/workdir/openWEPP/crates/openwepp-runner/src/hillslope/04_direct_publication.rs
FN:362,_RNvMsA_NtCsi5r58ZfSbaD_15openwepp_runner9hillslopeNtB5_30DirectPublicationOutputSummary16hbp_sediment_row
FN:328,_RNvMsA_NtCsi5r58ZfSbaD_15openwepp_runner9hillslopeNtB5_30DirectPublicationOutputSummary17validate_complete
FN:366,_RNvMsA_NtCsi5r58ZfSbaD_15openwepp_runner9hillslopeNtB5_30DirectPublicationOutputSummary19publication_area_m2
FN:370,_RNvMsA_NtCsi5r58ZfSbaD_15openwepp_runner9hillslopeNtB5_30DirectPublicationOutputSummary22upstream_carry_total_m
FN:282,_RNvMsA_NtCsi5r58ZfSbaD_15openwepp_runner9hillslopeNtB5_30DirectPublicationOutputSummary27observe_manifest_aggregates
FN:184,_RNvMsA_NtCsi5r58ZfSbaD_15openwepp_runner9hillslopeNtB5_30DirectPublicationOutputSummary3new
FN:204,_RNvMsA_NtCsi5r58ZfSbaD_15openwepp_runner9hillslopeNtB5_30DirectPublicationOutputSummary7observe
FN:356,_RNvMsA_NtCsi5r58ZfSbaD_15openwepp_runner9hillslopeNtB5_30DirectPublicationOutputSummary8last_row
FN:350,_RNvMsA_NtCsi5r58ZfSbaD_15openwepp_runner9hillslopeNtB5_30DirectPublicationOutputSummary9first_row
FN:73,_RNvMsz_NtCsi5r58ZfSbaD_15openwepp_runner9hillslopeNtB5_30DirectPublicationStreamingSink11observe_row
FN:138,_RNvMsz_NtCsi5r58ZfSbaD_15openwepp_runner9hillslopeNtB5_30DirectPublicationStreamingSink15flush_wat_chunk
FN:161,_RNvMsz_NtCsi5r58ZfSbaD_15openwepp_runner9hillslopeNtB5_30DirectPublicationStreamingSink16flush_pass_chunk
FN:17,_RNvMsz_NtCsi5r58ZfSbaD_15openwepp_runner9hillslopeNtB5_30DirectPublicationStreamingSink6create
FN:105,_RNvMsz_NtCsi5r58ZfSbaD_15openwepp_runner9hillslopeNtB5_30DirectPublicationStreamingSink6finish
FN:828,_RNvNtCsi5r58ZfSbaD_15openwepp_runner9hillslope18insert_mismatch_if
FN:804,_RNvNtCsi5r58ZfSbaD_15openwepp_runner9hillslope21insert_float_mismatch
FN:917,_RNvNtCsi5r58ZfSbaD_15openwepp_runner9hillslope24wat_mismatch_field_order
FN:657,_RNvNtCsi5r58ZfSbaD_15openwepp_runner9hillslope27reduced_wat_mismatch_fields
FN:814,_RNvNtCsi5r58ZfSbaD_15openwepp_runner9hillslope28insert_option_float_mismatch
FN:958,_RNvNtCsi5r58ZfSbaD_15openwepp_runner9hillslope32direct_publication_output_policy
FN:861,_RNvNtCsi5r58ZfSbaD_15openwepp_runner9hillslope32r6g_wat_pmet_day_state_carry_gap
FN:888,_RNvNtCsi5r58ZfSbaD_15openwepp_runner9hillslope32r6h_wat_pmet_layer_carry_ulp_gap
FN:616,_RNvNtCsi5r58ZfSbaD_15openwepp_runner9hillslope34build_direct_publication_artifacts
FN:1015,_RNvNtCsi5r58ZfSbaD_15openwepp_runner9hillslope34validate_publication_qofe_equals_q
FN:492,_RNvNtCsi5r58ZfSbaD_15openwepp_runner9hillslope36assemble_hbp_event_sediment_surfaces
FN:678,_RNvNtCsi5r58ZfSbaD_15openwepp_runner9hillslope36collect_wat_identity_mismatch_fields
FN:1030,_RNvNtCsi5r58ZfSbaD_15openwepp_runner9hillslope36validate_streamed_direct_publication
FN:967,_RNvNtCsi5r58ZfSbaD_15openwepp_runner9hillslope37direct_publication_expected_row_count
FN:855,_RNvNtCsi5r58ZfSbaD_15openwepp_runner9hillslope38r6g_wat_direct_et_storage_producer_gap
FN:981,_RNvNtCsi5r58ZfSbaD_15openwepp_runner9hillslope42validate_retained_direct_publication_frame
FN:748,_RNvNtCsi5r58ZfSbaD_15openwepp_runner9hillslope43collect_wat_optional_scalar_mismatch_fields
FN:707,_RNvNtCsi5r58ZfSbaD_15openwepp_runner9hillslope43collect_wat_required_scalar_mismatch_fields
FN:839,_RNvNtCsi5r58ZfSbaD_15openwepp_runner9hillslope45r6f_wat_direct_process_producer_authority_gap
FN:384,_RNvNtCsi5r58ZfSbaD_15openwepp_runner9hillslope48build_hbp_output_from_direct_publication_summary
FN:601,_RNvNtCsi5r58ZfSbaD_15openwepp_runner9hillslope51build_manifest_text_from_direct_publication_summary
FN:574,_RNvNtCsi5r58ZfSbaD_15openwepp_runner9hillslope54build_loss_output_json_from_direct_publication_summary
FN:44,_RNCNCNvMsz_NtCsi5r58ZfSbaD_15openwepp_runner9hillslopeNtB9_30DirectPublicationStreamingSink6creates0_00Bb_
FN:55,_RNCNCNvMsz_NtCsi5r58ZfSbaD_15openwepp_runner9hillslopeNtB9_30DirectPublicationStreamingSink6creates1_00Bb_
FN:115,_RNCNCNvMsz_NtCsi5r58ZfSbaD_15openwepp_runner9hillslopeNtB9_30DirectPublicationStreamingSink6finish00Bb_
FN:126,_RNCNCNvMsz_NtCsi5r58ZfSbaD_15openwepp_runner9hillslopeNtB9_30DirectPublicationStreamingSink6finishs0_00Bb_
FN:546,_RNCNCNvNtCsi5r58ZfSbaD_15openwepp_runner9hillslope36assemble_hbp_event_sediment_surfacess0_00B7_
FN:302,_RNCNvMsA_NtCsi5r58ZfSbaD_15openwepp_runner9hillslopeNtB7_30DirectPublicationOutputSummary27observe_manifest_aggregates0B9_
FN:232,_RNCNvMsA_NtCsi5r58ZfSbaD_15openwepp_runner9hillslopeNtB7_30DirectPublicationOutputSummary7observe0B9_
FN:276,_RNCNvMsA_NtCsi5r58ZfSbaD_15openwepp_runner9hillslopeNtB7_30DirectPublicationOutputSummary7observes_0B9_
FN:357,_RNCNvMsA_NtCsi5r58ZfSbaD_15openwepp_runner9hillslopeNtB7_30DirectPublicationOutputSummary8last_row0B9_
FN:351,_RNCNvMsA_NtCsi5r58ZfSbaD_15openwepp_runner9hillslopeNtB7_30DirectPublicationOutputSummary9first_row0B9_
FN:142,_RNCNvMsz_NtCsi5r58ZfSbaD_15openwepp_runner9hillslopeNtB7_30DirectPublicationStreamingSink15flush_wat_chunk0B9_
FN:154,_RNCNvMsz_NtCsi5r58ZfSbaD_15openwepp_runner9hillslopeNtB7_30DirectPublicationStreamingSink15flush_wat_chunks0_0B9_
FN:149,_RNCNvMsz_NtCsi5r58ZfSbaD_15openwepp_runner9hillslopeNtB7_30DirectPublicationStreamingSink15flush_wat_chunks_0B9_
FN:165,_RNCNvMsz_NtCsi5r58ZfSbaD_15openwepp_runner9hillslopeNtB7_30DirectPublicationStreamingSink16flush_pass_chunk0B9_
FN:177,_RNCNvMsz_NtCsi5r58ZfSbaD_15openwepp_runner9hillslopeNtB7_30DirectPublicationStreamingSink16flush_pass_chunks0_0B9_
FN:172,_RNCNvMsz_NtCsi5r58ZfSbaD_15openwepp_runner9hillslopeNtB7_30DirectPublicationStreamingSink16flush_pass_chunks_0B9_
FN:26,_RNCNvMsz_NtCsi5r58ZfSbaD_15openwepp_runner9hillslopeNtB7_30DirectPublicationStreamingSink6create0B9_
FN:40,_RNCNvMsz_NtCsi5r58ZfSbaD_15openwepp_runner9hillslopeNtB7_30DirectPublicationStreamingSink6creates0_0B9_
FN:51,_RNCNvMsz_NtCsi5r58ZfSbaD_15openwepp_runner9hillslopeNtB7_30DirectPublicationStreamingSink6creates1_0B9_
FN:31,_RNCNvMsz_NtCsi5r58ZfSbaD_15openwepp_runner9hillslopeNtB7_30DirectPublicationStreamingSink6creates_0B9_
FN:112,_RNCNvMsz_NtCsi5r58ZfSbaD_15openwepp_runner9hillslopeNtB7_30DirectPublicationStreamingSink6finish0B9_
FN:123,_RNCNvMsz_NtCsi5r58ZfSbaD_15openwepp_runner9hillslopeNtB7_30DirectPublicationStreamingSink6finishs0_0B9_
FN:673,_RNCNvNtCsi5r58ZfSbaD_15openwepp_runner9hillslope27reduced_wat_mismatch_fields0B5_
FN:879,_RNCNvNtCsi5r58ZfSbaD_15openwepp_runner9hillslope32r6g_wat_pmet_day_state_carry_gap0B5_
FN:627,_RNCNvNtCsi5r58ZfSbaD_15openwepp_runner9hillslope34build_direct_publication_artifacts0B5_
FN:511,_RNCNvNtCsi5r58ZfSbaD_15openwepp_runner9hillslope36assemble_hbp_event_sediment_surfaces0B5_
FN:542,_RNCNvNtCsi5r58ZfSbaD_15openwepp_runner9hillslope36assemble_hbp_event_sediment_surfacess0_0B5_
FN:548,_RNCNvNtCsi5r58ZfSbaD_15openwepp_runner9hillslope36assemble_hbp_event_sediment_surfacess1_0B5_
FN:975,_RNCNvNtCsi5r58ZfSbaD_15openwepp_runner9hillslope37direct_publication_expected_row_count0B5_
FN:857,_RNCNvNtCsi5r58ZfSbaD_15openwepp_runner9hillslope38r6g_wat_direct_et_storage_producer_gap0B5_
FN:851,_RNCNvNtCsi5r58ZfSbaD_15openwepp_runner9hillslope45r6f_wat_direct_process_producer_authority_gap0B5_
FN:391,_RNCNvNtCsi5r58ZfSbaD_15openwepp_runner9hillslope48build_hbp_output_from_direct_publication_summary0B5_
FN:598,_RNCNvNtCsi5r58ZfSbaD_15openwepp_runner9hillslope54build_loss_output_json_from_direct_publication_summary0B5_
FNDA:8,_RNvMsA_NtCsi5r58ZfSbaD_15openwepp_runner9hillslopeNtB5_30DirectPublicationOutputSummary16hbp_sediment_row
FNDA:16,_RNvMsA_NtCsi5r58ZfSbaD_15openwepp_runner9hillslopeNtB5_30DirectPublicationOutputSummary17validate_complete
FNDA:8,_RNvMsA_NtCsi5r58ZfSbaD_15openwepp_runner9hillslopeNtB5_30DirectPublicationOutputSummary19publication_area_m2
FNDA:8,_RNvMsA_NtCsi5r58ZfSbaD_15openwepp_runner9hillslopeNtB5_30DirectPublicationOutputSummary22upstream_carry_total_m
FNDA:16,_RNvMsA_NtCsi5r58ZfSbaD_15openwepp_runner9hillslopeNtB5_30DirectPublicationOutputSummary27observe_manifest_aggregates
FNDA:10,_RNvMsA_NtCsi5r58ZfSbaD_15openwepp_runner9hillslopeNtB5_30DirectPublicationOutputSummary3new
FNDA:16,_RNvMsA_NtCsi5r58ZfSbaD_15openwepp_runner9hillslopeNtB5_30DirectPublicationOutputSummary7observe
FNDA:32,_RNvMsA_NtCsi5r58ZfSbaD_15openwepp_runner9hillslopeNtB5_30DirectPublicationOutputSummary8last_row
FNDA:16,_RNvMsA_NtCsi5r58ZfSbaD_15openwepp_runner9hillslopeNtB5_30DirectPublicationOutputSummary9first_row
FNDA:16,_RNvMsz_NtCsi5r58ZfSbaD_15openwepp_runner9hillslopeNtB5_30DirectPublicationStreamingSink11observe_row
FNDA:8,_RNvMsz_NtCsi5r58ZfSbaD_15openwepp_runner9hillslopeNtB5_30DirectPublicationStreamingSink15flush_wat_chunk
FNDA:8,_RNvMsz_NtCsi5r58ZfSbaD_15openwepp_runner9hillslopeNtB5_30DirectPublicationStreamingSink16flush_pass_chunk
FNDA:10,_RNvMsz_NtCsi5r58ZfSbaD_15openwepp_runner9hillslopeNtB5_30DirectPublicationStreamingSink6create
FNDA:8,_RNvMsz_NtCsi5r58ZfSbaD_15openwepp_runner9hillslopeNtB5_30DirectPublicationStreamingSink6finish
FNDA:455,_RNvNtCsi5r58ZfSbaD_15openwepp_runner9hillslope18insert_mismatch_if
FNDA:234,_RNvNtCsi5r58ZfSbaD_15openwepp_runner9hillslope21insert_float_mismatch
FNDA:8,_RNvNtCsi5r58ZfSbaD_15openwepp_runner9hillslope24wat_mismatch_field_order
FNDA:8,_RNvNtCsi5r58ZfSbaD_15openwepp_runner9hillslope27reduced_wat_mismatch_fields
FNDA:104,_RNvNtCsi5r58ZfSbaD_15openwepp_runner9hillslope28insert_option_float_mismatch
FNDA:18,_RNvNtCsi5r58ZfSbaD_15openwepp_runner9hillslope32direct_publication_output_policy
FNDA:1,_RNvNtCsi5r58ZfSbaD_15openwepp_runner9hillslope32r6g_wat_pmet_day_state_carry_gap
FNDA:4,_RNvNtCsi5r58ZfSbaD_15openwepp_runner9hillslope32r6h_wat_pmet_layer_carry_ulp_gap
FNDA:8,_RNvNtCsi5r58ZfSbaD_15openwepp_runner9hillslope34build_direct_publication_artifacts
FNDA:36,_RNvNtCsi5r58ZfSbaD_15openwepp_runner9hillslope34validate_publication_qofe_equals_q
FNDA:8,_RNvNtCsi5r58ZfSbaD_15openwepp_runner9hillslope36assemble_hbp_event_sediment_surfaces
FNDA:13,_RNvNtCsi5r58ZfSbaD_15openwepp_runner9hillslope36collect_wat_identity_mismatch_fields
FNDA:8,_RNvNtCsi5r58ZfSbaD_15openwepp_runner9hillslope36validate_streamed_direct_publication
FNDA:11,_RNvNtCsi5r58ZfSbaD_15openwepp_runner9hillslope37direct_publication_expected_row_count
FNDA:3,_RNvNtCsi5r58ZfSbaD_15openwepp_runner9hillslope38r6g_wat_direct_et_storage_producer_gap
FNDA:3,_RNvNtCsi5r58ZfSbaD_15openwepp_runner9hillslope42validate_retained_direct_publication_frame
FNDA:13,_RNvNtCsi5r58ZfSbaD_15openwepp_runner9hillslope43collect_wat_optional_scalar_mismatch_fields
FNDA:13,_RNvNtCsi5r58ZfSbaD_15openwepp_runner9hillslope43collect_wat_required_scalar_mismatch_fields
FNDA:2,_RNvNtCsi5r58ZfSbaD_15openwepp_runner9hillslope45r6f_wat_direct_process_producer_authority_gap
FNDA:8,_RNvNtCsi5r58ZfSbaD_15openwepp_runner9hillslope48build_hbp_output_from_direct_publication_summary
FNDA:8,_RNvNtCsi5r58ZfSbaD_15openwepp_runner9hillslope51build_manifest_text_from_direct_publication_summary
FNDA:8,_RNvNtCsi5r58ZfSbaD_15openwepp_runner9hillslope54build_loss_output_json_from_direct_publication_summary
FNDA:0,_RNCNCNvMsz_NtCsi5r58ZfSbaD_15openwepp_runner9hillslopeNtB9_30DirectPublicationStreamingSink6creates0_00Bb_
FNDA:0,_RNCNCNvMsz_NtCsi5r58ZfSbaD_15openwepp_runner9hillslopeNtB9_30DirectPublicationStreamingSink6creates1_00Bb_
FNDA:0,_RNCNCNvMsz_NtCsi5r58ZfSbaD_15openwepp_runner9hillslopeNtB9_30DirectPublicationStreamingSink6finish00Bb_
FNDA:0,_RNCNCNvMsz_NtCsi5r58ZfSbaD_15openwepp_runner9hillslopeNtB9_30DirectPublicationStreamingSink6finishs0_00Bb_
FNDA:0,_RNCNCNvNtCsi5r58ZfSbaD_15openwepp_runner9hillslope36assemble_hbp_event_sediment_surfacess0_00B7_
FNDA:8,_RNCNvMsA_NtCsi5r58ZfSbaD_15openwepp_runner9hillslopeNtB7_30DirectPublicationOutputSummary27observe_manifest_aggregates0B9_
FNDA:0,_RNCNvMsA_NtCsi5r58ZfSbaD_15openwepp_runner9hillslopeNtB7_30DirectPublicationOutputSummary7observe0B9_
FNDA:0,_RNCNvMsA_NtCsi5r58ZfSbaD_15openwepp_runner9hillslopeNtB7_30DirectPublicationOutputSummary7observes_0B9_
FNDA:0,_RNCNvMsA_NtCsi5r58ZfSbaD_15openwepp_runner9hillslopeNtB7_30DirectPublicationOutputSummary8last_row0B9_
FNDA:0,_RNCNvMsA_NtCsi5r58ZfSbaD_15openwepp_runner9hillslopeNtB7_30DirectPublicationOutputSummary9first_row0B9_
FNDA:0,_RNCNvMsz_NtCsi5r58ZfSbaD_15openwepp_runner9hillslopeNtB7_30DirectPublicationStreamingSink15flush_wat_chunk0B9_
FNDA:0,_RNCNvMsz_NtCsi5r58ZfSbaD_15openwepp_runner9hillslopeNtB7_30DirectPublicationStreamingSink15flush_wat_chunks0_0B9_
FNDA:0,_RNCNvMsz_NtCsi5r58ZfSbaD_15openwepp_runner9hillslopeNtB7_30DirectPublicationStreamingSink15flush_wat_chunks_0B9_
FNDA:0,_RNCNvMsz_NtCsi5r58ZfSbaD_15openwepp_runner9hillslopeNtB7_30DirectPublicationStreamingSink16flush_pass_chunk0B9_
FNDA:0,_RNCNvMsz_NtCsi5r58ZfSbaD_15openwepp_runner9hillslopeNtB7_30DirectPublicationStreamingSink16flush_pass_chunks0_0B9_
FNDA:0,_RNCNvMsz_NtCsi5r58ZfSbaD_15openwepp_runner9hillslopeNtB7_30DirectPublicationStreamingSink16flush_pass_chunks_0B9_
FNDA:0,_RNCNvMsz_NtCsi5r58ZfSbaD_15openwepp_runner9hillslopeNtB7_30DirectPublicationStreamingSink6create0B9_
FNDA:10,_RNCNvMsz_NtCsi5r58ZfSbaD_15openwepp_runner9hillslopeNtB7_30DirectPublicationStreamingSink6creates0_0B9_
FNDA:0,_RNCNvMsz_NtCsi5r58ZfSbaD_15openwepp_runner9hillslopeNtB7_30DirectPublicationStreamingSink6creates1_0B9_
FNDA:0,_RNCNvMsz_NtCsi5r58ZfSbaD_15openwepp_runner9hillslopeNtB7_30DirectPublicationStreamingSink6creates_0B9_
FNDA:8,_RNCNvMsz_NtCsi5r58ZfSbaD_15openwepp_runner9hillslopeNtB7_30DirectPublicationStreamingSink6finish0B9_
FNDA:0,_RNCNvMsz_NtCsi5r58ZfSbaD_15openwepp_runner9hillslopeNtB7_30DirectPublicationStreamingSink6finishs0_0B9_
FNDA:288,_RNCNvNtCsi5r58ZfSbaD_15openwepp_runner9hillslope27reduced_wat_mismatch_fields0B5_
FNDA:0,_RNCNvNtCsi5r58ZfSbaD_15openwepp_runner9hillslope32r6g_wat_pmet_day_state_carry_gap0B5_
FNDA:0,_RNCNvNtCsi5r58ZfSbaD_15openwepp_runner9hillslope34build_direct_publication_artifacts0B5_
FNDA:0,_RNCNvNtCsi5r58ZfSbaD_15openwepp_runner9hillslope36assemble_hbp_event_sediment_surfaces0B5_
FNDA:0,_RNCNvNtCsi5r58ZfSbaD_15openwepp_runner9hillslope36assemble_hbp_event_sediment_surfacess0_0B5_
FNDA:8,_RNCNvNtCsi5r58ZfSbaD_15openwepp_runner9hillslope36assemble_hbp_event_sediment_surfacess1_0B5_
FNDA:0,_RNCNvNtCsi5r58ZfSbaD_15openwepp_runner9hillslope37direct_publication_expected_row_count0B5_
FNDA:6,_RNCNvNtCsi5r58ZfSbaD_15openwepp_runner9hillslope38r6g_wat_direct_et_storage_producer_gap0B5_
FNDA:9,_RNCNvNtCsi5r58ZfSbaD_15openwepp_runner9hillslope45r6f_wat_direct_process_producer_authority_gap0B5_
FNDA:0,_RNCNvNtCsi5r58ZfSbaD_15openwepp_runner9hillslope48build_hbp_output_from_direct_publication_summary0B5_
FNDA:0,_RNCNvNtCsi5r58ZfSbaD_15openwepp_runner9hillslope54build_loss_output_json_from_direct_publication_summary0B5_
FNF:69
FNH:43
DA:17,10
DA:18,10
DA:19,10
DA:20,10
DA:21,10
DA:22,10
DA:23,10
DA:24,10
DA:25,10
DA:26,10
DA:27,0
DA:30,0
DA:31,10
DA:32,0
DA:33,0
DA:36,0
DA:37,10
DA:38,10
DA:39,10
DA:40,10
DA:41,10
DA:42,10
DA:44,0
DA:45,0
DA:46,10
DA:47,10
DA:48,10
DA:49,10
DA:50,10
DA:51,10
DA:52,0
DA:53,0
DA:55,0
DA:56,0
DA:57,0
DA:58,10
DA:59,10
DA:60,10
DA:61,10
DA:62,10
DA:63,10
DA:64,10
DA:65,10
DA:66,10
DA:67,10
DA:68,10
DA:69,10
DA:70,10
DA:71,10
DA:73,16
DA:74,16
DA:75,16
DA:76,16
DA:77,16
DA:81,16
DA:82,16
DA:83,16
DA:84,16
DA:85,16
DA:86,16
DA:87,16
DA:88,16
DA:89,16
DA:90,16
DA:91,0
DA:92,16
DA:93,0
DA:94,16
DA:95,0
DA:96,0
DA:97,0
DA:98,0
DA:99,0
DA:100,0
DA:101,16
DA:102,16
DA:103,16
DA:105,8
DA:106,8
DA:107,8
DA:108,8
DA:109,8
DA:110,8
DA:111,8
DA:112,8
DA:113,8
DA:115,0
DA:116,0
DA:117,8
DA:118,8
DA:119,8
DA:120,8
DA:121,8
DA:122,8
DA:123,8
DA:124,0
DA:126,0
DA:127,0
DA:128,0
DA:129,8
DA:130,8
DA:131,8
DA:132,8
DA:133,8
DA:134,8
DA:135,8
DA:136,8
DA:138,8
DA:139,8
DA:140,0
DA:141,8
DA:142,8
DA:143,0
DA:144,0
DA:145,8
DA:146,8
DA:147,8
DA:149,0
DA:150,0
DA:152,8
DA:153,8
DA:154,8
DA:155,0
DA:156,0
DA:157,8
DA:158,8
DA:159,8
DA:161,8
DA:162,8
DA:163,8
DA:164,0
DA:165,0
DA:166,0
DA:167,0
DA:168,0
DA:169,0
DA:170,0
DA:172,0
DA:173,0
DA:174,0
DA:175,0
DA:176,0
DA:177,0
DA:178,0
DA:179,0
DA:180,8
DA:184,10
DA:185,10
DA:186,10
DA:187,10
DA:188,10
DA:189,10
DA:190,10
DA:191,10
DA:192,10
DA:193,10
DA:194,10
DA:195,10
DA:196,10
DA:197,10
DA:198,10
DA:199,10
DA:200,10
DA:201,10
DA:202,10
DA:204,16
DA:205,16
DA:206,16
DA:207,8
DA:208,8
DA:215,16
DA:216,16
DA:217,16
DA:218,16
DA:219,16
DA:220,16
DA:221,16
DA:222,16
DA:223,16
DA:224,16
DA:225,16
DA:226,16
DA:227,16
DA:228,16
DA:229,16
DA:230,16
DA:231,16
DA:232,16
DA:233,0
DA:234,0
DA:237,0
DA:242,16
DA:248,16
DA:249,16
DA:250,16
DA:251,16
DA:252,0
DA:254,16
DA:256,16
DA:257,0
DA:258,0
DA:259,0
DA:260,0
DA:261,0
DA:262,0
DA:263,0
DA:264,0
DA:265,0
DA:266,0
DA:267,0
DA:268,0
DA:269,0
DA:270,0
DA:271,16
DA:272,16
DA:273,16
DA:274,16
DA:275,16
DA:276,16
DA:277,0
DA:278,0
DA:279,16
DA:280,16
DA:282,16
DA:283,16
DA:284,16
DA:285,16
DA:286,16
DA:287,0
DA:288,0
DA:289,0
DA:290,0
DA:291,16
DA:292,16
DA:293,8
DA:294,0
DA:295,0
DA:296,0
DA:297,0
DA:298,8
DA:299,8
DA:300,16
DA:301,16
DA:302,16
DA:303,0
DA:304,0
DA:305,16
DA:306,16
DA:307,16
DA:308,16
DA:309,16
DA:310,16
DA:311,16
DA:312,16
DA:314,0
DA:315,0
DA:316,0
DA:317,0
DA:318,16
DA:319,16
DA:320,16
DA:321,0
DA:322,0
DA:323,0
DA:324,16
DA:325,16
DA:326,16
DA:328,16
DA:329,16
DA:330,0
DA:331,0
DA:332,0
DA:333,0
DA:334,16
DA:335,16
DA:336,0
DA:337,0
DA:338,0
DA:339,16
DA:340,16
DA:341,0
DA:342,0
DA:343,0
DA:344,0
DA:345,0
DA:346,16
DA:347,16
DA:348,16
DA:350,16
DA:351,16
DA:352,0
DA:353,0
DA:354,16
DA:356,32
DA:357,32
DA:358,0
DA:359,0
DA:360,32
DA:362,8
DA:363,8
DA:364,8
DA:366,8
DA:367,8
DA:368,8
DA:370,8
DA:371,8
DA:372,8
DA:384,8
DA:385,8
DA:386,8
DA:387,8
DA:388,8
DA:389,8
DA:390,8
DA:391,8
DA:392,0
DA:393,0
DA:396,0
DA:397,8
DA:398,0
DA:399,0
DA:400,0
DA:401,8
DA:411,8
DA:412,8
DA:413,8
DA:415,0
DA:416,8
DA:418,0
DA:419,0
DA:420,0
DA:424,8
DA:425,8
DA:432,8
DA:433,0
DA:435,8
DA:438,8
DA:439,8
DA:440,8
DA:441,8
DA:442,8
DA:444,8
DA:445,8
DA:446,8
DA:447,8
DA:448,8
DA:449,8
DA:451,8
DA:452,8
DA:453,8
DA:454,8
DA:455,0
DA:459,8
DA:460,0
DA:461,8
DA:463,8
DA:464,8
DA:465,8
DA:466,8
DA:467,0
DA:469,8
DA:470,0
DA:471,8
DA:473,8
DA:474,8
DA:475,8
DA:476,8
DA:477,0
DA:479,8
DA:480,8
DA:481,8
DA:482,8
DA:483,8
DA:484,8
DA:485,8
DA:487,8
DA:492,8
DA:493,8
DA:494,8
DA:495,8
DA:496,8
DA:497,8
DA:499,8
DA:500,8
DA:501,8
DA:502,8
DA:503,8
DA:504,8
DA:505,8
DA:506,0
DA:507,0
DA:508,0
DA:509,0
DA:510,0
DA:511,0
DA:515,0
DA:517,0
DA:518,0
DA:519,0
DA:520,0
DA:521,0
DA:522,0
DA:523,0
DA:524,0
DA:525,0
DA:526,0
DA:527,0
DA:528,0
DA:530,0
DA:531,0
DA:532,0
DA:533,0
DA:534,0
DA:535,0
DA:538,8
DA:539,8
DA:540,8
DA:541,8
DA:542,0
DA:543,0
DA:544,0
DA:546,0
DA:547,0
DA:548,8
DA:549,8
DA:551,8
DA:553,8
DA:554,0
DA:555,8
DA:556,8
DA:557,8
DA:558,8
DA:559,8
DA:560,8
DA:561,8
DA:562,8
DA:564,8
DA:565,8
DA:566,8
DA:567,8
DA:568,8
DA:569,8
DA:570,8
DA:571,8
DA:572,8
DA:574,8
DA:575,8
DA:576,8
DA:577,8
DA:578,8
DA:579,8
DA:580,8
DA:581,8
DA:582,8
DA:583,8
DA:584,8
DA:585,8
DA:586,8
DA:587,8
DA:588,8
DA:589,8
DA:590,8
DA:591,8
DA:592,8
DA:593,8
DA:594,8
DA:597,8
DA:598,8
DA:599,8
DA:601,8
DA:602,8
DA:603,8
DA:604,8
DA:605,8
DA:606,8
DA:607,8
DA:608,8
DA:609,8
DA:610,8
DA:611,8
DA:612,8
DA:613,8
DA:614,8
DA:616,8
DA:617,8
DA:618,8
DA:619,8
DA:620,8
DA:621,8
DA:622,8
DA:623,8
DA:627,8
DA:628,0
DA:631,0
DA:632,8
DA:633,8
DA:634,8
DA:635,8
DA:636,8
DA:637,8
DA:638,8
DA:639,8
DA:640,8
DA:641,0
DA:642,8
DA:643,8
DA:644,8
DA:645,8
DA:646,8
DA:647,8
DA:648,8
DA:649,8
DA:650,8
DA:651,8
DA:652,8
DA:653,8
DA:654,8
DA:657,8
DA:658,8
DA:659,8
DA:660,8
DA:661,8
DA:662,8
DA:663,0
DA:664,8
DA:665,13
DA:666,13
DA:667,13
DA:668,13
DA:669,13
DA:670,8
DA:671,8
DA:672,8
DA:673,288
DA:674,8
DA:675,8
DA:678,13
DA:679,13
DA:680,13
DA:681,13
DA:682,13
DA:683,13
DA:684,13
DA:685,13
DA:686,13
DA:687,13
DA:689,13
DA:691,13
DA:692,13
DA:693,13
DA:694,13
DA:696,13
DA:698,13
DA:699,13
DA:701,13
DA:703,13
DA:704,13
DA:707,13
DA:708,13
DA:709,13
DA:710,13
DA:711,13
DA:712,13
DA:713,13
DA:714,13
DA:715,13
DA:716,13
DA:717,13
DA:718,13
DA:719,13
DA:720,13
DA:722,13
DA:723,13
DA:725,13
DA:726,13
DA:727,13
DA:728,13
DA:730,13
DA:731,13
DA:733,13
DA:734,13
DA:735,13
DA:736,13
DA:738,13
DA:739,13
DA:741,13
DA:742,13
DA:743,13
DA:744,13
DA:745,13
DA:748,13
DA:749,13
DA:750,13
DA:751,13
DA:752,13
DA:753,13
DA:754,13
DA:756,13
DA:757,13
DA:759,13
DA:760,13
DA:762,13
DA:763,13
DA:765,13
DA:766,13
DA:768,13
DA:769,13
DA:771,13
DA:772,13
DA:774,13
DA:775,13
DA:777,13
DA:778,13
DA:780,13
DA:781,13
DA:783,13
DA:784,13
DA:786,13
DA:787,13
DA:789,13
DA:790,13
DA:792,13
DA:793,13
DA:795,13
DA:796,13
DA:798,13
DA:799,13
DA:801,13
DA:804,234
DA:805,234
DA:806,234
DA:807,234
DA:808,234
DA:809,234
DA:810,234
DA:811,234
DA:814,104
DA:815,104
DA:816,104
DA:817,104
DA:818,104
DA:819,104
DA:820,104
DA:821,104
DA:822,104
DA:823,104
DA:825,104
DA:828,455
DA:829,455
DA:830,455
DA:831,455
DA:832,455
DA:833,455
DA:834,31
DA:835,424
DA:836,455
DA:839,2
DA:840,2
DA:841,2
DA:842,2
DA:843,2
DA:844,2
DA:845,2
DA:846,2
DA:847,2
DA:848,2
DA:849,2
DA:850,2
DA:851,9
DA:852,2
DA:855,3
DA:856,3
DA:857,6
DA:858,3
DA:861,1
DA:862,1
DA:863,1
DA:864,1
DA:865,1
DA:866,1
DA:867,1
DA:868,1
DA:870,1
DA:871,0
DA:872,0
DA:873,0
DA:874,0
DA:875,0
DA:876,0
DA:877,0
DA:878,0
DA:879,0
DA:880,0
DA:881,0
DA:882,0
DA:883,0
DA:884,0
DA:885,1
DA:888,4
DA:889,4
DA:890,4
DA:891,4
DA:892,4
DA:893,4
DA:894,4
DA:895,4
DA:896,4
DA:898,0
DA:899,4
DA:900,4
DA:901,1
DA:902,3
DA:903,3
DA:904,4
DA:905,4
DA:906,0
DA:907,4
DA:908,4
DA:909,2
DA:910,2
DA:911,2
DA:913,1
DA:914,4
DA:917,8
DA:918,8
DA:919,8
DA:920,8
DA:921,8
DA:922,8
DA:923,8
DA:924,8
DA:925,8
DA:926,8
DA:927,8
DA:928,8
DA:929,8
DA:930,8
DA:931,8
DA:932,8
DA:933,8
DA:934,8
DA:935,8
DA:936,8
DA:937,8
DA:938,8
DA:939,8
DA:940,8
DA:941,8
DA:942,8
DA:943,8
DA:944,8
DA:945,8
DA:946,8
DA:947,8
DA:948,8
DA:949,8
DA:950,8
DA:951,8
DA:952,8
DA:953,8
DA:954,8
DA:955,8
DA:956,8
DA:958,18
DA:959,18
DA:962,18
DA:965,18
DA:967,11
DA:968,11
DA:969,11
DA:970,11
DA:971,11
DA:972,11
DA:973,11
DA:975,0
DA:976,0
DA:977,11
DA:981,3
DA:982,3
DA:983,3
DA:984,3
DA:985,3
DA:986,1
DA:987,1
DA:988,1
DA:989,1
DA:990,1
DA:991,1
DA:992,1
DA:993,2
DA:994,5
DA:995,5
DA:996,5
DA:997,5
DA:998,4
DA:1000,1
DA:1001,1
DA:1002,1
DA:1003,1
DA:1004,1
DA:1005,1
DA:1006,4
DA:1007,4
DA:1009,1
DA:1010,3
DA:1015,36
DA:1016,36
DA:1017,36
DA:1018,36
DA:1019,0
DA:1020,0
DA:1021,0
DA:1022,0
DA:1023,0
DA:1024,0
DA:1025,0
DA:1026,36
DA:1027,36
DA:1028,36
DA:1030,8
DA:1031,8
DA:1032,8
DA:1033,8
DA:1034,8
DA:1035,8
DA:1036,0
DA:1037,0
DA:1038,0
DA:1039,0
DA:1040,0
DA:1041,0
DA:1042,0
DA:1043,8
DA:1044,8
DA:1046,0
DA:1047,0
DA:1048,0
DA:1049,0
DA:1050,0
DA:1051,0
DA:1052,8
DA:1053,16
DA:1054,8
DA:1055,8
DA:1056,8
DA:1057,8
DA:1058,8
DA:1059,8
DA:1061,16
DA:1062,16
DA:1063,16
DA:1064,16
DA:1066,0
DA:1067,0
DA:1068,0
DA:1069,0
DA:1070,0
DA:1071,0
DA:1072,16
DA:1073,16
DA:1075,8
DA:1076,8
BRF:0
BRH:0
LF:897
LH:672
end_of_record
SF:/home/workdir/openWEPP/crates/openwepp-runner/src/hillslope/05_runner_execution_and_outputs.rs
FN:621,_RNvNtCsi5r58ZfSbaD_15openwepp_runner9hillslope23wb16_ealpha_seed_policy
FN:610,_RNvNtCsi5r58ZfSbaD_15openwepp_runner9hillslope24erod14_qin_source_policy
FN:1648,_RNvNtCsi5r58ZfSbaD_15openwepp_runner9hillslope26direct_runtime_audit_delta
FN:648,_RNvNtCsi5r58ZfSbaD_15openwepp_runner9hillslope27write_hillslope_run_outputs
FN:1565,_RNvNtCsi5r58ZfSbaD_15openwepp_runner9hillslope28build_hillslope_run_manifest
FN:1312,_RNvNtCsi5r58ZfSbaD_15openwepp_runner9hillslope28laned_active_step_trace_json
FN:1519,_RNvNtCsi5r58ZfSbaD_15openwepp_runner9hillslope28optional_sidecar_input_paths
FN:118,_RNvNtCsi5r58ZfSbaD_15openwepp_runner9hillslope28resolve_laned_active_enabled
FN:1455,_RNvNtCsi5r58ZfSbaD_15openwepp_runner9hillslope28write_hillslope_run_manifest
FN:87,_RNvNtCsi5r58ZfSbaD_15openwepp_runner9hillslope29resolve_laned_active_decision
FN:159,_RNvNtCsi5r58ZfSbaD_15openwepp_runner9hillslope29validate_laned_active_summary
FN:1356,_RNvNtCsi5r58ZfSbaD_15openwepp_runner9hillslope30laned_active_trace_detail_json
FN:1016,_RNvNtCsi5r58ZfSbaD_15openwepp_runner9hillslope30write_generic_optional_outputs
FN:1494,_RNvNtCsi5r58ZfSbaD_15openwepp_runner9hillslope31build_hillslope_input_checksums
FN:1877,_RNvNtCsi5r58ZfSbaD_15openwepp_runner9hillslope31direct_production_runtime_error
FN:1717,_RNvNtCsi5r58ZfSbaD_15openwepp_runner9hillslope31execute_selected_hillslope_days
[...]
FN:869,_RNvNtCsi5r58ZfSbaD_15openwepp_runner13watershed_wat18optional_f64_value
FN:417,_RNvNtCsi5r58ZfSbaD_15openwepp_runner13watershed_wat18read_wat_file_into
FN:742,_RNvNtCsi5r58ZfSbaD_15openwepp_runner13watershed_wat19optional_f64_column
FN:531,_RNvNtCsi5r58ZfSbaD_15openwepp_runner13watershed_wat20day_key_from_columns
FN:823,_RNvNtCsi5r58ZfSbaD_15openwepp_runner13watershed_wat20optional_int16_value
FN:835,_RNvNtCsi5r58ZfSbaD_15openwepp_runner13watershed_wat20optional_int32_value
FN:702,_RNvNtCsi5r58ZfSbaD_15openwepp_runner13watershed_wat21optional_int16_column
FN:722,_RNvNtCsi5r58ZfSbaD_15openwepp_runner13watershed_wat21optional_int32_column
FN:554,_RNvNtCsi5r58ZfSbaD_15openwepp_runner13watershed_wat23wat_values_from_columns
FN:454,_RNvNtCsi5r58ZfSbaD_15openwepp_runner13watershed_wat24aggregate_file_rows_into
FN:669,_RNvNtCsi5r58ZfSbaD_15openwepp_runner13watershed_wat25optional_int16_column_any
FN:847,_RNvNtCsi5r58ZfSbaD_15openwepp_runner13watershed_wat9f64_value
FN:46,_RNvXNtCsi5r58ZfSbaD_15openwepp_runner13watershed_watNtB2_28WatershedWatPublicationErrorNtNtCs3XFJfFEDSOQ_4core3fmt7Display3fmt
FNDA:4,_RNvXs0_NtNtCsi5r58ZfSbaD_15openwepp_runner13watershed_wat5testsNtB5_7TestDirNtNtNtCs3XFJfFEDSOQ_4core3ops4drop4Drop4drop
FNDA:4,_RNvMNtNtCsi5r58ZfSbaD_15openwepp_runner13watershed_wat5testsNtB2_7TestDir3new
FNDA:4,_RNvNtNtCsi5r58ZfSbaD_15openwepp_runner13watershed_wat5tests17write_wat_parquet
FNDA:12,_RNvNtNtCsi5r58ZfSbaD_15openwepp_runner13watershed_wat5tests18nullable_f64_array
FNDA:6,_RNvNtNtCsi5r58ZfSbaD_15openwepp_runner13watershed_wat5tests26wat_batch_for_reader_tests
FNDA:200,_RNvNtNtCsi5r58ZfSbaD_15openwepp_runner13watershed_wat5tests5field
FNDA:4,_RNvNtNtCsi5r58ZfSbaD_15openwepp_runner13watershed_wat5tests6values
FNDA:1,_RNvNtNtCsi5r58ZfSbaD_15openwepp_runner13watershed_wat5tests7day_key
FNDA:12,_RNvNtNtCsi5r58ZfSbaD_15openwepp_runner13watershed_wat5tests8i8_array
FNDA:138,_RNvNtNtCsi5r58ZfSbaD_15openwepp_runner13watershed_wat5tests9f64_array
FNDA:24,_RNvNtNtCsi5r58ZfSbaD_15openwepp_runner13watershed_wat5tests9i16_array
FNDA:12,_RNvNtNtCsi5r58ZfSbaD_15openwepp_runner13watershed_wat5tests9i32_array
FNDA:1,_RNvNtNtCsi5r58ZfSbaD_15openwepp_runner13watershed_wat5testss_40build_rejects_non_finite_aggregated_area
FNDA:1,_RNvNtNtCsi5r58ZfSbaD_15openwepp_runner13watershed_wat5testss_48build_reads_wat_parquet_and_publishes_daily_rows
FNDA:1,_RNvNtNtCsi5r58ZfSbaD_15openwepp_runner13watershed_wat5testss_49display_formats_every_watershed_wat_error_variant
FNDA:1,_RNvNtNtCsi5r58ZfSbaD_15openwepp_runner13watershed_wat5testss_51read_wat_file_reports_open_read_and_schema_failures
FNDA:1,_RNvNtNtCsi5r58ZfSbaD_15openwepp_runner13watershed_wat5testss_56build_handles_absent_and_partial_wat_sibling_inventories
FNDA:1,_RNvNtNtCsi5r58ZfSbaD_15openwepp_runner13watershed_wat5testss_60read_batch_into_rejects_invalid_area_with_absolute_row_index
FNDA:1,_RNvNtNtCsi5r58ZfSbaD_15openwepp_runner13watershed_wat5testss_61column_and_scalar_guards_cover_type_null_and_nonfinite_errors
FNDA:1,_RNvNtNtCsi5r58ZfSbaD_15openwepp_runner13watershed_wat5testss_62read_batch_into_reads_aliases_optional_defaults_and_row_values
FNDA:1,_RNvNtNtCsi5r58ZfSbaD_15openwepp_runner13watershed_wat5testss_73aggregate_file_rows_uses_outlet_lateral_and_preserves_optional_wat_fields
FNDA:1,_RNvNtNtCsi5r58ZfSbaD_15openwepp_runner13watershed_wat5testss_75optional_f64_value_treats_all_null_column_as_absent_but_rejects_mixed_nulls
FNDA:11,_RNvXs_NtNtCsi5r58ZfSbaD_15openwepp_runner13watershed_wat5testsNtB4_7TestDirNtNtNtCs3XFJfFEDSOQ_4core3ops5deref5Deref5deref
FNDA:4,_RINvNtCsi5r58ZfSbaD_15openwepp_runner13watershed_wat35build_watershed_daily_rows_from_watINtNtCsgag4BwXrjBQ_5alloc3vec3VecRNtNtCsHIej2QEFI5_3std4path7PathBufEB1W_EB4_
FNDA:62,_RINvNtCsi5r58ZfSbaD_15openwepp_runner13watershed_wat6columnINtNtNtCs2lnQB4vrgyX_11arrow_array5array15primitive_array14PrimitiveArrayNtNtB12_5types11Float64TypeEEB4_
FNDA:10,_RINvNtCsi5r58ZfSbaD_15openwepp_runner13watershed_wat6columnINtNtNtCs2lnQB4vrgyX_11arrow_array5array15primitive_array14PrimitiveArrayNtNtB12_5types8Int8TypeEEB4_
FNDA:15,_RINvNtCsi5r58ZfSbaD_15openwepp_runner13watershed_wat6columnINtNtNtCs2lnQB4vrgyX_11arrow_array5array15primitive_array14PrimitiveArrayNtNtB12_5types9Int16TypeEEB4_
FNDA:5,_RINvNtCsi5r58ZfSbaD_15openwepp_runner13watershed_wat6columnINtNtNtCs2lnQB4vrgyX_11arrow_array5array15primitive_array14PrimitiveArrayNtNtB12_5types9Int32TypeEEB4_
FNDA:5,_RNCINvNtCsi5r58ZfSbaD_15openwepp_runner13watershed_wat35build_watershed_daily_rows_from_watINtNtCsgag4BwXrjBQ_5alloc3vec3VecRNtNtCsHIej2QEFI5_3std4path7PathBufEB1Y_E0B6_
FNDA:1,_RNCINvNtCsi5r58ZfSbaD_15openwepp_runner13watershed_wat6columnINtNtNtCs2lnQB4vrgyX_11arrow_array5array15primitive_array14PrimitiveArrayNtNtB14_5types11Float64TypeEE0B6_
FNDA:0,_RNCINvNtCsi5r58ZfSbaD_15openwepp_runner13watershed_wat6columnINtNtNtCs2lnQB4vrgyX_11arrow_array5array15primitive_array14PrimitiveArrayNtNtB14_5types11Float64TypeEEs_0B6_
FNDA:0,_RNCINvNtCsi5r58ZfSbaD_15openwepp_runner13watershed_wat6columnINtNtNtCs2lnQB4vrgyX_11arrow_array5array15primitive_array14PrimitiveArrayNtNtB14_5types8Int8TypeEE0B6_
FNDA:0,_RNCINvNtCsi5r58ZfSbaD_15openwepp_runner13watershed_wat6columnINtNtNtCs2lnQB4vrgyX_11arrow_array5array15primitive_array14PrimitiveArrayNtNtB14_5types8Int8TypeEEs_0B6_
FNDA:0,_RNCINvNtCsi5r58ZfSbaD_15openwepp_runner13watershed_wat6columnINtNtNtCs2lnQB4vrgyX_11arrow_array5array15primitive_array14PrimitiveArrayNtNtB14_5types9Int16TypeEE0B6_
FNDA:0,_RNCINvNtCsi5r58ZfSbaD_15openwepp_runner13watershed_wat6columnINtNtNtCs2lnQB4vrgyX_11arrow_array5array15primitive_array14PrimitiveArrayNtNtB14_5types9Int16TypeEEs_0B6_
FNDA:0,_RNCINvNtCsi5r58ZfSbaD_15openwepp_runner13watershed_wat6columnINtNtNtCs2lnQB4vrgyX_11arrow_array5array15primitive_array14PrimitiveArrayNtNtB14_5types9Int32TypeEE0B6_
FNDA:0,_RNCINvNtCsi5r58ZfSbaD_15openwepp_runner13watershed_wat6columnINtNtNtCs2lnQB4vrgyX_11arrow_array5array15primitive_array14PrimitiveArrayNtNtB14_5types9Int32TypeEEs_0B6_
FNDA:8,_RNCNCNvNtCsi5r58ZfSbaD_15openwepp_runner13watershed_wat24aggregate_file_rows_intos_00B7_
FNDA:1,_RNCNvNtCsi5r58ZfSbaD_15openwepp_runner13watershed_wat18read_wat_file_into0B5_
FNDA:0,_RNCNvNtCsi5r58ZfSbaD_15openwepp_runner13watershed_wat18read_wat_file_intos0_0B5_
FNDA:0,_RNCNvNtCsi5r58ZfSbaD_15openwepp_runner13watershed_wat18read_wat_file_intos1_0B5_
FNDA:1,_RNCNvNtCsi5r58ZfSbaD_15openwepp_runner13watershed_wat18read_wat_file_intos_0B5_
FNDA:2,_RNCNvNtCsi5r58ZfSbaD_15openwepp_runner13watershed_wat19optional_f64_column0B5_
FNDA:8,_RNCNvNtCsi5r58ZfSbaD_15openwepp_runner13watershed_wat20optional_int16_value0B5_
FNDA:8,_RNCNvNtCsi5r58ZfSbaD_15openwepp_runner13watershed_wat20optional_int32_value0B5_
FNDA:1,_RNCNvNtCsi5r58ZfSbaD_15openwepp_runner13watershed_wat21optional_int16_column0B5_
FNDA:1,_RNCNvNtCsi5r58ZfSbaD_15openwepp_runner13watershed_wat21optional_int32_column0B5_
FNDA:4,_RNCNvNtCsi5r58ZfSbaD_15openwepp_runner13watershed_wat24aggregate_file_rows_into0B5_
FNDA:8,_RNCNvNtCsi5r58ZfSbaD_15openwepp_runner13watershed_wat24aggregate_file_rows_intos_0B5_
FNDA:8,_RNvMs0_NtCsi5r58ZfSbaD_15openwepp_runner13watershed_watNtB5_19DailyWatAccumulator12add_weighted
FNDA:5,_RNvMs1_NtCsi5r58ZfSbaD_15openwepp_runner13watershed_watNtB5_15WatBatchColumns4load
FNDA:5,_RNvMs2_NtCsi5r58ZfSbaD_15openwepp_runner13watershed_watNtB5_18WatIdentityColumns4load
FNDA:5,_RNvMs3_NtCsi5r58ZfSbaD_15openwepp_runner13watershed_watNtB5_15WatValueColumns4load
FNDA:62,_RNvNtCsi5r58ZfSbaD_15openwepp_runner13watershed_wat10f64_column
FNDA:17,_RNvNtCsi5r58ZfSbaD_15openwepp_runner13watershed_wat10int8_value
FNDA:5,_RNvNtCsi5r58ZfSbaD_15openwepp_runner13watershed_wat10null_value
FNDA:33,_RNvNtCsi5r58ZfSbaD_15openwepp_runner13watershed_wat11int16_value
FNDA:17,_RNvNtCsi5r58ZfSbaD_15openwepp_runner13watershed_wat11int32_value
FNDA:10,_RNvNtCsi5r58ZfSbaD_15openwepp_runner13watershed_wat11int8_column
FNDA:15,_RNvNtCsi5r58ZfSbaD_15openwepp_runner13watershed_wat12int16_column
FNDA:5,_RNvNtCsi5r58ZfSbaD_15openwepp_runner13watershed_wat12int32_column
FNDA:6,_RNvNtCsi5r58ZfSbaD_15openwepp_runner13watershed_wat14f64_column_any
FNDA:5,_RNvNtCsi5r58ZfSbaD_15openwepp_runner13watershed_wat15read_batch_into
FNDA:8,_RNvNtCsi5r58ZfSbaD_15openwepp_runner13watershed_wat16positive_area_m2
FNDA:8,_RNvNtCsi5r58ZfSbaD_15openwepp_runner13watershed_wat17read_wat_file_row
FNDA:66,_RNvNtCsi5r58ZfSbaD_15openwepp_runner13watershed_wat18optional_f64_value
FNDA:5,_RNvNtCsi5r58ZfSbaD_15openwepp_runner13watershed_wat18read_wat_file_into
FNDA:49,_RNvNtCsi5r58ZfSbaD_15openwepp_runner13watershed_wat19optional_f64_column
FNDA:8,_RNvNtCsi5r58ZfSbaD_15openwepp_runner13watershed_wat20day_key_from_columns
FNDA:8,_RNvNtCsi5r58ZfSbaD_15openwepp_runner13watershed_wat20optional_int16_value
FNDA:8,_RNvNtCsi5r58ZfSbaD_15openwepp_runner13watershed_wat20optional_int32_value
FNDA:12,_RNvNtCsi5r58ZfSbaD_15openwepp_runner13watershed_wat21optional_int16_column
FNDA:7,_RNvNtCsi5r58ZfSbaD_15openwepp_runner13watershed_wat21optional_int32_column
FNDA:7,_RNvNtCsi5r58ZfSbaD_15openwepp_runner13watershed_wat23wat_values_from_columns
FNDA:3,_RNvNtCsi5r58ZfSbaD_15openwepp_runner13watershed_wat24aggregate_file_rows_into
FNDA:5,_RNvNtCsi5r58ZfSbaD_15openwepp_runner13watershed_wat25optional_int16_column_any
FNDA:167,_RNvNtCsi5r58ZfSbaD_15openwepp_runner13watershed_wat9f64_value
FNDA:7,_RNvXNtCsi5r58ZfSbaD_15openwepp_runner13watershed_watNtB2_28WatershedWatPublicationErrorNtNtCs3XFJfFEDSOQ_4core3fmt7Display3fmt
FNF:69
FNH:66
DA:46,7
DA:47,7
DA:49,1
DA:50,1
DA:51,1
DA:52,1
DA:53,1
DA:54,1
DA:55,1
DA:57,1
DA:58,1
DA:59,1
DA:60,1
DA:61,1
DA:64,1
DA:65,1
DA:66,1
DA:67,1
DA:68,1
DA:71,1
DA:72,1
DA:73,1
DA:74,1
DA:76,1
DA:77,1
DA:78,1
DA:79,1
DA:82,1
DA:83,1
DA:84,1
DA:85,1
DA:86,1
DA:87,1
DA:88,1
DA:91,1
DA:92,1
DA:93,1
DA:94,1
DA:95,1
DA:96,1
DA:97,1
DA:98,1
DA:101,7
DA:147,8
DA:148,8
DA:149,8
DA:150,8
DA:151,8
DA:152,8
DA:153,8
DA:154,4
DA:155,4
DA:156,8
DA:157,8
DA:158,8
DA:159,8
DA:160,8
DA:161,8
DA:162,8
DA:163,8
DA:164,8
DA:165,8
DA:166,8
DA:167,8
DA:168,8
DA:169,8
DA:170,8
DA:171,8
DA:172,8
DA:173,8
DA:174,8
DA:175,8
DA:264,5
DA:266,5
DA:267,5
DA:269,5
DA:273,5
DA:275,5
DA:276,5
DA:277,5
DA:278,5
DA:279,5
DA:280,5
DA:281,5
DA:282,5
DA:283,5
DA:285,5
DA:289,5
DA:291,5
DA:292,4
DA:293,4
DA:294,4
DA:295,4
DA:296,4
DA:297,4
DA:298,4
DA:299,4
DA:300,4
DA:301,4
DA:302,4
DA:303,4
DA:304,4
DA:305,4
DA:306,4
DA:307,4
DA:308,4
DA:309,4
DA:310,4
DA:311,4
DA:312,4
DA:313,4
DA:314,4
DA:316,5
DA:319,4
DA:320,4
DA:321,4
DA:322,4
DA:323,4
DA:324,4
DA:325,4
DA:327,4
DA:328,4
DA:329,5
DA:330,4
DA:332,4
DA:333,4
DA:334,9
DA:335,5
DA:336,5
DA:337,3
DA:338,3
DA:339,2
DA:340,2
DA:343,4
DA:344,1
DA:345,3
DA:346,3
DA:347,1
DA:348,1
DA:349,1
DA:350,1
DA:351,2
DA:353,2
DA:354,4
DA:355,2
DA:358,2
DA:359,3
DA:360,2
DA:361,1
DA:362,1
DA:363,1
DA:364,1
DA:365,1
DA:366,1
DA:367,1
DA:369,1
DA:370,1
DA:371,1
DA:372,1
DA:374,1
DA:375,1
DA:376,1
DA:377,1
DA:378,1
DA:379,1
DA:380,1
DA:381,1
DA:382,1
DA:383,1
DA:384,1
DA:385,1
DA:386,1
DA:387,1
DA:388,1
DA:389,1
DA:390,1
DA:391,1
DA:392,1
DA:393,1
DA:394,1
DA:395,1
DA:396,1
DA:397,1
DA:398,1
DA:399,1
DA:400,1
DA:401,1
DA:402,1
DA:403,1
DA:404,1
DA:405,1
DA:406,1
DA:407,1
DA:408,1
DA:409,1
DA:410,1
DA:411,1
DA:414,1
DA:415,4
DA:417,5
DA:418,5
DA:419,5
DA:420,5
DA:421,5
DA:422,1
DA:423,1
DA:424,1
DA:425,4
DA:426,1
DA:427,1
DA:428,1
DA:429,1
DA:430,1
DA:431,3
DA:432,3
DA:433,3
DA:434,0
DA:435,0
DA:436,0
DA:438,3
DA:439,3
DA:440,5
DA:441,3
DA:442,0
DA:443,0
DA:444,0
DA:445,3
DA:446,2
DA:449,2
DA:451,2
DA:452,5
DA:454,3
DA:455,3
DA:456,3
DA:457,3
DA:458,3
DA:459,11
DA:460,8
DA:461,8
DA:462,8
DA:463,8
DA:464,8
DA:465,0
DA:468,11
DA:469,8
DA:470,8
DA:471,8
DA:472,8
DA:473,8
DA:474,8
DA:475,8
DA:476,8
DA:477,8
DA:480,3
DA:482,5
DA:483,5
DA:484,5
DA:485,5
DA:486,5
DA:487,5
DA:488,5
DA:489,8
DA:490,8
DA:491,8
DA:494,3
DA:495,5
DA:497,8
DA:498,8
DA:499,8
DA:500,8
DA:501,8
DA:502,8
DA:503,8
DA:505,8
DA:506,8
DA:507,8
DA:508,8
DA:509,7
DA:511,8
DA:513,8
DA:514,8
DA:515,8
DA:516,8
DA:517,8
DA:518,8
DA:519,8
DA:520,8
DA:521,1
DA:522,1
DA:523,1
DA:524,1
DA:525,1
DA:526,1
DA:527,7
DA:528,7
DA:529,8
DA:531,8
DA:532,8
DA:533,8
DA:534,8
DA:535,8
DA:536,8
DA:537,8
DA:539,8
DA:540,8
DA:541,8
DA:542,8
DA:543,8
DA:544,8
DA:545,8
DA:546,0
DA:547,8
DA:548,8
DA:549,8
DA:550,8
DA:552,8
DA:554,7
DA:555,7
DA:556,7
DA:557,7
DA:558,7
DA:559,7
DA:560,7
DA:562,7
DA:563,7
DA:564,7
DA:565,7
DA:566,7
DA:567,7
DA:568,7
DA:569,7
DA:570,7
DA:571,7
DA:572,7
DA:573,7
DA:574,7
DA:575,7
DA:576,7
DA:577,7
DA:578,7
DA:579,0
DA:580,7
DA:581,7
DA:582,7
DA:583,7
DA:584,7
DA:585,7
DA:586,0
DA:587,7
DA:588,7
DA:589,7
DA:590,7
DA:591,7
DA:592,7
DA:593,0
DA:594,7
DA:595,7
DA:596,7
DA:597,7
DA:598,7
DA:599,7
DA:600,0
DA:601,7
DA:602,7
DA:603,7
DA:604,7
DA:605,7
DA:606,7
DA:607,0
DA:608,7
DA:609,7
DA:610,7
DA:611,7
DA:612,7
DA:613,7
DA:614,0
DA:615,7
DA:616,7
DA:617,7
DA:618,7
DA:619,7
DA:620,7
DA:621,0
DA:622,7
DA:623,7
DA:624,7
DA:625,7
DA:626,7
DA:627,7
DA:628,0
DA:629,7
DA:630,7
DA:631,7
DA:632,7
DA:633,7
DA:635,7
DA:637,10
DA:638,10
DA:639,10
DA:640,10
DA:641,10
DA:642,10
DA:643,10
DA:645,15
DA:646,15
DA:647,15
DA:648,15
DA:649,15
DA:650,15
DA:651,15
DA:653,5
DA:654,5
DA:655,5
DA:656,5
DA:657,5
DA:658,5
DA:659,5
DA:661,62
DA:662,62
DA:663,62
DA:664,62
DA:665,62
DA:666,62
DA:667,62
DA:669,5
DA:670,5
DA:671,5
DA:672,5
DA:673,5
DA:674,10
DA:675,10
DA:676,5
DA:677,5
DA:678,0
DA:681,0
DA:682,5
DA:684,6
DA:685,6
DA:686,6
DA:687,6
DA:688,6
DA:689,12
DA:690,11
DA:691,4
DA:692,6
DA:693,1
DA:696,1
DA:697,1
DA:698,1
DA:699,1
DA:700,6
DA:702,12
DA:703,12
DA:704,12
DA:705,12
DA:706,12
DA:707,12
DA:708,12
DA:709,6
DA:711,6
DA:712,6
DA:713,6
DA:714,6
DA:715,6
DA:716,6
DA:717,1
DA:718,1
DA:719,1
DA:720,12
DA:722,7
DA:723,7
DA:724,7
DA:725,7
DA:726,7
DA:727,7
DA:728,7
DA:729,1
DA:731,6
DA:732,6
DA:733,6
DA:734,6
DA:735,6
DA:736,6
DA:737,1
DA:738,1
DA:739,1
DA:740,7
DA:742,49
DA:743,49
DA:744,49
DA:745,49
DA:746,49
DA:747,49
DA:748,49
DA:749,7
DA:751,42
DA:752,42
DA:753,42
DA:754,42
DA:755,42
DA:756,42
DA:757,2
DA:758,2
DA:759,2
DA:760,49
DA:762,92
DA:763,92
DA:764,92
DA:765,92
DA:766,92
DA:767,92
DA:768,92
DA:769,92
DA:770,92
DA:771,1
DA:772,1
DA:773,1
DA:774,91
DA:775,91
DA:776,91
DA:777,91
DA:778,91
DA:779,0
DA:780,0
DA:781,0
DA:782,92
DA:784,17
DA:785,17
DA:786,17
DA:787,17
DA:788,17
DA:789,17
DA:790,17
DA:791,17
DA:792,1
DA:793,16
DA:794,16
DA:795,17
DA:797,33
DA:798,33
DA:799,33
DA:800,33
DA:801,33
DA:802,33
DA:803,33
DA:804,33
DA:805,1
DA:806,32
DA:807,32
DA:808,33
DA:810,17
DA:811,17
DA:812,17
DA:813,17
DA:814,17
DA:815,17
DA:816,17
DA:817,17
DA:818,1
DA:819,16
DA:820,16
DA:821,17
DA:823,8
DA:824,8
DA:825,8
DA:826,8
DA:827,8
DA:828,8
DA:829,8
DA:830,8
DA:831,8
DA:832,8
DA:833,8
DA:835,8
DA:836,8
DA:837,8
DA:838,8
DA:839,8
DA:840,8
DA:841,8
DA:842,8
DA:843,8
DA:844,8
DA:845,8
DA:847,167
DA:848,167
DA:849,167
DA:850,167
DA:851,167
DA:852,167
DA:853,167
DA:854,167
DA:855,1
DA:856,166
DA:857,166
DA:858,166
DA:859,3
DA:860,3
DA:861,3
DA:862,3
DA:863,3
DA:864,3
DA:865,163
DA:866,163
DA:867,167
DA:869,66
DA:870,66
DA:871,66
DA:872,66
DA:873,66
DA:874,66
DA:875,66
DA:876,66
DA:877,0
DA:879,66
DA:880,16
DA:881,15
DA:882,1
DA:883,1
DA:884,50
DA:885,50
DA:886,66
DA:888,5
DA:889,5
DA:890,5
DA:891,5
DA:892,5
DA:893,5
DA:894,5
DA:908,1
DA:909,1
DA:910,1
DA:911,1
DA:912,1
DA:913,1
DA:914,1
DA:915,1
DA:916,1
DA:917,1
DA:919,4
DA:920,4
DA:921,4
DA:922,4
DA:923,4
DA:924,4
DA:925,4
DA:926,4
DA:927,4
DA:928,4
DA:929,4
DA:930,4
DA:931,4
DA:932,4
DA:933,4
DA:934,4
DA:935,4
DA:936,4
DA:937,4
DA:938,4
DA:939,4
DA:940,4
DA:941,4
DA:942,4
DA:943,4
DA:944,4
DA:945,4
DA:946,4
DA:947,4
DA:948,4
DA:949,4
DA:950,4
DA:951,4
DA:953,200
DA:954,200
DA:955,200
DA:957,12
DA:958,12
DA:959,12
DA:961,24
DA:962,24
DA:963,24
DA:965,12
DA:966,12
DA:967,12
DA:969,138
DA:970,138
DA:971,138
DA:973,12
DA:974,12
DA:975,12
DA:982,4
DA:983,4
DA:984,4
DA:985,4
DA:986,4
DA:987,4
DA:988,4
DA:994,11
DA:995,11
DA:996,11
DA:1000,4
DA:1001,4
DA:1002,4
DA:1005,4
DA:1006,4
DA:1007,4
DA:1008,4
DA:1009,4
DA:1010,4
DA:1011,4
DA:1012,4
DA:1013,4
DA:1015,6
DA:1016,6
DA:1017,6
DA:1018,6
DA:1019,6
DA:1020,6
DA:1021,6
DA:1022,6
DA:1023,6
DA:1024,6
DA:1025,6
DA:1026,6
DA:1027,6
DA:1028,6
DA:1029,6
DA:1030,6
DA:1031,6
DA:1032,6
DA:1033,6
DA:1034,6
DA:1035,6
DA:1036,6
DA:1037,6
DA:1038,6
DA:1039,6
DA:1040,6
DA:1041,6
DA:1042,6
DA:1043,6
DA:1044,6
DA:1045,6
DA:1046,6
DA:1047,6
DA:1048,6
DA:1049,6
DA:1050,6
DA:1051,6
DA:1052,6
DA:1054,6
DA:1055,6
DA:1056,6
DA:1057,6
DA:1058,6
DA:1059,6
DA:1060,6
DA:1061,6
DA:1062,6
DA:1063,6
DA:1064,6
DA:1065,6
DA:1066,6
DA:1067,6
DA:1068,6
DA:1069,6
DA:1070,6
DA:1071,6
DA:1072,6
DA:1073,6
DA:1074,6
DA:1075,6
DA:1076,6
DA:1077,6
DA:1078,6
DA:1079,6
DA:1080,6
DA:1081,6
DA:1082,6
DA:1083,6
DA:1084,6
DA:1085,6
DA:1086,6
DA:1087,6
DA:1089,6
DA:1090,6
DA:1093,1
DA:1094,1
DA:1095,1
DA:1096,1
DA:1097,1
DA:1098,1
DA:1099,1
DA:1100,1
DA:1101,1
DA:1102,1
DA:1103,1
DA:1104,1
DA:1105,1
DA:1106,1
DA:1107,1
DA:1108,1
DA:1109,1
DA:1110,1
DA:1111,1
DA:1112,1
DA:1113,1
DA:1114,1
DA:1115,1
DA:1116,1
DA:1117,1
DA:1118,1
DA:1119,1
DA:1120,1
DA:1121,1
DA:1122,1
DA:1123,1
DA:1125,1
DA:1127,1
DA:1129,1
DA:1130,1
DA:1131,1
DA:1132,1
DA:1133,1
DA:1134,1
DA:1136,1
DA:1137,1
DA:1139,1
DA:1140,1
DA:1143,1
DA:1144,1
DA:1145,1
DA:1146,1
DA:1147,1
DA:1148,1
DA:1149,1
DA:1151,1
DA:1152,1
DA:1153,1
DA:1154,1
DA:1155,1
DA:1156,1
DA:1157,1
DA:1158,1
DA:1160,1
DA:1163,1
DA:1165,1
DA:1168,1
DA:1169,1
DA:1170,1
DA:1171,1
DA:1173,1
DA:1175,1
DA:1176,1
DA:1177,1
DA:1178,1
DA:1179,1
DA:1180,1
DA:1181,1
DA:1182,1
DA:1183,1
DA:1184,1
DA:1185,1
DA:1186,1
DA:1187,1
DA:1188,1
DA:1189,1
DA:1190,1
DA:1192,1
DA:1193,1
DA:1194,1
DA:1195,1
DA:1196,1
DA:1197,1
DA:1198,1
DA:1199,1
DA:1200,1
DA:1201,1
DA:1204,1
DA:1205,1
DA:1206,1
DA:1207,1
DA:1209,1
DA:1210,1
DA:1212,1
DA:1213,1
DA:1215,1
DA:1217,1
DA:1219,1
DA:1221,1
DA:1224,1
DA:1225,1
DA:1226,1
DA:1227,1
DA:1228,1
DA:1229,1
DA:1230,1
DA:1231,1
DA:1232,1
DA:1233,1
DA:1234,1
DA:1235,1
DA:1236,1
DA:1237,1
DA:1238,1
DA:1239,1
DA:1240,1
DA:1241,1
DA:1242,1
DA:1243,1
DA:1244,1
DA:1245,1
DA:1246,1
DA:1247,1
DA:1248,1
DA:1249,1
DA:1250,1
DA:1251,1
DA:1252,1
DA:1253,1
DA:1254,1
DA:1255,1
DA:1256,1
DA:1257,1
DA:1258,1
DA:1259,1
DA:1260,1
DA:1261,1
DA:1262,1
DA:1263,1
DA:1264,1
DA:1265,1
DA:1266,1
DA:1267,1
DA:1268,1
DA:1269,1
DA:1270,1
DA:1271,1
DA:1272,1
DA:1273,1
DA:1274,1
DA:1275,1
DA:1276,1
DA:1277,1
DA:1278,1
DA:1279,1
DA:1280,1
DA:1281,1
DA:1283,8
DA:1284,7
DA:1286,1
DA:1289,1
DA:1290,1
DA:1291,1
DA:1292,1
DA:1293,1
DA:1295,1
DA:1296,1
DA:1297,1
DA:1299,1
DA:1300,1
DA:1302,1
DA:1303,1
DA:1304,1
DA:1305,1
DA:1307,1
DA:1308,1
DA:1309,1
DA:1311,1
DA:1312,1
DA:1313,1
DA:1315,1
DA:1316,1
DA:1317,1
DA:1318,1
DA:1320,1
DA:1323,1
DA:1324,1
DA:1325,1
DA:1326,1
DA:1327,1
DA:1328,1
DA:1329,1
DA:1330,1
DA:1333,1
DA:1334,1
DA:1335,1
DA:1337,1
DA:1338,1
DA:1340,1
DA:1341,1
DA:1342,1
DA:1343,1
DA:1344,1
DA:1345,1
DA:1346,1
DA:1347,1
DA:1348,1
DA:1349,1
DA:1350,1
DA:1353,1
DA:1354,1
DA:1355,1
DA:1356,1
DA:1358,1
DA:1359,1
DA:1360,1
DA:1364,1
DA:1365,1
DA:1366,1
DA:1367,1
DA:1371,1
DA:1372,1
DA:1373,1
DA:1374,1
DA:1375,1
DA:1376,1
DA:1377,1
DA:1379,1
DA:1382,1
DA:1383,1
DA:1384,1
DA:1385,1
DA:1386,1
DA:1387,1
DA:1388,1
DA:1389,1
DA:1392,1
DA:1393,1
DA:1394,1
DA:1396,1
DA:1397,1
DA:1398,1
DA:1400,1
DA:1401,1
DA:1403,1
DA:1405,1
DA:1408,1
DA:1409,1
DA:1410,1
DA:1411,1
DA:1412,1
DA:1413,1
DA:1415,1
DA:1417,1
DA:1418,1
DA:1419,1
DA:1420,1
DA:1422,1
DA:1423,1
DA:1424,1
DA:1425,1
DA:1427,1
DA:1428,1
DA:1429,1
DA:1430,1
DA:1432,1
DA:1433,1
DA:1434,1
DA:1435,1
DA:1437,1
DA:1438,1
DA:1439,1
DA:1440,1
DA:1442,1
DA:1443,1
DA:1444,1
DA:1445,1
DA:1447,1
DA:1448,1
DA:1449,1
DA:1450,1
DA:1452,1
DA:1453,1
DA:1454,1
DA:1456,1
DA:1457,1
DA:1458,1
DA:1459,1
DA:1460,1
DA:1463,1
DA:1464,1
DA:1465,1
DA:1466,1
DA:1467,1
DA:1468,1
DA:1471,1
DA:1472,1
DA:1475,1
DA:1476,1
DA:1479,1
DA:1480,1
DA:1484,4
DA:1485,3
DA:1486,3
DA:1487,3
DA:1490,3
DA:1492,3
DA:1495,1
BRF:0
BRH:0
LF:1111
LH:1087
end_of_record