SF:/home/workdir/openWEPP/crates/openwepp-input-contract/src/parsers/chaninp.rs
FN:106,_RINvMs1_NtNtCs7u2dcTxd05o_23openwepp_input_contract7parsers7chaninpNtB6_14ChaninpWarning3newNtNtCsgag4BwXrjBQ_5alloc6string6StringEBa_
FN:106,_RINvMs1_NtNtCs7u2dcTxd05o_23openwepp_input_contract7parsers7chaninpNtB6_14ChaninpWarning3newReEBa_
FN:858,_RNCNvNtNtCs7u2dcTxd05o_23openwepp_input_contract7parsers7chaninp16normalize_nchnum0B7_
FN:872,_RNCNvNtNtCs7u2dcTxd05o_23openwepp_input_contract7parsers7chaninp16normalize_nchnums_0B7_
FN:568,_RNCNvNtNtCs7u2dcTxd05o_23openwepp_input_contract7parsers7chaninp20normalize_ichnum_ids0B7_
FN:608,_RNCNvNtNtCs7u2dcTxd05o_23openwepp_input_contract7parsers7chaninp21parse_required_branch0B7_
FN:959,_RNCNvNtNtCs7u2dcTxd05o_23openwepp_input_contract7parsers7chaninp23collect_non_empty_lines0B7_
FN:946,_RNCNvNtNtCs7u2dcTxd05o_23openwepp_input_contract7parsers7chaninp23detect_prefixed_variant0B7_
FN:504,_RNCNvNtNtCs7u2dcTxd05o_23openwepp_input_contract7parsers7chaninp24parse_conditional_ichnum0B7_
FN:514,_RNCNvNtNtCs7u2dcTxd05o_23openwepp_input_contract7parsers7chaninp24parse_conditional_ichnums0_0B7_
FN:967,_RNCNvNtNtCs7u2dcTxd05o_23openwepp_input_contract7parsers7chaninp8tokenize0B7_
FN:968,_RNCNvNtNtCs7u2dcTxd05o_23openwepp_input_contract7parsers7chaninp8tokenizes_0B7_
FN:916,_RNCNvNtNtCs7u2dcTxd05o_23openwepp_input_contract7parsers7chaninp9parse_f640B7_
FN:906,_RNCNvNtNtCs7u2dcTxd05o_23openwepp_input_contract7parsers7chaninp9parse_i320B7_
FN:50,_RNvMNtNtCs7u2dcTxd05o_23openwepp_input_contract7parsers7chaninpNtB2_19ChaninpParseOptions13compatibility
FN:38,_RNvMNtNtCs7u2dcTxd05o_23openwepp_input_contract7parsers7chaninpNtB2_19ChaninpParseOptions6strict
FN:195,_RNvMs2_NtNtCs7u2dcTxd05o_23openwepp_input_contract7parsers7chaninpNtB5_17ChaninpParseError17contract_error_id
FN:81,_RNvMs_NtNtCs7u2dcTxd05o_23openwepp_input_contract7parsers7chaninpNtB4_18ChaninpWarningCode6as_str
FN:705,_RNvNtNtCs7u2dcTxd05o_23openwepp_input_contract7parsers7chaninp15normalize_cbase
FN:746,_RNvNtNtCs7u2dcTxd05o_23openwepp_input_contract7parsers7chaninp15normalize_dtchr
FN:987,_RNvNtNtCs7u2dcTxd05o_23openwepp_input_contract7parsers7chaninp16defaulted_output
FN:664,_RNvNtNtCs7u2dcTxd05o_23openwepp_input_contract7parsers7chaninp16normalize_ichout
FN:841,_RNvNtNtCs7u2dcTxd05o_23openwepp_input_contract7parsers7chaninp16normalize_nchnum
FN:894,_RNvNtNtCs7u2dcTxd05o_23openwepp_input_contract7parsers7chaninp19parse_ichnum_tokens
FN:543,_RNvNtNtCs7u2dcTxd05o_23openwepp_input_contract7parsers7chaninp20normalize_ichnum_ids
FN:972,_RNvNtNtCs7u2dcTxd05o_23openwepp_input_contract7parsers7chaninp21not_applicable_output
FN:586,_RNvNtNtCs7u2dcTxd05o_23openwepp_input_contract7parsers7chaninp21parse_required_branch
FN:357,_RNvNtNtCs7u2dcTxd05o_23openwepp_input_contract7parsers7chaninp22parse_chaninp_from_str
FN:955,_RNvNtNtCs7u2dcTxd05o_23openwepp_input_contract7parsers7chaninp23collect_non_empty_lines
FN:930,_RNvNtNtCs7u2dcTxd05o_23openwepp_input_contract7parsers7chaninp23detect_prefixed_variant
FN:473,_RNvNtNtCs7u2dcTxd05o_23openwepp_input_contract7parsers7chaninp24parse_conditional_ichnum
FN:406,_RNvNtNtCs7u2dcTxd05o_23openwepp_input_contract7parsers7chaninp26parse_raw_required_records
FN:966,_RNvNtNtCs7u2dcTxd05o_23openwepp_input_contract7parsers7chaninp8tokenize
FN:912,_RNvNtNtCs7u2dcTxd05o_23openwepp_input_contract7parsers7chaninp9parse_f64
FN:902,_RNvNtNtCs7u2dcTxd05o_23openwepp_input_contract7parsers7chaninp9parse_i32
FN:93,_RNvXs0_NtNtCs7u2dcTxd05o_23openwepp_input_contract7parsers7chaninpNtB5_18ChaninpWarningCodeNtNtCs3XFJfFEDSOQ_4core3fmt7Display3fmt
FN:212,_RNvXs3_NtNtCs7u2dcTxd05o_23openwepp_input_contract7parsers7chaninpNtB5_17ChaninpParseErrorNtNtCs3XFJfFEDSOQ_4core3fmt7Display3fmt
FNDA:0,_RINvMs1_NtNtCs7u2dcTxd05o_23openwepp_input_contract7parsers7chaninpNtB6_14ChaninpWarning3newNtNtCsgag4BwXrjBQ_5alloc6string6StringEBa_
FNDA:0,_RINvMs1_NtNtCs7u2dcTxd05o_23openwepp_input_contract7parsers7chaninpNtB6_14ChaninpWarning3newReEBa_
FNDA:0,_RNCNvNtNtCs7u2dcTxd05o_23openwepp_input_contract7parsers7chaninp16normalize_nchnum0B7_
FNDA:0,_RNCNvNtNtCs7u2dcTxd05o_23openwepp_input_contract7parsers7chaninp16normalize_nchnums_0B7_
FNDA:0,_RNCNvNtNtCs7u2dcTxd05o_23openwepp_input_contract7parsers7chaninp20normalize_ichnum_ids0B7_
FNDA:0,_RNCNvNtNtCs7u2dcTxd05o_23openwepp_input_contract7parsers7chaninp21parse_required_branch0B7_
FNDA:0,_RNCNvNtNtCs7u2dcTxd05o_23openwepp_input_contract7parsers7chaninp23collect_non_empty_lines0B7_
FNDA:0,_RNCNvNtNtCs7u2dcTxd05o_23openwepp_input_contract7parsers7chaninp23detect_prefixed_variant0B7_
FNDA:0,_RNCNvNtNtCs7u2dcTxd05o_23openwepp_input_contract7parsers7chaninp24parse_conditional_ichnum0B7_
FNDA:0,_RNCNvNtNtCs7u2dcTxd05o_23openwepp_input_contract7parsers7chaninp24parse_conditional_ichnums0_0B7_
FNDA:0,_RNCNvNtNtCs7u2dcTxd05o_23openwepp_input_contract7parsers7chaninp8tokenize0B7_
FNDA:0,_RNCNvNtNtCs7u2dcTxd05o_23openwepp_input_contract7parsers7chaninp8tokenizes_0B7_
FNDA:0,_RNCNvNtNtCs7u2dcTxd05o_23openwepp_input_contract7parsers7chaninp9parse_f640B7_
FNDA:0,_RNCNvNtNtCs7u2dcTxd05o_23openwepp_input_contract7parsers7chaninp9parse_i320B7_
FNDA:0,_RNvMNtNtCs7u2dcTxd05o_23openwepp_input_contract7parsers7chaninpNtB2_19ChaninpParseOptions13compatibility
FNDA:0,_RNvMNtNtCs7u2dcTxd05o_23openwepp_input_contract7parsers7chaninpNtB2_19ChaninpParseOptions6strict
FNDA:0,_RNvMs2_NtNtCs7u2dcTxd05o_23openwepp_input_contract7parsers7chaninpNtB5_17ChaninpParseError17contract_error_id
FNDA:0,_RNvMs_NtNtCs7u2dcTxd05o_23openwepp_input_contract7parsers7chaninpNtB4_18ChaninpWarningCode6as_str
FNDA:0,_RNvNtNtCs7u2dcTxd05o_23openwepp_input_contract7parsers7chaninp15normalize_cbase
FNDA:0,_RNvNtNtCs7u2dcTxd05o_23openwepp_input_contract7parsers7chaninp15normalize_dtchr
FNDA:0,_RNvNtNtCs7u2dcTxd05o_23openwepp_input_contract7parsers7chaninp16defaulted_output
FNDA:0,_RNvNtNtCs7u2dcTxd05o_23openwepp_input_contract7parsers7chaninp16normalize_ichout
FNDA:0,_RNvNtNtCs7u2dcTxd05o_23openwepp_input_contract7parsers7chaninp16normalize_nchnum
FNDA:0,_RNvNtNtCs7u2dcTxd05o_23openwepp_input_contract7parsers7chaninp19parse_ichnum_tokens
FNDA:0,_RNvNtNtCs7u2dcTxd05o_23openwepp_input_contract7parsers7chaninp20normalize_ichnum_ids
FNDA:0,_RNvNtNtCs7u2dcTxd05o_23openwepp_input_contract7parsers7chaninp21not_applicable_output
FNDA:0,_RNvNtNtCs7u2dcTxd05o_23openwepp_input_contract7parsers7chaninp21parse_required_branch
FNDA:0,_RNvNtNtCs7u2dcTxd05o_23openwepp_input_contract7parsers7chaninp22parse_chaninp_from_str
FNDA:0,_RNvNtNtCs7u2dcTxd05o_23openwepp_input_contract7parsers7chaninp23collect_non_empty_lines
FNDA:0,_RNvNtNtCs7u2dcTxd05o_23openwepp_input_contract7parsers7chaninp23detect_prefixed_variant
FNDA:0,_RNvNtNtCs7u2dcTxd05o_23openwepp_input_contract7parsers7chaninp24parse_conditional_ichnum
FNDA:0,_RNvNtNtCs7u2dcTxd05o_23openwepp_input_contract7parsers7chaninp26parse_raw_required_records
FNDA:0,_RNvNtNtCs7u2dcTxd05o_23openwepp_input_contract7parsers7chaninp8tokenize
FNDA:0,_RNvNtNtCs7u2dcTxd05o_23openwepp_input_contract7parsers7chaninp9parse_f64
FNDA:0,_RNvNtNtCs7u2dcTxd05o_23openwepp_input_contract7parsers7chaninp9parse_i32
FNDA:0,_RNvXs0_NtNtCs7u2dcTxd05o_23openwepp_input_contract7parsers7chaninpNtB5_18ChaninpWarningCodeNtNtCs3XFJfFEDSOQ_4core3fmt7Display3fmt
FNDA:0,_RNvXs3_NtNtCs7u2dcTxd05o_23openwepp_input_contract7parsers7chaninpNtB5_17ChaninpParseErrorNtNtCs3XFJfFEDSOQ_4core3fmt7Display3fmt
FNF:36
FNH:0
DA:38,0
DA:39,0
DA:40,0
DA:41,0
DA:42,0
DA:43,0
DA:44,0
DA:45,0
DA:46,0
DA:47,0
DA:50,0
DA:51,0
DA:52,0
DA:53,0
DA:54,0
DA:55,0
DA:56,0
DA:57,0
DA:58,0
DA:59,0
DA:81,0
DA:82,0
DA:83,0
DA:84,0
DA:85,0
DA:86,0
DA:87,0
DA:89,0
DA:93,0
DA:94,0
DA:95,0
DA:106,0
DA:107,0
DA:108,0
DA:109,0
DA:110,0
DA:111,0
DA:112,0
DA:195,0
DA:196,0
DA:197,0
DA:198,0
DA:199,0
DA:200,0
DA:201,0
DA:202,0
DA:203,0
DA:204,0
DA:205,0
DA:206,0
DA:208,0
DA:212,0
DA:213,0
DA:214,0
DA:215,0
DA:216,0
DA:217,0
DA:218,0
DA:220,0
DA:221,0
DA:222,0
DA:223,0
DA:226,0
DA:227,0
DA:228,0
DA:229,0
DA:230,0
DA:231,0
DA:232,0
DA:233,0
DA:235,0
DA:236,0
DA:237,0
DA:238,0
DA:241,0
DA:242,0
DA:243,0
DA:244,0
DA:245,0
DA:246,0
DA:247,0
DA:248,0
DA:251,0
DA:252,0
DA:253,0
DA:254,0
DA:255,0
DA:256,0
DA:257,0
DA:258,0
DA:261,0
DA:262,0
DA:263,0
DA:264,0
DA:265,0
DA:266,0
DA:267,0
DA:269,0
DA:270,0
DA:271,0
DA:272,0
DA:273,0
DA:276,0
DA:277,0
DA:278,0
DA:279,0
DA:281,0
DA:282,0
DA:283,0
DA:284,0
DA:285,0
DA:288,0
DA:357,0
DA:358,0
DA:359,0
DA:360,0
DA:361,0
DA:362,0
DA:363,0
DA:364,0
DA:366,0
DA:367,0
DA:368,0
DA:369,0
DA:371,0
DA:372,0
DA:374,0
DA:376,0
DA:377,0
DA:378,0
DA:379,0
DA:380,0
DA:381,0
DA:382,0
DA:383,0
DA:384,0
DA:385,0
DA:386,0
DA:387,0
DA:388,0
DA:389,0
DA:390,0
DA:393,0
DA:406,0
DA:407,0
DA:408,0
DA:409,0
DA:411,0
DA:414,0
DA:416,0
DA:418,0
DA:419,0
DA:420,0
DA:421,0
DA:422,0
DA:423,0
DA:424,0
DA:425,0
DA:426,0
DA:427,0
DA:428,0
DA:429,0
DA:430,0
DA:431,0
DA:433,0
DA:434,0
DA:435,0
DA:436,0
DA:437,0
DA:438,0
DA:439,0
DA:440,0
DA:441,0
DA:442,0
DA:443,0
DA:444,0
DA:445,0
DA:447,0
DA:448,0
DA:449,0
DA:450,0
DA:451,0
DA:452,0
DA:453,0
DA:454,0
DA:455,0
DA:456,0
DA:457,0
DA:458,0
DA:459,0
DA:462,0
DA:463,0
DA:464,0
DA:465,0
DA:466,0
DA:467,0
DA:468,0
DA:469,0
DA:471,0
DA:473,0
DA:474,0
DA:475,0
DA:476,0
DA:477,0
DA:478,0
DA:479,0
DA:480,0
DA:481,0
DA:483,0
DA:484,0
DA:485,0
DA:486,0
DA:487,0
DA:488,0
DA:489,0
DA:490,0
DA:491,0
DA:492,0
DA:493,0
DA:494,0
DA:495,0
DA:496,0
DA:497,0
DA:498,0
DA:499,0
DA:500,0
DA:501,0
DA:502,0
DA:503,0
DA:504,0
DA:505,0
DA:506,0
DA:507,0
DA:508,0
DA:509,0
DA:510,0
DA:511,0
DA:512,0
DA:514,0
DA:515,0
DA:517,0
DA:518,0
DA:519,0
DA:520,0
DA:521,0
DA:522,0
DA:523,0
DA:524,0
DA:525,0
DA:526,0
DA:527,0
DA:530,0
DA:531,0
DA:532,0
DA:533,0
DA:534,0
DA:535,0
DA:536,0
DA:537,0
DA:538,0
DA:539,0
DA:540,0
DA:541,0
DA:543,0
DA:544,0
DA:545,0
DA:546,0
DA:547,0
DA:548,0
DA:549,0
DA:550,0
DA:551,0
DA:552,0
DA:553,0
DA:554,0
DA:555,0
DA:557,0
DA:558,0
DA:559,0
DA:560,0
DA:561,0
DA:562,0
DA:565,0
DA:566,0
DA:567,0
DA:568,0
DA:569,0
DA:570,0
DA:571,0
DA:572,0
DA:573,0
DA:574,0
DA:575,0
DA:578,0
DA:579,0
DA:580,0
DA:581,0
DA:583,0
DA:584,0
DA:586,0
DA:587,0
DA:588,0
DA:589,0
DA:590,0
DA:591,0
DA:593,0
DA:595,0
DA:596,0
DA:598,0
DA:599,0
DA:601,0
DA:603,0
DA:604,0
DA:605,0
DA:606,0
DA:608,0
DA:610,0
DA:611,0
DA:612,0
DA:613,0
DA:614,0
DA:615,0
DA:616,0
DA:617,0
DA:619,0
DA:620,0
DA:621,0
DA:622,0
DA:623,0
DA:624,0
DA:626,0
DA:627,0
DA:628,0
DA:629,0
DA:630,0
DA:631,0
DA:632,0
DA:634,0
DA:635,0
DA:636,0
DA:637,0
DA:638,0
DA:640,0
DA:641,0
DA:642,0
DA:643,0
DA:644,0
DA:645,0
DA:646,0
DA:647,0
DA:648,0
DA:649,0
DA:650,0
DA:651,0
DA:652,0
DA:653,0
DA:654,0
DA:655,0
DA:656,0
DA:657,0
DA:658,0
DA:659,0
DA:660,0
DA:661,0
DA:662,0
DA:664,0
DA:665,0
DA:666,0
DA:667,0
DA:668,0
DA:669,0
DA:670,0
DA:672,0
DA:673,0
DA:674,0
DA:675,0
DA:676,0
DA:677,0
DA:678,0
DA:679,0
DA:680,0
DA:681,0
DA:682,0
DA:685,0
DA:686,0
DA:687,0
DA:688,0
DA:689,0
DA:692,0
DA:693,0
DA:694,0
DA:695,0
DA:696,0
DA:697,0
DA:698,0
DA:699,0
DA:700,0
DA:702,0
DA:703,0
DA:705,0
DA:706,0
DA:707,0
DA:708,0
DA:709,0
DA:710,0
DA:711,0
DA:712,0
DA:713,0
DA:714,0
DA:715,0
DA:716,0
DA:717,0
DA:719,0
DA:720,0
DA:721,0
DA:722,0
DA:723,0
DA:724,0
DA:725,0
DA:726,0
DA:727,0
DA:728,0
DA:729,0
DA:731,0
DA:732,0
DA:733,0
DA:734,0
DA:735,0
DA:736,0
DA:739,0
DA:740,0
DA:742,0
DA:743,0
DA:746,0
DA:747,0
DA:748,0
DA:749,0
DA:750,0
DA:751,0
DA:752,0
DA:753,0
DA:754,0
DA:755,0
DA:756,0
DA:757,0
DA:758,0
DA:760,0
DA:761,0
DA:763,0
DA:764,0
DA:765,0
DA:766,0
DA:767,0
DA:768,0
DA:769,0
DA:770,0
DA:771,0
DA:772,0
DA:774,0
DA:775,0
DA:776,0
DA:777,0
DA:778,0
DA:779,0
DA:780,0
DA:781,0
DA:782,0
DA:783,0
DA:784,0
DA:785,0
DA:786,0
DA:787,0
DA:788,0
DA:791,0
DA:792,0
DA:793,0
DA:794,0
DA:795,0
DA:796,0
DA:797,0
DA:798,0
DA:800,0
DA:801,0
DA:802,0
DA:804,0
DA:805,0
DA:806,0
DA:807,0
DA:808,0
DA:809,0
DA:810,0
DA:811,0
DA:812,0
DA:813,0
DA:814,0
DA:815,0
DA:816,0
DA:817,0
DA:819,0
DA:820,0
DA:821,0
DA:822,0
DA:823,0
DA:824,0
DA:825,0
DA:827,0
DA:828,0
DA:830,0
DA:831,0
DA:832,0
DA:833,0
DA:834,0
DA:835,0
DA:836,0
DA:838,0
DA:839,0
DA:841,0
DA:842,0
DA:843,0
DA:844,0
DA:845,0
DA:846,0
DA:847,0
DA:848,0
DA:849,0
DA:850,0
DA:851,0
DA:852,0
DA:853,0
DA:854,0
DA:855,0
DA:856,0
DA:858,0
DA:859,0
DA:860,0
DA:861,0
DA:862,0
DA:863,0
DA:864,0
DA:865,0
DA:866,0
DA:867,0
DA:868,0
DA:870,0
DA:872,0
DA:873,0
DA:874,0
DA:875,0
DA:876,0
DA:877,0
DA:878,0
DA:879,0
DA:881,0
DA:882,0
DA:883,0
DA:884,0
DA:885,0
DA:886,0
DA:887,0
DA:888,0
DA:889,0
DA:891,0
DA:892,0
DA:894,0
DA:895,0
DA:896,0
DA:897,0
DA:899,0
DA:900,0
DA:902,0
DA:903,0
DA:904,0
DA:905,0
DA:906,0
DA:907,0
DA:908,0
DA:909,0
DA:910,0
DA:912,0
DA:913,0
DA:914,0
DA:915,0
DA:916,0
DA:917,0
DA:918,0
DA:919,0
DA:920,0
DA:921,0
DA:922,0
DA:923,0
DA:924,0
DA:925,0
DA:926,0
DA:927,0
DA:928,0
DA:930,0
DA:931,0
DA:932,0
DA:933,0
DA:934,0
DA:935,0
DA:937,0
DA:938,0
DA:939,0
DA:940,0
DA:941,0
DA:942,0
DA:943,0
DA:944,0
DA:945,0
DA:946,0
DA:948,0
DA:949,0
DA:951,0
DA:953,0
DA:955,0
DA:956,0
DA:957,0
DA:958,0
DA:959,0
DA:960,0
DA:961,0
DA:962,0
DA:963,0
DA:964,0
DA:966,0
DA:967,0
DA:968,0
DA:969,0
DA:970,0
DA:972,0
DA:973,0
DA:974,0
DA:975,0
DA:976,0
DA:977,0
DA:978,0
DA:979,0
DA:980,0
DA:981,0
DA:982,0
DA:983,0
DA:984,0
DA:987,0
DA:988,0
DA:989,0
DA:990,0
DA:991,0
DA:992,0
DA:993,0
DA:994,0
DA:996,0
DA:997,0
DA:998,0
DA:999,0
DA:1000,0
DA:1001,0
DA:1002,0
DA:1003,0
DA:1004,0
DA:1005,0
DA:1006,0
DA:1007,0
DA:1008,0
DA:1009,0
DA:1010,0
DA:1011,0
DA:1012,0
DA:1013,0
DA:1014,0
DA:1015,0
DA:1016,0
DA:1017,0
DA:1018,0
BRF:0
BRH:0
LF:685
LH:0
end_of_record
SF:/home/workdir/openWEPP/crates/openwepp-input-contract/src/parsers/climate.rs
FN:28,_RNvMNtNtCs7u2dcTxd05o_23openwepp_input_contract7parsers7climateNtB2_10ParserMode18allow_single_storm
FN:35,_RNvMNtNtCs7u2dcTxd05o_23openwepp_input_contract7parsers7climateNtB2_10ParserMode37allow_breakpoint_cardinality_override
FN:42,_RNvMNtNtCs7u2dcTxd05o_23openwepp_input_contract7parsers7climateNtB2_10ParserMode42allow_legacy_zero_drain_non_positive_dtime
FN:229,_RNvMs1_NtNtCs7u2dcTxd05o_23openwepp_input_contract7parsers7climateNtB5_17ClimateParseError13write_display
FN:107,_RNvMs_NtNtCs7u2dcTxd05o_23openwepp_input_contract7parsers7climateNtB4_18ClimateDailyRecord3day
FN:93,_RNvMs_NtNtCs7u2dcTxd05o_23openwepp_input_contract7parsers7climateNtB4_18ClimateDailyRecord4year
FN:100,_RNvMs_NtNtCs7u2dcTxd05o_23openwepp_input_contract7parsers7climateNtB4_18ClimateDailyRecord5month
FN:838,_RNvNtNtCs7u2dcTxd05o_23openwepp_input_contract7parsers7climate12is_leap_year
FN:543,_RNvNtNtCs7u2dcTxd05o_23openwepp_input_contract7parsers7climate12require_line
FN:823,_RNvNtNtCs7u2dcTxd05o_23openwepp_input_contract7parsers7climate13days_in_month
FN:758,_RNvNtNtCs7u2dcTxd05o_23openwepp_input_contract7parsers7climate13validate_date
FN:848,_RNvNtNtCs7u2dcTxd05o_23openwepp_input_contract7parsers7climate18expect_arity_exact
FN:515,_RNvNtNtCs7u2dcTxd05o_23openwepp_input_contract7parsers7climate19canonicalize_datver
FN:644,_RNvNtNtCs7u2dcTxd05o_23openwepp_input_contract7parsers7climate20parse_breakpoint_day
FN:556,_RNvNtNtCs7u2dcTxd05o_23openwepp_input_contract7parsers7climate20parse_monthly_vector
FN:354,_RNvNtNtCs7u2dcTxd05o_23openwepp_input_contract7parsers7climate22parse_climate_from_str
FN:795,_RNvNtNtCs7u2dcTxd05o_23openwepp_input_contract7parsers7climate22validate_year_coverage
FN:529,_RNvNtNtCs7u2dcTxd05o_23openwepp_input_contract7parsers7climate23collect_non_empty_lines
FN:574,_RNvNtNtCs7u2dcTxd05o_23openwepp_input_contract7parsers7climate23parse_no_breakpoint_day
FN:779,_RNvNtNtCs7u2dcTxd05o_23openwepp_input_contract7parsers7climate23validate_daily_sequence
FN:842,_RNvNtNtCs7u2dcTxd05o_23openwepp_input_contract7parsers7climate8tokenize
FN:875,_RNvNtNtCs7u2dcTxd05o_23openwepp_input_contract7parsers7climate9parse_f64
FN:865,_RNvNtNtCs7u2dcTxd05o_23openwepp_input_contract7parsers7climate9parse_i32
FN:223,_RNvXs0_NtNtCs7u2dcTxd05o_23openwepp_input_contract7parsers7climateNtB5_17ClimateParseErrorNtNtCs3XFJfFEDSOQ_4core3fmt7Display3fmt
FN:328,_RNvXs2_NtNtCs7u2dcTxd05o_23openwepp_input_contract7parsers7climateNtB5_17ClimateParseErrorNtNtCs3XFJfFEDSOQ_4core5error5Error6source
FN:667,_RNCNvNtNtCs7u2dcTxd05o_23openwepp_input_contract7parsers7climate20parse_breakpoint_day0B7_
FN:434,_RNCNvNtNtCs7u2dcTxd05o_23openwepp_input_contract7parsers7climate22parse_climate_from_str0B7_
FN:533,_RNCNvNtNtCs7u2dcTxd05o_23openwepp_input_contract7parsers7climate23collect_non_empty_lines0B7_
FN:843,_RNCNvNtNtCs7u2dcTxd05o_23openwepp_input_contract7parsers7climate8tokenize0B7_
FN:844,_RNCNvNtNtCs7u2dcTxd05o_23openwepp_input_contract7parsers7climate8tokenizes_0B7_
FN:879,_RNCNvNtNtCs7u2dcTxd05o_23openwepp_input_contract7parsers7climate9parse_f640B7_
FN:869,_RNCNvNtNtCs7u2dcTxd05o_23openwepp_input_contract7parsers7climate9parse_i320B7_
FNDA:0,_RNvMNtNtCs7u2dcTxd05o_23openwepp_input_contract7parsers7climateNtB2_10ParserMode18allow_single_storm
FNDA:0,_RNvMNtNtCs7u2dcTxd05o_23openwepp_input_contract7parsers7climateNtB2_10ParserMode37allow_breakpoint_cardinality_override
FNDA:0,_RNvMNtNtCs7u2dcTxd05o_23openwepp_input_contract7parsers7climateNtB2_10ParserMode42allow_legacy_zero_drain_non_positive_dtime
FNDA:0,_RNvMs1_NtNtCs7u2dcTxd05o_23openwepp_input_contract7parsers7climateNtB5_17ClimateParseError13write_display
FNDA:0,_RNvMs_NtNtCs7u2dcTxd05o_23openwepp_input_contract7parsers7climateNtB4_18ClimateDailyRecord3day
FNDA:0,_RNvMs_NtNtCs7u2dcTxd05o_23openwepp_input_contract7parsers7climateNtB4_18ClimateDailyRecord4year
FNDA:0,_RNvMs_NtNtCs7u2dcTxd05o_23openwepp_input_contract7parsers7climateNtB4_18ClimateDailyRecord5month
FNDA:0,_RNvNtNtCs7u2dcTxd05o_23openwepp_input_contract7parsers7climate12is_leap_year
FNDA:0,_RNvNtNtCs7u2dcTxd05o_23openwepp_input_contract7parsers7climate12require_line
FNDA:0,_RNvNtNtCs7u2dcTxd05o_23openwepp_input_contract7parsers7climate13days_in_month
FNDA:0,_RNvNtNtCs7u2dcTxd05o_23openwepp_input_contract7parsers7climate13validate_date
FNDA:0,_RNvNtNtCs7u2dcTxd05o_23openwepp_input_contract7parsers7climate18expect_arity_exact
FNDA:0,_RNvNtNtCs7u2dcTxd05o_23openwepp_input_contract7parsers7climate19canonicalize_datver
FNDA:0,_RNvNtNtCs7u2dcTxd05o_23openwepp_input_contract7parsers7climate20parse_breakpoint_day
FNDA:0,_RNvNtNtCs7u2dcTxd05o_23openwepp_input_contract7parsers7climate20parse_monthly_vector
FNDA:0,_RNvNtNtCs7u2dcTxd05o_23openwepp_input_contract7parsers7climate22parse_climate_from_str
FNDA:0,_RNvNtNtCs7u2dcTxd05o_23openwepp_input_contract7parsers7climate22validate_year_coverage
FNDA:0,_RNvNtNtCs7u2dcTxd05o_23openwepp_input_contract7parsers7climate23collect_non_empty_lines
FNDA:0,_RNvNtNtCs7u2dcTxd05o_23openwepp_input_contract7parsers7climate23parse_no_breakpoint_day
FNDA:0,_RNvNtNtCs7u2dcTxd05o_23openwepp_input_contract7parsers7climate23validate_daily_sequence
FNDA:0,_RNvNtNtCs7u2dcTxd05o_23openwepp_input_contract7parsers7climate8tokenize
FNDA:0,_RNvNtNtCs7u2dcTxd05o_23openwepp_input_contract7parsers7climate9parse_f64
FNDA:0,_RNvNtNtCs7u2dcTxd05o_23openwepp_input_contract7parsers7climate9parse_i32
FNDA:0,_RNvXs0_NtNtCs7u2dcTxd05o_23openwepp_input_contract7parsers7climateNtB5_17ClimateParseErrorNtNtCs3XFJfFEDSOQ_4core3fmt7Display3fmt
FNDA:0,_RNvXs2_NtNtCs7u2dcTxd05o_23openwepp_input_contract7parsers7climateNtB5_17ClimateParseErrorNtNtCs3XFJfFEDSOQ_4core5error5Error6source
FNDA:0,_RNCNvNtNtCs7u2dcTxd05o_23openwepp_input_contract7parsers7climate20parse_breakpoint_day0B7_
FNDA:0,_RNCNvNtNtCs7u2dcTxd05o_23openwepp_input_contract7parsers7climate22parse_climate_from_str0B7_
FNDA:0,_RNCNvNtNtCs7u2dcTxd05o_23openwepp_input_contract7parsers7climate23collect_non_empty_lines0B7_
FNDA:0,_RNCNvNtNtCs7u2dcTxd05o_23openwepp_input_contract7parsers7climate8tokenize0B7_
FNDA:0,_RNCNvNtNtCs7u2dcTxd05o_23openwepp_input_contract7parsers7climate8tokenizes_0B7_
FNDA:0,_RNCNvNtNtCs7u2dcTxd05o_23openwepp_input_contract7parsers7climate9parse_f640B7_
FNDA:0,_RNCNvNtNtCs7u2dcTxd05o_23openwepp_input_contract7parsers7climate9parse_i320B7_
FNF:32
FNH:0
DA:28,0
DA:29,0
DA:30,0
DA:31,0
DA:33,0
DA:35,0
DA:36,0
DA:37,0
DA:38,0
DA:40,0
DA:42,0
DA:43,0
DA:44,0
DA:45,0
DA:47,0
DA:93,0
DA:94,0
DA:95,0
DA:96,0
DA:98,0
DA:100,0
DA:101,0
DA:102,0
DA:103,0
DA:105,0
DA:107,0
DA:108,0
DA:109,0
DA:110,0
DA:112,0
DA:223,0
DA:224,0
DA:225,0
DA:229,0
DA:230,0
DA:231,0
DA:232,0
DA:233,0
DA:234,0
DA:235,0
DA:238,0
DA:239,0
DA:242,0
DA:243,0
DA:244,0
DA:245,0
DA:247,0
DA:248,0
DA:249,0
DA:252,0
DA:253,0
DA:254,0
DA:255,0
DA:258,0
DA:259,0
DA:261,0
DA:262,0
DA:263,0
DA:264,0
DA:267,0
DA:268,0
DA:270,0
DA:271,0
DA:272,0
DA:273,0
DA:277,0
DA:278,0
DA:279,0
DA:280,0
DA:282,0
DA:283,0
DA:284,0
DA:287,0
DA:288,0
DA:289,0
DA:290,0
DA:294,0
DA:295,0
DA:296,0
DA:298,0
DA:299,0
DA:300,0
DA:304,0
DA:305,0
DA:306,0
DA:308,0
DA:309,0
DA:310,0
DA:314,0
DA:315,0
DA:316,0
DA:318,0
DA:320,0
DA:321,0
DA:324,0
DA:328,0
DA:329,0
DA:330,0
DA:331,0
DA:333,0
DA:354,0
DA:355,0
DA:356,0
DA:357,0
DA:358,0
DA:359,0
DA:361,0
DA:362,0
DA:363,0
DA:364,0
DA:365,0
DA:366,0
DA:367,0
DA:368,0
DA:369,0
DA:372,0
DA:373,0
DA:374,0
DA:375,0
DA:376,0
DA:377,0
DA:379,0
DA:380,0
DA:381,0
DA:382,0
DA:383,0
DA:384,0
DA:385,0
DA:386,0
DA:387,0
DA:388,0
DA:389,0
DA:390,0
DA:391,0
DA:392,0
DA:393,0
DA:394,0
DA:395,0
DA:396,0
DA:397,0
DA:398,0
DA:399,0
DA:400,0
DA:401,0
DA:402,0
DA:403,0
DA:404,0
DA:406,0
DA:407,0
DA:409,0
DA:411,0
DA:412,0
DA:413,0
DA:414,0
DA:415,0
DA:416,0
DA:417,0
DA:418,0
DA:419,0
DA:420,0
DA:421,0
DA:422,0
DA:423,0
DA:424,0
DA:425,0
DA:426,0
DA:427,0
DA:428,0
DA:429,0
DA:430,0
DA:431,0
DA:432,0
DA:433,0
DA:434,0
DA:435,0
DA:436,0
DA:437,0
DA:438,0
DA:439,0
DA:440,0
DA:441,0
DA:442,0
DA:443,0
DA:445,0
DA:446,0
DA:447,0
DA:450,0
DA:451,0
DA:452,0
DA:453,0
DA:456,0
DA:457,0
DA:458,0
DA:459,0
DA:462,0
DA:463,0
DA:464,0
DA:465,0
DA:468,0
DA:470,0
DA:471,0
DA:473,0
DA:474,0
DA:475,0
DA:476,0
DA:477,0
DA:479,0
DA:480,0
DA:481,0
DA:482,0
DA:484,0
DA:486,0
DA:489,0
DA:490,0
DA:491,0
DA:492,0
DA:493,0
DA:494,0
DA:495,0
DA:497,0
DA:498,0
DA:500,0
DA:501,0
DA:502,0
DA:503,0
DA:504,0
DA:505,0
DA:506,0
DA:507,0
DA:508,0
DA:509,0
DA:510,0
DA:511,0
DA:512,0
DA:513,0
DA:515,0
DA:516,0
DA:517,0
DA:518,0
DA:519,0
DA:521,0
DA:522,0
DA:524,0
DA:525,0
DA:526,0
DA:527,0
DA:529,0
DA:530,0
DA:531,0
DA:532,0
DA:533,0
DA:534,0
DA:535,0
DA:536,0
DA:537,0
DA:538,0
DA:539,0
DA:540,0
DA:541,0
DA:543,0
DA:544,0
DA:545,0
DA:546,0
DA:547,0
DA:548,0
DA:549,0
DA:550,0
DA:551,0
DA:552,0
DA:553,0
DA:554,0
DA:556,0
DA:557,0
DA:558,0
DA:559,0
DA:560,0
DA:561,0
DA:562,0
DA:563,0
DA:564,0
DA:565,0
DA:567,0
DA:568,0
DA:569,0
DA:571,0
DA:572,0
DA:574,0
DA:575,0
DA:576,0
DA:577,0
DA:578,0
DA:579,0
DA:580,0
DA:582,0
DA:583,0
DA:584,0
DA:585,0
DA:587,0
DA:588,0
DA:589,0
DA:590,0
DA:591,0
DA:592,0
DA:593,0
DA:594,0
DA:595,0
DA:596,0
DA:598,0
DA:599,0
DA:600,0
DA:601,0
DA:602,0
DA:603,0
DA:604,0
DA:605,0
DA:606,0
DA:607,0
DA:608,0
DA:609,0
DA:610,0
DA:611,0
DA:612,0
DA:613,0
DA:614,0
DA:615,0
DA:616,0
DA:617,0
DA:618,0
DA:619,0
DA:620,0
DA:621,0
DA:622,0
DA:623,0
DA:624,0
DA:625,0
DA:627,0
DA:628,0
DA:629,0
DA:630,0
DA:631,0
DA:632,0
DA:633,0
DA:634,0
DA:635,0
DA:636,0
DA:637,0
DA:638,0
DA:639,0
DA:640,0
DA:641,0
DA:642,0
DA:644,0
DA:645,0
DA:646,0
DA:647,0
DA:648,0
DA:649,0
DA:650,0
DA:651,0
DA:653,0
DA:654,0
DA:655,0
DA:656,0
DA:658,0
DA:659,0
DA:660,0
DA:661,0
DA:662,0
DA:663,0
DA:664,0
DA:665,0
DA:666,0
DA:667,0
DA:669,0
DA:670,0
DA:671,0
DA:672,0
DA:673,0
DA:674,0
DA:675,0
DA:676,0
DA:677,0
DA:679,0
DA:680,0
DA:681,0
DA:682,0
DA:683,0
DA:684,0
DA:686,0
DA:687,0
DA:688,0
DA:689,0
DA:690,0
DA:691,0
DA:692,0
DA:693,0
DA:694,0
DA:697,0
DA:699,0
DA:700,0
DA:701,0
DA:702,0
DA:703,0
DA:704,0
DA:705,0
DA:706,0
DA:707,0
DA:708,0
DA:709,0
DA:710,0
DA:711,0
DA:712,0
DA:713,0
DA:714,0
DA:715,0
DA:716,0
DA:717,0
DA:718,0
DA:719,0
DA:720,0
DA:721,0
DA:722,0
DA:723,0
DA:724,0
DA:725,0
DA:726,0
DA:727,0
DA:728,0
DA:729,0
DA:730,0
DA:731,0
DA:732,0
DA:733,0
DA:734,0
DA:735,0
DA:736,0
DA:738,0
DA:739,0
DA:740,0
DA:743,0
DA:744,0
DA:745,0
DA:746,0
DA:747,0
DA:748,0
DA:749,0
DA:750,0
DA:751,0
DA:752,0
DA:753,0
DA:754,0
DA:755,0
DA:756,0
DA:758,0
DA:759,0
DA:760,0
DA:761,0
DA:762,0
DA:763,0
DA:764,0
DA:765,0
DA:766,0
DA:767,0
DA:768,0
DA:769,0
DA:770,0
DA:771,0
DA:772,0
DA:773,0
DA:774,0
DA:775,0
DA:776,0
DA:777,0
DA:779,0
DA:780,0
DA:781,0
DA:782,0
DA:783,0
DA:784,0
DA:785,0
DA:786,0
DA:787,0
DA:788,0
DA:789,0
DA:790,0
DA:792,0
DA:793,0
DA:795,0
DA:796,0
DA:797,0
DA:798,0
DA:799,0
DA:800,0
DA:801,0
DA:802,0
DA:803,0
DA:804,0
DA:805,0
DA:806,0
DA:808,0
DA:809,0
DA:810,0
DA:811,0
DA:812,0
DA:813,0
DA:814,0
DA:815,0
DA:816,0
DA:817,0
DA:818,0
DA:820,0
DA:821,0
DA:823,0
DA:824,0
DA:825,0
DA:826,0
DA:828,0
DA:829,0
DA:831,0
DA:834,0
DA:836,0
DA:838,0
DA:839,0
DA:840,0
DA:842,0
DA:843,0
DA:844,0
DA:845,0
DA:846,0
DA:848,0
DA:849,0
DA:850,0
DA:851,0
DA:852,0
DA:853,0
DA:854,0
DA:855,0
DA:856,0
DA:857,0
DA:858,0
DA:859,0
DA:860,0
DA:861,0
DA:862,0
DA:863,0
DA:865,0
DA:866,0
DA:867,0
DA:868,0
DA:869,0
DA:870,0
DA:871,0
DA:872,0
DA:873,0
DA:875,0
DA:876,0
DA:877,0
DA:878,0
DA:879,0
DA:880,0
DA:881,0
DA:882,0
DA:883,0
BRF:0
BRH:0
LF:568
LH:0
end_of_record
SF:/home/workdir/openWEPP/crates/openwepp-input-contract/src/parsers/frost.rs
FN:244,_RNCNvNtNtCs7u2dcTxd05o_23openwepp_input_contract7parsers5frost20parse_frost_from_str0B7_
FN:424,_RNCNvNtNtCs7u2dcTxd05o_23openwepp_input_contract7parsers5frost20parse_frost_from_strs_0B7_
FN:740,_RNCNvNtNtCs7u2dcTxd05o_23openwepp_input_contract7parsers5frost23collect_non_empty_lines0B7_
FN:733,_RNCNvNtNtCs7u2dcTxd05o_23openwepp_input_contract7parsers5frost23detect_prefixed_variant0B7_
FN:529,_RNCNvNtNtCs7u2dcTxd05o_23openwepp_input_contract7parsers5frost27apply_compat_line2_defaults0B7_
FN:748,_RNCNvNtNtCs7u2dcTxd05o_23openwepp_input_contract7parsers5frost8tokenize0B7_
FN:749,_RNCNvNtNtCs7u2dcTxd05o_23openwepp_input_contract7parsers5frost8tokenizes_0B7_
FN:702,_RNCNvNtNtCs7u2dcTxd05o_23openwepp_input_contract7parsers5frost9parse_f640B7_
FN:679,_RNCNvNtNtCs7u2dcTxd05o_23openwepp_input_contract7parsers5frost9parse_i320B7_
FN:37,_RNvMNtNtCs7u2dcTxd05o_23openwepp_input_contract7parsers5frostNtB2_16FrostWarningCode6as_str
FN:79,_RNvMs0_NtNtCs7u2dcTxd05o_23openwepp_input_contract7parsers5frostNtB5_16FrostParseOutput25defaults_for_missing_file
FN:146,_RNvMs1_NtNtCs7u2dcTxd05o_23openwepp_input_contract7parsers5frostNtB5_15FrostParseError17contract_error_id
FN:501,_RNvMs4_NtNtCs7u2dcTxd05o_23openwepp_input_contract7parsers5frostNtB5_18CompatClampTracker4mark
FN:659,_RNvNtNtCs7u2dcTxd05o_23openwepp_input_contract7parsers5frost13clamp_kfactor
FN:632,_RNvNtNtCs7u2dcTxd05o_23openwepp_input_contract7parsers5frost14clamp_wint_red
FN:650,_RNvNtNtCs7u2dcTxd05o_23openwepp_input_contract7parsers5frost15clamp_ks_factor
FN:641,_RNvNtNtCs7u2dcTxd05o_23openwepp_input_contract7parsers5frost16clamp_fine_count
FN:609,_RNvNtNtCs7u2dcTxd05o_23openwepp_input_contract7parsers5frost16validate_kfactor
FN:453,_RNvNtNtCs7u2dcTxd05o_23openwepp_input_contract7parsers5frost18parse_line2_tokens
FN:583,_RNvNtNtCs7u2dcTxd05o_23openwepp_input_contract7parsers5frost18validate_range_f64
FN:565,_RNvNtNtCs7u2dcTxd05o_23openwepp_input_contract7parsers5frost18validate_range_i32
FN:231,_RNvNtNtCs7u2dcTxd05o_23openwepp_input_contract7parsers5frost20parse_frost_from_str
FN:538,_RNvNtNtCs7u2dcTxd05o_23openwepp_input_contract7parsers5frost22validate_strict_ranges
FN:736,_RNvNtNtCs7u2dcTxd05o_23openwepp_input_contract7parsers5frost23collect_non_empty_lines
FN:719,_RNvNtNtCs7u2dcTxd05o_23openwepp_input_contract7parsers5frost23detect_prefixed_variant
FN:509,_RNvNtNtCs7u2dcTxd05o_23openwepp_input_contract7parsers5frost27apply_compat_line2_defaults
FN:747,_RNvNtNtCs7u2dcTxd05o_23openwepp_input_contract7parsers5frost8tokenize
FN:696,_RNvNtNtCs7u2dcTxd05o_23openwepp_input_contract7parsers5frost9parse_f64
FN:673,_RNvNtNtCs7u2dcTxd05o_23openwepp_input_contract7parsers5frost9parse_i32
FN:160,_RNvXs2_NtNtCs7u2dcTxd05o_23openwepp_input_contract7parsers5frostNtB5_15FrostParseErrorNtNtCs3XFJfFEDSOQ_4core3fmt7Display3fmt
FN:47,_RNvXs_NtNtCs7u2dcTxd05o_23openwepp_input_contract7parsers5frostNtB4_16FrostWarningCodeNtNtCs3XFJfFEDSOQ_4core3fmt7Display3fmt
FNDA:0,_RNCNvNtNtCs7u2dcTxd05o_23openwepp_input_contract7parsers5frost20parse_frost_from_str0B7_
FNDA:0,_RNCNvNtNtCs7u2dcTxd05o_23openwepp_input_contract7parsers5frost20parse_frost_from_strs_0B7_
FNDA:0,_RNCNvNtNtCs7u2dcTxd05o_23openwepp_input_contract7parsers5frost23collect_non_empty_lines0B7_
FNDA:0,_RNCNvNtNtCs7u2dcTxd05o_23openwepp_input_contract7parsers5frost23detect_prefixed_variant0B7_
FNDA:0,_RNCNvNtNtCs7u2dcTxd05o_23openwepp_input_contract7parsers5frost27apply_compat_line2_defaults0B7_
FNDA:0,_RNCNvNtNtCs7u2dcTxd05o_23openwepp_input_contract7parsers5frost8tokenize0B7_
FNDA:0,_RNCNvNtNtCs7u2dcTxd05o_23openwepp_input_contract7parsers5frost8tokenizes_0B7_
FNDA:0,_RNCNvNtNtCs7u2dcTxd05o_23openwepp_input_contract7parsers5frost9parse_f640B7_
FNDA:0,_RNCNvNtNtCs7u2dcTxd05o_23openwepp_input_contract7parsers5frost9parse_i320B7_
FNDA:0,_RNvMNtNtCs7u2dcTxd05o_23openwepp_input_contract7parsers5frostNtB2_16FrostWarningCode6as_str
FNDA:0,_RNvMs0_NtNtCs7u2dcTxd05o_23openwepp_input_contract7parsers5frostNtB5_16FrostParseOutput25defaults_for_missing_file
FNDA:0,_RNvMs1_NtNtCs7u2dcTxd05o_23openwepp_input_contract7parsers5frostNtB5_15FrostParseError17contract_error_id
FNDA:0,_RNvMs4_NtNtCs7u2dcTxd05o_23openwepp_input_contract7parsers5frostNtB5_18CompatClampTracker4mark
FNDA:0,_RNvNtNtCs7u2dcTxd05o_23openwepp_input_contract7parsers5frost13clamp_kfactor
FNDA:0,_RNvNtNtCs7u2dcTxd05o_23openwepp_input_contract7parsers5frost14clamp_wint_red
FNDA:0,_RNvNtNtCs7u2dcTxd05o_23openwepp_input_contract7parsers5frost15clamp_ks_factor
FNDA:0,_RNvNtNtCs7u2dcTxd05o_23openwepp_input_contract7parsers5frost16clamp_fine_count
FNDA:0,_RNvNtNtCs7u2dcTxd05o_23openwepp_input_contract7parsers5frost16validate_kfactor
FNDA:0,_RNvNtNtCs7u2dcTxd05o_23openwepp_input_contract7parsers5frost18parse_line2_tokens
FNDA:0,_RNvNtNtCs7u2dcTxd05o_23openwepp_input_contract7parsers5frost18validate_range_f64
FNDA:0,_RNvNtNtCs7u2dcTxd05o_23openwepp_input_contract7parsers5frost18validate_range_i32
FNDA:0,_RNvNtNtCs7u2dcTxd05o_23openwepp_input_contract7parsers5frost20parse_frost_from_str
FNDA:0,_RNvNtNtCs7u2dcTxd05o_23openwepp_input_contract7parsers5frost22validate_strict_ranges
FNDA:0,_RNvNtNtCs7u2dcTxd05o_23openwepp_input_contract7parsers5frost23collect_non_empty_lines
FNDA:0,_RNvNtNtCs7u2dcTxd05o_23openwepp_input_contract7parsers5frost23detect_prefixed_variant
FNDA:0,_RNvNtNtCs7u2dcTxd05o_23openwepp_input_contract7parsers5frost27apply_compat_line2_defaults
FNDA:0,_RNvNtNtCs7u2dcTxd05o_23openwepp_input_contract7parsers5frost8tokenize
FNDA:0,_RNvNtNtCs7u2dcTxd05o_23openwepp_input_contract7parsers5frost9parse_f64
FNDA:0,_RNvNtNtCs7u2dcTxd05o_23openwepp_input_contract7parsers5frost9parse_i32
FNDA:0,_RNvXs2_NtNtCs7u2dcTxd05o_23openwepp_input_contract7parsers5frostNtB5_15FrostParseErrorNtNtCs3XFJfFEDSOQ_4core3fmt7Display3fmt
FNDA:0,_RNvXs_NtNtCs7u2dcTxd05o_23openwepp_input_contract7parsers5frostNtB4_16FrostWarningCodeNtNtCs3XFJfFEDSOQ_4core3fmt7Display3fmt
FNF:31
FNH:0
DA:37,0
DA:38,0
DA:39,0
DA:40,0
DA:41,0
DA:43,0
DA:47,0
DA:48,0
DA:49,0
DA:79,0
DA:80,0
DA:81,0
DA:82,0
DA:83,0
DA:84,0
DA:85,0
DA:86,0
DA:88,0
DA:89,0
DA:90,0
DA:91,0
DA:92,0
DA:93,0
DA:94,0
DA:95,0
DA:96,0
DA:97,0
DA:98,0
DA:99,0
DA:100,0
DA:101,0
DA:102,0
DA:103,0
DA:104,0
DA:105,0
DA:146,0
DA:147,0
DA:148,0
DA:149,0
DA:150,0
DA:151,0
DA:152,0
DA:153,0
DA:154,0
DA:156,0
DA:160,0
DA:161,0
DA:162,0
DA:163,0
DA:164,0
DA:165,0
DA:166,0
DA:170,0
DA:171,0
DA:172,0
DA:175,0
DA:176,0
DA:177,0
DA:179,0
DA:181,0
DA:182,0
DA:183,0
DA:184,0
DA:188,0
DA:189,0
DA:190,0
DA:191,0
DA:193,0
DA:194,0
DA:195,0
DA:198,0
DA:199,0
DA:201,0
DA:202,0
DA:203,0
DA:204,0
DA:208,0
DA:231,0
DA:232,0
DA:233,0
DA:234,0
DA:235,0
DA:236,0
DA:237,0
DA:238,0
DA:240,0
DA:241,0
DA:242,0
DA:243,0
DA:244,0
DA:245,0
DA:246,0
DA:247,0
DA:248,0
DA:249,0
DA:251,0
DA:252,0
DA:253,0
DA:254,0
DA:255,0
DA:256,0
DA:257,0
DA:258,0
DA:260,0
DA:261,0
DA:262,0
DA:264,0
DA:265,0
DA:266,0
DA:267,0
DA:268,0
DA:269,0
DA:270,0
DA:271,0
DA:272,0
DA:273,0
DA:274,0
DA:275,0
DA:276,0
DA:277,0
DA:278,0
DA:279,0
DA:280,0
DA:282,0
DA:283,0
DA:284,0
DA:286,0
DA:287,0
DA:288,0
DA:289,0
DA:290,0
DA:291,0
DA:292,0
DA:293,0
DA:294,0
DA:296,0
DA:297,0
DA:298,0
DA:299,0
DA:300,0
DA:301,0
DA:302,0
DA:304,0
DA:305,0
DA:306,0
DA:307,0
DA:308,0
DA:309,0
DA:310,0
DA:311,0
DA:312,0
DA:313,0
DA:314,0
DA:315,0
DA:316,0
DA:317,0
DA:318,0
DA:319,0
DA:320,0
DA:321,0
DA:322,0
DA:323,0
DA:324,0
DA:325,0
DA:326,0
DA:328,0
DA:329,0
DA:330,0
DA:331,0
DA:332,0
DA:333,0
DA:334,0
DA:335,0
DA:336,0
DA:337,0
DA:339,0
DA:340,0
DA:341,0
DA:342,0
DA:344,0
DA:345,0
DA:346,0
DA:347,0
DA:348,0
DA:349,0
DA:350,0
DA:354,0
DA:355,0
DA:356,0
DA:357,0
DA:358,0
DA:359,0
DA:360,0
DA:362,0
DA:363,0
DA:364,0
DA:365,0
DA:366,0
DA:367,0
DA:368,0
DA:370,0
DA:371,0
DA:372,0
DA:373,0
DA:374,0
DA:375,0
DA:376,0
DA:377,0
DA:378,0
DA:379,0
DA:380,0
DA:381,0
DA:382,0
DA:383,0
DA:385,0
DA:386,0
DA:388,0
DA:389,0
DA:390,0
DA:391,0
DA:392,0
DA:393,0
DA:394,0
DA:395,0
DA:396,0
DA:397,0
DA:398,0
DA:399,0
DA:400,0
DA:401,0
DA:402,0
DA:403,0
DA:404,0
DA:405,0
DA:406,0
DA:407,0
DA:408,0
DA:409,0
DA:410,0
DA:411,0
DA:412,0
DA:414,0
DA:415,0
DA:416,0
DA:417,0
DA:418,0
DA:419,0
DA:421,0
DA:422,0
DA:423,0
DA:424,0
DA:425,0
DA:426,0
DA:427,0
DA:428,0
DA:429,0
DA:430,0
DA:431,0
DA:434,0
DA:435,0
DA:436,0
DA:437,0
DA:438,0
DA:440,0
DA:441,0
DA:453,0
DA:454,0
DA:455,0
DA:456,0
DA:457,0
DA:458,0
DA:459,0
DA:460,0
DA:461,0
DA:462,0
DA:463,0
DA:465,0
DA:466,0
DA:467,0
DA:468,0
DA:469,0
DA:470,0
DA:471,0
DA:472,0
DA:474,0
DA:475,0
DA:476,0
DA:477,0
DA:478,0
DA:479,0
DA:480,0
DA:482,0
DA:484,0
DA:485,0
DA:486,0
DA:487,0
DA:488,0
DA:489,0
DA:490,0
DA:491,0
DA:492,0
DA:501,0
DA:502,0
DA:503,0
DA:504,0
DA:505,0
DA:506,0
DA:509,0
DA:510,0
DA:511,0
DA:512,0
DA:513,0
DA:514,0
DA:515,0
DA:517,0
DA:518,0
DA:519,0
DA:521,0
DA:522,0
DA:523,0
DA:526,0
DA:527,0
DA:528,0
DA:529,0
DA:530,0
DA:531,0
DA:532,0
DA:533,0
DA:534,0
DA:535,0
DA:536,0
DA:538,0
DA:539,0
DA:540,0
DA:541,0
DA:542,0
DA:543,0
DA:544,0
DA:545,0
DA:546,0
DA:547,0
DA:548,0
DA:549,0
DA:551,0
DA:552,0
DA:554,0
DA:555,0
DA:556,0
DA:558,0
DA:559,0
DA:560,0
DA:562,0
DA:563,0
DA:565,0
DA:566,0
DA:567,0
DA:568,0
DA:569,0
DA:570,0
DA:571,0
DA:572,0
DA:573,0
DA:574,0
DA:575,0
DA:576,0
DA:577,0
DA:578,0
DA:579,0
DA:580,0
DA:581,0
DA:583,0
DA:584,0
DA:585,0
DA:586,0
DA:587,0
DA:588,0
DA:589,0
DA:590,0
DA:591,0
DA:592,0
DA:593,0
DA:594,0
DA:595,0
DA:596,0
DA:598,0
DA:599,0
DA:600,0
DA:601,0
DA:602,0
DA:603,0
DA:604,0
DA:605,0
DA:606,0
DA:607,0
DA:609,0
DA:610,0
DA:611,0
DA:612,0
DA:613,0
DA:614,0
DA:615,0
DA:616,0
DA:617,0
DA:618,0
DA:619,0
DA:620,0
DA:621,0
DA:622,0
DA:623,0
DA:624,0
DA:625,0
DA:626,0
DA:627,0
DA:628,0
DA:629,0
DA:630,0
DA:632,0
DA:633,0
DA:634,0
DA:636,0
DA:637,0
DA:639,0
DA:641,0
DA:642,0
DA:643,0
DA:645,0
DA:646,0
DA:648,0
DA:650,0
DA:651,0
DA:652,0
DA:654,0
DA:655,0
DA:657,0
DA:659,0
DA:660,0
DA:661,0
DA:662,0
DA:663,0
DA:664,0
DA:665,0
DA:666,0
DA:668,0
DA:669,0
DA:671,0
DA:673,0
DA:674,0
DA:675,0
DA:676,0
DA:677,0
DA:678,0
DA:679,0
DA:680,0
DA:681,0
DA:682,0
DA:683,0
DA:684,0
DA:685,0
DA:687,0
DA:688,0
DA:689,0
DA:690,0
DA:691,0
DA:693,0
DA:694,0
DA:696,0
DA:697,0
DA:698,0
DA:699,0
DA:700,0
DA:701,0
DA:702,0
DA:703,0
DA:704,0
DA:705,0
DA:706,0
DA:707,0
DA:708,0
DA:710,0
DA:711,0
DA:712,0
DA:713,0
DA:714,0
DA:716,0
DA:717,0
DA:719,0
DA:720,0
DA:721,0
DA:722,0
DA:723,0
DA:725,0
DA:726,0
DA:727,0
DA:728,0
DA:729,0
DA:730,0
DA:731,0
DA:732,0
DA:733,0
DA:734,0
DA:736,0
DA:737,0
DA:738,0
DA:739,0
DA:740,0
DA:741,0
DA:742,0
DA:743,0
DA:744,0
DA:745,0
DA:747,0
DA:748,0
DA:749,0
DA:750,0
DA:751,0
BRF:0
BRH:0
LF:524
LH:0
end_of_record
SF:/home/workdir/openWEPP/crates/openwepp-input-contract/src/parsers/gwcoeff.rs
FN:515,_RNCNCNvNtNtCs7u2dcTxd05o_23openwepp_input_contract7parsers7gwcoeff25prefixed_variant_detecteds_00B9_
FN:390,_RNCNvNtNtCs7u2dcTxd05o_23openwepp_input_contract7parsers7gwcoeff12parse_record0B7_
FN:310,_RNCNvNtNtCs7u2dcTxd05o_23openwepp_input_contract7parsers7gwcoeff21parse_present_content0B7_
FN:323,_RNCNvNtNtCs7u2dcTxd05o_23openwepp_input_contract7parsers7gwcoeff21parse_present_contents_0B7_
FN:507,_RNCNvNtNtCs7u2dcTxd05o_23openwepp_input_contract7parsers7gwcoeff25prefixed_variant_detected0B7_
FN:512,_RNCNvNtNtCs7u2dcTxd05o_23openwepp_input_contract7parsers7gwcoeff25prefixed_variant_detecteds_0B7_
FNDA:0,_RNCNCNvNtNtCs7u2dcTxd05o_23openwepp_input_contract7parsers7gwcoeff25prefixed_variant_detecteds_00B9_
FNDA:0,_RNCNvNtNtCs7u2dcTxd05o_23openwepp_input_contract7parsers7gwcoeff12parse_record0B7_
FNDA:0,_RNCNvNtNtCs7u2dcTxd05o_23openwepp_input_contract7parsers7gwcoeff21parse_present_content0B7_
FNDA:0,_RNCNvNtNtCs7u2dcTxd05o_23openwepp_input_contract7parsers7gwcoeff21parse_present_contents_0B7_
FNDA:0,_RNCNvNtNtCs7u2dcTxd05o_23openwepp_input_contract7parsers7gwcoeff25prefixed_variant_detected0B7_
FNDA:0,_RNCNvNtNtCs7u2dcTxd05o_23openwepp_input_contract7parsers7gwcoeff25prefixed_variant_detecteds_0B7_
FNF:6
FNH:0
DA:310,0
DA:311,0
DA:312,0
DA:313,0
DA:315,0
DA:317,0
DA:323,0
DA:390,0
DA:391,0
DA:392,0
DA:393,0
DA:507,0
DA:512,0
DA:513,0
DA:514,0
DA:515,0
DA:516,0
BRF:0
BRH:0
LF:18
LH:0
end_of_record
SF:/home/workdir/openWEPP/crates/openwepp-input-contract/src/parsers/hbp/cursor.rs
FN:116,_RNCNvMNtNtNtCs7u2dcTxd05o_23openwepp_input_contract7parsers3hbp6cursorNtB4_6Cursor6string0Ba_
FNDA:0,_RNCNvMNtNtNtCs7u2dcTxd05o_23openwepp_input_contract7parsers3hbp6cursorNtB4_6Cursor6string0Ba_
FNF:1
FNH:0
DA:116,0
BRF:0
BRH:0
LF:1
LH:0
end_of_record
SF:/home/workdir/openWEPP/crates/openwepp-input-contract/src/parsers/hbp/helpers.rs
FN:105,_RNvNtNtNtCs7u2dcTxd05o_23openwepp_input_contract7parsers3hbp7helpers12u64_to_usize
FN:74,_RNvNtNtNtCs7u2dcTxd05o_23openwepp_input_contract7parsers3hbp7helpers13expected_dims
FN:18,_RNvNtNtNtCs7u2dcTxd05o_23openwepp_input_contract7parsers3hbp7helpers14map_cursor_err
FN:86,_RNvNtNtNtCs7u2dcTxd05o_23openwepp_input_contract7parsers3hbp7helpers17decode_zlib_block
FN:123,_RNvNtNtNtCs7u2dcTxd05o_23openwepp_input_contract7parsers3hbp7helpers17key_in_year_table
FN:114,_RNvNtNtNtCs7u2dcTxd05o_23openwepp_input_contract7parsers3hbp7helpers17scaled_i64_to_f64
FN:132,_RNvNtNtNtCs7u2dcTxd05o_23openwepp_input_contract7parsers3hbp7helpers19validate_year_table
FN:42,_RNvNtNtNtCs7u2dcTxd05o_23openwepp_input_contract7parsers3hbp7helpers21expected_state_schema
FN:26,_RNvNtNtNtCs7u2dcTxd05o_23openwepp_input_contract7parsers3hbp7helpers6crc32c
FN:8,_RINvNtNtNtCs7u2dcTxd05o_23openwepp_input_contract7parsers3hbp7helpers16format_violationNtNtCsgag4BwXrjBQ_5alloc6string6StringEB8_
FN:8,_RINvNtNtNtCs7u2dcTxd05o_23openwepp_input_contract7parsers3hbp7helpers16format_violationReEB8_
FN:106,_RNCNvNtNtNtCs7u2dcTxd05o_23openwepp_input_contract7parsers3hbp7helpers12u64_to_usize0B9_
FN:93,_RNCNvNtNtNtCs7u2dcTxd05o_23openwepp_input_contract7parsers3hbp7helpers17decode_zlib_block0B9_
FN:124,_RNCNvNtNtNtCs7u2dcTxd05o_23openwepp_input_contract7parsers3hbp7helpers17key_in_year_table0B9_
FN:115,_RNCNvNtNtNtCs7u2dcTxd05o_23openwepp_input_contract7parsers3hbp7helpers17scaled_i64_to_f640B9_
FNDA:0,_RNvNtNtNtCs7u2dcTxd05o_23openwepp_input_contract7parsers3hbp7helpers12u64_to_usize
FNDA:0,_RNvNtNtNtCs7u2dcTxd05o_23openwepp_input_contract7parsers3hbp7helpers13expected_dims
FNDA:0,_RNvNtNtNtCs7u2dcTxd05o_23openwepp_input_contract7parsers3hbp7helpers14map_cursor_err
FNDA:0,_RNvNtNtNtCs7u2dcTxd05o_23openwepp_input_contract7parsers3hbp7helpers17decode_zlib_block
FNDA:0,_RNvNtNtNtCs7u2dcTxd05o_23openwepp_input_contract7parsers3hbp7helpers17key_in_year_table
FNDA:0,_RNvNtNtNtCs7u2dcTxd05o_23openwepp_input_contract7parsers3hbp7helpers17scaled_i64_to_f64
FNDA:0,_RNvNtNtNtCs7u2dcTxd05o_23openwepp_input_contract7parsers3hbp7helpers19validate_year_table
FNDA:0,_RNvNtNtNtCs7u2dcTxd05o_23openwepp_input_contract7parsers3hbp7helpers21expected_state_schema
FNDA:0,_RNvNtNtNtCs7u2dcTxd05o_23openwepp_input_contract7parsers3hbp7helpers6crc32c
FNDA:0,_RINvNtNtNtCs7u2dcTxd05o_23openwepp_input_contract7parsers3hbp7helpers16format_violationNtNtCsgag4BwXrjBQ_5alloc6string6StringEB8_
FNDA:0,_RINvNtNtNtCs7u2dcTxd05o_23openwepp_input_contract7parsers3hbp7helpers16format_violationReEB8_
FNDA:0,_RNCNvNtNtNtCs7u2dcTxd05o_23openwepp_input_contract7parsers3hbp7helpers12u64_to_usize0B9_
FNDA:0,_RNCNvNtNtNtCs7u2dcTxd05o_23openwepp_input_contract7parsers3hbp7helpers17decode_zlib_block0B9_
FNDA:0,_RNCNvNtNtNtCs7u2dcTxd05o_23openwepp_input_contract7parsers3hbp7helpers17key_in_year_table0B9_
FNDA:0,_RNCNvNtNtNtCs7u2dcTxd05o_23openwepp_input_contract7parsers3hbp7helpers17scaled_i64_to_f640B9_
FNF:14
FNH:0
DA:8,0
DA:9,0
DA:10,0
DA:11,0
DA:12,0
DA:13,0
DA:14,0
DA:15,0
DA:16,0
DA:18,0
DA:19,0
DA:20,0
DA:21,0
DA:22,0
DA:23,0
DA:24,0
DA:26,0
DA:27,0
DA:28,0
DA:29,0
DA:30,0
DA:31,0
DA:32,0
DA:33,0
DA:34,0
DA:35,0
DA:36,0
DA:39,0
DA:40,0
DA:42,0
DA:43,0
DA:44,0
DA:45,0
DA:46,0
DA:47,0
DA:48,0
DA:49,0
DA:50,0
DA:51,0
DA:52,0
DA:53,0
DA:54,0
DA:55,0
DA:56,0
DA:57,0
DA:58,0
DA:59,0
DA:60,0
DA:61,0
DA:62,0
DA:63,0
DA:64,0
DA:65,0
DA:66,0
DA:67,0
DA:68,0
DA:69,0
DA:70,0
DA:72,0
DA:74,0
DA:75,0
DA:76,0
DA:77,0
DA:78,0
DA:79,0
DA:80,0
DA:81,0
DA:82,0
DA:84,0
DA:86,0
DA:87,0
DA:88,0
DA:89,0
DA:90,0
DA:91,0
DA:93,0
DA:94,0
DA:95,0
DA:96,0
DA:97,0
DA:98,0
DA:99,0
DA:100,0
DA:101,0
DA:102,0
DA:103,0
DA:105,0
DA:106,0
DA:107,0
DA:108,0
DA:109,0
DA:111,0
DA:112,0
DA:114,0
DA:115,0
DA:116,0
DA:117,0
DA:120,0
DA:121,0
DA:123,0
DA:124,0
DA:125,0
DA:126,0
DA:127,0
DA:128,0
DA:129,0
DA:130,0
DA:132,0
DA:133,0
DA:134,0
DA:135,0
DA:136,0
DA:137,0
DA:138,0
DA:139,0
DA:140,0
DA:141,0
DA:142,0
DA:143,0
DA:145,0
DA:146,0
DA:147,0
DA:148,0
DA:149,0
DA:150,0
DA:152,0
DA:153,0
DA:154,0
DA:155,0
DA:156,0
DA:157,0
DA:158,0
DA:159,0
DA:160,0
DA:161,0
DA:162,0
DA:163,0
DA:164,0
DA:165,0
DA:166,0
DA:167,0
DA:168,0
DA:169,0
DA:170,0
DA:171,0
DA:172,0
DA:173,0
DA:174,0
DA:175,0
DA:176,0
DA:177,0
DA:178,0
DA:179,0
DA:180,0
DA:181,0
DA:182,0
DA:183,0
DA:184,0
DA:185,0
DA:186,0
DA:187,0
DA:188,0
DA:189,0
DA:190,0
DA:191,0
DA:192,0
DA:193,0
DA:194,0
DA:195,0
DA:196,0
DA:197,0
DA:198,0
DA:201,0
DA:202,0
BRF:0
BRH:0
LF:179
LH:0
end_of_record
SF:/home/workdir/openWEPP/crates/openwepp-input-contract/src/parsers/hbp/layout_parser.rs
FN:1089,_RNCNvNtNtNtCs7u2dcTxd05o_23openwepp_input_contract7parsers3hbp13layout_parser11read_string0B9_
FN:821,_RNCNvNtNtNtCs7u2dcTxd05o_23openwepp_input_contract7parsers3hbp13layout_parser18stored_block_slice0B9_
FN:933,_RNCNvNtNtNtCs7u2dcTxd05o_23openwepp_input_contract7parsers3hbp13layout_parser26validate_schema2_raw_range0B9_
FN:314,_RNCNvNtNtNtCs7u2dcTxd05o_23openwepp_input_contract7parsers3hbp13layout_parser27validate_required_state_ids0B9_
FN:491,_RNCNvNtNtNtCs7u2dcTxd05o_23openwepp_input_contract7parsers3hbp13layout_parser32validate_schema1_payload_offsets0B9_
FN:1037,_RNCNvNtNtNtCs7u2dcTxd05o_23openwepp_input_contract7parsers3hbp13layout_parser7read_u80B9_
FN:1073,_RNCNvNtNtNtCs7u2dcTxd05o_23openwepp_input_contract7parsers3hbp13layout_parser8read_f640B9_
FN:1055,_RNCNvNtNtNtCs7u2dcTxd05o_23openwepp_input_contract7parsers3hbp13layout_parser8read_i320B9_
FN:1067,_RNCNvNtNtNtCs7u2dcTxd05o_23openwepp_input_contract7parsers3hbp13layout_parser8read_i640B9_
FN:1083,_RNCNvNtNtNtCs7u2dcTxd05o_23openwepp_input_contract7parsers3hbp13layout_parser8read_raw0B9_
FN:1043,_RNCNvNtNtNtCs7u2dcTxd05o_23openwepp_input_contract7parsers3hbp13layout_parser8read_u160B9_
FN:1049,_RNCNvNtNtNtCs7u2dcTxd05o_23openwepp_input_contract7parsers3hbp13layout_parser8read_u320B9_
FN:1061,_RNCNvNtNtNtCs7u2dcTxd05o_23openwepp_input_contract7parsers3hbp13layout_parser8read_u640B9_
FNDA:0,_RNCNvNtNtNtCs7u2dcTxd05o_23openwepp_input_contract7parsers3hbp13layout_parser11read_string0B9_
FNDA:0,_RNCNvNtNtNtCs7u2dcTxd05o_23openwepp_input_contract7parsers3hbp13layout_parser18stored_block_slice0B9_
FNDA:0,_RNCNvNtNtNtCs7u2dcTxd05o_23openwepp_input_contract7parsers3hbp13layout_parser26validate_schema2_raw_range0B9_
FNDA:0,_RNCNvNtNtNtCs7u2dcTxd05o_23openwepp_input_contract7parsers3hbp13layout_parser27validate_required_state_ids0B9_
FNDA:0,_RNCNvNtNtNtCs7u2dcTxd05o_23openwepp_input_contract7parsers3hbp13layout_parser32validate_schema1_payload_offsets0B9_
FNDA:0,_RNCNvNtNtNtCs7u2dcTxd05o_23openwepp_input_contract7parsers3hbp13layout_parser7read_u80B9_
FNDA:0,_RNCNvNtNtNtCs7u2dcTxd05o_23openwepp_input_contract7parsers3hbp13layout_parser8read_f640B9_
FNDA:0,_RNCNvNtNtNtCs7u2dcTxd05o_23openwepp_input_contract7parsers3hbp13layout_parser8read_i320B9_
FNDA:0,_RNCNvNtNtNtCs7u2dcTxd05o_23openwepp_input_contract7parsers3hbp13layout_parser8read_i640B9_
FNDA:0,_RNCNvNtNtNtCs7u2dcTxd05o_23openwepp_input_contract7parsers3hbp13layout_parser8read_raw0B9_
FNDA:0,_RNCNvNtNtNtCs7u2dcTxd05o_23openwepp_input_contract7parsers3hbp13layout_parser8read_u160B9_
FNDA:0,_RNCNvNtNtNtCs7u2dcTxd05o_23openwepp_input_contract7parsers3hbp13layout_parser8read_u320B9_
FNDA:0,_RNCNvNtNtNtCs7u2dcTxd05o_23openwepp_input_contract7parsers3hbp13layout_parser8read_u640B9_
FNF:13
FNH:0
DA:314,0
DA:491,0
DA:821,0
DA:933,0
DA:934,0
DA:935,0
DA:938,0
DA:1037,0
DA:1043,0
DA:1049,0
DA:1055,0
DA:1061,0
DA:1067,0
DA:1073,0
DA:1083,0
DA:1089,0
BRF:0
BRH:0
LF:16
LH:0
end_of_record
SF:/home/workdir/openWEPP/crates/openwepp-input-contract/src/parsers/hbp/mod.rs
FN:89,_RNCNvNtNtCs7u2dcTxd05o_23openwepp_input_contract7parsers3hbp29parse_hbp_from_bytes_internal0B7_
FN:141,_RNCNvNtNtCs7u2dcTxd05o_23openwepp_input_contract7parsers3hbp29parse_hbp_from_bytes_internals0_0B7_
FN:101,_RNCNvNtNtCs7u2dcTxd05o_23openwepp_input_contract7parsers3hbp29parse_hbp_from_bytes_internals_0B7_
FNDA:0,_RNCNvNtNtCs7u2dcTxd05o_23openwepp_input_contract7parsers3hbp29parse_hbp_from_bytes_internal0B7_
FNDA:0,_RNCNvNtNtCs7u2dcTxd05o_23openwepp_input_contract7parsers3hbp29parse_hbp_from_bytes_internals0_0B7_
FNDA:0,_RNCNvNtNtCs7u2dcTxd05o_23openwepp_input_contract7parsers3hbp29parse_hbp_from_bytes_internals_0B7_
FNF:3
FNH:0
DA:89,0
DA:90,0
DA:91,0
DA:92,0
DA:93,0
DA:94,0
DA:95,0
DA:101,0
DA:102,0
DA:104,0
DA:105,0
DA:106,0
DA:107,0
DA:108,0
DA:109,0
DA:110,0
DA:111,0
DA:113,0
DA:114,0
DA:115,0
DA:116,0
DA:117,0
DA:118,0
DA:119,0
DA:120,0
DA:121,0
DA:122,0
DA:123,0
DA:124,0
DA:127,0
DA:128,0
DA:129,0
DA:130,0
DA:131,0
DA:132,0
DA:133,0
DA:134,0
DA:141,0
DA:142,0
DA:143,0
DA:144,0
DA:145,0
DA:146,0
DA:147,0
DA:148,0
DA:149,0
DA:150,0
DA:151,0
BRF:0
BRH:0
LF:48
LH:0
end_of_record
SF:/home/workdir/openWEPP/crates/openwepp-input-contract/src/parsers/hbp/payload_validator.rs
FN:694,_RNCNvNtNtNtCs7u2dcTxd05o_23openwepp_input_contract7parsers3hbp17payload_validator13read_state_u80B9_
FN:700,_RNCNvNtNtNtCs7u2dcTxd05o_23openwepp_input_contract7parsers3hbp17payload_validator14read_state_u160B9_
FN:706,_RNCNvNtNtNtCs7u2dcTxd05o_23openwepp_input_contract7parsers3hbp17payload_validator14read_state_u320B9_
FN:400,_RNCNvNtNtNtCs7u2dcTxd05o_23openwepp_input_contract7parsers3hbp17payload_validator16read_payload_f640B9_
FN:394,_RNCNvNtNtNtCs7u2dcTxd05o_23openwepp_input_contract7parsers3hbp17payload_validator16read_payload_i640B9_
FN:148,_RNCNvNtNtNtCs7u2dcTxd05o_23openwepp_input_contract7parsers3hbp17payload_validator19read_payload_header0B9_
FN:154,_RNCNvNtNtNtCs7u2dcTxd05o_23openwepp_input_contract7parsers3hbp17payload_validator19read_payload_headers0_0B9_
FN:157,_RNCNvNtNtNtCs7u2dcTxd05o_23openwepp_input_contract7parsers3hbp17payload_validator19read_payload_headers1_0B9_
FN:160,_RNCNvNtNtNtCs7u2dcTxd05o_23openwepp_input_contract7parsers3hbp17payload_validator19read_payload_headers2_0B9_
FN:163,_RNCNvNtNtNtCs7u2dcTxd05o_23openwepp_input_contract7parsers3hbp17payload_validator19read_payload_headers3_0B9_
FN:151,_RNCNvNtNtNtCs7u2dcTxd05o_23openwepp_input_contract7parsers3hbp17payload_validator19read_payload_headers_0B9_
FN:494,_RNCNvNtNtNtCs7u2dcTxd05o_23openwepp_input_contract7parsers3hbp17payload_validator19read_state_envelope0B9_
FN:663,_RNCNvNtNtNtCs7u2dcTxd05o_23openwepp_input_contract7parsers3hbp17payload_validator21read_state_f64_values0B9_
FN:654,_RNCNvNtNtNtCs7u2dcTxd05o_23openwepp_input_contract7parsers3hbp17payload_validator21read_state_i64_values0B9_
FN:90,_RNCNvNtNtNtCs7u2dcTxd05o_23openwepp_input_contract7parsers3hbp17payload_validator23extract_schema1_payload0B9_
FN:123,_RNCNvNtNtNtCs7u2dcTxd05o_23openwepp_input_contract7parsers3hbp17payload_validator23extract_schema2_payload0B9_
FN:722,_RNCNvNtNtNtCs7u2dcTxd05o_23openwepp_input_contract7parsers3hbp17payload_validator27validate_required_state_ids0B9_
FN:417,_RNCNvNtNtNtCs7u2dcTxd05o_23openwepp_input_contract7parsers3hbp17payload_validator31read_counted_payload_f64_values0B9_
FNDA:0,_RNCNvNtNtNtCs7u2dcTxd05o_23openwepp_input_contract7parsers3hbp17payload_validator13read_state_u80B9_
FNDA:0,_RNCNvNtNtNtCs7u2dcTxd05o_23openwepp_input_contract7parsers3hbp17payload_validator14read_state_u160B9_
FNDA:0,_RNCNvNtNtNtCs7u2dcTxd05o_23openwepp_input_contract7parsers3hbp17payload_validator14read_state_u320B9_
FNDA:0,_RNCNvNtNtNtCs7u2dcTxd05o_23openwepp_input_contract7parsers3hbp17payload_validator16read_payload_f640B9_
FNDA:0,_RNCNvNtNtNtCs7u2dcTxd05o_23openwepp_input_contract7parsers3hbp17payload_validator16read_payload_i640B9_
FNDA:0,_RNCNvNtNtNtCs7u2dcTxd05o_23openwepp_input_contract7parsers3hbp17payload_validator19read_payload_header0B9_
FNDA:0,_RNCNvNtNtNtCs7u2dcTxd05o_23openwepp_input_contract7parsers3hbp17payload_validator19read_payload_headers0_0B9_
FNDA:0,_RNCNvNtNtNtCs7u2dcTxd05o_23openwepp_input_contract7parsers3hbp17payload_validator19read_payload_headers1_0B9_
FNDA:0,_RNCNvNtNtNtCs7u2dcTxd05o_23openwepp_input_contract7parsers3hbp17payload_validator19read_payload_headers2_0B9_
FNDA:0,_RNCNvNtNtNtCs7u2dcTxd05o_23openwepp_input_contract7parsers3hbp17payload_validator19read_payload_headers3_0B9_
FNDA:0,_RNCNvNtNtNtCs7u2dcTxd05o_23openwepp_input_contract7parsers3hbp17payload_validator19read_payload_headers_0B9_
FNDA:0,_RNCNvNtNtNtCs7u2dcTxd05o_23openwepp_input_contract7parsers3hbp17payload_validator19read_state_envelope0B9_
FNDA:0,_RNCNvNtNtNtCs7u2dcTxd05o_23openwepp_input_contract7parsers3hbp17payload_validator21read_state_f64_values0B9_
FNDA:0,_RNCNvNtNtNtCs7u2dcTxd05o_23openwepp_input_contract7parsers3hbp17payload_validator21read_state_i64_values0B9_
FNDA:0,_RNCNvNtNtNtCs7u2dcTxd05o_23openwepp_input_contract7parsers3hbp17payload_validator23extract_schema1_payload0B9_
FNDA:0,_RNCNvNtNtNtCs7u2dcTxd05o_23openwepp_input_contract7parsers3hbp17payload_validator23extract_schema2_payload0B9_
FNDA:0,_RNCNvNtNtNtCs7u2dcTxd05o_23openwepp_input_contract7parsers3hbp17payload_validator27validate_required_state_ids0B9_
FNDA:0,_RNCNvNtNtNtCs7u2dcTxd05o_23openwepp_input_contract7parsers3hbp17payload_validator31read_counted_payload_f64_values0B9_
FNF:18
FNH:0
DA:90,0
DA:123,0
DA:124,0
DA:125,0
DA:128,0
DA:148,0
DA:151,0
DA:154,0
DA:157,0
DA:160,0
DA:163,0
DA:394,0
DA:400,0
DA:417,0
DA:494,0
DA:654,0
DA:663,0
DA:694,0
DA:700,0
DA:706,0
DA:722,0
BRF:0
BRH:0
LF:21
LH:0
end_of_record
SF:/home/workdir/openWEPP/crates/openwepp-input-contract/src/parsers/irrigation_depletion.rs
FN:83,_RINvMs0_NtNtCs7u2dcTxd05o_23openwepp_input_contract7parsers20irrigation_depletionNtB6_26IrrigationDepletionWarning3newNtNtCsgag4BwXrjBQ_5alloc6string6StringEBa_
FN:83,_RINvMs0_NtNtCs7u2dcTxd05o_23openwepp_input_contract7parsers20irrigation_depletionNtB6_26IrrigationDepletionWarning3newReEBa_
FN:1107,_RNCNvNtNtCs7u2dcTxd05o_23openwepp_input_contract7parsers20irrigation_depletion16parse_furrow_row0B7_
FN:1127,_RNCNvNtNtCs7u2dcTxd05o_23openwepp_input_contract7parsers20irrigation_depletion16parse_furrow_rows_0B7_
FN:929,_RNCNvNtNtCs7u2dcTxd05o_23openwepp_input_contract7parsers20irrigation_depletion19parse_sprinkler_row0B7_
FN:625,_RNCNvNtNtCs7u2dcTxd05o_23openwepp_input_contract7parsers20irrigation_depletion22parse_depletion_header0B7_
FN:634,_RNCNvNtNtCs7u2dcTxd05o_23openwepp_input_contract7parsers20irrigation_depletion22parse_depletion_headers_0B7_
FN:1379,_RNCNvNtNtCs7u2dcTxd05o_23openwepp_input_contract7parsers20irrigation_depletion23collect_non_empty_lines0B7_
FN:1035,_RNCNvNtNtCs7u2dcTxd05o_23openwepp_input_contract7parsers20irrigation_depletion35should_warn_legacy_sprinkler_nozzle0B7_
FN:1466,_RNCNvNtNtCs7u2dcTxd05o_23openwepp_input_contract7parsers20irrigation_depletion9parse_f640B7_
FN:1432,_RNCNvNtNtCs7u2dcTxd05o_23openwepp_input_contract7parsers20irrigation_depletion9parse_i320B7_
FN:1440,_RNCNvNtNtCs7u2dcTxd05o_23openwepp_input_contract7parsers20irrigation_depletion9parse_i32s_0B7_
FN:35,_RNvMNtNtCs7u2dcTxd05o_23openwepp_input_contract7parsers20irrigation_depletionNtB2_20IrrigationSystemType3raw
FN:27,_RNvMNtNtCs7u2dcTxd05o_23openwepp_input_contract7parsers20irrigation_depletionNtB2_20IrrigationSystemType8from_raw
FN:118,_RNvMs1_NtNtCs7u2dcTxd05o_23openwepp_input_contract7parsers20irrigation_depletionNtB5_32IrrigationDepletionParserOptions13compatibility
FN:105,_RNvMs1_NtNtCs7u2dcTxd05o_23openwepp_input_contract7parsers20irrigation_depletionNtB5_32IrrigationDepletionParserOptions6strict
FN:158,_RNvMs3_NtNtCs7u2dcTxd05o_23openwepp_input_contract7parsers20irrigation_depletionNtB5_23IrrigationDepletionFile17continuation_rows
FN:261,_RNvMs4_NtNtCs7u2dcTxd05o_23openwepp_input_contract7parsers20irrigation_depletionNtB5_29IrrigationDepletionParseError17contract_error_id
FN:63,_RNvMs_NtNtCs7u2dcTxd05o_23openwepp_input_contract7parsers20irrigation_depletionNtB4_30IrrigationDepletionWarningCode6as_str
FN:1389,_RNvNtNtCs7u2dcTxd05o_23openwepp_input_contract7parsers20irrigation_depletion12require_line
FN:729,_RNvNtNtCs7u2dcTxd05o_23openwepp_input_contract7parsers20irrigation_depletion13parse_periods
FN:1362,_RNvNtNtCs7u2dcTxd05o_23openwepp_input_contract7parsers20irrigation_depletion16options_for_zero
FN:1091,_RNvNtNtCs7u2dcTxd05o_23openwepp_input_contract7parsers20irrigation_depletion16parse_furrow_row
FN:866,_RNvNtNtCs7u2dcTxd05o_23openwepp_input_contract7parsers20irrigation_depletion16parse_period_row
FN:1488,_RNvNtNtCs7u2dcTxd05o_23openwepp_input_contract7parsers20irrigation_depletion17validate_positive
FN:1446,_RNvNtNtCs7u2dcTxd05o_23openwepp_input_contract7parsers20irrigation_depletion18parse_positive_i32
FN:1249,_RNvNtNtCs7u2dcTxd05o_23openwepp_input_contract7parsers20irrigation_depletion19parse_furrow_ratios
FN:1194,_RNvNtNtCs7u2dcTxd05o_23openwepp_input_contract7parsers20irrigation_depletion19parse_furrow_supply
FN:1156,_RNvNtNtCs7u2dcTxd05o_23openwepp_input_contract7parsers20irrigation_depletion19parse_furrow_values
FN:912,_RNvNtNtCs7u2dcTxd05o_23openwepp_input_contract7parsers20irrigation_depletion19parse_sprinkler_row
FN:666,_RNvNtNtCs7u2dcTxd05o_23openwepp_input_contract7parsers20irrigation_depletion19parse_static_depths
FN:1472,_RNvNtNtCs7u2dcTxd05o_23openwepp_input_contract7parsers20irrigation_depletion20validate_nonnegative
FN:553,_RNvNtNtCs7u2dcTxd05o_23openwepp_input_contract7parsers20irrigation_depletion21parse_datver_preamble
FN:1262,_RNvNtNtCs7u2dcTxd05o_23openwepp_input_contract7parsers20irrigation_depletion21parse_furrow_schedule
FN:598,_RNvNtNtCs7u2dcTxd05o_23openwepp_input_contract7parsers20irrigation_depletion22parse_depletion_header
FN:1000,_RNvNtNtCs7u2dcTxd05o_23openwepp_input_contract7parsers20irrigation_depletion22parse_sprinkler_layout
FN:1060,_RNvNtNtCs7u2dcTxd05o_23openwepp_input_contract7parsers20irrigation_depletion22parse_sprinkler_nozzle
FN:968,_RNvNtNtCs7u2dcTxd05o_23openwepp_input_contract7parsers20irrigation_depletion22parse_sprinkler_values
FN:768,_RNvNtNtCs7u2dcTxd05o_23openwepp_input_contract7parsers20irrigation_depletion22validate_datver_policy
FN:1532,_RNvNtNtCs7u2dcTxd05o_23openwepp_input_contract7parsers20irrigation_depletion22validate_period_bounds
FN:1375,_RNvNtNtCs7u2dcTxd05o_23openwepp_input_contract7parsers20irrigation_depletion23collect_non_empty_lines
FN:329,_RNvNtNtCs7u2dcTxd05o_23openwepp_input_contract7parsers20irrigation_depletion23format_input_open_error
FN:1207,_RNvNtNtCs7u2dcTxd05o_23openwepp_input_contract7parsers20irrigation_depletion23parse_furrow_surge_code
FN:1504,_RNvNtNtCs7u2dcTxd05o_23openwepp_input_contract7parsers20irrigation_depletion23validate_day_year_tuple
FN:398,_RNvNtNtCs7u2dcTxd05o_23openwepp_input_contract7parsers20irrigation_depletion24format_field_range_error
FN:341,_RNvNtNtCs7u2dcTxd05o_23openwepp_input_contract7parsers20irrigation_depletion24format_token_parse_error
FN:1074,_RNvNtNtCs7u2dcTxd05o_23openwepp_input_contract7parsers20irrigation_depletion24parse_sprinkler_schedule
FN:353,_RNvNtNtCs7u2dcTxd05o_23openwepp_input_contract7parsers20irrigation_depletion25format_record_arity_error
FN:337,_RNvNtNtCs7u2dcTxd05o_23openwepp_input_contract7parsers20irrigation_depletion27format_missing_record_error
FN:1319,_RNvNtNtCs7u2dcTxd05o_23openwepp_input_contract7parsers20irrigation_depletion27validate_allowed_element_id
FN:1337,_RNvNtNtCs7u2dcTxd05o_23openwepp_input_contract7parsers20irrigation_depletion28derive_zero_start_transition
FN:1278,_RNvNtNtCs7u2dcTxd05o_23openwepp_input_contract7parsers20irrigation_depletion28validate_initialization_rows
FN:448,_RNvNtNtCs7u2dcTxd05o_23openwepp_input_contract7parsers20irrigation_depletion30format_furrow_disallowed_error
FN:1295,_RNvNtNtCs7u2dcTxd05o_23openwepp_input_contract7parsers20irrigation_depletion30validate_continuation_ordering
FN:424,_RNvNtNtCs7u2dcTxd05o_23openwepp_input_contract7parsers20irrigation_depletion31format_invalid_element_id_error
FN:366,_RNvNtNtCs7u2dcTxd05o_23openwepp_input_contract7parsers20irrigation_depletion31format_unsupported_datver_error
FN:823,_RNvNtNtCs7u2dcTxd05o_23openwepp_input_contract7parsers20irrigation_depletion31validate_cross_file_constraints
FN:411,_RNvNtNtCs7u2dcTxd05o_23openwepp_input_contract7parsers20irrigation_depletion32format_cross_file_mismatch_error
FN:436,_RNvNtNtCs7u2dcTxd05o_23openwepp_input_contract7parsers20irrigation_depletion34format_continuation_ordering_error
FN:385,_RNvNtNtCs7u2dcTxd05o_23openwepp_input_contract7parsers20irrigation_depletion34format_invalid_header_domain_error
FN:1038,_RNvNtNtCs7u2dcTxd05o_23openwepp_input_contract7parsers20irrigation_depletion34parse_sprinkler_application_values
FN:483,_RNvNtNtCs7u2dcTxd05o_23openwepp_input_contract7parsers20irrigation_depletion35parse_irrigation_depletion_from_str
FN:1034,_RNvNtNtCs7u2dcTxd05o_23openwepp_input_contract7parsers20irrigation_depletion35should_warn_legacy_sprinkler_nozzle
FN:1402,_RNvNtNtCs7u2dcTxd05o_23openwepp_input_contract7parsers20irrigation_depletion8tokenize
FN:1557,_RNvNtNtCs7u2dcTxd05o_23openwepp_input_contract7parsers20irrigation_depletion9approx_eq
FN:1458,_RNvNtNtCs7u2dcTxd05o_23openwepp_input_contract7parsers20irrigation_depletion9parse_f64
FN:1406,_RNvNtNtCs7u2dcTxd05o_23openwepp_input_contract7parsers20irrigation_depletion9parse_i32
FN:132,_RNvXs2_NtNtCs7u2dcTxd05o_23openwepp_input_contract7parsers20irrigation_depletionNtB5_32IrrigationDepletionParserOptionsNtNtCs3XFJfFEDSOQ_4core7default7Default7default
FN:278,_RNvXs5_NtNtCs7u2dcTxd05o_23openwepp_input_contract7parsers20irrigation_depletionNtB5_29IrrigationDepletionParseErrorNtNtCs3XFJfFEDSOQ_4core3fmt7Display3fmt
FN:460,_RNvXs6_NtNtCs7u2dcTxd05o_23openwepp_input_contract7parsers20irrigation_depletionNtB5_29IrrigationDepletionParseErrorNtNtCs3XFJfFEDSOQ_4core5error5Error6source
FNDA:0,_RINvMs0_NtNtCs7u2dcTxd05o_23openwepp_input_contract7parsers20irrigation_depletionNtB6_26IrrigationDepletionWarning3newNtNtCsgag4BwXrjBQ_5alloc6string6StringEBa_
FNDA:0,_RINvMs0_NtNtCs7u2dcTxd05o_23openwepp_input_contract7parsers20irrigation_depletionNtB6_26IrrigationDepletionWarning3newReEBa_
FNDA:0,_RNCNvNtNtCs7u2dcTxd05o_23openwepp_input_contract7parsers20irrigation_depletion16parse_furrow_row0B7_
FNDA:0,_RNCNvNtNtCs7u2dcTxd05o_23openwepp_input_contract7parsers20irrigation_depletion16parse_furrow_rows_0B7_
FNDA:0,_RNCNvNtNtCs7u2dcTxd05o_23openwepp_input_contract7parsers20irrigation_depletion19parse_sprinkler_row0B7_
FNDA:0,_RNCNvNtNtCs7u2dcTxd05o_23openwepp_input_contract7parsers20irrigation_depletion22parse_depletion_header0B7_
FNDA:0,_RNCNvNtNtCs7u2dcTxd05o_23openwepp_input_contract7parsers20irrigation_depletion22parse_depletion_headers_0B7_
FNDA:0,_RNCNvNtNtCs7u2dcTxd05o_23openwepp_input_contract7parsers20irrigation_depletion23collect_non_empty_lines0B7_
FNDA:0,_RNCNvNtNtCs7u2dcTxd05o_23openwepp_input_contract7parsers20irrigation_depletion35should_warn_legacy_sprinkler_nozzle0B7_
FNDA:0,_RNCNvNtNtCs7u2dcTxd05o_23openwepp_input_contract7parsers20irrigation_depletion9parse_f640B7_
FNDA:0,_RNCNvNtNtCs7u2dcTxd05o_23openwepp_input_contract7parsers20irrigation_depletion9parse_i320B7_
FNDA:0,_RNCNvNtNtCs7u2dcTxd05o_23openwepp_input_contract7parsers20irrigation_depletion9parse_i32s_0B7_
FNDA:0,_RNvMNtNtCs7u2dcTxd05o_23openwepp_input_contract7parsers20irrigation_depletionNtB2_20IrrigationSystemType3raw
FNDA:0,_RNvMNtNtCs7u2dcTxd05o_23openwepp_input_contract7parsers20irrigation_depletionNtB2_20IrrigationSystemType8from_raw
FNDA:0,_RNvMs1_NtNtCs7u2dcTxd05o_23openwepp_input_contract7parsers20irrigation_depletionNtB5_32IrrigationDepletionParserOptions13compatibility
FNDA:0,_RNvMs1_NtNtCs7u2dcTxd05o_23openwepp_input_contract7parsers20irrigation_depletionNtB5_32IrrigationDepletionParserOptions6strict
FNDA:0,_RNvMs3_NtNtCs7u2dcTxd05o_23openwepp_input_contract7parsers20irrigation_depletionNtB5_23IrrigationDepletionFile17continuation_rows
FNDA:0,_RNvMs4_NtNtCs7u2dcTxd05o_23openwepp_input_contract7parsers20irrigation_depletionNtB5_29IrrigationDepletionParseError17contract_error_id
FNDA:0,_RNvMs_NtNtCs7u2dcTxd05o_23openwepp_input_contract7parsers20irrigation_depletionNtB4_30IrrigationDepletionWarningCode6as_str
FNDA:0,_RNvNtNtCs7u2dcTxd05o_23openwepp_input_contract7parsers20irrigation_depletion12require_line
FNDA:0,_RNvNtNtCs7u2dcTxd05o_23openwepp_input_contract7parsers20irrigation_depletion13parse_periods
FNDA:0,_RNvNtNtCs7u2dcTxd05o_23openwepp_input_contract7parsers20irrigation_depletion16options_for_zero
FNDA:0,_RNvNtNtCs7u2dcTxd05o_23openwepp_input_contract7parsers20irrigation_depletion16parse_furrow_row
FNDA:0,_RNvNtNtCs7u2dcTxd05o_23openwepp_input_contract7parsers20irrigation_depletion16parse_period_row
FNDA:0,_RNvNtNtCs7u2dcTxd05o_23openwepp_input_contract7parsers20irrigation_depletion17validate_positive
FNDA:0,_RNvNtNtCs7u2dcTxd05o_23openwepp_input_contract7parsers20irrigation_depletion18parse_positive_i32
FNDA:0,_RNvNtNtCs7u2dcTxd05o_23openwepp_input_contract7parsers20irrigation_depletion19parse_furrow_ratios
FNDA:0,_RNvNtNtCs7u2dcTxd05o_23openwepp_input_contract7parsers20irrigation_depletion19parse_furrow_supply
FNDA:0,_RNvNtNtCs7u2dcTxd05o_23openwepp_input_contract7parsers20irrigation_depletion19parse_furrow_values
FNDA:0,_RNvNtNtCs7u2dcTxd05o_23openwepp_input_contract7parsers20irrigation_depletion19parse_sprinkler_row
FNDA:0,_RNvNtNtCs7u2dcTxd05o_23openwepp_input_contract7parsers20irrigation_depletion19parse_static_depths
FNDA:0,_RNvNtNtCs7u2dcTxd05o_23openwepp_input_contract7parsers20irrigation_depletion20validate_nonnegative
FNDA:0,_RNvNtNtCs7u2dcTxd05o_23openwepp_input_contract7parsers20irrigation_depletion21parse_datver_preamble
FNDA:0,_RNvNtNtCs7u2dcTxd05o_23openwepp_input_contract7parsers20irrigation_depletion21parse_furrow_schedule
FNDA:0,_RNvNtNtCs7u2dcTxd05o_23openwepp_input_contract7parsers20irrigation_depletion22parse_depletion_header
FNDA:0,_RNvNtNtCs7u2dcTxd05o_23openwepp_input_contract7parsers20irrigation_depletion22parse_sprinkler_layout
FNDA:0,_RNvNtNtCs7u2dcTxd05o_23openwepp_input_contract7parsers20irrigation_depletion22parse_sprinkler_nozzle
FNDA:0,_RNvNtNtCs7u2dcTxd05o_23openwepp_input_contract7parsers20irrigation_depletion22parse_sprinkler_values
FNDA:0,_RNvNtNtCs7u2dcTxd05o_23openwepp_input_contract7parsers20irrigation_depletion22validate_datver_policy
FNDA:0,_RNvNtNtCs7u2dcTxd05o_23openwepp_input_contract7parsers20irrigation_depletion22validate_period_bounds
FNDA:0,_RNvNtNtCs7u2dcTxd05o_23openwepp_input_contract7parsers20irrigation_depletion23collect_non_empty_lines
FNDA:0,_RNvNtNtCs7u2dcTxd05o_23openwepp_input_contract7parsers20irrigation_depletion23format_input_open_error
FNDA:0,_RNvNtNtCs7u2dcTxd05o_23openwepp_input_contract7parsers20irrigation_depletion23parse_furrow_surge_code
FNDA:0,_RNvNtNtCs7u2dcTxd05o_23openwepp_input_contract7parsers20irrigation_depletion23validate_day_year_tuple
FNDA:0,_RNvNtNtCs7u2dcTxd05o_23openwepp_input_contract7parsers20irrigation_depletion24format_field_range_error
FNDA:0,_RNvNtNtCs7u2dcTxd05o_23openwepp_input_contract7parsers20irrigation_depletion24format_token_parse_error
FNDA:0,_RNvNtNtCs7u2dcTxd05o_23openwepp_input_contract7parsers20irrigation_depletion24parse_sprinkler_schedule
FNDA:0,_RNvNtNtCs7u2dcTxd05o_23openwepp_input_contract7parsers20irrigation_depletion25format_record_arity_error
FNDA:0,_RNvNtNtCs7u2dcTxd05o_23openwepp_input_contract7parsers20irrigation_depletion27format_missing_record_error
FNDA:0,_RNvNtNtCs7u2dcTxd05o_23openwepp_input_contract7parsers20irrigation_depletion27validate_allowed_element_id
FNDA:0,_RNvNtNtCs7u2dcTxd05o_23openwepp_input_contract7parsers20irrigation_depletion28derive_zero_start_transition
FNDA:0,_RNvNtNtCs7u2dcTxd05o_23openwepp_input_contract7parsers20irrigation_depletion28validate_initialization_rows
FNDA:0,_RNvNtNtCs7u2dcTxd05o_23openwepp_input_contract7parsers20irrigation_depletion30format_furrow_disallowed_error
FNDA:0,_RNvNtNtCs7u2dcTxd05o_23openwepp_input_contract7parsers20irrigation_depletion30validate_continuation_ordering
FNDA:0,_RNvNtNtCs7u2dcTxd05o_23openwepp_input_contract7parsers20irrigation_depletion31format_invalid_element_id_error
FNDA:0,_RNvNtNtCs7u2dcTxd05o_23openwepp_input_contract7parsers20irrigation_depletion31format_unsupported_datver_error
FNDA:0,_RNvNtNtCs7u2dcTxd05o_23openwepp_input_contract7parsers20irrigation_depletion31validate_cross_file_constraints
FNDA:0,_RNvNtNtCs7u2dcTxd05o_23openwepp_input_contract7parsers20irrigation_depletion32format_cross_file_mismatch_error
FNDA:0,_RNvNtNtCs7u2dcTxd05o_23openwepp_input_contract7parsers20irrigation_depletion34format_continuation_ordering_error
FNDA:0,_RNvNtNtCs7u2dcTxd05o_23openwepp_input_contract7parsers20irrigation_depletion34format_invalid_header_domain_error
FNDA:0,_RNvNtNtCs7u2dcTxd05o_23openwepp_input_contract7parsers20irrigation_depletion34parse_sprinkler_application_values
FNDA:0,_RNvNtNtCs7u2dcTxd05o_23openwepp_input_contract7parsers20irrigation_depletion35parse_irrigation_depletion_from_str
FNDA:0,_RNvNtNtCs7u2dcTxd05o_23openwepp_input_contract7parsers20irrigation_depletion35should_warn_legacy_sprinkler_nozzle
FNDA:0,_RNvNtNtCs7u2dcTxd05o_23openwepp_input_contract7parsers20irrigation_depletion8tokenize
FNDA:0,_RNvNtNtCs7u2dcTxd05o_23openwepp_input_contract7parsers20irrigation_depletion9approx_eq
FNDA:0,_RNvNtNtCs7u2dcTxd05o_23openwepp_input_contract7parsers20irrigation_depletion9parse_f64
FNDA:0,_RNvNtNtCs7u2dcTxd05o_23openwepp_input_contract7parsers20irrigation_depletion9parse_i32
FNDA:0,_RNvXs2_NtNtCs7u2dcTxd05o_23openwepp_input_contract7parsers20irrigation_depletionNtB5_32IrrigationDepletionParserOptionsNtNtCs3XFJfFEDSOQ_4core7default7Default7default
FNDA:0,_RNvXs5_NtNtCs7u2dcTxd05o_23openwepp_input_contract7parsers20irrigation_depletionNtB5_29IrrigationDepletionParseErrorNtNtCs3XFJfFEDSOQ_4core3fmt7Display3fmt
FNDA:0,_RNvXs6_NtNtCs7u2dcTxd05o_23openwepp_input_contract7parsers20irrigation_depletionNtB5_29IrrigationDepletionParseErrorNtNtCs3XFJfFEDSOQ_4core5error5Error6source
FNF:69
FNH:0
DA:27,0
DA:28,0
DA:29,0
DA:30,0
DA:31,0
DA:33,0
DA:35,0
DA:36,0
DA:37,0
DA:38,0
DA:40,0
DA:63,0
DA:64,0
DA:65,0
DA:66,0
DA:67,0
DA:68,0
DA:69,0
DA:70,0
DA:72,0
DA:83,0
DA:84,0
DA:85,0
DA:86,0
DA:87,0
DA:88,0
DA:89,0
DA:105,0
DA:106,0
DA:107,0
DA:108,0
DA:109,0
DA:110,0
DA:111,0
DA:112,0
DA:113,0
DA:114,0
DA:115,0
DA:118,0
DA:119,0
DA:120,0
DA:121,0
DA:122,0
DA:123,0
DA:124,0
DA:125,0
DA:126,0
DA:127,0
DA:128,0
DA:132,0
DA:133,0
DA:134,0
DA:158,0
DA:159,0
DA:160,0
DA:261,0
DA:262,0
DA:263,0
DA:264,0
DA:265,0
DA:266,0
DA:267,0
DA:268,0
DA:269,0
DA:270,0
DA:271,0
DA:272,0
DA:274,0
DA:278,0
DA:279,0
DA:280,0
DA:281,0
DA:282,0
DA:283,0
DA:286,0
DA:287,0
DA:288,0
DA:289,0
DA:290,0
DA:292,0
DA:293,0
DA:294,0
DA:295,0
DA:297,0
DA:298,0
DA:299,0
DA:300,0
DA:301,0
DA:303,0
DA:304,0
DA:305,0
DA:306,0
DA:307,0
DA:309,0
DA:310,0
DA:311,0
DA:312,0
DA:313,0
DA:314,0
DA:315,0
DA:318,0
DA:319,0
DA:320,0
DA:321,0
DA:322,0
DA:323,0
DA:326,0
DA:329,0
DA:330,0
DA:331,0
DA:332,0
DA:333,0
DA:334,0
DA:335,0
DA:337,0
DA:338,0
DA:339,0
DA:341,0
DA:342,0
DA:343,0
DA:344,0
DA:345,0
DA:346,0
DA:347,0
DA:348,0
DA:349,0
DA:351,0
DA:353,0
DA:354,0
DA:355,0
DA:356,0
DA:357,0
DA:358,0
DA:359,0
DA:360,0
DA:361,0
DA:362,0
DA:364,0
DA:366,0
DA:367,0
DA:368,0
DA:369,0
DA:370,0
DA:371,0
DA:372,0
DA:373,0
DA:374,0
DA:375,0
DA:378,0
DA:379,0
DA:380,0
DA:383,0
DA:385,0
DA:386,0
DA:387,0
DA:388,0
DA:389,0
DA:390,0
DA:391,0
DA:392,0
DA:393,0
DA:394,0
DA:396,0
DA:398,0
DA:399,0
DA:400,0
DA:401,0
DA:402,0
DA:403,0
DA:404,0
DA:405,0
DA:406,0
DA:407,0
DA:409,0
DA:411,0
DA:412,0
DA:413,0
DA:414,0
DA:415,0
DA:416,0
DA:417,0
DA:418,0
DA:419,0
DA:420,0
DA:422,0
DA:424,0
DA:425,0
DA:426,0
DA:427,0
DA:428,0
DA:429,0
DA:430,0
DA:431,0
DA:432,0
DA:434,0
DA:436,0
DA:437,0
DA:438,0
DA:439,0
DA:440,0
DA:441,0
DA:442,0
DA:443,0
DA:444,0
DA:446,0
DA:448,0
DA:449,0
DA:450,0
DA:451,0
DA:452,0
DA:453,0
DA:454,0
DA:455,0
DA:457,0
DA:460,0
DA:461,0
DA:462,0
DA:463,0
DA:465,0
DA:483,0
DA:484,0
DA:485,0
DA:486,0
DA:487,0
DA:488,0
DA:489,0
DA:490,0
DA:491,0
DA:492,0
DA:493,0
DA:495,0
DA:496,0
DA:497,0
DA:499,0
DA:500,0
DA:501,0
DA:502,0
DA:503,0
DA:504,0
DA:505,0
DA:506,0
DA:508,0
DA:509,0
DA:511,0
DA:512,0
DA:513,0
DA:514,0
DA:515,0
DA:516,0
DA:517,0
DA:518,0
DA:519,0
DA:520,0
DA:521,0
DA:522,0
DA:523,0
DA:524,0
DA:526,0
DA:528,0
DA:529,0
DA:530,0
DA:532,0
DA:533,0
DA:534,0
DA:535,0
DA:536,0
DA:537,0
DA:538,0
DA:539,0
DA:540,0
DA:541,0
DA:542,0
DA:543,0
DA:544,0
DA:553,0
DA:554,0
DA:555,0
DA:556,0
DA:557,0
DA:558,0
DA:559,0
DA:561,0
DA:562,0
DA:563,0
DA:564,0
DA:565,0
DA:566,0
DA:567,0
DA:568,0
DA:570,0
DA:571,0
DA:572,0
DA:573,0
DA:576,0
DA:577,0
DA:578,0
DA:579,0
DA:580,0
DA:581,0
DA:583,0
DA:584,0
DA:585,0
DA:586,0
DA:587,0
DA:588,0
DA:598,0
DA:599,0
DA:600,0
DA:601,0
DA:602,0
DA:603,0
DA:604,0
DA:605,0
DA:606,0
DA:607,0
DA:608,0
DA:609,0
DA:610,0
DA:611,0
DA:613,0
DA:614,0
DA:615,0
DA:617,0
DA:618,0
DA:619,0
DA:620,0
DA:621,0
DA:622,0
DA:623,0
DA:624,0
DA:625,0
DA:626,0
DA:627,0
DA:628,0
DA:629,0
DA:630,0
DA:631,0
DA:632,0
DA:634,0
DA:635,0
DA:636,0
DA:637,0
DA:638,0
DA:639,0
DA:640,0
DA:641,0
DA:643,0
DA:644,0
DA:645,0
DA:646,0
DA:647,0
DA:648,0
DA:649,0
DA:650,0
DA:652,0
DA:653,0
DA:654,0
DA:655,0
DA:656,0
DA:657,0
DA:658,0
DA:666,0
DA:667,0
DA:668,0
DA:669,0
DA:670,0
DA:671,0
DA:672,0
DA:673,0
DA:674,0
DA:675,0
DA:676,0
DA:677,0
DA:678,0
DA:679,0
DA:680,0
DA:681,0
DA:682,0
DA:683,0
DA:685,0
DA:686,0
DA:688,0
DA:690,0
DA:691,0
DA:692,0
DA:693,0
DA:694,0
DA:695,0
DA:696,0
DA:697,0
DA:698,0
DA:699,0
DA:700,0
DA:703,0
DA:704,0
DA:705,0
DA:706,0
DA:707,0
DA:708,0
DA:709,0
DA:710,0
DA:711,0
DA:715,0
DA:716,0
DA:717,0
DA:718,0
DA:719,0
DA:729,0
DA:730,0
DA:731,0
DA:732,0
DA:733,0
DA:734,0
DA:735,0
DA:736,0
DA:737,0
DA:738,0
DA:739,0
DA:740,0
DA:741,0
DA:742,0
DA:743,0
DA:744,0
DA:745,0
DA:746,0
DA:747,0
DA:748,0
DA:751,0
DA:752,0
DA:753,0
DA:754,0
DA:755,0
DA:756,0
DA:757,0
DA:758,0
DA:759,0
DA:760,0
DA:761,0
DA:762,0
DA:765,0
DA:766,0
DA:768,0
DA:769,0
DA:770,0
DA:771,0
DA:772,0
DA:773,0
DA:774,0
DA:775,0
DA:776,0
DA:777,0
DA:778,0
DA:779,0
DA:780,0
DA:781,0
DA:782,0
DA:783,0
DA:784,0
DA:785,0
DA:787,0
DA:788,0
DA:789,0
DA:790,0
DA:791,0
DA:793,0
DA:794,0
DA:795,0
DA:797,0
DA:798,0
DA:800,0
DA:803,0
DA:806,0
DA:807,0
DA:808,0
DA:809,0
DA:810,0
DA:812,0
DA:813,0
DA:814,0
DA:816,0
DA:817,0
DA:818,0
DA:819,0
DA:820,0
DA:821,0
DA:823,0
DA:824,0
DA:825,0
DA:826,0
DA:827,0
DA:828,0
DA:829,0
DA:830,0
DA:831,0
DA:832,0
DA:833,0
DA:834,0
DA:835,0
DA:836,0
DA:837,0
DA:838,0
DA:840,0
DA:841,0
DA:842,0
DA:843,0
DA:844,0
DA:845,0
DA:846,0
DA:847,0
DA:848,0
DA:849,0
DA:851,0
DA:852,0
DA:853,0
DA:854,0
DA:855,0
DA:856,0
DA:857,0
DA:858,0
DA:859,0
DA:860,0
DA:861,0
DA:863,0
DA:864,0
DA:866,0
DA:867,0
DA:868,0
DA:869,0
DA:870,0
DA:871,0
DA:872,0
DA:873,0
DA:874,0
DA:875,0
DA:877,0
DA:879,0
DA:880,0
DA:881,0
DA:884,0
DA:885,0
DA:886,0
DA:887,0
DA:888,0
DA:889,0
DA:890,0
DA:891,0
DA:892,0
DA:893,0
DA:894,0
DA:896,0
DA:897,0
DA:898,0
DA:899,0
DA:900,0
DA:901,0
DA:902,0
DA:903,0
DA:904,0
DA:906,0
DA:907,0
DA:910,0
DA:912,0
DA:913,0
DA:914,0
DA:915,0
DA:916,0
DA:917,0
DA:918,0
DA:919,0
DA:920,0
DA:921,0
DA:922,0
DA:923,0
DA:924,0
DA:928,0
DA:929,0
DA:930,0
DA:931,0
DA:932,0
DA:933,0
DA:934,0
DA:935,0
DA:936,0
DA:937,0
DA:938,0
DA:939,0
DA:940,0
DA:941,0
DA:942,0
DA:943,0
DA:944,0
DA:945,0
DA:946,0
DA:948,0
DA:949,0
DA:950,0
DA:951,0
DA:952,0
DA:954,0
DA:968,0
DA:969,0
DA:970,0
DA:971,0
DA:972,0
DA:973,0
DA:974,0
DA:975,0
DA:976,0
DA:977,0
DA:978,0
DA:979,0
DA:980,0
DA:982,0
DA:983,0
DA:984,0
DA:985,0
DA:986,0
DA:987,0
DA:988,0
DA:989,0
DA:990,0
DA:991,0
DA:992,0
DA:993,0
DA:1000,0
DA:1001,0
DA:1002,0
DA:1003,0
DA:1004,0
DA:1005,0
DA:1006,0
DA:1007,0
DA:1008,0
DA:1009,0
DA:1011,0
DA:1012,0
DA:1013,0
DA:1014,0
DA:1015,0
DA:1016,0
DA:1020,0
DA:1021,0
DA:1022,0
DA:1023,0
DA:1024,0
DA:1025,0
DA:1026,0
DA:1028,0
DA:1029,0
DA:1030,0
DA:1031,0
DA:1032,0
DA:1034,0
DA:1035,0
DA:1036,0
DA:1038,0
DA:1039,0
DA:1040,0
DA:1041,0
DA:1042,0
DA:1043,0
DA:1044,0
DA:1046,0
DA:1047,0
DA:1049,0
DA:1050,0
DA:1052,0
DA:1053,0
DA:1054,0
DA:1055,0
DA:1056,0
DA:1057,0
DA:1058,0
DA:1060,0
DA:1061,0
DA:1062,0
DA:1063,0
DA:1064,0
DA:1065,0
DA:1066,0
DA:1067,0
DA:1068,0
DA:1070,0
DA:1072,0
DA:1074,0
DA:1075,0
DA:1076,0
DA:1077,0
DA:1078,0
DA:1079,0
DA:1080,0
DA:1081,0
DA:1082,0
DA:1084,0
DA:1085,0
DA:1086,0
DA:1088,0
DA:1089,0
DA:1091,0
DA:1092,0
DA:1093,0
DA:1094,0
DA:1095,0
DA:1096,0
DA:1097,0
DA:1098,0
DA:1099,0
DA:1100,0
DA:1101,0
DA:1102,0
DA:1106,0
DA:1107,0
DA:1108,0
DA:1109,0
DA:1110,0
DA:1111,0
DA:1112,0
DA:1113,0
DA:1114,0
DA:1115,0
DA:1116,0
DA:1117,0
DA:1118,0
DA:1119,0
DA:1120,0
DA:1121,0
DA:1122,0
DA:1123,0
DA:1124,0
DA:1127,0
DA:1128,0
DA:1129,0
DA:1130,0
DA:1131,0
DA:1132,0
DA:1133,0
DA:1134,0
DA:1135,0
DA:1136,0
DA:1137,0
DA:1140,0
DA:1156,0
DA:1157,0
DA:1158,0
DA:1159,0
DA:1160,0
DA:1161,0
DA:1162,0
DA:1163,0
DA:1164,0
DA:1165,0
DA:1166,0
DA:1167,0
DA:1168,0
DA:1169,0
DA:1171,0
DA:1172,0
DA:1174,0
DA:1175,0
DA:1176,0
DA:1177,0
DA:1179,0
DA:1180,0
DA:1181,0
DA:1182,0
DA:1183,0
DA:1184,0
DA:1185,0
DA:1186,0
DA:1187,0
DA:1188,0
DA:1189,0
DA:1190,0
DA:1191,0
DA:1192,0
DA:1194,0
DA:1195,0
DA:1196,0
DA:1197,0
DA:1198,0
DA:1199,0
DA:1201,0
DA:1202,0
DA:1204,0
DA:1205,0
DA:1207,0
DA:1208,0
DA:1209,0
DA:1210,0
DA:1211,0
DA:1212,0
DA:1213,0
DA:1214,0
DA:1215,0
DA:1216,0
DA:1217,0
DA:1218,0
DA:1219,0
DA:1220,0
DA:1221,0
DA:1222,0
DA:1223,0
DA:1224,0
DA:1225,0
DA:1226,0
DA:1227,0
DA:1228,0
DA:1229,0
DA:1230,0
DA:1231,0
DA:1232,0
DA:1233,0
DA:1234,0
DA:1235,0
DA:1236,0
DA:1237,0
DA:1238,0
DA:1239,0
DA:1240,0
DA:1241,0
DA:1242,0
DA:1243,0
DA:1244,0
DA:1246,0
DA:1247,0
DA:1249,0
DA:1250,0
DA:1251,0
DA:1252,0
DA:1253,0
DA:1254,0
DA:1256,0
DA:1257,0
DA:1259,0
DA:1260,0
DA:1262,0
DA:1263,0
DA:1264,0
DA:1265,0
DA:1266,0
DA:1267,0
DA:1268,0
DA:1269,0
DA:1271,0
DA:1272,0
DA:1273,0
DA:1275,0
DA:1276,0
DA:1278,0
DA:1279,0
DA:1280,0
DA:1281,0
DA:1282,0
DA:1283,0
DA:1284,0
DA:1285,0
DA:1286,0
DA:1287,0
DA:1288,0
DA:1289,0
DA:1290,0
DA:1292,0
DA:1293,0
DA:1295,0
DA:1296,0
DA:1297,0
DA:1298,0
DA:1299,0
DA:1300,0
DA:1301,0
DA:1303,0
DA:1304,0
DA:1305,0
DA:1306,0
DA:1307,0
DA:1308,0
DA:1309,0
DA:1310,0
DA:1311,0
DA:1312,0
DA:1313,0
DA:1316,0
DA:1317,0
DA:1319,0
DA:1320,0
DA:1321,0
DA:1322,0
DA:1323,0
DA:1324,0
DA:1325,0
DA:1326,0
DA:1327,0
DA:1328,0
DA:1329,0
DA:1330,0
DA:1331,0
DA:1332,0
DA:1333,0
DA:1334,0
DA:1335,0
DA:1337,0
DA:1338,0
DA:1339,0
DA:1340,0
DA:1341,0
DA:1342,0
DA:1343,0
DA:1344,0
DA:1345,0
DA:1347,0
DA:1348,0
DA:1349,0
DA:1350,0
DA:1353,0
DA:1354,0
DA:1355,0
DA:1359,0
DA:1360,0
DA:1362,0
DA:1363,0
DA:1364,0
DA:1365,0
DA:1367,0
DA:1375,0
DA:1376,0
DA:1377,0
DA:1378,0
DA:1379,0
DA:1380,0
DA:1381,0
DA:1382,0
DA:1383,0
DA:1384,0
DA:1385,0
DA:1386,0
DA:1387,0
DA:1389,0
DA:1390,0
DA:1391,0
DA:1392,0
DA:1393,0
DA:1394,0
DA:1395,0
DA:1396,0
DA:1397,0
DA:1398,0
DA:1399,0
DA:1400,0
DA:1402,0
DA:1403,0
DA:1404,0
DA:1406,0
DA:1407,0
DA:1408,0
DA:1409,0
DA:1410,0
DA:1411,0
DA:1412,0
DA:1413,0
DA:1415,0
DA:1416,0
DA:1417,0
DA:1418,0
DA:1419,0
DA:1420,0
DA:1421,0
DA:1422,0
DA:1423,0
DA:1424,0
DA:1425,0
DA:1426,0
DA:1427,0
DA:1428,0
DA:1429,0
DA:1430,0
DA:1432,0
DA:1433,0
DA:1434,0
DA:1435,0
DA:1436,0
DA:1437,0
DA:1438,0
DA:1439,0
DA:1440,0
DA:1441,0
DA:1442,0
DA:1443,0
DA:1444,0
DA:1446,0
DA:1447,0
DA:1448,0
DA:1449,0
DA:1450,0
DA:1451,0
DA:1452,0
DA:1453,0
DA:1454,0
DA:1455,0
DA:1456,0
DA:1458,0
DA:1459,0
DA:1460,0
DA:1461,0
DA:1462,0
DA:1463,0
DA:1464,0
DA:1465,0
DA:1466,0
DA:1467,0
DA:1468,0
DA:1469,0
DA:1470,0
DA:1472,0
DA:1473,0
DA:1474,0
DA:1475,0
DA:1476,0
DA:1477,0
DA:1478,0
DA:1479,0
DA:1480,0
DA:1481,0
DA:1482,0
DA:1483,0
DA:1484,0
DA:1485,0
DA:1486,0
DA:1488,0
DA:1489,0
DA:1490,0
DA:1491,0
DA:1492,0
DA:1493,0
DA:1494,0
DA:1495,0
DA:1496,0
DA:1497,0
DA:1498,0
DA:1499,0
DA:1500,0
DA:1501,0
DA:1502,0
DA:1504,0
DA:1505,0
DA:1506,0
DA:1507,0
DA:1508,0
DA:1509,0
DA:1510,0
DA:1511,0
DA:1512,0
DA:1513,0
DA:1514,0
DA:1515,0
DA:1516,0
DA:1517,0
DA:1518,0
DA:1519,0
DA:1520,0
DA:1521,0
DA:1522,0
DA:1523,0
DA:1524,0
DA:1525,0
DA:1526,0
DA:1527,0
DA:1528,0
DA:1529,0
DA:1530,0
DA:1532,0
DA:1533,0
DA:1534,0
DA:1535,0
DA:1536,0
DA:1537,0
DA:1538,0
DA:1539,0
DA:1540,0
DA:1541,0
DA:1543,0
DA:1544,0
DA:1545,0
DA:1546,0
DA:1547,0
DA:1548,0
DA:1549,0
DA:1550,0
DA:1551,0
DA:1552,0
DA:1554,0
DA:1555,0
DA:1557,0
DA:1558,0
DA:1559,0
BRF:0
BRH:0
LF:1108
LH:0
end_of_record
SF:/home/workdir/openWEPP/crates/openwepp-input-contract/src/parsers/irrigation_fixeddate.rs
FN:488,_RNCNvNtNtCs7u2dcTxd05o_23openwepp_input_contract7parsers20irrigation_fixeddate12parse_events0B7_
FN:514,_RNCNvNtNtCs7u2dcTxd05o_23openwepp_input_contract7parsers20irrigation_fixeddate12parse_eventss_0B7_
FN:320,_RNCNvNtNtCs7u2dcTxd05o_23openwepp_input_contract7parsers20irrigation_fixeddate19parse_fixeddate_str0B7_
FN:378,_RNCNvNtNtCs7u2dcTxd05o_23openwepp_input_contract7parsers20irrigation_fixeddate19parse_fixeddate_strs_0B7_
FN:917,_RNCNvNtNtCs7u2dcTxd05o_23openwepp_input_contract7parsers20irrigation_fixeddate9parse_f640B7_
FN:907,_RNCNvNtNtCs7u2dcTxd05o_23openwepp_input_contract7parsers20irrigation_fixeddate9parse_i640B7_
FNDA:0,_RNCNvNtNtCs7u2dcTxd05o_23openwepp_input_contract7parsers20irrigation_fixeddate12parse_events0B7_
FNDA:0,_RNCNvNtNtCs7u2dcTxd05o_23openwepp_input_contract7parsers20irrigation_fixeddate12parse_eventss_0B7_
FNDA:0,_RNCNvNtNtCs7u2dcTxd05o_23openwepp_input_contract7parsers20irrigation_fixeddate19parse_fixeddate_str0B7_
FNDA:0,_RNCNvNtNtCs7u2dcTxd05o_23openwepp_input_contract7parsers20irrigation_fixeddate19parse_fixeddate_strs_0B7_
FNDA:0,_RNCNvNtNtCs7u2dcTxd05o_23openwepp_input_contract7parsers20irrigation_fixeddate9parse_f640B7_
FNDA:0,_RNCNvNtNtCs7u2dcTxd05o_23openwepp_input_contract7parsers20irrigation_fixeddate9parse_i640B7_
FNF:6
FNH:0
DA:320,0
DA:378,0
DA:488,0
DA:514,0
DA:907,0
DA:908,0
DA:909,0
DA:910,0
DA:917,0
DA:918,0
DA:919,0
DA:920,0
BRF:0
BRH:0
LF:12
LH:0
end_of_record
SF:/home/workdir/openWEPP/crates/openwepp-input-contract/src/parsers/lcwb.rs
FN:44,_RNvMNtNtCs7u2dcTxd05o_23openwepp_input_contract7parsers4lcwbNtB2_15LcwbWarningCode6as_str
FN:131,_RNvMs2_NtNtCs7u2dcTxd05o_23openwepp_input_contract7parsers4lcwbNtB5_14LcwbParseError17contract_error_id
FN:306,_RNvNtNtCs7u2dcTxd05o_23openwepp_input_contract7parsers4lcwb22derive_ofe_policy_mode
FN:83,_RNvXs1_NtNtCs7u2dcTxd05o_23openwepp_input_contract7parsers4lcwbNtB5_17LcwbParserOptionsNtNtCs3XFJfFEDSOQ_4core7default7Default7default
FN:142,_RNvXs3_NtNtCs7u2dcTxd05o_23openwepp_input_contract7parsers4lcwbNtB5_14LcwbParseErrorNtNtCs3XFJfFEDSOQ_4core3fmt7Display3fmt
FN:181,_RNvXs4_NtNtCs7u2dcTxd05o_23openwepp_input_contract7parsers4lcwbNtB5_14LcwbParseErrorNtNtCs3XFJfFEDSOQ_4core5error5Error6source
FN:55,_RNvXs_NtNtCs7u2dcTxd05o_23openwepp_input_contract7parsers4lcwbNtB4_15LcwbWarningCodeNtNtCs3XFJfFEDSOQ_4core3fmt7Display3fmt
[...]
DA:361,126
DA:362,126
DA:363,39
DA:364,39
DA:365,39
DA:367,39
DA:368,18
DA:369,18
DA:370,18
DA:371,18
DA:372,18
DA:373,18
DA:374,18
DA:375,4
DA:376,21
DA:379,31
DA:380,10
DA:381,10
DA:382,13
DA:383,10
DA:384,10
DA:385,9
DA:386,9
DA:387,9
DA:388,9
DA:389,9
DA:390,1
DA:391,21
DA:393,22
DA:394,1
DA:395,1
DA:396,1
DA:397,1
DA:398,1
DA:399,21
DA:401,22
DA:402,22
DA:403,22
DA:404,22
DA:405,22
DA:406,22
DA:407,22
DA:408,22
DA:409,22
DA:410,22
DA:411,143
DA:446,136
DA:447,136
DA:448,136
DA:449,136
DA:450,136
DA:451,136
DA:452,136
DA:453,135
DA:454,134
DA:455,133
DA:456,133
DA:457,110
DA:458,60
DA:459,37
DA:461,23
DA:463,43
DA:464,44
DA:466,43
DA:467,43
DA:468,43
DA:469,43
DA:470,43
DA:471,43
DA:472,43
DA:473,43
DA:474,43
DA:475,43
DA:476,43
DA:477,43
DA:478,43
DA:479,43
DA:480,43
DA:481,43
DA:482,43
DA:483,43
DA:484,43
DA:485,43
DA:486,43
DA:487,43
DA:488,43
DA:489,43
DA:490,43
DA:491,43
DA:492,43
DA:493,43
DA:494,43
DA:495,136
DA:497,133
DA:498,133
DA:499,133
DA:500,133
DA:501,133
DA:502,133
DA:503,133
DA:504,126
DA:506,107
DA:507,3
DA:508,3
DA:509,3
DA:510,3
DA:511,3
DA:512,104
DA:515,19
DA:516,1
DA:517,1
DA:518,1
DA:519,1
DA:520,1
DA:521,18
DA:522,18
DA:523,1
DA:524,1
DA:525,1
DA:526,1
DA:527,1
DA:528,1
DA:529,17
DA:533,122
DA:534,121
DA:535,3
DA:536,3
DA:537,3
DA:538,3
DA:539,3
DA:540,118
DA:542,118
DA:543,117
DA:544,3
DA:545,3
DA:546,3
DA:547,3
DA:548,3
DA:549,114
DA:551,114
DA:552,113
DA:553,3
DA:554,3
DA:555,3
DA:556,3
DA:557,3
DA:558,110
DA:560,110
DA:561,110
DA:562,110
DA:563,110
DA:564,110
DA:565,110
DA:566,133
DA:568,110
DA:569,110
DA:570,110
DA:571,110
DA:572,110
DA:573,100
DA:574,100
DA:575,100
DA:576,99
DA:578,98
DA:579,80
DA:580,80
DA:581,80
DA:582,80
DA:583,80
DA:584,80
DA:585,79
DA:586,78
DA:587,77
DA:588,76
DA:590,75
DA:591,1
DA:592,1
DA:593,1
DA:594,1
DA:595,1
DA:596,1
DA:597,74
DA:599,74
DA:600,63
DA:601,63
DA:602,63
DA:603,63
DA:604,62
DA:605,61
DA:607,60
DA:608,60
DA:609,60
DA:610,60
DA:611,60
DA:612,60
DA:613,60
DA:614,60
DA:615,60
DA:616,60
DA:617,60
DA:618,60
DA:619,60
DA:620,110
DA:622,44
DA:623,44
DA:624,44
DA:625,44
DA:626,44
DA:627,44
DA:628,44
DA:629,42
DA:630,42
DA:631,42
DA:632,42
DA:633,42
DA:634,42
DA:635,2
DA:637,2
DA:638,1
DA:639,1
DA:640,1
DA:641,1
DA:642,1
DA:644,1
DA:645,1
DA:646,1
DA:647,1
DA:648,1
DA:649,1
DA:650,1
DA:651,1
DA:653,1
DA:654,1
DA:655,1
DA:656,1
DA:657,1
DA:658,1
DA:659,44
DA:661,49
DA:662,49
DA:663,49
DA:664,49
DA:665,49
DA:666,47
DA:667,49
DA:668,2
DA:669,2
DA:670,2
DA:671,2
DA:672,2
DA:673,2
DA:674,47
DA:675,47
DA:676,4
DA:677,4
DA:678,4
DA:679,4
DA:680,4
DA:681,43
DA:683,43
DA:684,40
DA:685,37
DA:686,34
DA:687,30
DA:688,29
DA:690,27
DA:691,27
DA:692,27
DA:693,27
DA:694,27
DA:695,49
DA:697,18
DA:698,18
DA:699,18
DA:700,18
DA:701,18
DA:702,18
DA:703,18
DA:704,18
DA:705,18
DA:706,18
DA:707,6
DA:708,12
DA:710,12
DA:711,12
DA:712,6
DA:713,6
DA:715,6
DA:716,6
DA:717,6
DA:718,6
DA:719,6
DA:720,6
DA:721,6
DA:723,4
DA:724,4
DA:725,4
DA:726,4
DA:727,4
DA:728,2
DA:730,2
DA:731,18
DA:733,24
DA:734,24
DA:735,24
DA:736,24
DA:737,24
DA:738,24
DA:739,24
DA:740,24
DA:741,24
DA:742,24
DA:743,2
DA:744,22
DA:746,22
DA:747,22
DA:748,22
DA:749,22
DA:750,26
DA:751,26
DA:752,0
DA:753,26
DA:754,26
DA:756,26
DA:757,16
DA:758,10
DA:760,10
DA:761,6
DA:762,4
DA:763,4
DA:766,48
DA:767,26
DA:768,26
DA:769,22
DA:770,24
DA:772,405
DA:773,405
DA:774,405
DA:775,405
DA:776,405
DA:777,405
DA:778,402
DA:779,405
DA:781,754
DA:782,754
DA:783,754
DA:784,754
DA:785,754
DA:786,754
DA:787,748
DA:788,748
DA:789,7
DA:790,7
DA:791,7
DA:792,7
DA:793,7
DA:794,741
DA:796,741
DA:797,741
DA:798,741
DA:799,1
DA:800,1
DA:801,1
DA:802,1
DA:803,740
DA:804,754
DA:806,271
DA:807,271
DA:808,271
DA:809,271
DA:810,271
DA:811,271
DA:812,269
DA:813,269
DA:814,1
DA:815,1
DA:816,1
DA:817,1
DA:818,1
DA:819,268
DA:821,268
DA:822,262
DA:823,271
DA:825,282
DA:826,282
DA:827,282
DA:828,282
DA:829,282
DA:830,282
DA:831,279
DA:832,279
DA:833,3
DA:834,3
DA:835,3
DA:836,3
DA:837,3
DA:838,276
DA:840,276
DA:841,865
DA:842,865
DA:844,243
DA:845,282
DA:847,1761
DA:848,1761
DA:849,1761
DA:850,1761
DA:851,1761
DA:852,1761
DA:853,1761
DA:854,16
DA:855,16
DA:856,16
DA:857,16
DA:858,16
DA:860,1745
DA:861,1745
DA:862,1761
DA:864,1253
DA:865,1253
DA:866,1253
DA:867,1253
DA:868,1253
DA:869,1253
DA:870,1253
DA:871,1253
DA:872,3
DA:873,3
DA:874,3
DA:875,3
DA:877,1250
DA:878,45
DA:879,45
DA:880,45
DA:881,45
DA:882,45
DA:883,45
DA:884,1205
DA:886,1205
DA:887,1253
DA:889,590
DA:890,590
DA:891,590
DA:892,590
DA:893,590
DA:894,590
DA:895,579
DA:896,11
DA:898,11
DA:899,11
DA:900,11
DA:901,11
DA:902,11
DA:903,11
DA:904,590
DA:906,402
DA:907,402
DA:908,402
DA:909,402
DA:910,402
DA:911,402
DA:912,395
DA:913,7
DA:915,7
DA:916,7
DA:917,7
DA:918,7
DA:919,7
DA:920,7
DA:921,402
DA:923,138
DA:924,138
DA:925,138
DA:926,138
DA:927,138
DA:928,138
DA:929,138
DA:930,134
DA:931,4
DA:933,4
DA:934,1
DA:935,1
DA:936,1
DA:937,1
DA:939,3
DA:940,1
DA:941,1
DA:942,1
DA:943,1
DA:944,2
DA:946,2
DA:947,2
DA:948,2
DA:949,2
DA:950,2
DA:953,2
DA:956,138
BRF:0
BRH:0
LF:665
LH:662
end_of_record
SF:/home/workdir/openWEPP/crates/openwepp-input-contract/src/parsers/watershed_impoundment.rs
FN:81,_RINvMs1_NtNtCs7u2dcTxd05o_23openwepp_input_contract7parsers21watershed_impoundmentNtB6_10ImpWarning3newNtNtCsgag4BwXrjBQ_5alloc6string6StringEBa_
FN:81,_RINvMs1_NtNtCs7u2dcTxd05o_23openwepp_input_contract7parsers21watershed_impoundmentNtB6_10ImpWarning3newReEBa_
FN:1525,_RNCNvMs5_NtNtCs7u2dcTxd05o_23openwepp_input_contract7parsers21watershed_impoundmentNtB7_10LineReader3new0Bb_
FN:1501,_RNCNvNtNtCs7u2dcTxd05o_23openwepp_input_contract7parsers21watershed_impoundment20parse_usize_i32_like0B7_
FN:1007,_RNCNvNtNtCs7u2dcTxd05o_23openwepp_input_contract7parsers21watershed_impoundment28parse_emergency_rating_curve0B7_
FN:1185,_RNCNvNtNtCs7u2dcTxd05o_23openwepp_input_contract7parsers21watershed_impoundment30parse_impoundment_curve_fields0B7_
FN:1441,_RNCNvNtNtCs7u2dcTxd05o_23openwepp_input_contract7parsers21watershed_impoundment9parse_f640B7_
FN:1488,_RNCNvNtNtCs7u2dcTxd05o_23openwepp_input_contract7parsers21watershed_impoundment9parse_i320B7_
FNDA:0,_RINvMs1_NtNtCs7u2dcTxd05o_23openwepp_input_contract7parsers21watershed_impoundmentNtB6_10ImpWarning3newNtNtCsgag4BwXrjBQ_5alloc6string6StringEBa_
FNDA:0,_RINvMs1_NtNtCs7u2dcTxd05o_23openwepp_input_contract7parsers21watershed_impoundmentNtB6_10ImpWarning3newReEBa_
FNDA:0,_RNCNvMs5_NtNtCs7u2dcTxd05o_23openwepp_input_contract7parsers21watershed_impoundmentNtB7_10LineReader3new0Bb_
FNDA:0,_RNCNvNtNtCs7u2dcTxd05o_23openwepp_input_contract7parsers21watershed_impoundment20parse_usize_i32_like0B7_
FNDA:0,_RNCNvNtNtCs7u2dcTxd05o_23openwepp_input_contract7parsers21watershed_impoundment28parse_emergency_rating_curve0B7_
FNDA:0,_RNCNvNtNtCs7u2dcTxd05o_23openwepp_input_contract7parsers21watershed_impoundment30parse_impoundment_curve_fields0B7_
FNDA:0,_RNCNvNtNtCs7u2dcTxd05o_23openwepp_input_contract7parsers21watershed_impoundment9parse_f640B7_
FNDA:0,_RNCNvNtNtCs7u2dcTxd05o_23openwepp_input_contract7parsers21watershed_impoundment9parse_i320B7_
FNF:7
FNH:0
DA:81,0
DA:82,0
DA:83,0
DA:84,0
DA:85,0
DA:86,0
DA:87,0
DA:1007,0
DA:1009,0
DA:1011,0
DA:1185,0
DA:1187,0
DA:1189,0
DA:1441,0
DA:1442,0
DA:1443,0
DA:1444,0
DA:1488,0
DA:1489,0
DA:1490,0
DA:1491,0
DA:1501,0
DA:1502,0
DA:1503,0
DA:1505,0
DA:1525,0
DA:1526,0
DA:1527,0
BRF:0
BRH:0
LF:28
LH:0
end_of_record
SF:/home/workdir/openWEPP/crates/openwepp-input-contract/src/parsers/watershed_structure.rs
FN:126,_RINvMs1_NtNtCs7u2dcTxd05o_23openwepp_input_contract7parsers19watershed_structureNtB6_22WatershedStructureFile12push_warningReEBa_
FN:517,_RNCNvNtNtCs7u2dcTxd05o_23openwepp_input_contract7parsers19watershed_structure34parse_watershed_structure_from_str0B7_
FN:622,_RNCNvNtNtCs7u2dcTxd05o_23openwepp_input_contract7parsers19watershed_structure9parse_f640B7_
FN:636,_RNCNvNtNtCs7u2dcTxd05o_23openwepp_input_contract7parsers19watershed_structure9parse_i320B7_
FNDA:0,_RINvMs1_NtNtCs7u2dcTxd05o_23openwepp_input_contract7parsers19watershed_structureNtB6_22WatershedStructureFile12push_warningReEBa_
FNDA:0,_RNCNvNtNtCs7u2dcTxd05o_23openwepp_input_contract7parsers19watershed_structure34parse_watershed_structure_from_str0B7_
FNDA:0,_RNCNvNtNtCs7u2dcTxd05o_23openwepp_input_contract7parsers19watershed_structure9parse_f640B7_
FNDA:0,_RNCNvNtNtCs7u2dcTxd05o_23openwepp_input_contract7parsers19watershed_structure9parse_i320B7_
FNF:4
FNH:0
DA:126,0
DA:127,0
DA:128,0
DA:129,0
DA:130,0
DA:131,0
DA:132,0
DA:133,0
DA:134,0
DA:135,0
DA:136,0
DA:137,0
DA:517,0
DA:622,0
DA:623,0
DA:624,0
DA:625,0
DA:636,0
DA:637,0
DA:638,0
DA:639,0
BRF:0
BRH:0
LF:21
LH:0
end_of_record
SF:/home/workdir/openWEPP/crates/openwepp-input-contract/src/parsers/wepp_ui.rs
FN:306,_RNCNvNtNtCs7u2dcTxd05o_23openwepp_input_contract7parsers7wepp_ui17reduce_min_finite0B7_
FN:307,_RNCNvNtNtCs7u2dcTxd05o_23openwepp_input_contract7parsers7wepp_ui17reduce_min_finites_0B7_
FN:41,_RNvMNtNtCs7u2dcTxd05o_23openwepp_input_contract7parsers7wepp_uiNtB2_17WeppUiWarningCode6as_str
FN:123,_RNvMs1_NtNtCs7u2dcTxd05o_23openwepp_input_contract7parsers7wepp_uiNtB5_16WeppUiParseError17contract_error_id
FN:302,_RNvNtNtCs7u2dcTxd05o_23openwepp_input_contract7parsers7wepp_ui17reduce_min_finite
FN:74,_RNvXs0_NtNtCs7u2dcTxd05o_23openwepp_input_contract7parsers7wepp_uiNtB5_19WeppUiParserOptionsNtNtCs3XFJfFEDSOQ_4core7default7Default7default
FN:135,_RNvXs2_NtNtCs7u2dcTxd05o_23openwepp_input_contract7parsers7wepp_uiNtB5_16WeppUiParseErrorNtNtCs3XFJfFEDSOQ_4core3fmt7Display3fmt
FN:180,_RNvXs3_NtNtCs7u2dcTxd05o_23openwepp_input_contract7parsers7wepp_uiNtB5_16WeppUiParseErrorNtNtCs3XFJfFEDSOQ_4core5error5Error6source
FNDA:0,_RNCNvNtNtCs7u2dcTxd05o_23openwepp_input_contract7parsers7wepp_ui17reduce_min_finite0B7_
FNDA:0,_RNCNvNtNtCs7u2dcTxd05o_23openwepp_input_contract7parsers7wepp_ui17reduce_min_finites_0B7_
FNDA:0,_RNvMNtNtCs7u2dcTxd05o_23openwepp_input_contract7parsers7wepp_uiNtB2_17WeppUiWarningCode6as_str
FNDA:0,_RNvMs1_NtNtCs7u2dcTxd05o_23openwepp_input_contract7parsers7wepp_uiNtB5_16WeppUiParseError17contract_error_id
FNDA:0,_RNvNtNtCs7u2dcTxd05o_23openwepp_input_contract7parsers7wepp_ui17reduce_min_finite
FNDA:0,_RNvXs0_NtNtCs7u2dcTxd05o_23openwepp_input_contract7parsers7wepp_uiNtB5_19WeppUiParserOptionsNtNtCs3XFJfFEDSOQ_4core7default7Default7default
FNDA:0,_RNvXs2_NtNtCs7u2dcTxd05o_23openwepp_input_contract7parsers7wepp_uiNtB5_16WeppUiParseErrorNtNtCs3XFJfFEDSOQ_4core3fmt7Display3fmt
FNDA:0,_RNvXs3_NtNtCs7u2dcTxd05o_23openwepp_input_contract7parsers7wepp_uiNtB5_16WeppUiParseErrorNtNtCs3XFJfFEDSOQ_4core5error5Error6source
FNF:8
FNH:0
DA:41,0
DA:42,0
DA:43,0
DA:44,0
DA:45,0
DA:46,0
DA:48,0
DA:74,0
DA:75,0
DA:76,0
DA:77,0
DA:78,0
DA:79,0
DA:80,0
DA:123,0
DA:124,0
DA:125,0
DA:126,0
DA:127,0
DA:128,0
DA:129,0
DA:131,0
DA:135,0
DA:136,0
DA:137,0
DA:138,0
DA:139,0
DA:140,0
DA:141,0
DA:144,0
DA:145,0
DA:146,0
DA:147,0
DA:148,0
DA:149,0
DA:150,0
DA:153,0
DA:154,0
DA:155,0
DA:156,0
DA:160,0
DA:161,0
DA:162,0
DA:163,0
DA:164,0
DA:165,0
DA:166,0
DA:170,0
DA:171,0
DA:172,0
DA:173,0
DA:176,0
DA:180,0
DA:181,0
DA:182,0
DA:183,0
DA:185,0
DA:302,0
DA:303,0
DA:304,0
DA:305,0
DA:306,0
DA:307,0
DA:308,0
DA:309,0
DA:310,0
DA:311,0
BRF:0
BRH:0
LF:69
LH:0
end_of_record
SF:/home/workdir/openWEPP/crates/openwepp-management-schema/src/lib.rs
FN:576,_RNvCs6yuI7Hm9YBK_26openwepp_management_schema14validate_plant
FN:733,_RNvCs6yuI7Hm9YBK_26openwepp_management_schema15validate_yearly
FN:657,_RNvCs6yuI7Hm9YBK_26openwepp_management_schema16validate_initial
FN:702,_RNvCs6yuI7Hm9YBK_26openwepp_management_schema16validate_surface
FN:895,_RNvCs6yuI7Hm9YBK_26openwepp_management_schema17validate_positive
FN:788,_RNvCs6yuI7Hm9YBK_26openwepp_management_schema17validate_schedule
FN:885,_RNvCs6yuI7Hm9YBK_26openwepp_management_schema18validate_non_empty
FN:638,_RNvCs6yuI7Hm9YBK_26openwepp_management_schema18validate_operation
FN:915,_RNvCs6yuI7Hm9YBK_26openwepp_management_schema18validate_reference
FN:875,_RNvCs6yuI7Hm9YBK_26openwepp_management_schema20validate_description
FN:967,_RNvCs6yuI7Hm9YBK_26openwepp_management_schema22validate_unit_interval
FN:905,_RNvCs6yuI7Hm9YBK_26openwepp_management_schema23validate_positive_count
FN:956,_RNvCs6yuI7Hm9YBK_26openwepp_management_schema24validate_positive_finite
FN:489,_RNvCs6yuI7Hm9YBK_26openwepp_management_schema25to_management_yaml_string
FN:929,_RNvCs6yuI7Hm9YBK_26openwepp_management_schema26validate_zero_or_reference
FN:597,_RNvCs6yuI7Hm9YBK_26openwepp_management_schema27validate_route_coefficients
FN:570,_RNvCs6yuI7Hm9YBK_26openwepp_management_schema28terminal_extension_is_one_of
FN:940,_RNvCs6yuI7Hm9YBK_26openwepp_management_schema28validate_non_negative_finite
FN:477,_RNvCs6yuI7Hm9YBK_26openwepp_management_schema30parse_management_yaml_from_str
FN:498,_RNvCs6yuI7Hm9YBK_26openwepp_management_schema33validate_management_yaml_document
FN:100,_RNvMCs6yuI7Hm9YBK_26openwepp_management_schemaNtB2_13PlantScenario4name
FN:453,_RNvXs0_Cs6yuI7Hm9YBK_26openwepp_management_schemaNtB5_19ManagementYamlErrorNtNtCs3XFJfFEDSOQ_4core5error5Error6source
FN:415,_RNvXs_Cs6yuI7Hm9YBK_26openwepp_management_schemaNtB4_19ManagementYamlErrorNtNtCs3XFJfFEDSOQ_4core3fmt7Display3fmt
FN:494,_RNCNvCs6yuI7Hm9YBK_26openwepp_management_schema25to_management_yaml_string0B3_
FN:602,_RNCNvCs6yuI7Hm9YBK_26openwepp_management_schema27validate_route_coefficients0B3_
FN:572,_RNCNvCs6yuI7Hm9YBK_26openwepp_management_schema28terminal_extension_is_one_of0B3_
FN:573,_RNCNvCs6yuI7Hm9YBK_26openwepp_management_schema28terminal_extension_is_one_ofs_0B3_
FN:480,_RNCNvCs6yuI7Hm9YBK_26openwepp_management_schema30parse_management_yaml_from_str0B3_
FNDA:0,_RNvCs6yuI7Hm9YBK_26openwepp_management_schema14validate_plant
FNDA:0,_RNvCs6yuI7Hm9YBK_26openwepp_management_schema15validate_yearly
FNDA:0,_RNvCs6yuI7Hm9YBK_26openwepp_management_schema16validate_initial
FNDA:0,_RNvCs6yuI7Hm9YBK_26openwepp_management_schema16validate_surface
FNDA:0,_RNvCs6yuI7Hm9YBK_26openwepp_management_schema17validate_positive
FNDA:0,_RNvCs6yuI7Hm9YBK_26openwepp_management_schema17validate_schedule
FNDA:0,_RNvCs6yuI7Hm9YBK_26openwepp_management_schema18validate_non_empty
FNDA:0,_RNvCs6yuI7Hm9YBK_26openwepp_management_schema18validate_operation
FNDA:0,_RNvCs6yuI7Hm9YBK_26openwepp_management_schema18validate_reference
FNDA:0,_RNvCs6yuI7Hm9YBK_26openwepp_management_schema20validate_description
FNDA:0,_RNvCs6yuI7Hm9YBK_26openwepp_management_schema22validate_unit_interval
FNDA:0,_RNvCs6yuI7Hm9YBK_26openwepp_management_schema23validate_positive_count
FNDA:0,_RNvCs6yuI7Hm9YBK_26openwepp_management_schema24validate_positive_finite
FNDA:0,_RNvCs6yuI7Hm9YBK_26openwepp_management_schema25to_management_yaml_string
FNDA:0,_RNvCs6yuI7Hm9YBK_26openwepp_management_schema26validate_zero_or_reference
FNDA:0,_RNvCs6yuI7Hm9YBK_26openwepp_management_schema27validate_route_coefficients
FNDA:0,_RNvCs6yuI7Hm9YBK_26openwepp_management_schema28terminal_extension_is_one_of
FNDA:0,_RNvCs6yuI7Hm9YBK_26openwepp_management_schema28validate_non_negative_finite
FNDA:0,_RNvCs6yuI7Hm9YBK_26openwepp_management_schema30parse_management_yaml_from_str
FNDA:0,_RNvCs6yuI7Hm9YBK_26openwepp_management_schema33validate_management_yaml_document
FNDA:0,_RNvMCs6yuI7Hm9YBK_26openwepp_management_schemaNtB2_13PlantScenario4name
FNDA:0,_RNvXs0_Cs6yuI7Hm9YBK_26openwepp_management_schemaNtB5_19ManagementYamlErrorNtNtCs3XFJfFEDSOQ_4core5error5Error6source
FNDA:0,_RNvXs_Cs6yuI7Hm9YBK_26openwepp_management_schemaNtB4_19ManagementYamlErrorNtNtCs3XFJfFEDSOQ_4core3fmt7Display3fmt
FNDA:0,_RNCNvCs6yuI7Hm9YBK_26openwepp_management_schema25to_management_yaml_string0B3_
FNDA:0,_RNCNvCs6yuI7Hm9YBK_26openwepp_management_schema27validate_route_coefficients0B3_
FNDA:0,_RNCNvCs6yuI7Hm9YBK_26openwepp_management_schema28terminal_extension_is_one_of0B3_
FNDA:0,_RNCNvCs6yuI7Hm9YBK_26openwepp_management_schema28terminal_extension_is_one_ofs_0B3_
FNDA:0,_RNCNvCs6yuI7Hm9YBK_26openwepp_management_schema30parse_management_yaml_from_str0B3_
FNF:28
FNH:0
DA:100,0
DA:101,0
DA:102,0
DA:104,0
DA:415,0
DA:416,0
DA:417,0
DA:418,0
DA:419,0
DA:420,0
DA:421,0
DA:424,0
DA:425,0
DA:426,0
DA:427,0
DA:429,0
DA:431,0
DA:432,0
DA:433,0
DA:434,0
DA:435,0
DA:436,0
DA:438,0
DA:439,0
DA:441,0
DA:442,0
DA:444,0
DA:445,0
DA:447,0
DA:449,0
DA:453,0
DA:454,0
DA:455,0
DA:456,0
DA:458,0
DA:477,0
DA:478,0
DA:479,0
DA:480,0
DA:481,0
DA:482,0
DA:483,0
DA:484,0
DA:485,0
DA:486,0
DA:487,0
DA:489,0
DA:490,0
DA:491,0
DA:492,0
DA:493,0
DA:494,0
DA:495,0
DA:496,0
DA:498,0
DA:499,0
DA:500,0
DA:501,0
DA:502,0
DA:503,0
DA:504,0
DA:505,0
DA:506,0
DA:507,0
DA:508,0
DA:509,0
DA:510,0
DA:511,0
DA:512,0
DA:513,0
DA:514,0
DA:515,0
DA:516,0
DA:517,0
DA:518,0
DA:519,0
DA:520,0
DA:521,0
DA:522,0
DA:523,0
DA:525,0
DA:526,0
DA:528,0
DA:529,0
DA:531,0
DA:532,0
DA:534,0
DA:535,0
DA:537,0
DA:538,0
DA:539,0
DA:540,0
DA:541,0
DA:543,0
DA:544,0
DA:546,0
DA:547,0
DA:549,0
DA:550,0
DA:570,0
DA:571,0
DA:572,0
DA:573,0
DA:574,0
DA:576,0
DA:577,0
DA:579,0
DA:580,0
DA:584,0
DA:585,0
DA:588,0
DA:589,0
DA:590,0
DA:591,0
DA:595,0
DA:597,0
DA:598,0
DA:599,0
DA:600,0
DA:601,0
DA:602,0
DA:603,0
DA:604,0
DA:605,0
DA:606,0
DA:607,0
DA:608,0
DA:610,0
DA:612,0
DA:613,0
DA:614,0
DA:615,0
DA:616,0
DA:617,0
DA:618,0
DA:619,0
DA:620,0
DA:621,0
DA:622,0
DA:623,0
DA:624,0
DA:625,0
DA:626,0
DA:627,0
DA:628,0
DA:629,0
DA:630,0
DA:631,0
DA:632,0
DA:633,0
DA:634,0
DA:635,0
DA:636,0
DA:638,0
DA:639,0
DA:640,0
DA:641,0
DA:643,0
DA:644,0
DA:646,0
DA:647,0
DA:648,0
DA:649,0
DA:650,0
DA:651,0
DA:652,0
DA:653,0
DA:654,0
DA:655,0
DA:657,0
DA:658,0
DA:659,0
DA:660,0
DA:661,0
DA:662,0
DA:664,0
DA:665,0
DA:666,0
DA:667,0
DA:670,0
DA:671,0
DA:672,0
DA:673,0
DA:674,0
DA:675,0
DA:676,0
DA:677,0
DA:678,0
DA:679,0
DA:680,0
DA:683,0
DA:684,0
DA:685,0
DA:688,0
DA:689,0
DA:690,0
DA:691,0
DA:692,0
DA:693,0
DA:694,0
DA:695,0
DA:696,0
DA:697,0
DA:700,0
DA:702,0
DA:703,0
DA:704,0
DA:705,0
DA:706,0
DA:708,0
DA:709,0
DA:710,0
DA:712,0
DA:713,0
DA:714,0
DA:715,0
DA:716,0
DA:717,0
DA:718,0
DA:719,0
DA:720,0
DA:721,0
DA:722,0
DA:723,0
DA:724,0
DA:725,0
DA:726,0
DA:727,0
DA:728,0
DA:730,0
DA:731,0
DA:733,0
DA:734,0
DA:735,0
DA:736,0
DA:737,0
DA:738,0
DA:740,0
DA:741,0
DA:742,0
DA:743,0
DA:744,0
DA:747,0
DA:748,0
DA:749,0
DA:750,0
DA:751,0
DA:752,0
DA:753,0
DA:754,0
DA:755,0
DA:756,0
DA:757,0
DA:758,0
DA:759,0
DA:760,0
DA:761,0
DA:762,0
DA:763,0
DA:764,0
DA:765,0
DA:766,0
DA:767,0
DA:768,0
DA:769,0
DA:773,0
DA:775,0
DA:776,0
DA:777,0
DA:778,0
DA:779,0
DA:780,0
DA:781,0
DA:782,0
DA:786,0
DA:788,0
DA:789,0
DA:790,0
DA:791,0
DA:792,0
DA:793,0
DA:794,0
DA:795,0
DA:796,0
DA:797,0
DA:798,0
DA:799,0
DA:800,0
DA:801,0
DA:803,0
DA:804,0
DA:805,0
DA:806,0
DA:807,0
DA:808,0
DA:809,0
DA:810,0
DA:811,0
DA:812,0
DA:813,0
DA:814,0
DA:815,0
DA:816,0
DA:817,0
DA:818,0
DA:819,0
DA:820,0
DA:821,0
DA:822,0
DA:823,0
DA:824,0
DA:825,0
DA:826,0
DA:827,0
DA:828,0
DA:829,0
DA:830,0
DA:831,0
DA:832,0
DA:833,0
DA:834,0
DA:835,0
DA:836,0
DA:837,0
DA:838,0
DA:839,0
DA:840,0
DA:841,0
DA:842,0
DA:843,0
DA:844,0
DA:845,0
DA:846,0
DA:847,0
DA:848,0
DA:849,0
DA:850,0
DA:851,0
DA:852,0
DA:853,0
DA:854,0
DA:855,0
DA:858,0
DA:859,0
DA:860,0
DA:861,0
DA:862,0
DA:863,0
DA:864,0
DA:865,0
DA:866,0
DA:867,0
DA:868,0
DA:872,0
DA:873,0
DA:875,0
DA:876,0
DA:877,0
DA:878,0
DA:879,0
DA:880,0
DA:881,0
DA:882,0
DA:883,0
DA:885,0
DA:886,0
DA:887,0
DA:888,0
DA:889,0
DA:890,0
DA:891,0
DA:892,0
DA:893,0
DA:895,0
DA:896,0
DA:897,0
DA:898,0
DA:899,0
DA:900,0
DA:901,0
DA:902,0
DA:903,0
DA:905,0
DA:906,0
DA:907,0
DA:908,0
DA:909,0
DA:910,0
DA:911,0
DA:912,0
DA:913,0
DA:915,0
DA:916,0
DA:917,0
DA:918,0
DA:919,0
DA:920,0
DA:921,0
DA:922,0
DA:923,0
DA:924,0
DA:925,0
DA:926,0
DA:927,0
DA:929,0
DA:930,0
DA:931,0
DA:932,0
DA:933,0
DA:934,0
DA:935,0
DA:936,0
DA:937,0
DA:938,0
DA:940,0
DA:941,0
DA:942,0
DA:943,0
DA:944,0
DA:945,0
DA:946,0
DA:947,0
DA:948,0
DA:949,0
DA:950,0
DA:951,0
DA:952,0
DA:953,0
DA:954,0
DA:956,0
DA:957,0
DA:958,0
DA:959,0
DA:960,0
DA:961,0
DA:962,0
DA:963,0
DA:964,0
DA:965,0
DA:967,0
DA:968,0
DA:969,0
DA:970,0
DA:971,0
DA:972,0
DA:973,0
DA:974,0
DA:975,0
DA:976,0
BRF:0
BRH:0
LF:454
LH:0
end_of_record